[2024-05-24T00:00:07.683+0000] {processor.py:161} INFO - Started process (PID=1443) to work on /opt/airflow/dags/kaggle_dataset.py
[2024-05-24T00:00:07.686+0000] {processor.py:830} INFO - Processing file /opt/airflow/dags/kaggle_dataset.py for tasks to queue
[2024-05-24T00:00:07.691+0000] {logging_mixin.py:188} INFO - [2024-05-24T00:00:07.690+0000] {dagbag.py:545} INFO - Filling up the DagBag from /opt/airflow/dags/kaggle_dataset.py
[2024-05-24T00:00:09.050+0000] {logging_mixin.py:188} INFO - Warning: Your Kaggle API key is readable by other users on this system! To fix this, you can run 'chmod 600 /home/airflow/.kaggle/kaggle.json'
[2024-05-24T00:00:09.483+0000] {processor.py:840} INFO - DAG(s) 'kaggle_dataset' retrieved from /opt/airflow/dags/kaggle_dataset.py
[2024-05-24T00:00:09.536+0000] {logging_mixin.py:188} INFO - [2024-05-24T00:00:09.535+0000] {dag.py:3096} INFO - Sync 1 DAGs
[2024-05-24T00:00:09.565+0000] {logging_mixin.py:188} INFO - [2024-05-24T00:00:09.564+0000] {dag.py:3954} INFO - Setting next_dagrun for kaggle_dataset to None, run_after=None
[2024-05-24T00:00:09.622+0000] {processor.py:183} INFO - Processing /opt/airflow/dags/kaggle_dataset.py took 1.954 seconds
[2024-05-24T00:00:40.241+0000] {processor.py:161} INFO - Started process (PID=1481) to work on /opt/airflow/dags/kaggle_dataset.py
[2024-05-24T00:00:40.243+0000] {processor.py:830} INFO - Processing file /opt/airflow/dags/kaggle_dataset.py for tasks to queue
[2024-05-24T00:00:40.249+0000] {logging_mixin.py:188} INFO - [2024-05-24T00:00:40.248+0000] {dagbag.py:545} INFO - Filling up the DagBag from /opt/airflow/dags/kaggle_dataset.py
[2024-05-24T00:00:41.361+0000] {logging_mixin.py:188} INFO - Warning: Your Kaggle API key is readable by other users on this system! To fix this, you can run 'chmod 600 /home/airflow/.kaggle/kaggle.json'
[2024-05-24T00:00:41.823+0000] {processor.py:840} INFO - DAG(s) 'kaggle_dataset' retrieved from /opt/airflow/dags/kaggle_dataset.py
[2024-05-24T00:00:41.879+0000] {logging_mixin.py:188} INFO - [2024-05-24T00:00:41.878+0000] {dag.py:3096} INFO - Sync 1 DAGs
[2024-05-24T00:00:41.909+0000] {logging_mixin.py:188} INFO - [2024-05-24T00:00:41.909+0000] {dag.py:3954} INFO - Setting next_dagrun for kaggle_dataset to None, run_after=None
[2024-05-24T00:00:41.961+0000] {processor.py:183} INFO - Processing /opt/airflow/dags/kaggle_dataset.py took 1.736 seconds
[2024-05-24T00:01:12.132+0000] {processor.py:161} INFO - Started process (PID=1513) to work on /opt/airflow/dags/kaggle_dataset.py
[2024-05-24T00:01:12.136+0000] {processor.py:830} INFO - Processing file /opt/airflow/dags/kaggle_dataset.py for tasks to queue
[2024-05-24T00:01:12.141+0000] {logging_mixin.py:188} INFO - [2024-05-24T00:01:12.140+0000] {dagbag.py:545} INFO - Filling up the DagBag from /opt/airflow/dags/kaggle_dataset.py
[2024-05-24T00:01:13.429+0000] {logging_mixin.py:188} INFO - Warning: Your Kaggle API key is readable by other users on this system! To fix this, you can run 'chmod 600 /home/airflow/.kaggle/kaggle.json'
[2024-05-24T00:01:13.911+0000] {processor.py:840} INFO - DAG(s) 'kaggle_dataset' retrieved from /opt/airflow/dags/kaggle_dataset.py
[2024-05-24T00:01:13.965+0000] {logging_mixin.py:188} INFO - [2024-05-24T00:01:13.964+0000] {dag.py:3096} INFO - Sync 1 DAGs
[2024-05-24T00:01:13.992+0000] {logging_mixin.py:188} INFO - [2024-05-24T00:01:13.992+0000] {dag.py:3954} INFO - Setting next_dagrun for kaggle_dataset to None, run_after=None
[2024-05-24T00:01:14.043+0000] {processor.py:183} INFO - Processing /opt/airflow/dags/kaggle_dataset.py took 1.925 seconds
[2024-05-24T00:01:44.685+0000] {processor.py:161} INFO - Started process (PID=1545) to work on /opt/airflow/dags/kaggle_dataset.py
[2024-05-24T00:01:44.688+0000] {processor.py:830} INFO - Processing file /opt/airflow/dags/kaggle_dataset.py for tasks to queue
[2024-05-24T00:01:44.695+0000] {logging_mixin.py:188} INFO - [2024-05-24T00:01:44.693+0000] {dagbag.py:545} INFO - Filling up the DagBag from /opt/airflow/dags/kaggle_dataset.py
[2024-05-24T00:01:46.391+0000] {logging_mixin.py:188} INFO - Warning: Your Kaggle API key is readable by other users on this system! To fix this, you can run 'chmod 600 /home/airflow/.kaggle/kaggle.json'
[2024-05-24T00:01:46.981+0000] {processor.py:840} INFO - DAG(s) 'kaggle_dataset' retrieved from /opt/airflow/dags/kaggle_dataset.py
[2024-05-24T00:01:47.027+0000] {logging_mixin.py:188} INFO - [2024-05-24T00:01:47.026+0000] {dag.py:3096} INFO - Sync 1 DAGs
[2024-05-24T00:01:47.059+0000] {logging_mixin.py:188} INFO - [2024-05-24T00:01:47.059+0000] {dag.py:3954} INFO - Setting next_dagrun for kaggle_dataset to None, run_after=None
[2024-05-24T00:01:47.131+0000] {processor.py:183} INFO - Processing /opt/airflow/dags/kaggle_dataset.py took 2.472 seconds
[2024-05-24T00:02:17.731+0000] {processor.py:161} INFO - Started process (PID=1577) to work on /opt/airflow/dags/kaggle_dataset.py
[2024-05-24T00:02:17.734+0000] {processor.py:830} INFO - Processing file /opt/airflow/dags/kaggle_dataset.py for tasks to queue
[2024-05-24T00:02:17.740+0000] {logging_mixin.py:188} INFO - [2024-05-24T00:02:17.739+0000] {dagbag.py:545} INFO - Filling up the DagBag from /opt/airflow/dags/kaggle_dataset.py
[2024-05-24T00:02:18.986+0000] {logging_mixin.py:188} INFO - Warning: Your Kaggle API key is readable by other users on this system! To fix this, you can run 'chmod 600 /home/airflow/.kaggle/kaggle.json'
[2024-05-24T00:02:19.407+0000] {processor.py:840} INFO - DAG(s) 'kaggle_dataset' retrieved from /opt/airflow/dags/kaggle_dataset.py
[2024-05-24T00:02:19.466+0000] {logging_mixin.py:188} INFO - [2024-05-24T00:02:19.465+0000] {dag.py:3096} INFO - Sync 1 DAGs
[2024-05-24T00:02:19.496+0000] {logging_mixin.py:188} INFO - [2024-05-24T00:02:19.495+0000] {dag.py:3954} INFO - Setting next_dagrun for kaggle_dataset to None, run_after=None
[2024-05-24T00:02:19.553+0000] {processor.py:183} INFO - Processing /opt/airflow/dags/kaggle_dataset.py took 1.839 seconds
[2024-05-24T00:02:50.415+0000] {processor.py:161} INFO - Started process (PID=1609) to work on /opt/airflow/dags/kaggle_dataset.py
[2024-05-24T00:02:50.418+0000] {processor.py:830} INFO - Processing file /opt/airflow/dags/kaggle_dataset.py for tasks to queue
[2024-05-24T00:02:50.432+0000] {logging_mixin.py:188} INFO - [2024-05-24T00:02:50.431+0000] {dagbag.py:545} INFO - Filling up the DagBag from /opt/airflow/dags/kaggle_dataset.py
[2024-05-24T00:02:52.005+0000] {logging_mixin.py:188} INFO - Warning: Your Kaggle API key is readable by other users on this system! To fix this, you can run 'chmod 600 /home/airflow/.kaggle/kaggle.json'
[2024-05-24T00:02:52.390+0000] {processor.py:840} INFO - DAG(s) 'kaggle_dataset' retrieved from /opt/airflow/dags/kaggle_dataset.py
[2024-05-24T00:02:52.452+0000] {logging_mixin.py:188} INFO - [2024-05-24T00:02:52.451+0000] {dag.py:3096} INFO - Sync 1 DAGs
[2024-05-24T00:02:52.491+0000] {logging_mixin.py:188} INFO - [2024-05-24T00:02:52.490+0000] {dag.py:3954} INFO - Setting next_dagrun for kaggle_dataset to None, run_after=None
[2024-05-24T00:02:52.545+0000] {processor.py:183} INFO - Processing /opt/airflow/dags/kaggle_dataset.py took 2.150 seconds
[2024-05-24T00:03:23.095+0000] {processor.py:161} INFO - Started process (PID=1641) to work on /opt/airflow/dags/kaggle_dataset.py
[2024-05-24T00:03:23.098+0000] {processor.py:830} INFO - Processing file /opt/airflow/dags/kaggle_dataset.py for tasks to queue
[2024-05-24T00:03:23.104+0000] {logging_mixin.py:188} INFO - [2024-05-24T00:03:23.103+0000] {dagbag.py:545} INFO - Filling up the DagBag from /opt/airflow/dags/kaggle_dataset.py
[2024-05-24T00:03:24.332+0000] {logging_mixin.py:188} INFO - Warning: Your Kaggle API key is readable by other users on this system! To fix this, you can run 'chmod 600 /home/airflow/.kaggle/kaggle.json'
[2024-05-24T00:03:24.766+0000] {processor.py:840} INFO - DAG(s) 'kaggle_dataset' retrieved from /opt/airflow/dags/kaggle_dataset.py
[2024-05-24T00:03:24.821+0000] {logging_mixin.py:188} INFO - [2024-05-24T00:03:24.820+0000] {dag.py:3096} INFO - Sync 1 DAGs
[2024-05-24T00:03:24.858+0000] {logging_mixin.py:188} INFO - [2024-05-24T00:03:24.857+0000] {dag.py:3954} INFO - Setting next_dagrun for kaggle_dataset to None, run_after=None
[2024-05-24T00:03:24.910+0000] {processor.py:183} INFO - Processing /opt/airflow/dags/kaggle_dataset.py took 1.836 seconds
[2024-05-24T00:03:55.730+0000] {processor.py:161} INFO - Started process (PID=1673) to work on /opt/airflow/dags/kaggle_dataset.py
[2024-05-24T00:03:55.732+0000] {processor.py:830} INFO - Processing file /opt/airflow/dags/kaggle_dataset.py for tasks to queue
[2024-05-24T00:03:55.737+0000] {logging_mixin.py:188} INFO - [2024-05-24T00:03:55.736+0000] {dagbag.py:545} INFO - Filling up the DagBag from /opt/airflow/dags/kaggle_dataset.py
[2024-05-24T00:03:56.742+0000] {logging_mixin.py:188} INFO - Warning: Your Kaggle API key is readable by other users on this system! To fix this, you can run 'chmod 600 /home/airflow/.kaggle/kaggle.json'
[2024-05-24T00:03:57.192+0000] {processor.py:840} INFO - DAG(s) 'kaggle_dataset' retrieved from /opt/airflow/dags/kaggle_dataset.py
[2024-05-24T00:03:57.243+0000] {logging_mixin.py:188} INFO - [2024-05-24T00:03:57.242+0000] {dag.py:3096} INFO - Sync 1 DAGs
[2024-05-24T00:03:57.272+0000] {logging_mixin.py:188} INFO - [2024-05-24T00:03:57.271+0000] {dag.py:3954} INFO - Setting next_dagrun for kaggle_dataset to None, run_after=None
[2024-05-24T00:03:57.349+0000] {processor.py:183} INFO - Processing /opt/airflow/dags/kaggle_dataset.py took 1.633 seconds
[2024-05-24T00:04:27.941+0000] {processor.py:161} INFO - Started process (PID=1705) to work on /opt/airflow/dags/kaggle_dataset.py
[2024-05-24T00:04:27.944+0000] {processor.py:830} INFO - Processing file /opt/airflow/dags/kaggle_dataset.py for tasks to queue
[2024-05-24T00:04:27.950+0000] {logging_mixin.py:188} INFO - [2024-05-24T00:04:27.949+0000] {dagbag.py:545} INFO - Filling up the DagBag from /opt/airflow/dags/kaggle_dataset.py
[2024-05-24T00:04:29.014+0000] {logging_mixin.py:188} INFO - Warning: Your Kaggle API key is readable by other users on this system! To fix this, you can run 'chmod 600 /home/airflow/.kaggle/kaggle.json'
[2024-05-24T00:04:29.445+0000] {processor.py:840} INFO - DAG(s) 'kaggle_dataset' retrieved from /opt/airflow/dags/kaggle_dataset.py
[2024-05-24T00:04:29.520+0000] {logging_mixin.py:188} INFO - [2024-05-24T00:04:29.519+0000] {dag.py:3096} INFO - Sync 1 DAGs
[2024-05-24T00:04:29.575+0000] {logging_mixin.py:188} INFO - [2024-05-24T00:04:29.574+0000] {dag.py:3954} INFO - Setting next_dagrun for kaggle_dataset to None, run_after=None
[2024-05-24T00:04:29.636+0000] {processor.py:183} INFO - Processing /opt/airflow/dags/kaggle_dataset.py took 1.715 seconds
[2024-05-24T00:05:00.110+0000] {processor.py:161} INFO - Started process (PID=1737) to work on /opt/airflow/dags/kaggle_dataset.py
[2024-05-24T00:05:00.113+0000] {processor.py:830} INFO - Processing file /opt/airflow/dags/kaggle_dataset.py for tasks to queue
[2024-05-24T00:05:00.119+0000] {logging_mixin.py:188} INFO - [2024-05-24T00:05:00.118+0000] {dagbag.py:545} INFO - Filling up the DagBag from /opt/airflow/dags/kaggle_dataset.py
[2024-05-24T00:05:01.309+0000] {logging_mixin.py:188} INFO - Warning: Your Kaggle API key is readable by other users on this system! To fix this, you can run 'chmod 600 /home/airflow/.kaggle/kaggle.json'
[2024-05-24T00:05:01.689+0000] {processor.py:840} INFO - DAG(s) 'kaggle_dataset' retrieved from /opt/airflow/dags/kaggle_dataset.py
[2024-05-24T00:05:01.738+0000] {logging_mixin.py:188} INFO - [2024-05-24T00:05:01.737+0000] {dag.py:3096} INFO - Sync 1 DAGs
[2024-05-24T00:05:01.768+0000] {logging_mixin.py:188} INFO - [2024-05-24T00:05:01.767+0000] {dag.py:3954} INFO - Setting next_dagrun for kaggle_dataset to None, run_after=None
[2024-05-24T00:05:01.830+0000] {processor.py:183} INFO - Processing /opt/airflow/dags/kaggle_dataset.py took 1.735 seconds
[2024-05-24T00:05:32.392+0000] {processor.py:161} INFO - Started process (PID=1770) to work on /opt/airflow/dags/kaggle_dataset.py
[2024-05-24T00:05:32.395+0000] {processor.py:830} INFO - Processing file /opt/airflow/dags/kaggle_dataset.py for tasks to queue
[2024-05-24T00:05:32.402+0000] {logging_mixin.py:188} INFO - [2024-05-24T00:05:32.401+0000] {dagbag.py:545} INFO - Filling up the DagBag from /opt/airflow/dags/kaggle_dataset.py
[2024-05-24T00:05:33.693+0000] {logging_mixin.py:188} INFO - Warning: Your Kaggle API key is readable by other users on this system! To fix this, you can run 'chmod 600 /home/airflow/.kaggle/kaggle.json'
[2024-05-24T00:05:34.170+0000] {processor.py:840} INFO - DAG(s) 'kaggle_dataset' retrieved from /opt/airflow/dags/kaggle_dataset.py
[2024-05-24T00:05:34.230+0000] {logging_mixin.py:188} INFO - [2024-05-24T00:05:34.229+0000] {dag.py:3096} INFO - Sync 1 DAGs
[2024-05-24T00:05:34.259+0000] {logging_mixin.py:188} INFO - [2024-05-24T00:05:34.259+0000] {dag.py:3954} INFO - Setting next_dagrun for kaggle_dataset to None, run_after=None
[2024-05-24T00:05:34.341+0000] {processor.py:183} INFO - Processing /opt/airflow/dags/kaggle_dataset.py took 1.966 seconds
[2024-05-24T00:06:04.935+0000] {processor.py:161} INFO - Started process (PID=1802) to work on /opt/airflow/dags/kaggle_dataset.py
[2024-05-24T00:06:04.938+0000] {processor.py:830} INFO - Processing file /opt/airflow/dags/kaggle_dataset.py for tasks to queue
[2024-05-24T00:06:04.942+0000] {logging_mixin.py:188} INFO - [2024-05-24T00:06:04.942+0000] {dagbag.py:545} INFO - Filling up the DagBag from /opt/airflow/dags/kaggle_dataset.py
[2024-05-24T00:06:06.109+0000] {logging_mixin.py:188} INFO - Warning: Your Kaggle API key is readable by other users on this system! To fix this, you can run 'chmod 600 /home/airflow/.kaggle/kaggle.json'
[2024-05-24T00:06:06.538+0000] {processor.py:840} INFO - DAG(s) 'kaggle_dataset' retrieved from /opt/airflow/dags/kaggle_dataset.py
[2024-05-24T00:06:06.590+0000] {logging_mixin.py:188} INFO - [2024-05-24T00:06:06.589+0000] {dag.py:3096} INFO - Sync 1 DAGs
[2024-05-24T00:06:06.621+0000] {logging_mixin.py:188} INFO - [2024-05-24T00:06:06.620+0000] {dag.py:3954} INFO - Setting next_dagrun for kaggle_dataset to None, run_after=None
[2024-05-24T00:06:06.672+0000] {processor.py:183} INFO - Processing /opt/airflow/dags/kaggle_dataset.py took 1.751 seconds
[2024-05-24T00:06:36.808+0000] {processor.py:161} INFO - Started process (PID=1834) to work on /opt/airflow/dags/kaggle_dataset.py
[2024-05-24T00:06:36.811+0000] {processor.py:830} INFO - Processing file /opt/airflow/dags/kaggle_dataset.py for tasks to queue
[2024-05-24T00:06:36.815+0000] {logging_mixin.py:188} INFO - [2024-05-24T00:06:36.815+0000] {dagbag.py:545} INFO - Filling up the DagBag from /opt/airflow/dags/kaggle_dataset.py
[2024-05-24T00:06:38.121+0000] {logging_mixin.py:188} INFO - Warning: Your Kaggle API key is readable by other users on this system! To fix this, you can run 'chmod 600 /home/airflow/.kaggle/kaggle.json'
[2024-05-24T00:06:38.505+0000] {processor.py:840} INFO - DAG(s) 'kaggle_dataset' retrieved from /opt/airflow/dags/kaggle_dataset.py
[2024-05-24T00:06:38.559+0000] {logging_mixin.py:188} INFO - [2024-05-24T00:06:38.558+0000] {dag.py:3096} INFO - Sync 1 DAGs
[2024-05-24T00:06:38.588+0000] {logging_mixin.py:188} INFO - [2024-05-24T00:06:38.587+0000] {dag.py:3954} INFO - Setting next_dagrun for kaggle_dataset to None, run_after=None
[2024-05-24T00:06:38.642+0000] {processor.py:183} INFO - Processing /opt/airflow/dags/kaggle_dataset.py took 1.847 seconds
[2024-05-24T00:07:09.307+0000] {processor.py:161} INFO - Started process (PID=1866) to work on /opt/airflow/dags/kaggle_dataset.py
[2024-05-24T00:07:09.311+0000] {processor.py:830} INFO - Processing file /opt/airflow/dags/kaggle_dataset.py for tasks to queue
[2024-05-24T00:07:09.316+0000] {logging_mixin.py:188} INFO - [2024-05-24T00:07:09.315+0000] {dagbag.py:545} INFO - Filling up the DagBag from /opt/airflow/dags/kaggle_dataset.py
[2024-05-24T00:07:10.621+0000] {logging_mixin.py:188} INFO - Warning: Your Kaggle API key is readable by other users on this system! To fix this, you can run 'chmod 600 /home/airflow/.kaggle/kaggle.json'
[2024-05-24T00:07:11.137+0000] {processor.py:840} INFO - DAG(s) 'kaggle_dataset' retrieved from /opt/airflow/dags/kaggle_dataset.py
[2024-05-24T00:07:11.199+0000] {logging_mixin.py:188} INFO - [2024-05-24T00:07:11.198+0000] {dag.py:3096} INFO - Sync 1 DAGs
[2024-05-24T00:07:11.232+0000] {logging_mixin.py:188} INFO - [2024-05-24T00:07:11.231+0000] {dag.py:3954} INFO - Setting next_dagrun for kaggle_dataset to None, run_after=None
[2024-05-24T00:07:11.290+0000] {processor.py:183} INFO - Processing /opt/airflow/dags/kaggle_dataset.py took 2.001 seconds
[2024-05-24T00:07:42.117+0000] {processor.py:161} INFO - Started process (PID=1905) to work on /opt/airflow/dags/kaggle_dataset.py
[2024-05-24T00:07:42.120+0000] {processor.py:830} INFO - Processing file /opt/airflow/dags/kaggle_dataset.py for tasks to queue
[2024-05-24T00:07:42.125+0000] {logging_mixin.py:188} INFO - [2024-05-24T00:07:42.124+0000] {dagbag.py:545} INFO - Filling up the DagBag from /opt/airflow/dags/kaggle_dataset.py
[2024-05-24T00:07:43.568+0000] {logging_mixin.py:188} INFO - Warning: Your Kaggle API key is readable by other users on this system! To fix this, you can run 'chmod 600 /home/airflow/.kaggle/kaggle.json'
[2024-05-24T00:07:43.983+0000] {processor.py:840} INFO - DAG(s) 'kaggle_dataset' retrieved from /opt/airflow/dags/kaggle_dataset.py
[2024-05-24T00:07:44.040+0000] {logging_mixin.py:188} INFO - [2024-05-24T00:07:44.039+0000] {dag.py:3096} INFO - Sync 1 DAGs
[2024-05-24T00:07:44.069+0000] {logging_mixin.py:188} INFO - [2024-05-24T00:07:44.068+0000] {dag.py:3954} INFO - Setting next_dagrun for kaggle_dataset to None, run_after=None
[2024-05-24T00:07:44.121+0000] {processor.py:183} INFO - Processing /opt/airflow/dags/kaggle_dataset.py took 2.019 seconds
[2024-05-24T00:08:14.677+0000] {processor.py:161} INFO - Started process (PID=1937) to work on /opt/airflow/dags/kaggle_dataset.py
[2024-05-24T00:08:14.680+0000] {processor.py:830} INFO - Processing file /opt/airflow/dags/kaggle_dataset.py for tasks to queue
[2024-05-24T00:08:14.685+0000] {logging_mixin.py:188} INFO - [2024-05-24T00:08:14.684+0000] {dagbag.py:545} INFO - Filling up the DagBag from /opt/airflow/dags/kaggle_dataset.py
[2024-05-24T00:08:16.282+0000] {logging_mixin.py:188} INFO - Warning: Your Kaggle API key is readable by other users on this system! To fix this, you can run 'chmod 600 /home/airflow/.kaggle/kaggle.json'
[2024-05-24T00:08:16.821+0000] {processor.py:840} INFO - DAG(s) 'kaggle_dataset' retrieved from /opt/airflow/dags/kaggle_dataset.py
[2024-05-24T00:08:16.874+0000] {logging_mixin.py:188} INFO - [2024-05-24T00:08:16.873+0000] {dag.py:3096} INFO - Sync 1 DAGs
[2024-05-24T00:08:16.903+0000] {logging_mixin.py:188} INFO - [2024-05-24T00:08:16.903+0000] {dag.py:3954} INFO - Setting next_dagrun for kaggle_dataset to None, run_after=None
[2024-05-24T00:08:16.957+0000] {processor.py:183} INFO - Processing /opt/airflow/dags/kaggle_dataset.py took 2.294 seconds
[2024-05-24T00:08:47.813+0000] {processor.py:161} INFO - Started process (PID=1969) to work on /opt/airflow/dags/kaggle_dataset.py
[2024-05-24T00:08:47.817+0000] {processor.py:830} INFO - Processing file /opt/airflow/dags/kaggle_dataset.py for tasks to queue
[2024-05-24T00:08:47.824+0000] {logging_mixin.py:188} INFO - [2024-05-24T00:08:47.822+0000] {dagbag.py:545} INFO - Filling up the DagBag from /opt/airflow/dags/kaggle_dataset.py
[2024-05-24T00:08:49.668+0000] {logging_mixin.py:188} INFO - Warning: Your Kaggle API key is readable by other users on this system! To fix this, you can run 'chmod 600 /home/airflow/.kaggle/kaggle.json'
[2024-05-24T00:08:50.303+0000] {processor.py:840} INFO - DAG(s) 'kaggle_dataset' retrieved from /opt/airflow/dags/kaggle_dataset.py
[2024-05-24T00:08:50.384+0000] {logging_mixin.py:188} INFO - [2024-05-24T00:08:50.383+0000] {dag.py:3096} INFO - Sync 1 DAGs
[2024-05-24T00:08:50.424+0000] {logging_mixin.py:188} INFO - [2024-05-24T00:08:50.423+0000] {dag.py:3954} INFO - Setting next_dagrun for kaggle_dataset to None, run_after=None
[2024-05-24T00:08:50.501+0000] {processor.py:183} INFO - Processing /opt/airflow/dags/kaggle_dataset.py took 2.713 seconds
[2024-05-24T00:09:20.858+0000] {processor.py:161} INFO - Started process (PID=2002) to work on /opt/airflow/dags/kaggle_dataset.py
[2024-05-24T00:09:20.861+0000] {processor.py:830} INFO - Processing file /opt/airflow/dags/kaggle_dataset.py for tasks to queue
[2024-05-24T00:09:20.866+0000] {logging_mixin.py:188} INFO - [2024-05-24T00:09:20.865+0000] {dagbag.py:545} INFO - Filling up the DagBag from /opt/airflow/dags/kaggle_dataset.py
[2024-05-24T00:09:22.285+0000] {logging_mixin.py:188} INFO - Warning: Your Kaggle API key is readable by other users on this system! To fix this, you can run 'chmod 600 /home/airflow/.kaggle/kaggle.json'
[2024-05-24T00:09:22.723+0000] {processor.py:840} INFO - DAG(s) 'kaggle_dataset' retrieved from /opt/airflow/dags/kaggle_dataset.py
[2024-05-24T00:09:22.786+0000] {logging_mixin.py:188} INFO - [2024-05-24T00:09:22.785+0000] {dag.py:3096} INFO - Sync 1 DAGs
[2024-05-24T00:09:22.820+0000] {logging_mixin.py:188} INFO - [2024-05-24T00:09:22.819+0000] {dag.py:3954} INFO - Setting next_dagrun for kaggle_dataset to None, run_after=None
[2024-05-24T00:09:22.873+0000] {processor.py:183} INFO - Processing /opt/airflow/dags/kaggle_dataset.py took 2.038 seconds
[2024-05-24T00:09:53.463+0000] {processor.py:161} INFO - Started process (PID=2034) to work on /opt/airflow/dags/kaggle_dataset.py
[2024-05-24T00:09:53.465+0000] {processor.py:830} INFO - Processing file /opt/airflow/dags/kaggle_dataset.py for tasks to queue
[2024-05-24T00:09:53.470+0000] {logging_mixin.py:188} INFO - [2024-05-24T00:09:53.469+0000] {dagbag.py:545} INFO - Filling up the DagBag from /opt/airflow/dags/kaggle_dataset.py
[2024-05-24T00:09:54.995+0000] {logging_mixin.py:188} INFO - Warning: Your Kaggle API key is readable by other users on this system! To fix this, you can run 'chmod 600 /home/airflow/.kaggle/kaggle.json'
[2024-05-24T00:09:55.567+0000] {processor.py:840} INFO - DAG(s) 'kaggle_dataset' retrieved from /opt/airflow/dags/kaggle_dataset.py
[2024-05-24T00:09:55.637+0000] {logging_mixin.py:188} INFO - [2024-05-24T00:09:55.636+0000] {dag.py:3096} INFO - Sync 1 DAGs
[2024-05-24T00:09:55.667+0000] {logging_mixin.py:188} INFO - [2024-05-24T00:09:55.666+0000] {dag.py:3954} INFO - Setting next_dagrun for kaggle_dataset to None, run_after=None
[2024-05-24T00:09:55.733+0000] {processor.py:183} INFO - Processing /opt/airflow/dags/kaggle_dataset.py took 2.287 seconds
[2024-05-24T00:10:26.417+0000] {processor.py:161} INFO - Started process (PID=2066) to work on /opt/airflow/dags/kaggle_dataset.py
[2024-05-24T00:10:26.420+0000] {processor.py:830} INFO - Processing file /opt/airflow/dags/kaggle_dataset.py for tasks to queue
[2024-05-24T00:10:26.425+0000] {logging_mixin.py:188} INFO - [2024-05-24T00:10:26.423+0000] {dagbag.py:545} INFO - Filling up the DagBag from /opt/airflow/dags/kaggle_dataset.py
[2024-05-24T00:10:28.262+0000] {logging_mixin.py:188} INFO - Warning: Your Kaggle API key is readable by other users on this system! To fix this, you can run 'chmod 600 /home/airflow/.kaggle/kaggle.json'
[2024-05-24T00:10:28.890+0000] {processor.py:840} INFO - DAG(s) 'kaggle_dataset' retrieved from /opt/airflow/dags/kaggle_dataset.py
[2024-05-24T00:10:28.955+0000] {logging_mixin.py:188} INFO - [2024-05-24T00:10:28.954+0000] {dag.py:3096} INFO - Sync 1 DAGs
[2024-05-24T00:10:29.007+0000] {logging_mixin.py:188} INFO - [2024-05-24T00:10:29.006+0000] {dag.py:3954} INFO - Setting next_dagrun for kaggle_dataset to None, run_after=None
[2024-05-24T00:10:29.106+0000] {processor.py:183} INFO - Processing /opt/airflow/dags/kaggle_dataset.py took 2.704 seconds
[2024-05-24T00:10:59.767+0000] {processor.py:161} INFO - Started process (PID=2098) to work on /opt/airflow/dags/kaggle_dataset.py
[2024-05-24T00:10:59.769+0000] {processor.py:830} INFO - Processing file /opt/airflow/dags/kaggle_dataset.py for tasks to queue
[2024-05-24T00:10:59.773+0000] {logging_mixin.py:188} INFO - [2024-05-24T00:10:59.773+0000] {dagbag.py:545} INFO - Filling up the DagBag from /opt/airflow/dags/kaggle_dataset.py
[2024-05-24T00:11:01.141+0000] {logging_mixin.py:188} INFO - Warning: Your Kaggle API key is readable by other users on this system! To fix this, you can run 'chmod 600 /home/airflow/.kaggle/kaggle.json'
[2024-05-24T00:11:01.622+0000] {processor.py:840} INFO - DAG(s) 'kaggle_dataset' retrieved from /opt/airflow/dags/kaggle_dataset.py
[2024-05-24T00:11:01.682+0000] {logging_mixin.py:188} INFO - [2024-05-24T00:11:01.680+0000] {dag.py:3096} INFO - Sync 1 DAGs
[2024-05-24T00:11:01.708+0000] {logging_mixin.py:188} INFO - [2024-05-24T00:11:01.708+0000] {dag.py:3954} INFO - Setting next_dagrun for kaggle_dataset to None, run_after=None
[2024-05-24T00:11:01.757+0000] {processor.py:183} INFO - Processing /opt/airflow/dags/kaggle_dataset.py took 2.002 seconds
[2024-05-24T00:11:32.560+0000] {processor.py:161} INFO - Started process (PID=2130) to work on /opt/airflow/dags/kaggle_dataset.py
[2024-05-24T00:11:32.563+0000] {processor.py:830} INFO - Processing file /opt/airflow/dags/kaggle_dataset.py for tasks to queue
[2024-05-24T00:11:32.568+0000] {logging_mixin.py:188} INFO - [2024-05-24T00:11:32.567+0000] {dagbag.py:545} INFO - Filling up the DagBag from /opt/airflow/dags/kaggle_dataset.py
[2024-05-24T00:11:33.894+0000] {logging_mixin.py:188} INFO - Warning: Your Kaggle API key is readable by other users on this system! To fix this, you can run 'chmod 600 /home/airflow/.kaggle/kaggle.json'
[2024-05-24T00:11:34.285+0000] {processor.py:840} INFO - DAG(s) 'kaggle_dataset' retrieved from /opt/airflow/dags/kaggle_dataset.py
[2024-05-24T00:11:34.351+0000] {logging_mixin.py:188} INFO - [2024-05-24T00:11:34.350+0000] {dag.py:3096} INFO - Sync 1 DAGs
[2024-05-24T00:11:34.386+0000] {logging_mixin.py:188} INFO - [2024-05-24T00:11:34.385+0000] {dag.py:3954} INFO - Setting next_dagrun for kaggle_dataset to None, run_after=None
[2024-05-24T00:11:34.439+0000] {processor.py:183} INFO - Processing /opt/airflow/dags/kaggle_dataset.py took 1.893 seconds
[2024-05-24T00:12:05.140+0000] {processor.py:161} INFO - Started process (PID=2162) to work on /opt/airflow/dags/kaggle_dataset.py
[2024-05-24T00:12:05.143+0000] {processor.py:830} INFO - Processing file /opt/airflow/dags/kaggle_dataset.py for tasks to queue
[2024-05-24T00:12:05.149+0000] {logging_mixin.py:188} INFO - [2024-05-24T00:12:05.148+0000] {dagbag.py:545} INFO - Filling up the DagBag from /opt/airflow/dags/kaggle_dataset.py
[2024-05-24T00:12:06.537+0000] {logging_mixin.py:188} INFO - Warning: Your Kaggle API key is readable by other users on this system! To fix this, you can run 'chmod 600 /home/airflow/.kaggle/kaggle.json'
[2024-05-24T00:12:07.042+0000] {processor.py:840} INFO - DAG(s) 'kaggle_dataset' retrieved from /opt/airflow/dags/kaggle_dataset.py
[2024-05-24T00:12:07.101+0000] {logging_mixin.py:188} INFO - [2024-05-24T00:12:07.099+0000] {dag.py:3096} INFO - Sync 1 DAGs
[2024-05-24T00:12:07.143+0000] {logging_mixin.py:188} INFO - [2024-05-24T00:12:07.143+0000] {dag.py:3954} INFO - Setting next_dagrun for kaggle_dataset to None, run_after=None
[2024-05-24T00:12:07.201+0000] {processor.py:183} INFO - Processing /opt/airflow/dags/kaggle_dataset.py took 2.077 seconds
[2024-05-24T00:12:37.747+0000] {processor.py:161} INFO - Started process (PID=2194) to work on /opt/airflow/dags/kaggle_dataset.py
[2024-05-24T00:12:37.750+0000] {processor.py:830} INFO - Processing file /opt/airflow/dags/kaggle_dataset.py for tasks to queue
[2024-05-24T00:12:37.755+0000] {logging_mixin.py:188} INFO - [2024-05-24T00:12:37.754+0000] {dagbag.py:545} INFO - Filling up the DagBag from /opt/airflow/dags/kaggle_dataset.py
[2024-05-24T00:12:38.873+0000] {logging_mixin.py:188} INFO - Warning: Your Kaggle API key is readable by other users on this system! To fix this, you can run 'chmod 600 /home/airflow/.kaggle/kaggle.json'
[2024-05-24T00:12:39.381+0000] {processor.py:840} INFO - DAG(s) 'kaggle_dataset' retrieved from /opt/airflow/dags/kaggle_dataset.py
[2024-05-24T00:12:39.441+0000] {logging_mixin.py:188} INFO - [2024-05-24T00:12:39.440+0000] {dag.py:3096} INFO - Sync 1 DAGs
[2024-05-24T00:12:39.482+0000] {logging_mixin.py:188} INFO - [2024-05-24T00:12:39.481+0000] {dag.py:3954} INFO - Setting next_dagrun for kaggle_dataset to None, run_after=None
[2024-05-24T00:12:39.550+0000] {processor.py:183} INFO - Processing /opt/airflow/dags/kaggle_dataset.py took 1.816 seconds
[2024-05-24T00:13:10.523+0000] {processor.py:161} INFO - Started process (PID=2226) to work on /opt/airflow/dags/kaggle_dataset.py
[2024-05-24T00:13:10.526+0000] {processor.py:830} INFO - Processing file /opt/airflow/dags/kaggle_dataset.py for tasks to queue
[2024-05-24T00:13:10.530+0000] {logging_mixin.py:188} INFO - [2024-05-24T00:13:10.530+0000] {dagbag.py:545} INFO - Filling up the DagBag from /opt/airflow/dags/kaggle_dataset.py
[2024-05-24T00:13:11.724+0000] {logging_mixin.py:188} INFO - Warning: Your Kaggle API key is readable by other users on this system! To fix this, you can run 'chmod 600 /home/airflow/.kaggle/kaggle.json'
[2024-05-24T00:13:12.196+0000] {processor.py:840} INFO - DAG(s) 'kaggle_dataset' retrieved from /opt/airflow/dags/kaggle_dataset.py
[2024-05-24T00:13:12.259+0000] {logging_mixin.py:188} INFO - [2024-05-24T00:13:12.258+0000] {dag.py:3096} INFO - Sync 1 DAGs
[2024-05-24T00:13:12.287+0000] {logging_mixin.py:188} INFO - [2024-05-24T00:13:12.286+0000] {dag.py:3954} INFO - Setting next_dagrun for kaggle_dataset to None, run_after=None
[2024-05-24T00:13:12.339+0000] {processor.py:183} INFO - Processing /opt/airflow/dags/kaggle_dataset.py took 1.830 seconds
[2024-05-24T00:13:43.091+0000] {processor.py:161} INFO - Started process (PID=2264) to work on /opt/airflow/dags/kaggle_dataset.py
[2024-05-24T00:13:43.094+0000] {processor.py:830} INFO - Processing file /opt/airflow/dags/kaggle_dataset.py for tasks to queue
[2024-05-24T00:13:43.099+0000] {logging_mixin.py:188} INFO - [2024-05-24T00:13:43.098+0000] {dagbag.py:545} INFO - Filling up the DagBag from /opt/airflow/dags/kaggle_dataset.py
[2024-05-24T00:13:44.500+0000] {logging_mixin.py:188} INFO - Warning: Your Kaggle API key is readable by other users on this system! To fix this, you can run 'chmod 600 /home/airflow/.kaggle/kaggle.json'
[2024-05-24T00:13:44.927+0000] {processor.py:840} INFO - DAG(s) 'kaggle_dataset' retrieved from /opt/airflow/dags/kaggle_dataset.py
[2024-05-24T00:13:44.981+0000] {logging_mixin.py:188} INFO - [2024-05-24T00:13:44.980+0000] {dag.py:3096} INFO - Sync 1 DAGs
[2024-05-24T00:13:45.010+0000] {logging_mixin.py:188} INFO - [2024-05-24T00:13:45.009+0000] {dag.py:3954} INFO - Setting next_dagrun for kaggle_dataset to None, run_after=None
[2024-05-24T00:13:45.062+0000] {processor.py:183} INFO - Processing /opt/airflow/dags/kaggle_dataset.py took 1.987 seconds
[2024-05-24T00:14:15.613+0000] {processor.py:161} INFO - Started process (PID=2296) to work on /opt/airflow/dags/kaggle_dataset.py
[2024-05-24T00:14:15.616+0000] {processor.py:830} INFO - Processing file /opt/airflow/dags/kaggle_dataset.py for tasks to queue
[2024-05-24T00:14:15.621+0000] {logging_mixin.py:188} INFO - [2024-05-24T00:14:15.620+0000] {dagbag.py:545} INFO - Filling up the DagBag from /opt/airflow/dags/kaggle_dataset.py
[2024-05-24T00:14:16.857+0000] {logging_mixin.py:188} INFO - Warning: Your Kaggle API key is readable by other users on this system! To fix this, you can run 'chmod 600 /home/airflow/.kaggle/kaggle.json'
[2024-05-24T00:14:17.377+0000] {processor.py:840} INFO - DAG(s) 'kaggle_dataset' retrieved from /opt/airflow/dags/kaggle_dataset.py
[2024-05-24T00:14:17.430+0000] {logging_mixin.py:188} INFO - [2024-05-24T00:14:17.429+0000] {dag.py:3096} INFO - Sync 1 DAGs
[2024-05-24T00:14:17.458+0000] {logging_mixin.py:188} INFO - [2024-05-24T00:14:17.458+0000] {dag.py:3954} INFO - Setting next_dagrun for kaggle_dataset to None, run_after=None
[2024-05-24T00:14:17.509+0000] {processor.py:183} INFO - Processing /opt/airflow/dags/kaggle_dataset.py took 1.911 seconds
[2024-05-24T00:14:48.444+0000] {processor.py:161} INFO - Started process (PID=2328) to work on /opt/airflow/dags/kaggle_dataset.py
[2024-05-24T00:14:48.446+0000] {processor.py:830} INFO - Processing file /opt/airflow/dags/kaggle_dataset.py for tasks to queue
[2024-05-24T00:14:48.450+0000] {logging_mixin.py:188} INFO - [2024-05-24T00:14:48.450+0000] {dagbag.py:545} INFO - Filling up the DagBag from /opt/airflow/dags/kaggle_dataset.py
[2024-05-24T00:14:49.726+0000] {logging_mixin.py:188} INFO - Warning: Your Kaggle API key is readable by other users on this system! To fix this, you can run 'chmod 600 /home/airflow/.kaggle/kaggle.json'
[2024-05-24T00:14:50.173+0000] {processor.py:840} INFO - DAG(s) 'kaggle_dataset' retrieved from /opt/airflow/dags/kaggle_dataset.py
[2024-05-24T00:14:50.234+0000] {logging_mixin.py:188} INFO - [2024-05-24T00:14:50.233+0000] {dag.py:3096} INFO - Sync 1 DAGs
[2024-05-24T00:14:50.270+0000] {logging_mixin.py:188} INFO - [2024-05-24T00:14:50.269+0000] {dag.py:3954} INFO - Setting next_dagrun for kaggle_dataset to None, run_after=None
[2024-05-24T00:14:50.333+0000] {processor.py:183} INFO - Processing /opt/airflow/dags/kaggle_dataset.py took 1.903 seconds
[2024-05-24T00:15:20.949+0000] {processor.py:161} INFO - Started process (PID=2360) to work on /opt/airflow/dags/kaggle_dataset.py
[2024-05-24T00:15:20.952+0000] {processor.py:830} INFO - Processing file /opt/airflow/dags/kaggle_dataset.py for tasks to queue
[2024-05-24T00:15:20.958+0000] {logging_mixin.py:188} INFO - [2024-05-24T00:15:20.957+0000] {dagbag.py:545} INFO - Filling up the DagBag from /opt/airflow/dags/kaggle_dataset.py
[2024-05-24T00:15:22.419+0000] {logging_mixin.py:188} INFO - Warning: Your Kaggle API key is readable by other users on this system! To fix this, you can run 'chmod 600 /home/airflow/.kaggle/kaggle.json'
[2024-05-24T00:15:22.981+0000] {processor.py:840} INFO - DAG(s) 'kaggle_dataset' retrieved from /opt/airflow/dags/kaggle_dataset.py
[2024-05-24T00:15:23.056+0000] {logging_mixin.py:188} INFO - [2024-05-24T00:15:23.055+0000] {dag.py:3096} INFO - Sync 1 DAGs
[2024-05-24T00:15:23.103+0000] {logging_mixin.py:188} INFO - [2024-05-24T00:15:23.102+0000] {dag.py:3954} INFO - Setting next_dagrun for kaggle_dataset to None, run_after=None
[2024-05-24T00:15:23.167+0000] {processor.py:183} INFO - Processing /opt/airflow/dags/kaggle_dataset.py took 2.240 seconds
[2024-05-24T00:15:53.877+0000] {processor.py:161} INFO - Started process (PID=2393) to work on /opt/airflow/dags/kaggle_dataset.py
[2024-05-24T00:15:53.882+0000] {processor.py:830} INFO - Processing file /opt/airflow/dags/kaggle_dataset.py for tasks to queue
[2024-05-24T00:15:53.888+0000] {logging_mixin.py:188} INFO - [2024-05-24T00:15:53.887+0000] {dagbag.py:545} INFO - Filling up the DagBag from /opt/airflow/dags/kaggle_dataset.py
[2024-05-24T00:15:55.215+0000] {logging_mixin.py:188} INFO - Warning: Your Kaggle API key is readable by other users on this system! To fix this, you can run 'chmod 600 /home/airflow/.kaggle/kaggle.json'
[2024-05-24T00:15:55.762+0000] {processor.py:840} INFO - DAG(s) 'kaggle_dataset' retrieved from /opt/airflow/dags/kaggle_dataset.py
[2024-05-24T00:15:55.858+0000] {logging_mixin.py:188} INFO - [2024-05-24T00:15:55.857+0000] {dag.py:3096} INFO - Sync 1 DAGs
[2024-05-24T00:15:55.894+0000] {logging_mixin.py:188} INFO - [2024-05-24T00:15:55.893+0000] {dag.py:3954} INFO - Setting next_dagrun for kaggle_dataset to None, run_after=None
[2024-05-24T00:15:55.978+0000] {processor.py:183} INFO - Processing /opt/airflow/dags/kaggle_dataset.py took 2.117 seconds
[2024-05-24T00:16:26.532+0000] {processor.py:161} INFO - Started process (PID=2425) to work on /opt/airflow/dags/kaggle_dataset.py
[2024-05-24T00:16:26.536+0000] {processor.py:830} INFO - Processing file /opt/airflow/dags/kaggle_dataset.py for tasks to queue
[2024-05-24T00:16:26.541+0000] {logging_mixin.py:188} INFO - [2024-05-24T00:16:26.540+0000] {dagbag.py:545} INFO - Filling up the DagBag from /opt/airflow/dags/kaggle_dataset.py
[2024-05-24T00:16:28.007+0000] {logging_mixin.py:188} INFO - Warning: Your Kaggle API key is readable by other users on this system! To fix this, you can run 'chmod 600 /home/airflow/.kaggle/kaggle.json'
[2024-05-24T00:16:28.452+0000] {processor.py:840} INFO - DAG(s) 'kaggle_dataset' retrieved from /opt/airflow/dags/kaggle_dataset.py
[2024-05-24T00:16:28.506+0000] {logging_mixin.py:188} INFO - [2024-05-24T00:16:28.504+0000] {dag.py:3096} INFO - Sync 1 DAGs
[2024-05-24T00:16:28.533+0000] {logging_mixin.py:188} INFO - [2024-05-24T00:16:28.532+0000] {dag.py:3954} INFO - Setting next_dagrun for kaggle_dataset to None, run_after=None
[2024-05-24T00:16:28.586+0000] {processor.py:183} INFO - Processing /opt/airflow/dags/kaggle_dataset.py took 2.073 seconds
[2024-05-24T00:16:58.785+0000] {processor.py:161} INFO - Started process (PID=2457) to work on /opt/airflow/dags/kaggle_dataset.py
[2024-05-24T00:16:58.788+0000] {processor.py:830} INFO - Processing file /opt/airflow/dags/kaggle_dataset.py for tasks to queue
[2024-05-24T00:16:58.792+0000] {logging_mixin.py:188} INFO - [2024-05-24T00:16:58.791+0000] {dagbag.py:545} INFO - Filling up the DagBag from /opt/airflow/dags/kaggle_dataset.py
[2024-05-24T00:17:00.007+0000] {logging_mixin.py:188} INFO - Warning: Your Kaggle API key is readable by other users on this system! To fix this, you can run 'chmod 600 /home/airflow/.kaggle/kaggle.json'
[2024-05-24T00:17:00.484+0000] {processor.py:840} INFO - DAG(s) 'kaggle_dataset' retrieved from /opt/airflow/dags/kaggle_dataset.py
[2024-05-24T00:17:00.541+0000] {logging_mixin.py:188} INFO - [2024-05-24T00:17:00.540+0000] {dag.py:3096} INFO - Sync 1 DAGs
[2024-05-24T00:17:00.578+0000] {logging_mixin.py:188} INFO - [2024-05-24T00:17:00.578+0000] {dag.py:3954} INFO - Setting next_dagrun for kaggle_dataset to None, run_after=None
[2024-05-24T00:17:00.643+0000] {processor.py:183} INFO - Processing /opt/airflow/dags/kaggle_dataset.py took 1.873 seconds
[2024-05-24T00:17:31.153+0000] {processor.py:161} INFO - Started process (PID=2489) to work on /opt/airflow/dags/kaggle_dataset.py
[2024-05-24T00:17:31.155+0000] {processor.py:830} INFO - Processing file /opt/airflow/dags/kaggle_dataset.py for tasks to queue
[2024-05-24T00:17:31.160+0000] {logging_mixin.py:188} INFO - [2024-05-24T00:17:31.159+0000] {dagbag.py:545} INFO - Filling up the DagBag from /opt/airflow/dags/kaggle_dataset.py
[2024-05-24T00:17:32.545+0000] {logging_mixin.py:188} INFO - Warning: Your Kaggle API key is readable by other users on this system! To fix this, you can run 'chmod 600 /home/airflow/.kaggle/kaggle.json'
[2024-05-24T00:17:33.011+0000] {processor.py:840} INFO - DAG(s) 'kaggle_dataset' retrieved from /opt/airflow/dags/kaggle_dataset.py
[2024-05-24T00:17:33.065+0000] {logging_mixin.py:188} INFO - [2024-05-24T00:17:33.064+0000] {dag.py:3096} INFO - Sync 1 DAGs
[2024-05-24T00:17:33.092+0000] {logging_mixin.py:188} INFO - [2024-05-24T00:17:33.092+0000] {dag.py:3954} INFO - Setting next_dagrun for kaggle_dataset to None, run_after=None
[2024-05-24T00:17:33.148+0000] {processor.py:183} INFO - Processing /opt/airflow/dags/kaggle_dataset.py took 2.009 seconds
[2024-05-24T00:18:03.725+0000] {processor.py:161} INFO - Started process (PID=2521) to work on /opt/airflow/dags/kaggle_dataset.py
[2024-05-24T00:18:03.728+0000] {processor.py:830} INFO - Processing file /opt/airflow/dags/kaggle_dataset.py for tasks to queue
[2024-05-24T00:18:03.735+0000] {logging_mixin.py:188} INFO - [2024-05-24T00:18:03.734+0000] {dagbag.py:545} INFO - Filling up the DagBag from /opt/airflow/dags/kaggle_dataset.py
[2024-05-24T00:18:05.248+0000] {logging_mixin.py:188} INFO - Warning: Your Kaggle API key is readable by other users on this system! To fix this, you can run 'chmod 600 /home/airflow/.kaggle/kaggle.json'
[2024-05-24T00:18:05.818+0000] {processor.py:840} INFO - DAG(s) 'kaggle_dataset' retrieved from /opt/airflow/dags/kaggle_dataset.py
[2024-05-24T00:18:05.887+0000] {logging_mixin.py:188} INFO - [2024-05-24T00:18:05.885+0000] {dag.py:3096} INFO - Sync 1 DAGs
[2024-05-24T00:18:05.918+0000] {logging_mixin.py:188} INFO - [2024-05-24T00:18:05.917+0000] {dag.py:3954} INFO - Setting next_dagrun for kaggle_dataset to None, run_after=None
[2024-05-24T00:18:05.972+0000] {processor.py:183} INFO - Processing /opt/airflow/dags/kaggle_dataset.py took 2.269 seconds
[2024-05-24T00:18:36.644+0000] {processor.py:161} INFO - Started process (PID=2553) to work on /opt/airflow/dags/kaggle_dataset.py
[2024-05-24T00:18:36.647+0000] {processor.py:830} INFO - Processing file /opt/airflow/dags/kaggle_dataset.py for tasks to queue
[2024-05-24T00:18:36.652+0000] {logging_mixin.py:188} INFO - [2024-05-24T00:18:36.651+0000] {dagbag.py:545} INFO - Filling up the DagBag from /opt/airflow/dags/kaggle_dataset.py
[2024-05-24T00:18:38.007+0000] {logging_mixin.py:188} INFO - Warning: Your Kaggle API key is readable by other users on this system! To fix this, you can run 'chmod 600 /home/airflow/.kaggle/kaggle.json'
[2024-05-24T00:18:38.395+0000] {processor.py:840} INFO - DAG(s) 'kaggle_dataset' retrieved from /opt/airflow/dags/kaggle_dataset.py
[2024-05-24T00:18:38.444+0000] {logging_mixin.py:188} INFO - [2024-05-24T00:18:38.443+0000] {dag.py:3096} INFO - Sync 1 DAGs
[2024-05-24T00:18:38.472+0000] {logging_mixin.py:188} INFO - [2024-05-24T00:18:38.472+0000] {dag.py:3954} INFO - Setting next_dagrun for kaggle_dataset to None, run_after=None
[2024-05-24T00:18:38.524+0000] {processor.py:183} INFO - Processing /opt/airflow/dags/kaggle_dataset.py took 1.901 seconds
[2024-05-24T00:19:09.381+0000] {processor.py:161} INFO - Started process (PID=2585) to work on /opt/airflow/dags/kaggle_dataset.py
[2024-05-24T00:19:09.384+0000] {processor.py:830} INFO - Processing file /opt/airflow/dags/kaggle_dataset.py for tasks to queue
[2024-05-24T00:19:09.389+0000] {logging_mixin.py:188} INFO - [2024-05-24T00:19:09.388+0000] {dagbag.py:545} INFO - Filling up the DagBag from /opt/airflow/dags/kaggle_dataset.py
[2024-05-24T00:19:10.628+0000] {logging_mixin.py:188} INFO - Warning: Your Kaggle API key is readable by other users on this system! To fix this, you can run 'chmod 600 /home/airflow/.kaggle/kaggle.json'
[2024-05-24T00:19:11.160+0000] {processor.py:840} INFO - DAG(s) 'kaggle_dataset' retrieved from /opt/airflow/dags/kaggle_dataset.py
[2024-05-24T00:19:11.228+0000] {logging_mixin.py:188} INFO - [2024-05-24T00:19:11.227+0000] {dag.py:3096} INFO - Sync 1 DAGs
[2024-05-24T00:19:11.265+0000] {logging_mixin.py:188} INFO - [2024-05-24T00:19:11.265+0000] {dag.py:3954} INFO - Setting next_dagrun for kaggle_dataset to None, run_after=None
[2024-05-24T00:19:11.330+0000] {processor.py:183} INFO - Processing /opt/airflow/dags/kaggle_dataset.py took 1.965 seconds
[2024-05-24T00:19:41.952+0000] {processor.py:161} INFO - Started process (PID=2618) to work on /opt/airflow/dags/kaggle_dataset.py
[2024-05-24T00:19:41.954+0000] {processor.py:830} INFO - Processing file /opt/airflow/dags/kaggle_dataset.py for tasks to queue
[2024-05-24T00:19:41.960+0000] {logging_mixin.py:188} INFO - [2024-05-24T00:19:41.958+0000] {dagbag.py:545} INFO - Filling up the DagBag from /opt/airflow/dags/kaggle_dataset.py
[2024-05-24T00:19:43.243+0000] {logging_mixin.py:188} INFO - Warning: Your Kaggle API key is readable by other users on this system! To fix this, you can run 'chmod 600 /home/airflow/.kaggle/kaggle.json'
[2024-05-24T00:19:43.780+0000] {processor.py:840} INFO - DAG(s) 'kaggle_dataset' retrieved from /opt/airflow/dags/kaggle_dataset.py
[2024-05-24T00:19:43.838+0000] {logging_mixin.py:188} INFO - [2024-05-24T00:19:43.837+0000] {dag.py:3096} INFO - Sync 1 DAGs
[2024-05-24T00:19:43.875+0000] {logging_mixin.py:188} INFO - [2024-05-24T00:19:43.874+0000] {dag.py:3954} INFO - Setting next_dagrun for kaggle_dataset to None, run_after=None
[2024-05-24T00:19:43.935+0000] {processor.py:183} INFO - Processing /opt/airflow/dags/kaggle_dataset.py took 2.000 seconds
[2024-05-24T00:20:14.498+0000] {processor.py:161} INFO - Started process (PID=2656) to work on /opt/airflow/dags/kaggle_dataset.py
[2024-05-24T00:20:14.501+0000] {processor.py:830} INFO - Processing file /opt/airflow/dags/kaggle_dataset.py for tasks to queue
[2024-05-24T00:20:14.507+0000] {logging_mixin.py:188} INFO - [2024-05-24T00:20:14.506+0000] {dagbag.py:545} INFO - Filling up the DagBag from /opt/airflow/dags/kaggle_dataset.py
[2024-05-24T00:20:15.684+0000] {logging_mixin.py:188} INFO - Warning: Your Kaggle API key is readable by other users on this system! To fix this, you can run 'chmod 600 /home/airflow/.kaggle/kaggle.json'
[2024-05-24T00:20:16.130+0000] {processor.py:840} INFO - DAG(s) 'kaggle_dataset' retrieved from /opt/airflow/dags/kaggle_dataset.py
[2024-05-24T00:20:16.166+0000] {logging_mixin.py:188} INFO - [2024-05-24T00:20:16.166+0000] {dag.py:3096} INFO - Sync 1 DAGs
[2024-05-24T00:20:16.190+0000] {logging_mixin.py:188} INFO - [2024-05-24T00:20:16.189+0000] {dag.py:3954} INFO - Setting next_dagrun for kaggle_dataset to None, run_after=None
[2024-05-24T00:20:16.235+0000] {processor.py:183} INFO - Processing /opt/airflow/dags/kaggle_dataset.py took 1.751 seconds
[2024-05-24T00:20:46.572+0000] {processor.py:161} INFO - Started process (PID=2688) to work on /opt/airflow/dags/kaggle_dataset.py
[2024-05-24T00:20:46.574+0000] {processor.py:830} INFO - Processing file /opt/airflow/dags/kaggle_dataset.py for tasks to queue
[2024-05-24T00:20:46.578+0000] {logging_mixin.py:188} INFO - [2024-05-24T00:20:46.578+0000] {dagbag.py:545} INFO - Filling up the DagBag from /opt/airflow/dags/kaggle_dataset.py
[2024-05-24T00:20:47.529+0000] {logging_mixin.py:188} INFO - Warning: Your Kaggle API key is readable by other users on this system! To fix this, you can run 'chmod 600 /home/airflow/.kaggle/kaggle.json'
[2024-05-24T00:20:47.923+0000] {processor.py:840} INFO - DAG(s) 'kaggle_dataset' retrieved from /opt/airflow/dags/kaggle_dataset.py
[2024-05-24T00:20:47.977+0000] {logging_mixin.py:188} INFO - [2024-05-24T00:20:47.976+0000] {dag.py:3096} INFO - Sync 1 DAGs
[2024-05-24T00:20:48.006+0000] {logging_mixin.py:188} INFO - [2024-05-24T00:20:48.005+0000] {dag.py:3954} INFO - Setting next_dagrun for kaggle_dataset to None, run_after=None
[2024-05-24T00:20:48.056+0000] {processor.py:183} INFO - Processing /opt/airflow/dags/kaggle_dataset.py took 1.498 seconds
[2024-05-24T00:21:18.441+0000] {processor.py:161} INFO - Started process (PID=2720) to work on /opt/airflow/dags/kaggle_dataset.py
[2024-05-24T00:21:18.444+0000] {processor.py:830} INFO - Processing file /opt/airflow/dags/kaggle_dataset.py for tasks to queue
[2024-05-24T00:21:18.449+0000] {logging_mixin.py:188} INFO - [2024-05-24T00:21:18.448+0000] {dagbag.py:545} INFO - Filling up the DagBag from /opt/airflow/dags/kaggle_dataset.py
[2024-05-24T00:21:19.540+0000] {logging_mixin.py:188} INFO - Warning: Your Kaggle API key is readable by other users on this system! To fix this, you can run 'chmod 600 /home/airflow/.kaggle/kaggle.json'
[2024-05-24T00:21:19.984+0000] {processor.py:840} INFO - DAG(s) 'kaggle_dataset' retrieved from /opt/airflow/dags/kaggle_dataset.py
[2024-05-24T00:21:20.039+0000] {logging_mixin.py:188} INFO - [2024-05-24T00:21:20.038+0000] {dag.py:3096} INFO - Sync 1 DAGs
[2024-05-24T00:21:20.066+0000] {logging_mixin.py:188} INFO - [2024-05-24T00:21:20.066+0000] {dag.py:3954} INFO - Setting next_dagrun for kaggle_dataset to None, run_after=None
[2024-05-24T00:21:20.124+0000] {processor.py:183} INFO - Processing /opt/airflow/dags/kaggle_dataset.py took 1.696 seconds
[2024-05-24T00:21:50.579+0000] {processor.py:161} INFO - Started process (PID=2752) to work on /opt/airflow/dags/kaggle_dataset.py
[2024-05-24T00:21:50.582+0000] {processor.py:830} INFO - Processing file /opt/airflow/dags/kaggle_dataset.py for tasks to queue
[2024-05-24T00:21:50.587+0000] {logging_mixin.py:188} INFO - [2024-05-24T00:21:50.586+0000] {dagbag.py:545} INFO - Filling up the DagBag from /opt/airflow/dags/kaggle_dataset.py
[2024-05-24T00:21:51.503+0000] {logging_mixin.py:188} INFO - Warning: Your Kaggle API key is readable by other users on this system! To fix this, you can run 'chmod 600 /home/airflow/.kaggle/kaggle.json'
[2024-05-24T00:21:51.939+0000] {processor.py:840} INFO - DAG(s) 'kaggle_dataset' retrieved from /opt/airflow/dags/kaggle_dataset.py
[2024-05-24T00:21:52.001+0000] {logging_mixin.py:188} INFO - [2024-05-24T00:21:51.999+0000] {dag.py:3096} INFO - Sync 1 DAGs
[2024-05-24T00:21:52.031+0000] {logging_mixin.py:188} INFO - [2024-05-24T00:21:52.030+0000] {dag.py:3954} INFO - Setting next_dagrun for kaggle_dataset to None, run_after=None
[2024-05-24T00:21:52.086+0000] {processor.py:183} INFO - Processing /opt/airflow/dags/kaggle_dataset.py took 1.523 seconds
[2024-05-24T00:22:22.660+0000] {processor.py:161} INFO - Started process (PID=2784) to work on /opt/airflow/dags/kaggle_dataset.py
[2024-05-24T00:22:22.663+0000] {processor.py:830} INFO - Processing file /opt/airflow/dags/kaggle_dataset.py for tasks to queue
[2024-05-24T00:22:22.669+0000] {logging_mixin.py:188} INFO - [2024-05-24T00:22:22.668+0000] {dagbag.py:545} INFO - Filling up the DagBag from /opt/airflow/dags/kaggle_dataset.py
[2024-05-24T00:22:23.979+0000] {logging_mixin.py:188} INFO - Warning: Your Kaggle API key is readable by other users on this system! To fix this, you can run 'chmod 600 /home/airflow/.kaggle/kaggle.json'
[2024-05-24T00:22:24.540+0000] {processor.py:840} INFO - DAG(s) 'kaggle_dataset' retrieved from /opt/airflow/dags/kaggle_dataset.py
[2024-05-24T00:22:24.602+0000] {logging_mixin.py:188} INFO - [2024-05-24T00:22:24.600+0000] {dag.py:3096} INFO - Sync 1 DAGs
[2024-05-24T00:22:24.645+0000] {logging_mixin.py:188} INFO - [2024-05-24T00:22:24.644+0000] {dag.py:3954} INFO - Setting next_dagrun for kaggle_dataset to None, run_after=None
[2024-05-24T00:22:24.715+0000] {processor.py:183} INFO - Processing /opt/airflow/dags/kaggle_dataset.py took 2.074 seconds
[2024-05-24T00:22:55.277+0000] {processor.py:161} INFO - Started process (PID=2816) to work on /opt/airflow/dags/kaggle_dataset.py
[2024-05-24T00:22:55.279+0000] {processor.py:830} INFO - Processing file /opt/airflow/dags/kaggle_dataset.py for tasks to queue
[2024-05-24T00:22:55.284+0000] {logging_mixin.py:188} INFO - [2024-05-24T00:22:55.283+0000] {dagbag.py:545} INFO - Filling up the DagBag from /opt/airflow/dags/kaggle_dataset.py
[2024-05-24T00:22:56.472+0000] {logging_mixin.py:188} INFO - Warning: Your Kaggle API key is readable by other users on this system! To fix this, you can run 'chmod 600 /home/airflow/.kaggle/kaggle.json'
[2024-05-24T00:22:56.918+0000] {processor.py:840} INFO - DAG(s) 'kaggle_dataset' retrieved from /opt/airflow/dags/kaggle_dataset.py
[2024-05-24T00:22:56.969+0000] {logging_mixin.py:188} INFO - [2024-05-24T00:22:56.968+0000] {dag.py:3096} INFO - Sync 1 DAGs
[2024-05-24T00:22:56.996+0000] {logging_mixin.py:188} INFO - [2024-05-24T00:22:56.995+0000] {dag.py:3954} INFO - Setting next_dagrun for kaggle_dataset to None, run_after=None
[2024-05-24T00:22:57.046+0000] {processor.py:183} INFO - Processing /opt/airflow/dags/kaggle_dataset.py took 1.786 seconds
[2024-05-24T00:23:27.452+0000] {processor.py:161} INFO - Started process (PID=2848) to work on /opt/airflow/dags/kaggle_dataset.py
[2024-05-24T00:23:27.454+0000] {processor.py:830} INFO - Processing file /opt/airflow/dags/kaggle_dataset.py for tasks to queue
[2024-05-24T00:23:27.458+0000] {logging_mixin.py:188} INFO - [2024-05-24T00:23:27.458+0000] {dagbag.py:545} INFO - Filling up the DagBag from /opt/airflow/dags/kaggle_dataset.py
[2024-05-24T00:23:28.861+0000] {logging_mixin.py:188} INFO - Warning: Your Kaggle API key is readable by other users on this system! To fix this, you can run 'chmod 600 /home/airflow/.kaggle/kaggle.json'
[2024-05-24T00:23:29.432+0000] {processor.py:840} INFO - DAG(s) 'kaggle_dataset' retrieved from /opt/airflow/dags/kaggle_dataset.py
[2024-05-24T00:23:29.470+0000] {logging_mixin.py:188} INFO - [2024-05-24T00:23:29.469+0000] {dag.py:3096} INFO - Sync 1 DAGs
[2024-05-24T00:23:29.503+0000] {logging_mixin.py:188} INFO - [2024-05-24T00:23:29.502+0000] {dag.py:3954} INFO - Setting next_dagrun for kaggle_dataset to None, run_after=None
[2024-05-24T00:23:29.561+0000] {processor.py:183} INFO - Processing /opt/airflow/dags/kaggle_dataset.py took 2.122 seconds
[2024-05-24T00:24:00.169+0000] {processor.py:161} INFO - Started process (PID=2880) to work on /opt/airflow/dags/kaggle_dataset.py
[2024-05-24T00:24:00.173+0000] {processor.py:830} INFO - Processing file /opt/airflow/dags/kaggle_dataset.py for tasks to queue
[2024-05-24T00:24:00.194+0000] {logging_mixin.py:188} INFO - [2024-05-24T00:24:00.193+0000] {dagbag.py:545} INFO - Filling up the DagBag from /opt/airflow/dags/kaggle_dataset.py
