[2024-05-24T00:00:01.464+0000] {processor.py:161} INFO - Started process (PID=1442) to work on /opt/airflow/dags/primer_dag.py
[2024-05-24T00:00:01.466+0000] {processor.py:830} INFO - Processing file /opt/airflow/dags/primer_dag.py for tasks to queue
[2024-05-24T00:00:01.474+0000] {logging_mixin.py:188} INFO - [2024-05-24T00:00:01.473+0000] {dagbag.py:545} INFO - Filling up the DagBag from /opt/airflow/dags/primer_dag.py
[2024-05-24T00:00:01.552+0000] {processor.py:840} INFO - DAG(s) 'primer_dag' retrieved from /opt/airflow/dags/primer_dag.py
[2024-05-24T00:00:01.634+0000] {logging_mixin.py:188} INFO - [2024-05-24T00:00:01.633+0000] {dag.py:3096} INFO - Sync 1 DAGs
[2024-05-24T00:00:01.711+0000] {logging_mixin.py:188} INFO - [2024-05-24T00:00:01.710+0000] {dag.py:3954} INFO - Setting next_dagrun for primer_dag to 2024-05-22 09:00:00+00:00, run_after=2024-05-23 09:00:00+00:00
[2024-05-24T00:00:01.757+0000] {processor.py:183} INFO - Processing /opt/airflow/dags/primer_dag.py took 0.311 seconds
[2024-05-24T00:00:32.099+0000] {processor.py:161} INFO - Started process (PID=1474) to work on /opt/airflow/dags/primer_dag.py
[2024-05-24T00:00:32.102+0000] {processor.py:830} INFO - Processing file /opt/airflow/dags/primer_dag.py for tasks to queue
[2024-05-24T00:00:32.108+0000] {logging_mixin.py:188} INFO - [2024-05-24T00:00:32.106+0000] {dagbag.py:545} INFO - Filling up the DagBag from /opt/airflow/dags/primer_dag.py
[2024-05-24T00:00:32.185+0000] {processor.py:840} INFO - DAG(s) 'primer_dag' retrieved from /opt/airflow/dags/primer_dag.py
[2024-05-24T00:00:32.288+0000] {logging_mixin.py:188} INFO - [2024-05-24T00:00:32.287+0000] {dag.py:3096} INFO - Sync 1 DAGs
[2024-05-24T00:00:32.355+0000] {logging_mixin.py:188} INFO - [2024-05-24T00:00:32.354+0000] {dag.py:3954} INFO - Setting next_dagrun for primer_dag to 2024-05-22 09:00:00+00:00, run_after=2024-05-23 09:00:00+00:00
[2024-05-24T00:00:32.417+0000] {processor.py:183} INFO - Processing /opt/airflow/dags/primer_dag.py took 0.334 seconds
[2024-05-24T00:01:02.985+0000] {processor.py:161} INFO - Started process (PID=1506) to work on /opt/airflow/dags/primer_dag.py
[2024-05-24T00:01:02.988+0000] {processor.py:830} INFO - Processing file /opt/airflow/dags/primer_dag.py for tasks to queue
[2024-05-24T00:01:02.993+0000] {logging_mixin.py:188} INFO - [2024-05-24T00:01:02.992+0000] {dagbag.py:545} INFO - Filling up the DagBag from /opt/airflow/dags/primer_dag.py
[2024-05-24T00:01:03.090+0000] {processor.py:840} INFO - DAG(s) 'primer_dag' retrieved from /opt/airflow/dags/primer_dag.py
[2024-05-24T00:01:03.152+0000] {logging_mixin.py:188} INFO - [2024-05-24T00:01:03.151+0000] {dag.py:3096} INFO - Sync 1 DAGs
[2024-05-24T00:01:03.212+0000] {logging_mixin.py:188} INFO - [2024-05-24T00:01:03.211+0000] {dag.py:3954} INFO - Setting next_dagrun for primer_dag to 2024-05-22 09:00:00+00:00, run_after=2024-05-23 09:00:00+00:00
[2024-05-24T00:01:03.272+0000] {processor.py:183} INFO - Processing /opt/airflow/dags/primer_dag.py took 0.303 seconds
[2024-05-24T00:01:33.464+0000] {processor.py:161} INFO - Started process (PID=1538) to work on /opt/airflow/dags/primer_dag.py
[2024-05-24T00:01:33.468+0000] {processor.py:830} INFO - Processing file /opt/airflow/dags/primer_dag.py for tasks to queue
[2024-05-24T00:01:33.475+0000] {logging_mixin.py:188} INFO - [2024-05-24T00:01:33.474+0000] {dagbag.py:545} INFO - Filling up the DagBag from /opt/airflow/dags/primer_dag.py
[2024-05-24T00:01:33.542+0000] {processor.py:840} INFO - DAG(s) 'primer_dag' retrieved from /opt/airflow/dags/primer_dag.py
[2024-05-24T00:01:33.592+0000] {logging_mixin.py:188} INFO - [2024-05-24T00:01:33.591+0000] {dag.py:3096} INFO - Sync 1 DAGs
[2024-05-24T00:01:33.665+0000] {logging_mixin.py:188} INFO - [2024-05-24T00:01:33.664+0000] {dag.py:3954} INFO - Setting next_dagrun for primer_dag to 2024-05-22 09:00:00+00:00, run_after=2024-05-23 09:00:00+00:00
[2024-05-24T00:01:33.734+0000] {processor.py:183} INFO - Processing /opt/airflow/dags/primer_dag.py took 0.282 seconds
[2024-05-24T00:02:04.293+0000] {processor.py:161} INFO - Started process (PID=1570) to work on /opt/airflow/dags/primer_dag.py
[2024-05-24T00:02:04.296+0000] {processor.py:830} INFO - Processing file /opt/airflow/dags/primer_dag.py for tasks to queue
[2024-05-24T00:02:04.302+0000] {logging_mixin.py:188} INFO - [2024-05-24T00:02:04.302+0000] {dagbag.py:545} INFO - Filling up the DagBag from /opt/airflow/dags/primer_dag.py
[2024-05-24T00:02:04.372+0000] {processor.py:840} INFO - DAG(s) 'primer_dag' retrieved from /opt/airflow/dags/primer_dag.py
[2024-05-24T00:02:04.457+0000] {logging_mixin.py:188} INFO - [2024-05-24T00:02:04.457+0000] {dag.py:3096} INFO - Sync 1 DAGs
[2024-05-24T00:02:04.541+0000] {logging_mixin.py:188} INFO - [2024-05-24T00:02:04.541+0000] {dag.py:3954} INFO - Setting next_dagrun for primer_dag to 2024-05-22 09:00:00+00:00, run_after=2024-05-23 09:00:00+00:00
[2024-05-24T00:02:04.605+0000] {processor.py:183} INFO - Processing /opt/airflow/dags/primer_dag.py took 0.331 seconds
[2024-05-24T00:02:34.880+0000] {processor.py:161} INFO - Started process (PID=1602) to work on /opt/airflow/dags/primer_dag.py
[2024-05-24T00:02:34.882+0000] {processor.py:830} INFO - Processing file /opt/airflow/dags/primer_dag.py for tasks to queue
[2024-05-24T00:02:34.887+0000] {logging_mixin.py:188} INFO - [2024-05-24T00:02:34.886+0000] {dagbag.py:545} INFO - Filling up the DagBag from /opt/airflow/dags/primer_dag.py
[2024-05-24T00:02:34.948+0000] {processor.py:840} INFO - DAG(s) 'primer_dag' retrieved from /opt/airflow/dags/primer_dag.py
[2024-05-24T00:02:35.013+0000] {logging_mixin.py:188} INFO - [2024-05-24T00:02:35.013+0000] {dag.py:3096} INFO - Sync 1 DAGs
[2024-05-24T00:02:35.079+0000] {logging_mixin.py:188} INFO - [2024-05-24T00:02:35.078+0000] {dag.py:3954} INFO - Setting next_dagrun for primer_dag to 2024-05-22 09:00:00+00:00, run_after=2024-05-23 09:00:00+00:00
[2024-05-24T00:02:35.138+0000] {processor.py:183} INFO - Processing /opt/airflow/dags/primer_dag.py took 0.272 seconds
[2024-05-24T00:03:05.670+0000] {processor.py:161} INFO - Started process (PID=1634) to work on /opt/airflow/dags/primer_dag.py
[2024-05-24T00:03:05.674+0000] {processor.py:830} INFO - Processing file /opt/airflow/dags/primer_dag.py for tasks to queue
[2024-05-24T00:03:05.680+0000] {logging_mixin.py:188} INFO - [2024-05-24T00:03:05.679+0000] {dagbag.py:545} INFO - Filling up the DagBag from /opt/airflow/dags/primer_dag.py
[2024-05-24T00:03:05.747+0000] {processor.py:840} INFO - DAG(s) 'primer_dag' retrieved from /opt/airflow/dags/primer_dag.py
[2024-05-24T00:03:05.817+0000] {logging_mixin.py:188} INFO - [2024-05-24T00:03:05.816+0000] {dag.py:3096} INFO - Sync 1 DAGs
[2024-05-24T00:03:05.897+0000] {logging_mixin.py:188} INFO - [2024-05-24T00:03:05.896+0000] {dag.py:3954} INFO - Setting next_dagrun for primer_dag to 2024-05-22 09:00:00+00:00, run_after=2024-05-23 09:00:00+00:00
[2024-05-24T00:03:05.957+0000] {processor.py:183} INFO - Processing /opt/airflow/dags/primer_dag.py took 0.305 seconds
[2024-05-24T00:03:36.224+0000] {processor.py:161} INFO - Started process (PID=1666) to work on /opt/airflow/dags/primer_dag.py
[2024-05-24T00:03:36.227+0000] {processor.py:830} INFO - Processing file /opt/airflow/dags/primer_dag.py for tasks to queue
[2024-05-24T00:03:36.231+0000] {logging_mixin.py:188} INFO - [2024-05-24T00:03:36.230+0000] {dagbag.py:545} INFO - Filling up the DagBag from /opt/airflow/dags/primer_dag.py
[2024-05-24T00:03:36.319+0000] {processor.py:840} INFO - DAG(s) 'primer_dag' retrieved from /opt/airflow/dags/primer_dag.py
[2024-05-24T00:03:36.396+0000] {logging_mixin.py:188} INFO - [2024-05-24T00:03:36.395+0000] {dag.py:3096} INFO - Sync 1 DAGs
[2024-05-24T00:03:36.457+0000] {logging_mixin.py:188} INFO - [2024-05-24T00:03:36.456+0000] {dag.py:3954} INFO - Setting next_dagrun for primer_dag to 2024-05-22 09:00:00+00:00, run_after=2024-05-23 09:00:00+00:00
[2024-05-24T00:03:36.518+0000] {processor.py:183} INFO - Processing /opt/airflow/dags/primer_dag.py took 0.314 seconds
[2024-05-24T00:04:06.609+0000] {processor.py:161} INFO - Started process (PID=1698) to work on /opt/airflow/dags/primer_dag.py
[2024-05-24T00:04:06.611+0000] {processor.py:830} INFO - Processing file /opt/airflow/dags/primer_dag.py for tasks to queue
[2024-05-24T00:04:06.616+0000] {logging_mixin.py:188} INFO - [2024-05-24T00:04:06.615+0000] {dagbag.py:545} INFO - Filling up the DagBag from /opt/airflow/dags/primer_dag.py
[2024-05-24T00:04:06.678+0000] {processor.py:840} INFO - DAG(s) 'primer_dag' retrieved from /opt/airflow/dags/primer_dag.py
[2024-05-24T00:04:06.743+0000] {logging_mixin.py:188} INFO - [2024-05-24T00:04:06.741+0000] {dag.py:3096} INFO - Sync 1 DAGs
[2024-05-24T00:04:06.810+0000] {logging_mixin.py:188} INFO - [2024-05-24T00:04:06.809+0000] {dag.py:3954} INFO - Setting next_dagrun for primer_dag to 2024-05-22 09:00:00+00:00, run_after=2024-05-23 09:00:00+00:00
[2024-05-24T00:04:06.870+0000] {processor.py:183} INFO - Processing /opt/airflow/dags/primer_dag.py took 0.274 seconds
[2024-05-24T00:04:37.393+0000] {processor.py:161} INFO - Started process (PID=1730) to work on /opt/airflow/dags/primer_dag.py
[2024-05-24T00:04:37.395+0000] {processor.py:830} INFO - Processing file /opt/airflow/dags/primer_dag.py for tasks to queue
[2024-05-24T00:04:37.402+0000] {logging_mixin.py:188} INFO - [2024-05-24T00:04:37.401+0000] {dagbag.py:545} INFO - Filling up the DagBag from /opt/airflow/dags/primer_dag.py
[2024-05-24T00:04:37.465+0000] {processor.py:840} INFO - DAG(s) 'primer_dag' retrieved from /opt/airflow/dags/primer_dag.py
[2024-05-24T00:04:37.540+0000] {logging_mixin.py:188} INFO - [2024-05-24T00:04:37.539+0000] {dag.py:3096} INFO - Sync 1 DAGs
[2024-05-24T00:04:37.604+0000] {logging_mixin.py:188} INFO - [2024-05-24T00:04:37.603+0000] {dag.py:3954} INFO - Setting next_dagrun for primer_dag to 2024-05-22 09:00:00+00:00, run_after=2024-05-23 09:00:00+00:00
[2024-05-24T00:04:37.668+0000] {processor.py:183} INFO - Processing /opt/airflow/dags/primer_dag.py took 0.290 seconds
[2024-05-24T00:05:07.825+0000] {processor.py:161} INFO - Started process (PID=1762) to work on /opt/airflow/dags/primer_dag.py
[2024-05-24T00:05:07.828+0000] {processor.py:830} INFO - Processing file /opt/airflow/dags/primer_dag.py for tasks to queue
[2024-05-24T00:05:07.833+0000] {logging_mixin.py:188} INFO - [2024-05-24T00:05:07.832+0000] {dagbag.py:545} INFO - Filling up the DagBag from /opt/airflow/dags/primer_dag.py
[2024-05-24T00:05:07.910+0000] {processor.py:840} INFO - DAG(s) 'primer_dag' retrieved from /opt/airflow/dags/primer_dag.py
[2024-05-24T00:05:07.997+0000] {logging_mixin.py:188} INFO - [2024-05-24T00:05:07.996+0000] {dag.py:3096} INFO - Sync 1 DAGs
[2024-05-24T00:05:08.065+0000] {logging_mixin.py:188} INFO - [2024-05-24T00:05:08.064+0000] {dag.py:3954} INFO - Setting next_dagrun for primer_dag to 2024-05-22 09:00:00+00:00, run_after=2024-05-23 09:00:00+00:00
[2024-05-24T00:05:08.122+0000] {processor.py:183} INFO - Processing /opt/airflow/dags/primer_dag.py took 0.311 seconds
[2024-05-24T00:05:38.522+0000] {processor.py:161} INFO - Started process (PID=1795) to work on /opt/airflow/dags/primer_dag.py
[2024-05-24T00:05:38.524+0000] {processor.py:830} INFO - Processing file /opt/airflow/dags/primer_dag.py for tasks to queue
[2024-05-24T00:05:38.529+0000] {logging_mixin.py:188} INFO - [2024-05-24T00:05:38.528+0000] {dagbag.py:545} INFO - Filling up the DagBag from /opt/airflow/dags/primer_dag.py
[2024-05-24T00:05:38.584+0000] {processor.py:840} INFO - DAG(s) 'primer_dag' retrieved from /opt/airflow/dags/primer_dag.py
[2024-05-24T00:05:38.657+0000] {logging_mixin.py:188} INFO - [2024-05-24T00:05:38.656+0000] {dag.py:3096} INFO - Sync 1 DAGs
[2024-05-24T00:05:38.729+0000] {logging_mixin.py:188} INFO - [2024-05-24T00:05:38.728+0000] {dag.py:3954} INFO - Setting next_dagrun for primer_dag to 2024-05-22 09:00:00+00:00, run_after=2024-05-23 09:00:00+00:00
[2024-05-24T00:05:38.810+0000] {processor.py:183} INFO - Processing /opt/airflow/dags/primer_dag.py took 0.303 seconds
[2024-05-24T00:06:09.379+0000] {processor.py:161} INFO - Started process (PID=1827) to work on /opt/airflow/dags/primer_dag.py
[2024-05-24T00:06:09.382+0000] {processor.py:830} INFO - Processing file /opt/airflow/dags/primer_dag.py for tasks to queue
[2024-05-24T00:06:09.386+0000] {logging_mixin.py:188} INFO - [2024-05-24T00:06:09.385+0000] {dagbag.py:545} INFO - Filling up the DagBag from /opt/airflow/dags/primer_dag.py
[2024-05-24T00:06:09.453+0000] {processor.py:840} INFO - DAG(s) 'primer_dag' retrieved from /opt/airflow/dags/primer_dag.py
[2024-05-24T00:06:09.525+0000] {logging_mixin.py:188} INFO - [2024-05-24T00:06:09.523+0000] {dag.py:3096} INFO - Sync 1 DAGs
[2024-05-24T00:06:09.619+0000] {logging_mixin.py:188} INFO - [2024-05-24T00:06:09.618+0000] {dag.py:3954} INFO - Setting next_dagrun for primer_dag to 2024-05-22 09:00:00+00:00, run_after=2024-05-23 09:00:00+00:00
[2024-05-24T00:06:09.684+0000] {processor.py:183} INFO - Processing /opt/airflow/dags/primer_dag.py took 0.318 seconds
[2024-05-24T00:06:39.810+0000] {processor.py:161} INFO - Started process (PID=1865) to work on /opt/airflow/dags/primer_dag.py
[2024-05-24T00:06:39.813+0000] {processor.py:830} INFO - Processing file /opt/airflow/dags/primer_dag.py for tasks to queue
[2024-05-24T00:06:39.817+0000] {logging_mixin.py:188} INFO - [2024-05-24T00:06:39.816+0000] {dagbag.py:545} INFO - Filling up the DagBag from /opt/airflow/dags/primer_dag.py
[2024-05-24T00:06:39.891+0000] {processor.py:840} INFO - DAG(s) 'primer_dag' retrieved from /opt/airflow/dags/primer_dag.py
[2024-05-24T00:06:39.961+0000] {logging_mixin.py:188} INFO - [2024-05-24T00:06:39.960+0000] {dag.py:3096} INFO - Sync 1 DAGs
[2024-05-24T00:06:40.021+0000] {logging_mixin.py:188} INFO - [2024-05-24T00:06:40.020+0000] {dag.py:3954} INFO - Setting next_dagrun for primer_dag to 2024-05-22 09:00:00+00:00, run_after=2024-05-23 09:00:00+00:00
[2024-05-24T00:06:40.078+0000] {processor.py:183} INFO - Processing /opt/airflow/dags/primer_dag.py took 0.282 seconds
[2024-05-24T00:07:10.326+0000] {processor.py:161} INFO - Started process (PID=1874) to work on /opt/airflow/dags/primer_dag.py
[2024-05-24T00:07:10.328+0000] {processor.py:830} INFO - Processing file /opt/airflow/dags/primer_dag.py for tasks to queue
[2024-05-24T00:07:10.332+0000] {logging_mixin.py:188} INFO - [2024-05-24T00:07:10.332+0000] {dagbag.py:545} INFO - Filling up the DagBag from /opt/airflow/dags/primer_dag.py
[2024-05-24T00:07:10.382+0000] {processor.py:840} INFO - DAG(s) 'primer_dag' retrieved from /opt/airflow/dags/primer_dag.py
[2024-05-24T00:07:10.436+0000] {logging_mixin.py:188} INFO - [2024-05-24T00:07:10.436+0000] {dag.py:3096} INFO - Sync 1 DAGs
[2024-05-24T00:07:10.509+0000] {logging_mixin.py:188} INFO - [2024-05-24T00:07:10.508+0000] {dag.py:3954} INFO - Setting next_dagrun for primer_dag to 2024-05-22 09:00:00+00:00, run_after=2024-05-23 09:00:00+00:00
[2024-05-24T00:07:10.565+0000] {processor.py:183} INFO - Processing /opt/airflow/dags/primer_dag.py took 0.253 seconds
[2024-05-24T00:07:40.846+0000] {processor.py:161} INFO - Started process (PID=1904) to work on /opt/airflow/dags/primer_dag.py
[2024-05-24T00:07:40.849+0000] {processor.py:830} INFO - Processing file /opt/airflow/dags/primer_dag.py for tasks to queue
[2024-05-24T00:07:40.855+0000] {logging_mixin.py:188} INFO - [2024-05-24T00:07:40.854+0000] {dagbag.py:545} INFO - Filling up the DagBag from /opt/airflow/dags/primer_dag.py
[2024-05-24T00:07:40.927+0000] {processor.py:840} INFO - DAG(s) 'primer_dag' retrieved from /opt/airflow/dags/primer_dag.py
[2024-05-24T00:07:40.993+0000] {logging_mixin.py:188} INFO - [2024-05-24T00:07:40.992+0000] {dag.py:3096} INFO - Sync 1 DAGs
[2024-05-24T00:07:41.057+0000] {logging_mixin.py:188} INFO - [2024-05-24T00:07:41.056+0000] {dag.py:3954} INFO - Setting next_dagrun for primer_dag to 2024-05-22 09:00:00+00:00, run_after=2024-05-23 09:00:00+00:00
[2024-05-24T00:07:41.111+0000] {processor.py:183} INFO - Processing /opt/airflow/dags/primer_dag.py took 0.280 seconds
[2024-05-24T00:08:11.607+0000] {processor.py:161} INFO - Started process (PID=1936) to work on /opt/airflow/dags/primer_dag.py
[2024-05-24T00:08:11.609+0000] {processor.py:830} INFO - Processing file /opt/airflow/dags/primer_dag.py for tasks to queue
[2024-05-24T00:08:11.616+0000] {logging_mixin.py:188} INFO - [2024-05-24T00:08:11.615+0000] {dagbag.py:545} INFO - Filling up the DagBag from /opt/airflow/dags/primer_dag.py
[2024-05-24T00:08:11.686+0000] {processor.py:840} INFO - DAG(s) 'primer_dag' retrieved from /opt/airflow/dags/primer_dag.py
[2024-05-24T00:08:11.777+0000] {logging_mixin.py:188} INFO - [2024-05-24T00:08:11.776+0000] {dag.py:3096} INFO - Sync 1 DAGs
[2024-05-24T00:08:11.888+0000] {logging_mixin.py:188} INFO - [2024-05-24T00:08:11.887+0000] {dag.py:3954} INFO - Setting next_dagrun for primer_dag to 2024-05-22 09:00:00+00:00, run_after=2024-05-23 09:00:00+00:00
[2024-05-24T00:08:11.953+0000] {processor.py:183} INFO - Processing /opt/airflow/dags/primer_dag.py took 0.363 seconds
[2024-05-24T00:08:42.154+0000] {processor.py:161} INFO - Started process (PID=1968) to work on /opt/airflow/dags/primer_dag.py
[2024-05-24T00:08:42.157+0000] {processor.py:830} INFO - Processing file /opt/airflow/dags/primer_dag.py for tasks to queue
[2024-05-24T00:08:42.163+0000] {logging_mixin.py:188} INFO - [2024-05-24T00:08:42.162+0000] {dagbag.py:545} INFO - Filling up the DagBag from /opt/airflow/dags/primer_dag.py
[2024-05-24T00:08:42.236+0000] {processor.py:840} INFO - DAG(s) 'primer_dag' retrieved from /opt/airflow/dags/primer_dag.py
[2024-05-24T00:08:42.323+0000] {logging_mixin.py:188} INFO - [2024-05-24T00:08:42.322+0000] {dag.py:3096} INFO - Sync 1 DAGs
[2024-05-24T00:08:42.410+0000] {logging_mixin.py:188} INFO - [2024-05-24T00:08:42.409+0000] {dag.py:3954} INFO - Setting next_dagrun for primer_dag to 2024-05-22 09:00:00+00:00, run_after=2024-05-23 09:00:00+00:00
[2024-05-24T00:08:42.608+0000] {processor.py:183} INFO - Processing /opt/airflow/dags/primer_dag.py took 0.470 seconds
[2024-05-24T00:09:13.140+0000] {processor.py:161} INFO - Started process (PID=2001) to work on /opt/airflow/dags/primer_dag.py
[2024-05-24T00:09:13.150+0000] {processor.py:830} INFO - Processing file /opt/airflow/dags/primer_dag.py for tasks to queue
[2024-05-24T00:09:13.160+0000] {logging_mixin.py:188} INFO - [2024-05-24T00:09:13.158+0000] {dagbag.py:545} INFO - Filling up the DagBag from /opt/airflow/dags/primer_dag.py
[2024-05-24T00:09:13.257+0000] {processor.py:840} INFO - DAG(s) 'primer_dag' retrieved from /opt/airflow/dags/primer_dag.py
[2024-05-24T00:09:13.353+0000] {logging_mixin.py:188} INFO - [2024-05-24T00:09:13.352+0000] {dag.py:3096} INFO - Sync 1 DAGs
[2024-05-24T00:09:13.488+0000] {logging_mixin.py:188} INFO - [2024-05-24T00:09:13.482+0000] {dag.py:3954} INFO - Setting next_dagrun for primer_dag to 2024-05-22 09:00:00+00:00, run_after=2024-05-23 09:00:00+00:00
[2024-05-24T00:09:13.581+0000] {processor.py:183} INFO - Processing /opt/airflow/dags/primer_dag.py took 0.469 seconds
[2024-05-24T00:09:44.240+0000] {processor.py:161} INFO - Started process (PID=2033) to work on /opt/airflow/dags/primer_dag.py
[2024-05-24T00:09:44.243+0000] {processor.py:830} INFO - Processing file /opt/airflow/dags/primer_dag.py for tasks to queue
[2024-05-24T00:09:44.248+0000] {logging_mixin.py:188} INFO - [2024-05-24T00:09:44.247+0000] {dagbag.py:545} INFO - Filling up the DagBag from /opt/airflow/dags/primer_dag.py
[2024-05-24T00:09:44.336+0000] {processor.py:840} INFO - DAG(s) 'primer_dag' retrieved from /opt/airflow/dags/primer_dag.py
[2024-05-24T00:09:44.439+0000] {logging_mixin.py:188} INFO - [2024-05-24T00:09:44.438+0000] {dag.py:3096} INFO - Sync 1 DAGs
[2024-05-24T00:09:44.524+0000] {logging_mixin.py:188} INFO - [2024-05-24T00:09:44.524+0000] {dag.py:3954} INFO - Setting next_dagrun for primer_dag to 2024-05-22 09:00:00+00:00, run_after=2024-05-23 09:00:00+00:00
[2024-05-24T00:09:44.595+0000] {processor.py:183} INFO - Processing /opt/airflow/dags/primer_dag.py took 0.368 seconds
[2024-05-24T00:10:14.871+0000] {processor.py:161} INFO - Started process (PID=2065) to work on /opt/airflow/dags/primer_dag.py
[2024-05-24T00:10:14.876+0000] {processor.py:830} INFO - Processing file /opt/airflow/dags/primer_dag.py for tasks to queue
[2024-05-24T00:10:14.885+0000] {logging_mixin.py:188} INFO - [2024-05-24T00:10:14.883+0000] {dagbag.py:545} INFO - Filling up the DagBag from /opt/airflow/dags/primer_dag.py
[2024-05-24T00:10:14.976+0000] {processor.py:840} INFO - DAG(s) 'primer_dag' retrieved from /opt/airflow/dags/primer_dag.py
[2024-05-24T00:10:15.111+0000] {logging_mixin.py:188} INFO - [2024-05-24T00:10:15.111+0000] {dag.py:3096} INFO - Sync 1 DAGs
[2024-05-24T00:10:15.214+0000] {logging_mixin.py:188} INFO - [2024-05-24T00:10:15.214+0000] {dag.py:3954} INFO - Setting next_dagrun for primer_dag to 2024-05-22 09:00:00+00:00, run_after=2024-05-23 09:00:00+00:00
[2024-05-24T00:10:15.285+0000] {processor.py:183} INFO - Processing /opt/airflow/dags/primer_dag.py took 0.438 seconds
[2024-05-24T00:10:45.568+0000] {processor.py:161} INFO - Started process (PID=2097) to work on /opt/airflow/dags/primer_dag.py
[2024-05-24T00:10:45.571+0000] {processor.py:830} INFO - Processing file /opt/airflow/dags/primer_dag.py for tasks to queue
[2024-05-24T00:10:45.576+0000] {logging_mixin.py:188} INFO - [2024-05-24T00:10:45.575+0000] {dagbag.py:545} INFO - Filling up the DagBag from /opt/airflow/dags/primer_dag.py
[2024-05-24T00:10:45.650+0000] {processor.py:840} INFO - DAG(s) 'primer_dag' retrieved from /opt/airflow/dags/primer_dag.py
[2024-05-24T00:10:45.729+0000] {logging_mixin.py:188} INFO - [2024-05-24T00:10:45.728+0000] {dag.py:3096} INFO - Sync 1 DAGs
[2024-05-24T00:10:45.810+0000] {logging_mixin.py:188} INFO - [2024-05-24T00:10:45.809+0000] {dag.py:3954} INFO - Setting next_dagrun for primer_dag to 2024-05-22 09:00:00+00:00, run_after=2024-05-23 09:00:00+00:00
[2024-05-24T00:10:45.881+0000] {processor.py:183} INFO - Processing /opt/airflow/dags/primer_dag.py took 0.331 seconds
[2024-05-24T00:11:16.053+0000] {processor.py:161} INFO - Started process (PID=2129) to work on /opt/airflow/dags/primer_dag.py
[2024-05-24T00:11:16.056+0000] {processor.py:830} INFO - Processing file /opt/airflow/dags/primer_dag.py for tasks to queue
[2024-05-24T00:11:16.060+0000] {logging_mixin.py:188} INFO - [2024-05-24T00:11:16.059+0000] {dagbag.py:545} INFO - Filling up the DagBag from /opt/airflow/dags/primer_dag.py
[2024-05-24T00:11:16.119+0000] {processor.py:840} INFO - DAG(s) 'primer_dag' retrieved from /opt/airflow/dags/primer_dag.py
[2024-05-24T00:11:16.191+0000] {logging_mixin.py:188} INFO - [2024-05-24T00:11:16.190+0000] {dag.py:3096} INFO - Sync 1 DAGs
[2024-05-24T00:11:16.259+0000] {logging_mixin.py:188} INFO - [2024-05-24T00:11:16.258+0000] {dag.py:3954} INFO - Setting next_dagrun for primer_dag to 2024-05-22 09:00:00+00:00, run_after=2024-05-23 09:00:00+00:00
[2024-05-24T00:11:16.335+0000] {processor.py:183} INFO - Processing /opt/airflow/dags/primer_dag.py took 0.295 seconds
[2024-05-24T00:11:46.772+0000] {processor.py:161} INFO - Started process (PID=2161) to work on /opt/airflow/dags/primer_dag.py
[2024-05-24T00:11:46.775+0000] {processor.py:830} INFO - Processing file /opt/airflow/dags/primer_dag.py for tasks to queue
[2024-05-24T00:11:46.780+0000] {logging_mixin.py:188} INFO - [2024-05-24T00:11:46.779+0000] {dagbag.py:545} INFO - Filling up the DagBag from /opt/airflow/dags/primer_dag.py
[2024-05-24T00:11:46.865+0000] {processor.py:840} INFO - DAG(s) 'primer_dag' retrieved from /opt/airflow/dags/primer_dag.py
[2024-05-24T00:11:46.936+0000] {logging_mixin.py:188} INFO - [2024-05-24T00:11:46.935+0000] {dag.py:3096} INFO - Sync 1 DAGs
[2024-05-24T00:11:47.009+0000] {logging_mixin.py:188} INFO - [2024-05-24T00:11:47.008+0000] {dag.py:3954} INFO - Setting next_dagrun for primer_dag to 2024-05-22 09:00:00+00:00, run_after=2024-05-23 09:00:00+00:00
[2024-05-24T00:11:47.075+0000] {processor.py:183} INFO - Processing /opt/airflow/dags/primer_dag.py took 0.323 seconds
[2024-05-24T00:12:17.363+0000] {processor.py:161} INFO - Started process (PID=2193) to work on /opt/airflow/dags/primer_dag.py
[2024-05-24T00:12:17.366+0000] {processor.py:830} INFO - Processing file /opt/airflow/dags/primer_dag.py for tasks to queue
[2024-05-24T00:12:17.371+0000] {logging_mixin.py:188} INFO - [2024-05-24T00:12:17.370+0000] {dagbag.py:545} INFO - Filling up the DagBag from /opt/airflow/dags/primer_dag.py
[2024-05-24T00:12:17.441+0000] {processor.py:840} INFO - DAG(s) 'primer_dag' retrieved from /opt/airflow/dags/primer_dag.py
[2024-05-24T00:12:17.515+0000] {logging_mixin.py:188} INFO - [2024-05-24T00:12:17.514+0000] {dag.py:3096} INFO - Sync 1 DAGs
[2024-05-24T00:12:17.588+0000] {logging_mixin.py:188} INFO - [2024-05-24T00:12:17.587+0000] {dag.py:3954} INFO - Setting next_dagrun for primer_dag to 2024-05-22 09:00:00+00:00, run_after=2024-05-23 09:00:00+00:00
[2024-05-24T00:12:17.655+0000] {processor.py:183} INFO - Processing /opt/airflow/dags/primer_dag.py took 0.308 seconds
[2024-05-24T00:12:47.829+0000] {processor.py:161} INFO - Started process (PID=2225) to work on /opt/airflow/dags/primer_dag.py
[2024-05-24T00:12:47.832+0000] {processor.py:830} INFO - Processing file /opt/airflow/dags/primer_dag.py for tasks to queue
[2024-05-24T00:12:47.838+0000] {logging_mixin.py:188} INFO - [2024-05-24T00:12:47.837+0000] {dagbag.py:545} INFO - Filling up the DagBag from /opt/airflow/dags/primer_dag.py
[2024-05-24T00:12:47.898+0000] {processor.py:840} INFO - DAG(s) 'primer_dag' retrieved from /opt/airflow/dags/primer_dag.py
[2024-05-24T00:12:47.968+0000] {logging_mixin.py:188} INFO - [2024-05-24T00:12:47.968+0000] {dag.py:3096} INFO - Sync 1 DAGs
[2024-05-24T00:12:48.058+0000] {logging_mixin.py:188} INFO - [2024-05-24T00:12:48.057+0000] {dag.py:3954} INFO - Setting next_dagrun for primer_dag to 2024-05-22 09:00:00+00:00, run_after=2024-05-23 09:00:00+00:00
[2024-05-24T00:12:48.133+0000] {processor.py:183} INFO - Processing /opt/airflow/dags/primer_dag.py took 0.320 seconds
[2024-05-24T00:13:18.554+0000] {processor.py:161} INFO - Started process (PID=2257) to work on /opt/airflow/dags/primer_dag.py
[2024-05-24T00:13:18.557+0000] {processor.py:830} INFO - Processing file /opt/airflow/dags/primer_dag.py for tasks to queue
[2024-05-24T00:13:18.563+0000] {logging_mixin.py:188} INFO - [2024-05-24T00:13:18.562+0000] {dagbag.py:545} INFO - Filling up the DagBag from /opt/airflow/dags/primer_dag.py
[2024-05-24T00:13:18.626+0000] {processor.py:840} INFO - DAG(s) 'primer_dag' retrieved from /opt/airflow/dags/primer_dag.py
[2024-05-24T00:13:18.701+0000] {logging_mixin.py:188} INFO - [2024-05-24T00:13:18.700+0000] {dag.py:3096} INFO - Sync 1 DAGs
[2024-05-24T00:13:18.779+0000] {logging_mixin.py:188} INFO - [2024-05-24T00:13:18.778+0000] {dag.py:3954} INFO - Setting next_dagrun for primer_dag to 2024-05-22 09:00:00+00:00, run_after=2024-05-23 09:00:00+00:00
[2024-05-24T00:13:18.845+0000] {processor.py:183} INFO - Processing /opt/airflow/dags/primer_dag.py took 0.309 seconds
[2024-05-24T00:13:49.196+0000] {processor.py:161} INFO - Started process (PID=2289) to work on /opt/airflow/dags/primer_dag.py
[2024-05-24T00:13:49.198+0000] {processor.py:830} INFO - Processing file /opt/airflow/dags/primer_dag.py for tasks to queue
[2024-05-24T00:13:49.203+0000] {logging_mixin.py:188} INFO - [2024-05-24T00:13:49.202+0000] {dagbag.py:545} INFO - Filling up the DagBag from /opt/airflow/dags/primer_dag.py
[2024-05-24T00:13:49.269+0000] {processor.py:840} INFO - DAG(s) 'primer_dag' retrieved from /opt/airflow/dags/primer_dag.py
[2024-05-24T00:13:49.347+0000] {logging_mixin.py:188} INFO - [2024-05-24T00:13:49.346+0000] {dag.py:3096} INFO - Sync 1 DAGs
[2024-05-24T00:13:49.429+0000] {logging_mixin.py:188} INFO - [2024-05-24T00:13:49.429+0000] {dag.py:3954} INFO - Setting next_dagrun for primer_dag to 2024-05-22 09:00:00+00:00, run_after=2024-05-23 09:00:00+00:00
[2024-05-24T00:13:49.508+0000] {processor.py:183} INFO - Processing /opt/airflow/dags/primer_dag.py took 0.326 seconds
[2024-05-24T00:14:19.672+0000] {processor.py:161} INFO - Started process (PID=2321) to work on /opt/airflow/dags/primer_dag.py
[2024-05-24T00:14:19.675+0000] {processor.py:830} INFO - Processing file /opt/airflow/dags/primer_dag.py for tasks to queue
[2024-05-24T00:14:19.680+0000] {logging_mixin.py:188} INFO - [2024-05-24T00:14:19.679+0000] {dagbag.py:545} INFO - Filling up the DagBag from /opt/airflow/dags/primer_dag.py
[2024-05-24T00:14:19.750+0000] {processor.py:840} INFO - DAG(s) 'primer_dag' retrieved from /opt/airflow/dags/primer_dag.py
[2024-05-24T00:14:19.828+0000] {logging_mixin.py:188} INFO - [2024-05-24T00:14:19.828+0000] {dag.py:3096} INFO - Sync 1 DAGs
[2024-05-24T00:14:19.906+0000] {logging_mixin.py:188} INFO - [2024-05-24T00:14:19.905+0000] {dag.py:3954} INFO - Setting next_dagrun for primer_dag to 2024-05-22 09:00:00+00:00, run_after=2024-05-23 09:00:00+00:00
[2024-05-24T00:14:19.970+0000] {processor.py:183} INFO - Processing /opt/airflow/dags/primer_dag.py took 0.316 seconds
[2024-05-24T00:14:50.484+0000] {processor.py:161} INFO - Started process (PID=2353) to work on /opt/airflow/dags/primer_dag.py
[2024-05-24T00:14:50.487+0000] {processor.py:830} INFO - Processing file /opt/airflow/dags/primer_dag.py for tasks to queue
[2024-05-24T00:14:50.493+0000] {logging_mixin.py:188} INFO - [2024-05-24T00:14:50.492+0000] {dagbag.py:545} INFO - Filling up the DagBag from /opt/airflow/dags/primer_dag.py
[2024-05-24T00:14:50.557+0000] {processor.py:840} INFO - DAG(s) 'primer_dag' retrieved from /opt/airflow/dags/primer_dag.py
[2024-05-24T00:14:50.636+0000] {logging_mixin.py:188} INFO - [2024-05-24T00:14:50.635+0000] {dag.py:3096} INFO - Sync 1 DAGs
[2024-05-24T00:14:50.720+0000] {logging_mixin.py:188} INFO - [2024-05-24T00:14:50.719+0000] {dag.py:3954} INFO - Setting next_dagrun for primer_dag to 2024-05-22 09:00:00+00:00, run_after=2024-05-23 09:00:00+00:00
[2024-05-24T00:14:50.779+0000] {processor.py:183} INFO - Processing /opt/airflow/dags/primer_dag.py took 0.315 seconds
[2024-05-24T00:15:20.963+0000] {processor.py:161} INFO - Started process (PID=2361) to work on /opt/airflow/dags/primer_dag.py
[2024-05-24T00:15:20.966+0000] {processor.py:830} INFO - Processing file /opt/airflow/dags/primer_dag.py for tasks to queue
[2024-05-24T00:15:20.970+0000] {logging_mixin.py:188} INFO - [2024-05-24T00:15:20.970+0000] {dagbag.py:545} INFO - Filling up the DagBag from /opt/airflow/dags/primer_dag.py
[2024-05-24T00:15:21.045+0000] {processor.py:840} INFO - DAG(s) 'primer_dag' retrieved from /opt/airflow/dags/primer_dag.py
[2024-05-24T00:15:21.113+0000] {logging_mixin.py:188} INFO - [2024-05-24T00:15:21.113+0000] {dag.py:3096} INFO - Sync 1 DAGs
[2024-05-24T00:15:21.173+0000] {logging_mixin.py:188} INFO - [2024-05-24T00:15:21.173+0000] {dag.py:3954} INFO - Setting next_dagrun for primer_dag to 2024-05-22 09:00:00+00:00, run_after=2024-05-23 09:00:00+00:00
[2024-05-24T00:15:21.239+0000] {processor.py:183} INFO - Processing /opt/airflow/dags/primer_dag.py took 0.290 seconds
[2024-05-24T00:15:51.802+0000] {processor.py:161} INFO - Started process (PID=2392) to work on /opt/airflow/dags/primer_dag.py
[2024-05-24T00:15:51.812+0000] {processor.py:830} INFO - Processing file /opt/airflow/dags/primer_dag.py for tasks to queue
[2024-05-24T00:15:51.818+0000] {logging_mixin.py:188} INFO - [2024-05-24T00:15:51.817+0000] {dagbag.py:545} INFO - Filling up the DagBag from /opt/airflow/dags/primer_dag.py
[2024-05-24T00:15:51.906+0000] {processor.py:840} INFO - DAG(s) 'primer_dag' retrieved from /opt/airflow/dags/primer_dag.py
[2024-05-24T00:15:51.990+0000] {logging_mixin.py:188} INFO - [2024-05-24T00:15:51.989+0000] {dag.py:3096} INFO - Sync 1 DAGs
[2024-05-24T00:15:52.066+0000] {logging_mixin.py:188} INFO - [2024-05-24T00:15:52.065+0000] {dag.py:3954} INFO - Setting next_dagrun for primer_dag to 2024-05-22 09:00:00+00:00, run_after=2024-05-23 09:00:00+00:00
[2024-05-24T00:15:52.123+0000] {processor.py:183} INFO - Processing /opt/airflow/dags/primer_dag.py took 0.370 seconds
[2024-05-24T00:16:22.303+0000] {processor.py:161} INFO - Started process (PID=2424) to work on /opt/airflow/dags/primer_dag.py
[2024-05-24T00:16:22.306+0000] {processor.py:830} INFO - Processing file /opt/airflow/dags/primer_dag.py for tasks to queue
[2024-05-24T00:16:22.311+0000] {logging_mixin.py:188} INFO - [2024-05-24T00:16:22.310+0000] {dagbag.py:545} INFO - Filling up the DagBag from /opt/airflow/dags/primer_dag.py
[2024-05-24T00:16:22.371+0000] {processor.py:840} INFO - DAG(s) 'primer_dag' retrieved from /opt/airflow/dags/primer_dag.py
[2024-05-24T00:16:22.447+0000] {logging_mixin.py:188} INFO - [2024-05-24T00:16:22.446+0000] {dag.py:3096} INFO - Sync 1 DAGs
[2024-05-24T00:16:22.517+0000] {logging_mixin.py:188} INFO - [2024-05-24T00:16:22.517+0000] {dag.py:3954} INFO - Setting next_dagrun for primer_dag to 2024-05-22 09:00:00+00:00, run_after=2024-05-23 09:00:00+00:00
[2024-05-24T00:16:22.577+0000] {processor.py:183} INFO - Processing /opt/airflow/dags/primer_dag.py took 0.288 seconds
[2024-05-24T00:16:53.309+0000] {processor.py:161} INFO - Started process (PID=2456) to work on /opt/airflow/dags/primer_dag.py
[2024-05-24T00:16:53.311+0000] {processor.py:830} INFO - Processing file /opt/airflow/dags/primer_dag.py for tasks to queue
[2024-05-24T00:16:53.317+0000] {logging_mixin.py:188} INFO - [2024-05-24T00:16:53.316+0000] {dagbag.py:545} INFO - Filling up the DagBag from /opt/airflow/dags/primer_dag.py
[2024-05-24T00:16:53.384+0000] {processor.py:840} INFO - DAG(s) 'primer_dag' retrieved from /opt/airflow/dags/primer_dag.py
[2024-05-24T00:16:53.465+0000] {logging_mixin.py:188} INFO - [2024-05-24T00:16:53.464+0000] {dag.py:3096} INFO - Sync 1 DAGs
[2024-05-24T00:16:53.537+0000] {logging_mixin.py:188} INFO - [2024-05-24T00:16:53.536+0000] {dag.py:3954} INFO - Setting next_dagrun for primer_dag to 2024-05-22 09:00:00+00:00, run_after=2024-05-23 09:00:00+00:00
[2024-05-24T00:16:53.597+0000] {processor.py:183} INFO - Processing /opt/airflow/dags/primer_dag.py took 0.306 seconds
