[2024-05-23T23:36:27.736+0000] {manager.py:470} INFO - Processing files using up to 2 processes at a time 
[2024-05-23T23:36:27.739+0000] {manager.py:471} INFO - Process each file at most once every 30 seconds
[2024-05-23T23:36:27.743+0000] {manager.py:472} INFO - Checking for new files in /opt/airflow/dags every 300 seconds
[2024-05-23T23:36:27.748+0000] {manager.py:737} INFO - Searching for files in /opt/airflow/dags
[2024-05-23T23:36:28.161+0000] {manager.py:740} INFO - There are 2 files in /opt/airflow/dags
[2024-05-23T23:36:28.477+0000] {manager.py:878} INFO - 
================================================================================
DAG File Processing Stats

File Path                              PID  Runtime      # DAGs    # Errors  Last Runtime    Last Run
-----------------------------------  -----  ---------  --------  ----------  --------------  ----------
/opt/airflow/dags/kaggle_dataset.py     36  0.12s             0           0
/opt/airflow/dags/primer_dag.py         37  0.10s             0           0
================================================================================
[2024-05-23T23:36:58.531+0000] {manager.py:878} INFO - 
================================================================================
DAG File Processing Stats

File Path                            PID    Runtime      # DAGs    # Errors  Last Runtime    Last Run
-----------------------------------  -----  ---------  --------  ----------  --------------  -------------------
/opt/airflow/dags/kaggle_dataset.py                           1           0  14.87s          2024-05-23T23:36:43
/opt/airflow/dags/primer_dag.py                               1           0  1.85s           2024-05-23T23:36:30
================================================================================
[2024-05-23T23:37:29.130+0000] {manager.py:878} INFO - 
================================================================================
DAG File Processing Stats

File Path                            PID    Runtime      # DAGs    # Errors  Last Runtime    Last Run
-----------------------------------  -----  ---------  --------  ----------  --------------  -------------------
/opt/airflow/dags/kaggle_dataset.py                           1           0  2.02s           2024-05-23T23:37:15
/opt/airflow/dags/primer_dag.py                               1           0  0.43s           2024-05-23T23:37:01
================================================================================
[2024-05-23T23:37:59.942+0000] {manager.py:878} INFO - 
================================================================================
DAG File Processing Stats

File Path                            PID    Runtime      # DAGs    # Errors  Last Runtime    Last Run
-----------------------------------  -----  ---------  --------  ----------  --------------  -------------------
/opt/airflow/dags/kaggle_dataset.py                           1           0  2.09s           2024-05-23T23:37:47
/opt/airflow/dags/primer_dag.py                               1           0  0.54s           2024-05-23T23:37:31
================================================================================
[2024-05-23T23:38:30.450+0000] {manager.py:878} INFO - 
================================================================================
DAG File Processing Stats

File Path                            PID    Runtime      # DAGs    # Errors  Last Runtime    Last Run
-----------------------------------  -----  ---------  --------  ----------  --------------  -------------------
/opt/airflow/dags/kaggle_dataset.py                           1           0  2.04s           2024-05-23T23:38:20
/opt/airflow/dags/primer_dag.py                               1           0  0.41s           2024-05-23T23:38:02
================================================================================
[2024-05-23T23:39:00.518+0000] {manager.py:878} INFO - 
================================================================================
DAG File Processing Stats

File Path                            PID    Runtime      # DAGs    # Errors  Last Runtime    Last Run
-----------------------------------  -----  ---------  --------  ----------  --------------  -------------------
/opt/airflow/dags/kaggle_dataset.py                           1           0  2.32s           2024-05-23T23:38:53
/opt/airflow/dags/primer_dag.py                               1           0  0.34s           2024-05-23T23:38:32
================================================================================
[2024-05-23T23:39:30.980+0000] {manager.py:878} INFO - 
================================================================================
DAG File Processing Stats

File Path                            PID    Runtime      # DAGs    # Errors  Last Runtime    Last Run
-----------------------------------  -----  ---------  --------  ----------  --------------  -------------------
/opt/airflow/dags/kaggle_dataset.py                           1           0  2.02s           2024-05-23T23:39:25
/opt/airflow/dags/primer_dag.py                               1           0  0.39s           2024-05-23T23:39:03
================================================================================
[2024-05-23T23:40:01.499+0000] {manager.py:878} INFO - 
================================================================================
DAG File Processing Stats

File Path                            PID    Runtime      # DAGs    # Errors  Last Runtime    Last Run
-----------------------------------  -----  ---------  --------  ----------  --------------  -------------------
/opt/airflow/dags/kaggle_dataset.py                           1           0  2.06s           2024-05-23T23:39:58
/opt/airflow/dags/primer_dag.py                               1           0  0.35s           2024-05-23T23:39:34
================================================================================
[2024-05-23T23:40:31.980+0000] {manager.py:878} INFO - 
================================================================================
DAG File Processing Stats

File Path                            PID    Runtime      # DAGs    # Errors  Last Runtime    Last Run
-----------------------------------  -----  ---------  --------  ----------  --------------  -------------------
/opt/airflow/dags/kaggle_dataset.py                           1           0  2.26s           2024-05-23T23:40:31
/opt/airflow/dags/primer_dag.py                               1           0  0.33s           2024-05-23T23:40:04
================================================================================
[2024-05-23T23:41:02.642+0000] {manager.py:878} INFO - 
================================================================================
DAG File Processing Stats

File Path                              PID  Runtime      # DAGs    # Errors  Last Runtime    Last Run
-----------------------------------  -----  ---------  --------  ----------  --------------  -------------------
/opt/airflow/dags/kaggle_dataset.py    300  1.03s             1           0  2.26s           2024-05-23T23:40:31
/opt/airflow/dags/primer_dag.py                               1           0  0.36s           2024-05-23T23:40:35
================================================================================
[2024-05-23T23:41:28.387+0000] {manager.py:737} INFO - Searching for files in /opt/airflow/dags
[2024-05-23T23:41:28.652+0000] {manager.py:740} INFO - There are 2 files in /opt/airflow/dags
[2024-05-23T23:41:32.755+0000] {manager.py:878} INFO - 
================================================================================
DAG File Processing Stats

File Path                            PID    Runtime      # DAGs    # Errors  Last Runtime    Last Run
-----------------------------------  -----  ---------  --------  ----------  --------------  -------------------
/opt/airflow/dags/kaggle_dataset.py                           1           0  2.44s           2024-05-23T23:41:04
/opt/airflow/dags/primer_dag.py                               1           0  0.39s           2024-05-23T23:41:06
================================================================================
[2024-05-23T23:42:03.307+0000] {manager.py:878} INFO - 
================================================================================
DAG File Processing Stats

File Path                            PID    Runtime      # DAGs    # Errors  Last Runtime    Last Run
-----------------------------------  -----  ---------  --------  ----------  --------------  -------------------
/opt/airflow/dags/kaggle_dataset.py                           1           0  2.00s           2024-05-23T23:41:36
/opt/airflow/dags/primer_dag.py                               1           0  0.43s           2024-05-23T23:41:37
================================================================================
[2024-05-23T23:42:33.937+0000] {manager.py:878} INFO - 
================================================================================
DAG File Processing Stats

File Path                            PID    Runtime      # DAGs    # Errors  Last Runtime    Last Run
-----------------------------------  -----  ---------  --------  ----------  --------------  -------------------
/opt/airflow/dags/kaggle_dataset.py                           1           0  2.21s           2024-05-23T23:42:09
/opt/airflow/dags/primer_dag.py                               1           0  0.40s           2024-05-23T23:42:07
================================================================================
[2024-05-23T23:43:04.616+0000] {manager.py:878} INFO - 
================================================================================
DAG File Processing Stats

File Path                            PID    Runtime      # DAGs    # Errors  Last Runtime    Last Run
-----------------------------------  -----  ---------  --------  ----------  --------------  -------------------
/opt/airflow/dags/kaggle_dataset.py                           1           0  2.04s           2024-05-23T23:42:42
/opt/airflow/dags/primer_dag.py                               1           0  0.37s           2024-05-23T23:42:38
================================================================================
[2024-05-23T23:43:35.222+0000] {manager.py:878} INFO - 
================================================================================
DAG File Processing Stats

File Path                            PID    Runtime      # DAGs    # Errors  Last Runtime    Last Run
-----------------------------------  -----  ---------  --------  ----------  --------------  -------------------
/opt/airflow/dags/kaggle_dataset.py                           1           0  2.19s           2024-05-23T23:43:15
/opt/airflow/dags/primer_dag.py                               1           0  0.41s           2024-05-23T23:43:09
================================================================================
[2024-05-23T23:44:05.715+0000] {manager.py:878} INFO - 
================================================================================
DAG File Processing Stats

File Path                            PID    Runtime      # DAGs    # Errors  Last Runtime    Last Run
-----------------------------------  -----  ---------  --------  ----------  --------------  -------------------
/opt/airflow/dags/kaggle_dataset.py                           1           0  1.96s           2024-05-23T23:43:47
/opt/airflow/dags/primer_dag.py                               1           0  0.44s           2024-05-23T23:43:39
================================================================================
[2024-05-23T23:44:36.195+0000] {manager.py:878} INFO - 
================================================================================
DAG File Processing Stats

File Path                            PID    Runtime      # DAGs    # Errors  Last Runtime    Last Run
-----------------------------------  -----  ---------  --------  ----------  --------------  -------------------
/opt/airflow/dags/kaggle_dataset.py                           1           0  2.21s           2024-05-23T23:44:20
/opt/airflow/dags/primer_dag.py                               1           0  0.36s           2024-05-23T23:44:10
================================================================================
[2024-05-23T23:45:06.783+0000] {manager.py:878} INFO - 
================================================================================
DAG File Processing Stats

File Path                            PID    Runtime      # DAGs    # Errors  Last Runtime    Last Run
-----------------------------------  -----  ---------  --------  ----------  --------------  -------------------
/opt/airflow/dags/kaggle_dataset.py                           1           0  2.10s           2024-05-23T23:44:52
/opt/airflow/dags/primer_dag.py                               1           0  0.40s           2024-05-23T23:44:40
================================================================================
[2024-05-23T23:45:37.314+0000] {manager.py:878} INFO - 
================================================================================
DAG File Processing Stats

File Path                            PID    Runtime      # DAGs    # Errors  Last Runtime    Last Run
-----------------------------------  -----  ---------  --------  ----------  --------------  -------------------
/opt/airflow/dags/kaggle_dataset.py                           1           0  2.01s           2024-05-23T23:45:25
/opt/airflow/dags/primer_dag.py                               1           0  0.37s           2024-05-23T23:45:11
================================================================================
[2024-05-23T23:46:08.062+0000] {manager.py:878} INFO - 
================================================================================
DAG File Processing Stats

File Path                            PID    Runtime      # DAGs    # Errors  Last Runtime    Last Run
-----------------------------------  -----  ---------  --------  ----------  --------------  -------------------
/opt/airflow/dags/kaggle_dataset.py                           1           0  2.07s           2024-05-23T23:45:57
/opt/airflow/dags/primer_dag.py                               1           0  0.33s           2024-05-23T23:45:41
================================================================================
[2024-05-23T23:46:28.721+0000] {manager.py:737} INFO - Searching for files in /opt/airflow/dags
[2024-05-23T23:46:28.985+0000] {manager.py:740} INFO - There are 2 files in /opt/airflow/dags
[2024-05-23T23:46:38.564+0000] {manager.py:878} INFO - 
================================================================================
DAG File Processing Stats

File Path                            PID    Runtime      # DAGs    # Errors  Last Runtime    Last Run
-----------------------------------  -----  ---------  --------  ----------  --------------  -------------------
/opt/airflow/dags/kaggle_dataset.py                           1           0  2.17s           2024-05-23T23:46:30
/opt/airflow/dags/primer_dag.py                               1           0  0.37s           2024-05-23T23:46:12
================================================================================
[2024-05-23T23:47:09.176+0000] {manager.py:878} INFO - 
================================================================================
DAG File Processing Stats

File Path                            PID    Runtime      # DAGs    # Errors  Last Runtime    Last Run
-----------------------------------  -----  ---------  --------  ----------  --------------  -------------------
/opt/airflow/dags/kaggle_dataset.py                           1           0  2.14s           2024-05-23T23:47:03
/opt/airflow/dags/primer_dag.py                               1           0  0.34s           2024-05-23T23:46:42
================================================================================
[2024-05-23T23:47:39.497+0000] {manager.py:878} INFO - 
================================================================================
DAG File Processing Stats

File Path                            PID    Runtime      # DAGs    # Errors  Last Runtime    Last Run
-----------------------------------  -----  ---------  --------  ----------  --------------  -------------------
/opt/airflow/dags/kaggle_dataset.py                           1           0  2.80s           2024-05-23T23:47:36
/opt/airflow/dags/primer_dag.py                               1           0  0.35s           2024-05-23T23:47:13
================================================================================
[2024-05-23T23:48:09.722+0000] {manager.py:878} INFO - 
================================================================================
DAG File Processing Stats

File Path                            PID    Runtime      # DAGs    # Errors  Last Runtime    Last Run
-----------------------------------  -----  ---------  --------  ----------  --------------  -------------------
/opt/airflow/dags/kaggle_dataset.py                           1           0  2.69s           2024-05-23T23:48:09
/opt/airflow/dags/primer_dag.py                               1           0  0.52s           2024-05-23T23:47:44
================================================================================
[2024-05-23T23:48:40.410+0000] {manager.py:878} INFO - 
================================================================================
DAG File Processing Stats

File Path                              PID  Runtime      # DAGs    # Errors  Last Runtime    Last Run
-----------------------------------  -----  ---------  --------  ----------  --------------  -------------------
/opt/airflow/dags/kaggle_dataset.py    762  0.01s             1           0  2.69s           2024-05-23T23:48:09
/opt/airflow/dags/primer_dag.py                               1           0  0.43s           2024-05-23T23:48:15
================================================================================
[2024-05-23T23:49:11.185+0000] {manager.py:878} INFO - 
================================================================================
DAG File Processing Stats

File Path                            PID    Runtime      # DAGs    # Errors  Last Runtime    Last Run
-----------------------------------  -----  ---------  --------  ----------  --------------  -------------------
/opt/airflow/dags/kaggle_dataset.py                           1           0  2.97s           2024-05-23T23:48:43
/opt/airflow/dags/primer_dag.py                               1           0  0.49s           2024-05-23T23:48:45
================================================================================
[2024-05-23T23:49:41.782+0000] {manager.py:878} INFO - 
================================================================================
DAG File Processing Stats

File Path                            PID    Runtime      # DAGs    # Errors  Last Runtime    Last Run
-----------------------------------  -----  ---------  --------  ----------  --------------  -------------------
/opt/airflow/dags/kaggle_dataset.py                           1           0  2.94s           2024-05-23T23:49:16
/opt/airflow/dags/primer_dag.py                               1           0  0.44s           2024-05-23T23:49:16
================================================================================
[2024-05-23T23:50:11.818+0000] {manager.py:878} INFO - 
================================================================================
DAG File Processing Stats

File Path                            PID    Runtime      # DAGs    # Errors  Last Runtime    Last Run
-----------------------------------  -----  ---------  --------  ----------  --------------  -------------------
/opt/airflow/dags/kaggle_dataset.py                           1           0  3.18s           2024-05-23T23:49:50
/opt/airflow/dags/primer_dag.py                               1           0  0.52s           2024-05-23T23:49:47
================================================================================
[2024-05-23T23:50:41.996+0000] {manager.py:878} INFO - 
================================================================================
DAG File Processing Stats

File Path                            PID    Runtime      # DAGs    # Errors  Last Runtime    Last Run
-----------------------------------  -----  ---------  --------  ----------  --------------  -------------------
/opt/airflow/dags/kaggle_dataset.py                           1           0  2.05s           2024-05-23T23:50:22
/opt/airflow/dags/primer_dag.py                               1           0  0.39s           2024-05-23T23:50:17
================================================================================
[2024-05-23T23:51:13.005+0000] {manager.py:878} INFO - 
================================================================================
DAG File Processing Stats

File Path                            PID    Runtime      # DAGs    # Errors  Last Runtime    Last Run
-----------------------------------  -----  ---------  --------  ----------  --------------  -------------------
/opt/airflow/dags/kaggle_dataset.py                           1           0  2.06s           2024-05-23T23:50:54
/opt/airflow/dags/primer_dag.py                               1           0  0.50s           2024-05-23T23:50:48
================================================================================
[2024-05-23T23:51:29.187+0000] {manager.py:737} INFO - Searching for files in /opt/airflow/dags
[2024-05-23T23:51:29.441+0000] {manager.py:740} INFO - There are 2 files in /opt/airflow/dags
[2024-05-23T23:51:43.688+0000] {manager.py:878} INFO - 
================================================================================
DAG File Processing Stats

File Path                            PID    Runtime      # DAGs    # Errors  Last Runtime    Last Run
-----------------------------------  -----  ---------  --------  ----------  --------------  -------------------
/opt/airflow/dags/kaggle_dataset.py                           1           0  1.90s           2024-05-23T23:51:27
/opt/airflow/dags/primer_dag.py                               1           0  0.34s           2024-05-23T23:51:19
================================================================================
[2024-05-23T23:52:14.584+0000] {manager.py:878} INFO - 
================================================================================
DAG File Processing Stats

File Path                            PID    Runtime      # DAGs    # Errors  Last Runtime    Last Run
-----------------------------------  -----  ---------  --------  ----------  --------------  -------------------
/opt/airflow/dags/kaggle_dataset.py                           1           0  2.14s           2024-05-23T23:51:59
/opt/airflow/dags/primer_dag.py                               1           0  0.36s           2024-05-23T23:51:50
================================================================================
[2024-05-23T23:52:45.146+0000] {manager.py:878} INFO - 
================================================================================
DAG File Processing Stats

File Path                            PID    Runtime      # DAGs    # Errors  Last Runtime    Last Run
-----------------------------------  -----  ---------  --------  ----------  --------------  -------------------
/opt/airflow/dags/kaggle_dataset.py                           1           0  2.16s           2024-05-23T23:52:32
/opt/airflow/dags/primer_dag.py                               1           0  0.35s           2024-05-23T23:52:21
================================================================================
[2024-05-23T23:53:15.993+0000] {manager.py:878} INFO - 
================================================================================
DAG File Processing Stats

File Path                            PID    Runtime      # DAGs    # Errors  Last Runtime    Last Run
-----------------------------------  -----  ---------  --------  ----------  --------------  -------------------
/opt/airflow/dags/kaggle_dataset.py                           1           0  2.35s           2024-05-23T23:53:04
/opt/airflow/dags/primer_dag.py                               1           0  0.36s           2024-05-23T23:52:51
================================================================================
[2024-05-23T23:53:46.371+0000] {manager.py:878} INFO - 
================================================================================
DAG File Processing Stats

File Path                            PID    Runtime      # DAGs    # Errors  Last Runtime    Last Run
-----------------------------------  -----  ---------  --------  ----------  --------------  -------------------
/opt/airflow/dags/kaggle_dataset.py                           1           0  1.93s           2024-05-23T23:53:37
/opt/airflow/dags/primer_dag.py                               1           0  0.34s           2024-05-23T23:53:22
================================================================================
[2024-05-23T23:54:17.256+0000] {manager.py:878} INFO - 
================================================================================
DAG File Processing Stats

File Path                            PID    Runtime      # DAGs    # Errors  Last Runtime    Last Run
-----------------------------------  -----  ---------  --------  ----------  --------------  -------------------
/opt/airflow/dags/kaggle_dataset.py                           1           0  2.08s           2024-05-23T23:54:10
/opt/airflow/dags/primer_dag.py                               1           0  0.38s           2024-05-23T23:53:52
================================================================================
[2024-05-23T23:54:47.778+0000] {manager.py:878} INFO - 
================================================================================
DAG File Processing Stats

File Path                            PID    Runtime      # DAGs    # Errors  Last Runtime    Last Run
-----------------------------------  -----  ---------  --------  ----------  --------------  -------------------
/opt/airflow/dags/kaggle_dataset.py                           1           0  2.01s           2024-05-23T23:54:42
/opt/airflow/dags/primer_dag.py                               1           0  0.40s           2024-05-23T23:54:23
================================================================================
[2024-05-23T23:55:17.833+0000] {manager.py:878} INFO - 
================================================================================
DAG File Processing Stats

File Path                            PID    Runtime      # DAGs    # Errors  Last Runtime    Last Run
-----------------------------------  -----  ---------  --------  ----------  --------------  -------------------
/opt/airflow/dags/kaggle_dataset.py                           1           0  2.33s           2024-05-23T23:55:15
/opt/airflow/dags/primer_dag.py                               1           0  0.37s           2024-05-23T23:54:54
================================================================================
[2024-05-23T23:55:48.068+0000] {manager.py:878} INFO - 
================================================================================
DAG File Processing Stats

File Path                            PID    Runtime      # DAGs    # Errors  Last Runtime    Last Run
-----------------------------------  -----  ---------  --------  ----------  --------------  -------------------
/opt/airflow/dags/kaggle_dataset.py                           1           0  1.80s           2024-05-23T23:55:48
/opt/airflow/dags/primer_dag.py                               1           0  0.39s           2024-05-23T23:55:25
================================================================================
[2024-05-23T23:56:18.919+0000] {manager.py:878} INFO - 
================================================================================
DAG File Processing Stats

File Path                              PID  Runtime      # DAGs    # Errors  Last Runtime    Last Run
-----------------------------------  -----  ---------  --------  ----------  --------------  -------------------
/opt/airflow/dags/kaggle_dataset.py   1218  0.01s             1           0  1.80s           2024-05-23T23:55:48
/opt/airflow/dags/primer_dag.py                               1           0  0.36s           2024-05-23T23:55:55
================================================================================
[2024-05-23T23:56:29.323+0000] {manager.py:737} INFO - Searching for files in /opt/airflow/dags
[2024-05-23T23:56:29.657+0000] {manager.py:740} INFO - There are 2 files in /opt/airflow/dags
[2024-05-23T23:56:48.963+0000] {manager.py:878} INFO - 
================================================================================
DAG File Processing Stats

File Path                            PID    Runtime      # DAGs    # Errors  Last Runtime    Last Run
-----------------------------------  -----  ---------  --------  ----------  --------------  -------------------
/opt/airflow/dags/kaggle_dataset.py                           1           0  2.28s           2024-05-23T23:56:21
/opt/airflow/dags/primer_dag.py                               1           0  0.43s           2024-05-23T23:56:26
================================================================================
[2024-05-23T23:57:19.462+0000] {manager.py:878} INFO - 
================================================================================
DAG File Processing Stats

File Path                            PID    Runtime      # DAGs    # Errors  Last Runtime    Last Run
-----------------------------------  -----  ---------  --------  ----------  --------------  -------------------
/opt/airflow/dags/kaggle_dataset.py                           1           0  2.04s           2024-05-23T23:56:54
/opt/airflow/dags/primer_dag.py                               1           0  0.34s           2024-05-23T23:56:57
================================================================================
[2024-05-23T23:57:49.661+0000] {manager.py:878} INFO - 
================================================================================
DAG File Processing Stats

File Path                            PID    Runtime      # DAGs    # Errors  Last Runtime    Last Run
-----------------------------------  -----  ---------  --------  ----------  --------------  -------------------
/opt/airflow/dags/kaggle_dataset.py                           1           0  2.38s           2024-05-23T23:57:26
/opt/airflow/dags/primer_dag.py                               1           0  0.41s           2024-05-23T23:57:28
================================================================================
[2024-05-23T23:58:20.108+0000] {manager.py:878} INFO - 
================================================================================
DAG File Processing Stats

File Path                            PID    Runtime      # DAGs    # Errors  Last Runtime    Last Run
-----------------------------------  -----  ---------  --------  ----------  --------------  -------------------
/opt/airflow/dags/kaggle_dataset.py                           1           0  1.93s           2024-05-23T23:57:59
/opt/airflow/dags/primer_dag.py                               1           0  0.39s           2024-05-23T23:57:58
================================================================================
[2024-05-23T23:58:50.171+0000] {manager.py:878} INFO - 
================================================================================
DAG File Processing Stats

File Path                            PID    Runtime      # DAGs    # Errors  Last Runtime    Last Run
-----------------------------------  -----  ---------  --------  ----------  --------------  -------------------
/opt/airflow/dags/kaggle_dataset.py                           1           0  2.27s           2024-05-23T23:58:31
/opt/airflow/dags/primer_dag.py                               1           0  0.35s           2024-05-23T23:58:29
================================================================================
[2024-05-23T23:59:20.587+0000] {manager.py:878} INFO - 
================================================================================
DAG File Processing Stats

File Path                            PID    Runtime      # DAGs    # Errors  Last Runtime    Last Run
-----------------------------------  -----  ---------  --------  ----------  --------------  -------------------
/opt/airflow/dags/kaggle_dataset.py                           1           0  2.00s           2024-05-23T23:59:04
/opt/airflow/dags/primer_dag.py                               1           0  0.40s           2024-05-23T23:59:00
================================================================================
[2024-05-23T23:59:51.240+0000] {manager.py:878} INFO - 
================================================================================
DAG File Processing Stats

File Path                            PID    Runtime      # DAGs    # Errors  Last Runtime    Last Run
-----------------------------------  -----  ---------  --------  ----------  --------------  -------------------
/opt/airflow/dags/kaggle_dataset.py                           1           0  2.20s           2024-05-23T23:59:37
/opt/airflow/dags/primer_dag.py                               1           0  0.37s           2024-05-23T23:59:31
================================================================================
[2024-05-24T00:00:21.858+0000] {manager.py:878} INFO - 
================================================================================
DAG File Processing Stats

File Path                            PID    Runtime      # DAGs    # Errors  Last Runtime    Last Run
-----------------------------------  -----  ---------  --------  ----------  --------------  -------------------
/opt/airflow/dags/kaggle_dataset.py                           1           0  2.04s           2024-05-24T00:00:09
/opt/airflow/dags/primer_dag.py                               1           0  0.39s           2024-05-24T00:00:01
================================================================================
[2024-05-24T00:00:52.138+0000] {manager.py:878} INFO - 
================================================================================
DAG File Processing Stats

File Path                            PID    Runtime      # DAGs    # Errors  Last Runtime    Last Run
-----------------------------------  -----  ---------  --------  ----------  --------------  -------------------
/opt/airflow/dags/kaggle_dataset.py                           1           0  1.82s           2024-05-24T00:00:41
/opt/airflow/dags/primer_dag.py                               1           0  0.41s           2024-05-24T00:00:32
================================================================================
[2024-05-24T00:01:22.213+0000] {manager.py:878} INFO - 
================================================================================
DAG File Processing Stats

File Path                            PID    Runtime      # DAGs    # Errors  Last Runtime    Last Run
-----------------------------------  -----  ---------  --------  ----------  --------------  -------------------
/opt/airflow/dags/kaggle_dataset.py                           1           0  2.01s           2024-05-24T00:01:14
/opt/airflow/dags/primer_dag.py                               1           0  0.38s           2024-05-24T00:01:03
================================================================================
[2024-05-24T00:01:29.734+0000] {manager.py:737} INFO - Searching for files in /opt/airflow/dags
[2024-05-24T00:01:30.012+0000] {manager.py:740} INFO - There are 2 files in /opt/airflow/dags
[2024-05-24T00:01:52.272+0000] {manager.py:878} INFO - 
================================================================================
DAG File Processing Stats

File Path                            PID    Runtime      # DAGs    # Errors  Last Runtime    Last Run
-----------------------------------  -----  ---------  --------  ----------  --------------  -------------------
/opt/airflow/dags/kaggle_dataset.py                           1           0  2.58s           2024-05-24T00:01:47
/opt/airflow/dags/primer_dag.py                               1           0  0.36s           2024-05-24T00:01:33
================================================================================
[2024-05-24T00:02:22.644+0000] {manager.py:878} INFO - 
================================================================================
DAG File Processing Stats

File Path                            PID    Runtime      # DAGs    # Errors  Last Runtime    Last Run
-----------------------------------  -----  ---------  --------  ----------  --------------  -------------------
/opt/airflow/dags/kaggle_dataset.py                           1           0  1.92s           2024-05-24T00:02:19
/opt/airflow/dags/primer_dag.py                               1           0  0.40s           2024-05-24T00:02:04
================================================================================
[2024-05-24T00:02:53.413+0000] {manager.py:878} INFO - 
================================================================================
DAG File Processing Stats

File Path                            PID    Runtime      # DAGs    # Errors  Last Runtime    Last Run
-----------------------------------  -----  ---------  --------  ----------  --------------  -------------------
/opt/airflow/dags/kaggle_dataset.py                           1           0  2.25s           2024-05-24T00:02:52
/opt/airflow/dags/primer_dag.py                               1           0  0.33s           2024-05-24T00:02:35
================================================================================
[2024-05-24T00:03:24.056+0000] {manager.py:878} INFO - 
================================================================================
DAG File Processing Stats

File Path                              PID  Runtime      # DAGs    # Errors  Last Runtime    Last Run
-----------------------------------  -----  ---------  --------  ----------  --------------  -------------------
/opt/airflow/dags/kaggle_dataset.py   1641  1.02s             1           0  2.25s           2024-05-24T00:02:52
/opt/airflow/dags/primer_dag.py                               1           0  0.37s           2024-05-24T00:03:05
================================================================================
[2024-05-24T00:03:54.635+0000] {manager.py:878} INFO - 
================================================================================
DAG File Processing Stats

File Path                            PID    Runtime      # DAGs    # Errors  Last Runtime    Last Run
-----------------------------------  -----  ---------  --------  ----------  --------------  -------------------
/opt/airflow/dags/kaggle_dataset.py                           1           0  1.91s           2024-05-24T00:03:24
/opt/airflow/dags/primer_dag.py                               1           0  0.41s           2024-05-24T00:03:36
================================================================================
[2024-05-24T00:04:24.802+0000] {manager.py:878} INFO - 
================================================================================
DAG File Processing Stats

File Path                            PID    Runtime      # DAGs    # Errors  Last Runtime    Last Run
-----------------------------------  -----  ---------  --------  ----------  --------------  -------------------
/opt/airflow/dags/kaggle_dataset.py                           1           0  1.73s           2024-05-24T00:03:57
/opt/airflow/dags/primer_dag.py                               1           0  0.33s           2024-05-24T00:04:06
================================================================================
[2024-05-24T00:04:54.937+0000] {manager.py:878} INFO - 
================================================================================
DAG File Processing Stats

File Path                            PID    Runtime      # DAGs    # Errors  Last Runtime    Last Run
-----------------------------------  -----  ---------  --------  ----------  --------------  -------------------
/opt/airflow/dags/kaggle_dataset.py                           1           0  1.79s           2024-05-24T00:04:29
/opt/airflow/dags/primer_dag.py                               1           0  0.36s           2024-05-24T00:04:37
================================================================================
[2024-05-24T00:05:25.193+0000] {manager.py:878} INFO - 
================================================================================
DAG File Processing Stats

File Path                            PID    Runtime      # DAGs    # Errors  Last Runtime    Last Run
-----------------------------------  -----  ---------  --------  ----------  --------------  -------------------
/opt/airflow/dags/kaggle_dataset.py                           1           0  1.83s           2024-05-24T00:05:01
/opt/airflow/dags/primer_dag.py                               1           0  0.38s           2024-05-24T00:05:08
================================================================================
[2024-05-24T00:05:55.715+0000] {manager.py:878} INFO - 
================================================================================
DAG File Processing Stats

File Path                            PID    Runtime      # DAGs    # Errors  Last Runtime    Last Run
-----------------------------------  -----  ---------  --------  ----------  --------------  -------------------
/opt/airflow/dags/kaggle_dataset.py                           1           0  2.06s           2024-05-24T00:05:34
/opt/airflow/dags/primer_dag.py                               1           0  0.40s           2024-05-24T00:05:38
================================================================================
[2024-05-24T00:06:25.921+0000] {manager.py:878} INFO - 
================================================================================
DAG File Processing Stats

File Path                            PID    Runtime      # DAGs    # Errors  Last Runtime    Last Run
-----------------------------------  -----  ---------  --------  ----------  --------------  -------------------
/opt/airflow/dags/kaggle_dataset.py                           1           0  1.83s           2024-05-24T00:06:06
/opt/airflow/dags/primer_dag.py                               1           0  0.38s           2024-05-24T00:06:09
================================================================================
[2024-05-24T00:06:29.966+0000] {manager.py:737} INFO - Searching for files in /opt/airflow/dags
[2024-05-24T00:06:30.229+0000] {manager.py:740} INFO - There are 2 files in /opt/airflow/dags
[2024-05-24T00:06:55.967+0000] {manager.py:878} INFO - 
================================================================================
DAG File Processing Stats

File Path                            PID    Runtime      # DAGs    # Errors  Last Runtime    Last Run
-----------------------------------  -----  ---------  --------  ----------  --------------  -------------------
/opt/airflow/dags/kaggle_dataset.py                           1           0  1.93s           2024-05-24T00:06:38
/opt/airflow/dags/primer_dag.py                               1           0  0.35s           2024-05-24T00:06:40
================================================================================
[2024-05-24T00:07:26.553+0000] {manager.py:878} INFO - 
================================================================================
DAG File Processing Stats

File Path                            PID    Runtime      # DAGs    # Errors  Last Runtime    Last Run
-----------------------------------  -----  ---------  --------  ----------  --------------  -------------------
/opt/airflow/dags/kaggle_dataset.py                           1           0  2.11s           2024-05-24T00:07:11
/opt/airflow/dags/primer_dag.py                               1           0  0.30s           2024-05-24T00:07:10
================================================================================
[2024-05-24T00:07:57.295+0000] {manager.py:878} INFO - 
================================================================================
DAG File Processing Stats

File Path                            PID    Runtime      # DAGs    # Errors  Last Runtime    Last Run
-----------------------------------  -----  ---------  --------  ----------  --------------  -------------------
/opt/airflow/dags/kaggle_dataset.py                           1           0  2.11s           2024-05-24T00:07:44
/opt/airflow/dags/primer_dag.py                               1           0  0.34s           2024-05-24T00:07:41
================================================================================
[2024-05-24T00:08:27.816+0000] {manager.py:878} INFO - 
================================================================================
DAG File Processing Stats

File Path                            PID    Runtime      # DAGs    # Errors  Last Runtime    Last Run
-----------------------------------  -----  ---------  --------  ----------  --------------  -------------------
/opt/airflow/dags/kaggle_dataset.py                           1           0  2.37s           2024-05-24T00:08:16
/opt/airflow/dags/primer_dag.py                               1           0  0.45s           2024-05-24T00:08:11
================================================================================
[2024-05-24T00:08:58.054+0000] {manager.py:878} INFO - 
================================================================================
DAG File Processing Stats

File Path                            PID    Runtime      # DAGs    # Errors  Last Runtime    Last Run
-----------------------------------  -----  ---------  --------  ----------  --------------  -------------------
/opt/airflow/dags/kaggle_dataset.py                           1           0  2.83s           2024-05-24T00:08:50
/opt/airflow/dags/primer_dag.py                               1           0  0.59s           2024-05-24T00:08:42
================================================================================
[2024-05-24T00:09:28.909+0000] {manager.py:878} INFO - 
================================================================================
DAG File Processing Stats

File Path                            PID    Runtime      # DAGs    # Errors  Last Runtime    Last Run
-----------------------------------  -----  ---------  --------  ----------  --------------  -------------------
/opt/airflow/dags/kaggle_dataset.py                           1           0  2.14s           2024-05-24T00:09:22
/opt/airflow/dags/primer_dag.py                               1           0  0.54s           2024-05-24T00:09:13
================================================================================
[2024-05-24T00:09:59.494+0000] {manager.py:878} INFO - 
================================================================================
DAG File Processing Stats

File Path                            PID    Runtime      # DAGs    # Errors  Last Runtime    Last Run
-----------------------------------  -----  ---------  --------  ----------  --------------  -------------------
/opt/airflow/dags/kaggle_dataset.py                           1           0  2.39s           2024-05-24T00:09:55
/opt/airflow/dags/primer_dag.py                               1           0  0.45s           2024-05-24T00:09:44
================================================================================
[2024-05-24T00:10:29.558+0000] {manager.py:878} INFO - 
================================================================================
DAG File Processing Stats

File Path                            PID    Runtime      # DAGs    # Errors  Last Runtime    Last Run
-----------------------------------  -----  ---------  --------  ----------  --------------  -------------------
/opt/airflow/dags/kaggle_dataset.py                           1           0  2.81s           2024-05-24T00:10:29
/opt/airflow/dags/primer_dag.py                               1           0  0.53s           2024-05-24T00:10:15
================================================================================
[2024-05-24T00:10:59.724+0000] {manager.py:878} INFO - 
================================================================================
DAG File Processing Stats

File Path                              PID  Runtime      # DAGs    # Errors  Last Runtime    Last Run
-----------------------------------  -----  ---------  --------  ----------  --------------  -------------------
/opt/airflow/dags/kaggle_dataset.py   2098  0.01s             1           0  2.81s           2024-05-24T00:10:29
/opt/airflow/dags/primer_dag.py                               1           0  0.41s           2024-05-24T00:10:45
================================================================================
[2024-05-24T00:11:30.204+0000] {manager.py:737} INFO - Searching for files in /opt/airflow/dags
[2024-05-24T00:11:30.410+0000] {manager.py:740} INFO - There are 2 files in /opt/airflow/dags
[2024-05-24T00:11:30.448+0000] {manager.py:878} INFO - 
================================================================================
DAG File Processing Stats

File Path                            PID    Runtime      # DAGs    # Errors  Last Runtime    Last Run
-----------------------------------  -----  ---------  --------  ----------  --------------  -------------------
/opt/airflow/dags/kaggle_dataset.py                           1           0  2.08s           2024-05-24T00:11:01
/opt/airflow/dags/primer_dag.py                               1           0  0.36s           2024-05-24T00:11:16
================================================================================
[2024-05-24T00:12:01.000+0000] {manager.py:878} INFO - 
================================================================================
DAG File Processing Stats

File Path                            PID    Runtime      # DAGs    # Errors  Last Runtime    Last Run
-----------------------------------  -----  ---------  --------  ----------  --------------  -------------------
/opt/airflow/dags/kaggle_dataset.py                           1           0  1.98s           2024-05-24T00:11:34
/opt/airflow/dags/primer_dag.py                               1           0  0.38s           2024-05-24T00:11:47
================================================================================
[2024-05-24T00:12:31.574+0000] {manager.py:878} INFO - 
================================================================================
DAG File Processing Stats

File Path                            PID    Runtime      # DAGs    # Errors  Last Runtime    Last Run
-----------------------------------  -----  ---------  --------  ----------  --------------  -------------------
/opt/airflow/dags/kaggle_dataset.py                           1           0  2.16s           2024-05-24T00:12:07
/opt/airflow/dags/primer_dag.py                               1           0  0.38s           2024-05-24T00:12:17
================================================================================
[2024-05-24T00:13:02.312+0000] {manager.py:878} INFO - 
================================================================================
DAG File Processing Stats

File Path                            PID    Runtime      # DAGs    # Errors  Last Runtime    Last Run
-----------------------------------  -----  ---------  --------  ----------  --------------  -------------------
/opt/airflow/dags/kaggle_dataset.py                           1           0  1.91s           2024-05-24T00:12:39
/opt/airflow/dags/primer_dag.py                               1           0  0.39s           2024-05-24T00:12:48
================================================================================
[2024-05-24T00:13:32.813+0000] {manager.py:878} INFO - 
================================================================================
DAG File Processing Stats

File Path                            PID    Runtime      # DAGs    # Errors  Last Runtime    Last Run
-----------------------------------  -----  ---------  --------  ----------  --------------  -------------------
/opt/airflow/dags/kaggle_dataset.py                           1           0  1.91s           2024-05-24T00:13:12
/opt/airflow/dags/primer_dag.py                               1           0  0.38s           2024-05-24T00:13:18
================================================================================
[2024-05-24T00:14:03.374+0000] {manager.py:878} INFO - 
================================================================================
DAG File Processing Stats

File Path                            PID    Runtime      # DAGs    # Errors  Last Runtime    Last Run
-----------------------------------  -----  ---------  --------  ----------  --------------  -------------------
/opt/airflow/dags/kaggle_dataset.py                           1           0  2.08s           2024-05-24T00:13:45
/opt/airflow/dags/primer_dag.py                               1           0  0.39s           2024-05-24T00:13:49
================================================================================
[2024-05-24T00:14:34.142+0000] {manager.py:878} INFO - 
================================================================================
DAG File Processing Stats

File Path                            PID    Runtime      # DAGs    # Errors  Last Runtime    Last Run
-----------------------------------  -----  ---------  --------  ----------  --------------  -------------------
/opt/airflow/dags/kaggle_dataset.py                           1           0  1.99s           2024-05-24T00:14:17
/opt/airflow/dags/primer_dag.py                               1           0  0.39s           2024-05-24T00:14:19
================================================================================
[2024-05-24T00:15:04.626+0000] {manager.py:878} INFO - 
================================================================================
DAG File Processing Stats

File Path                            PID    Runtime      # DAGs    # Errors  Last Runtime    Last Run
-----------------------------------  -----  ---------  --------  ----------  --------------  -------------------
/opt/airflow/dags/kaggle_dataset.py                           1           0  2.00s           2024-05-24T00:14:50
/opt/airflow/dags/primer_dag.py                               1           0  0.39s           2024-05-24T00:14:50
================================================================================
[2024-05-24T00:15:35.385+0000] {manager.py:878} INFO - 
================================================================================
DAG File Processing Stats

File Path                            PID    Runtime      # DAGs    # Errors  Last Runtime    Last Run
-----------------------------------  -----  ---------  --------  ----------  --------------  -------------------
/opt/airflow/dags/kaggle_dataset.py                           1           0  2.34s           2024-05-24T00:15:23
/opt/airflow/dags/primer_dag.py                               1           0  0.35s           2024-05-24T00:15:21
================================================================================
[2024-05-24T00:16:06.008+0000] {manager.py:878} INFO - 
================================================================================
DAG File Processing Stats

File Path                            PID    Runtime      # DAGs    # Errors  Last Runtime    Last Run
-----------------------------------  -----  ---------  --------  ----------  --------------  -------------------
/opt/airflow/dags/kaggle_dataset.py                           1           0  2.23s           2024-05-24T00:15:56
/opt/airflow/dags/primer_dag.py                               1           0  0.47s           2024-05-24T00:15:52
================================================================================
[2024-05-24T00:16:30.525+0000] {manager.py:737} INFO - Searching for files in /opt/airflow/dags
[2024-05-24T00:16:30.831+0000] {manager.py:740} INFO - There are 2 files in /opt/airflow/dags
