[2024-05-23T21:07:26.171+0000] {local_task_job_runner.py:120} INFO - ::group::Pre task execution logs
[2024-05-23T21:07:26.207+0000] {taskinstance.py:2076} INFO - Dependencies all met for dep_context=non-requeueable deps ti=<TaskInstance: kaggle_dataset.transformacion manual__2024-05-23T01:15:45.195685+00:00 [queued]>
[2024-05-23T21:07:26.223+0000] {taskinstance.py:2076} INFO - Dependencies all met for dep_context=requeueable deps ti=<TaskInstance: kaggle_dataset.transformacion manual__2024-05-23T01:15:45.195685+00:00 [queued]>
[2024-05-23T21:07:26.224+0000] {taskinstance.py:2306} INFO - Starting attempt 19 of 23
[2024-05-23T21:07:26.247+0000] {taskinstance.py:2330} INFO - Executing <Task(PythonOperator): transformacion> on 2024-05-23 01:15:45.195685+00:00
[2024-05-23T21:07:26.256+0000] {warnings.py:110} WARNING - /home/***/.local/lib/python3.12/site-packages/***/task/task_runner/standard_task_runner.py:61: DeprecationWarning: This process (pid=1184) is multi-threaded, use of fork() may lead to deadlocks in the child.
  pid = os.fork()

[2024-05-23T21:07:26.258+0000] {standard_task_runner.py:63} INFO - Started process 1208 to run task
[2024-05-23T21:07:26.260+0000] {standard_task_runner.py:90} INFO - Running: ['***', 'tasks', 'run', 'kaggle_dataset', 'transformacion', 'manual__2024-05-23T01:15:45.195685+00:00', '--job-id', '37', '--raw', '--subdir', 'DAGS_FOLDER/kaggle_dataset.py', '--cfg-path', '/tmp/tmps9_lhqvk']
[2024-05-23T21:07:26.263+0000] {standard_task_runner.py:91} INFO - Job 37: Subtask transformacion
[2024-05-23T21:07:26.334+0000] {task_command.py:426} INFO - Running <TaskInstance: kaggle_dataset.transformacion manual__2024-05-23T01:15:45.195685+00:00 [running]> on host 7ef43f6735eb
[2024-05-23T21:07:26.473+0000] {taskinstance.py:2648} INFO - Exporting env vars: AIRFLOW_CTX_DAG_OWNER='***' AIRFLOW_CTX_DAG_ID='kaggle_dataset' AIRFLOW_CTX_TASK_ID='transformacion' AIRFLOW_CTX_EXECUTION_DATE='2024-05-23T01:15:45.195685+00:00' AIRFLOW_CTX_TRY_NUMBER='19' AIRFLOW_CTX_DAG_RUN_ID='manual__2024-05-23T01:15:45.195685+00:00'
[2024-05-23T21:07:26.477+0000] {taskinstance.py:430} INFO - ::endgroup::
[2024-05-23T21:07:26.706+0000] {logging_mixin.py:188} INFO -        country_id  ... gross_domestic_product_(gdp)
0               4  ...                 1.731436e+09
1               4  ...                 1.812838e+09
2               4  ...                 1.647900e+09
3               4  ...                 1.702716e+09
4               4  ...                 2.061729e+09
...           ...  ...                          ...
10507         894  ...                 2.586816e+10
10508         894  ...                 2.631198e+10
10509         894  ...                 2.331036e+10
10510         894  ...                 1.811064e+10
10511         894  ...                 2.131337e+10

[10512 rows x 26 columns]
[2024-05-23T21:07:26.707+0000] {logging_mixin.py:188} INFO - Index(['country_id', 'country', 'year', 'ama_exchange_rate',
       'imf_based_exchange_rate', 'population', 'currency', 'per_capita_gni',
       'agriculture,hunting,forestry,fishing(isic_a_b)',
       'changes_in_inventories', 'construction_(isic_f)',
       'exports_of_goods_and_services', 'final_consumption_expenditure',
       'general_government_final_consumption_expenditure',
       'gross_capital_formation', 'gross_fixed_capital_formation',
       'household_consumption_expenditure', 'imports_of_goods_and_services',
       'manufacturing_(isic_d)', 'mining,_manufacturing,_utilities(isic_c_e)',
       'other_activities_(isic_j_p)', 'total_value_added',
       'transport,storage_and_communication(isic_i)',
       'wholesale,retail_trade,restaurants_and_hotels(isic_g_h)',
       'gross_national_income(gni)_in_usd', 'gross_domestic_product_(gdp)'],
      dtype='object')
[2024-05-23T21:07:26.710+0000] {logging_mixin.py:188} INFO - country_id                                                   int64
country                                                     object
year                                                         int64
ama_exchange_rate                                          float64
imf_based_exchange_rate                                    float64
population                                                   int64
currency                                                    object
per_capita_gni                                               int64
agriculture,hunting,forestry,fishing(isic_a_b)             float64
changes_in_inventories                                     float64
construction_(isic_f)                                      float64
exports_of_goods_and_services                              float64
final_consumption_expenditure                              float64
general_government_final_consumption_expenditure           float64
gross_capital_formation                                    float64
gross_fixed_capital_formation                              float64
household_consumption_expenditure                          float64
imports_of_goods_and_services                              float64
manufacturing_(isic_d)                                     float64
mining,_manufacturing,_utilities(isic_c_e)                 float64
other_activities_(isic_j_p)                                float64
total_value_added                                          float64
transport,storage_and_communication(isic_i)                float64
wholesale,retail_trade,restaurants_and_hotels(isic_g_h)    float64
gross_national_income(gni)_in_usd                          float64
gross_domestic_product_(gdp)                               float64
dtype: object
[2024-05-23T21:07:26.724+0000] {logging_mixin.py:188} INFO - <class 'pandas.core.frame.DataFrame'>
RangeIndex: 10512 entries, 0 to 10511
Data columns (total 26 columns):
 #   Column                                                   Non-Null Count  Dtype  
---  ------                                                   --------------  -----  
 0   country_id                                               10512 non-null  int64  
 1   country                                                  10512 non-null  object 
 2   year                                                     10512 non-null  int64  
 3   ama_exchange_rate                                        10512 non-null  float64
 4   imf_based_exchange_rate                                  10512 non-null  float64
 5   population                                               10512 non-null  int64  
 6   currency                                                 10512 non-null  object 
 7   per_capita_gni                                           10512 non-null  int64  
 8   agriculture,hunting,forestry,fishing(isic_a_b)           10391 non-null  float64
 9   changes_in_inventories                                   8671 non-null   float64
 10  construction_(isic_f)                                    10512 non-null  float64
 11  exports_of_goods_and_services                            10491 non-null  float64
 12  final_consumption_expenditure                            10512 non-null  float64
 13  general_government_final_consumption_expenditure         10460 non-null  float64
 14  gross_capital_formation                                  10460 non-null  float64
 15  gross_fixed_capital_formation                            10460 non-null  float64
 16  household_consumption_expenditure                        10460 non-null  float64
 17  imports_of_goods_and_services                            10470 non-null  float64
 18  manufacturing_(isic_d)                                   10469 non-null  float64
 19  mining,_manufacturing,_utilities(isic_c_e)               10512 non-null  float64
 20  other_activities_(isic_j_p)                              10512 non-null  float64
 21  total_value_added                                        10512 non-null  float64
 22  transport,storage_and_communication(isic_i)              10463 non-null  float64
 23  wholesale,retail_trade,restaurants_and_hotels(isic_g_h)  10463 non-null  float64
 24  gross_national_income(gni)_in_usd                        10512 non-null  float64
 25  gross_domestic_product_(gdp)                             10512 non-null  float64
dtypes: float64(20), int64(4), object(2)
memory usage: 2.1+ MB
[2024-05-23T21:07:26.726+0000] {logging_mixin.py:188} INFO - None
[2024-05-23T21:07:27.485+0000] {base.py:84} INFO - Using connection ID 'postgrest_projects' for task execution.
[2024-05-23T21:07:27.593+0000] {sql.py:470} INFO - Running statement: TRUNCATE TABLE etl_kaggle.tmp_global_economic_ind, parameters: None
[2024-05-23T21:07:27.624+0000] {base.py:84} INFO - Using connection ID 'postgrest_projects' for task execution.
[2024-05-23T21:07:27.722+0000] {base.py:84} INFO - Using connection ID 'postgrest_projects' for task execution.
[2024-05-23T21:07:27.723+0000] {sql.py:187} WARNING - Placeholder defined in Connection 'None' is not listed in 'DEFAULT_SQL_PLACEHOLDERS' and got ignored. Falling back to the default placeholder '%s'.
[2024-05-23T21:07:27.724+0000] {taskinstance.py:441} INFO - ::group::Post task execution logs
[2024-05-23T21:07:27.726+0000] {taskinstance.py:2905} ERROR - Task failed with exception
Traceback (most recent call last):
  File "/home/airflow/.local/lib/python3.12/site-packages/airflow/models/taskinstance.py", line 465, in _execute_task
    result = _execute_callable(context=context, **execute_callable_kwargs)
             ^^^^^^^^^^^^^^^^^^^^^^^^^^^^^^^^^^^^^^^^^^^^^^^^^^^^^^^^^^^^^
  File "/home/airflow/.local/lib/python3.12/site-packages/airflow/models/taskinstance.py", line 432, in _execute_callable
    return execute_callable(context=context, **execute_callable_kwargs)
           ^^^^^^^^^^^^^^^^^^^^^^^^^^^^^^^^^^^^^^^^^^^^^^^^^^^^^^^^^^^^
  File "/home/airflow/.local/lib/python3.12/site-packages/airflow/models/baseoperator.py", line 400, in wrapper
    return func(self, *args, **kwargs)
           ^^^^^^^^^^^^^^^^^^^^^^^^^^^
  File "/home/airflow/.local/lib/python3.12/site-packages/airflow/operators/python.py", line 235, in execute
    return_value = self.execute_callable()
                   ^^^^^^^^^^^^^^^^^^^^^^^
  File "/home/airflow/.local/lib/python3.12/site-packages/airflow/operators/python.py", line 252, in execute_callable
    return self.python_callable(*self.op_args, **self.op_kwargs)
           ^^^^^^^^^^^^^^^^^^^^^^^^^^^^^^^^^^^^^^^^^^^^^^^^^^^^^
  File "/opt/airflow/dags/kaggle_dataset.py", line 66, in transform_task
    load_df_to_sql(df, 'etl_kaggle', 'tmp_global_economic_ind', sql_connid_postgrest)
  File "/opt/airflow/dags/utils.py", line 42, in load_df_to_sql
    sql_conn.insert_rows(sql_table, row_list2)
  File "/home/airflow/.local/lib/python3.12/site-packages/airflow/providers/common/sql/hooks/sql.py", line 586, in insert_rows
    cur.execute(sql, values)
psycopg2.ProgrammingError: can't adapt type 'numpy.int64'
[2024-05-23T21:07:27.754+0000] {taskinstance.py:1206} INFO - Marking task as UP_FOR_RETRY. dag_id=kaggle_dataset, task_id=transformacion, run_id=manual__2024-05-23T01:15:45.195685+00:00, execution_date=20240523T011545, start_date=20240523T210726, end_date=20240523T210727
[2024-05-23T21:07:27.775+0000] {standard_task_runner.py:110} ERROR - Failed to execute job 37 for task transformacion (can't adapt type 'numpy.int64'; 1208)
[2024-05-23T21:07:27.801+0000] {local_task_job_runner.py:240} INFO - Task exited with return code 1
[2024-05-23T21:07:27.814+0000] {warnings.py:110} WARNING - /home/***/.local/lib/python3.12/site-packages/***/models/baseoperator.py:1296: AirflowProviderDeprecationWarning: Call to deprecated class PostgresOperator. (Please use `***.providers.common.sql.operators.sql.SQLExecuteQueryOperator`.Also, you can provide `hook_params={'schema': <database>}`.)
  result = cls.__new__(cls)

[2024-05-23T21:07:27.834+0000] {taskinstance.py:3498} INFO - 0 downstream tasks scheduled from follow-on schedule check
[2024-05-23T21:07:27.837+0000] {local_task_job_runner.py:222} INFO - ::endgroup::
