[2024-05-22T01:39:23.958+0000] {local_task_job_runner.py:120} INFO - ::group::Pre task execution logs
[2024-05-22T01:39:24.023+0000] {taskinstance.py:2076} INFO - Dependencies all met for dep_context=non-requeueable deps ti=<TaskInstance: kaggle_dataset.transformacion manual__2024-05-22T01:16:10.864259+00:00 [queued]>
[2024-05-22T01:39:24.060+0000] {taskinstance.py:2076} INFO - Dependencies all met for dep_context=requeueable deps ti=<TaskInstance: kaggle_dataset.transformacion manual__2024-05-22T01:16:10.864259+00:00 [queued]>
[2024-05-22T01:39:24.062+0000] {taskinstance.py:2306} INFO - Starting attempt 8 of 12
[2024-05-22T01:39:24.394+0000] {taskinstance.py:2330} INFO - Executing <Task(PythonOperator): transformacion> on 2024-05-22 01:16:10.864259+00:00
[2024-05-22T01:39:24.413+0000] {warnings.py:110} WARNING - /home/***/.local/lib/python3.12/site-packages/***/task/task_runner/standard_task_runner.py:61: DeprecationWarning: This process (pid=1384) is multi-threaded, use of fork() may lead to deadlocks in the child.
  pid = os.fork()

[2024-05-22T01:39:24.418+0000] {standard_task_runner.py:63} INFO - Started process 1408 to run task
[2024-05-22T01:39:24.426+0000] {standard_task_runner.py:90} INFO - Running: ['***', 'tasks', 'run', 'kaggle_dataset', 'transformacion', 'manual__2024-05-22T01:16:10.864259+00:00', '--job-id', '27', '--raw', '--subdir', 'DAGS_FOLDER/kaggle_dataset.py', '--cfg-path', '/tmp/tmpf627rj5u']
[2024-05-22T01:39:24.432+0000] {standard_task_runner.py:91} INFO - Job 27: Subtask transformacion
[2024-05-22T01:39:24.591+0000] {task_command.py:426} INFO - Running <TaskInstance: kaggle_dataset.transformacion manual__2024-05-22T01:16:10.864259+00:00 [running]> on host b17c52120858
[2024-05-22T01:39:24.849+0000] {taskinstance.py:2648} INFO - Exporting env vars: AIRFLOW_CTX_DAG_OWNER='***' AIRFLOW_CTX_DAG_ID='kaggle_dataset' AIRFLOW_CTX_TASK_ID='transformacion' AIRFLOW_CTX_EXECUTION_DATE='2024-05-22T01:16:10.864259+00:00' AIRFLOW_CTX_TRY_NUMBER='8' AIRFLOW_CTX_DAG_RUN_ID='manual__2024-05-22T01:16:10.864259+00:00'
[2024-05-22T01:39:24.853+0000] {taskinstance.py:430} INFO - ::endgroup::
[2024-05-22T01:39:25.227+0000] {logging_mixin.py:188} INFO -         CountryID   ...  Gross Domestic Product (GDP) 
0                4  ...                   1.731436e+09
1                4  ...                   1.812838e+09
2                4  ...                   1.647900e+09
3                4  ...                   1.702716e+09
4                4  ...                   2.061729e+09
...            ...  ...                            ...
10507          894  ...                   2.586816e+10
10508          894  ...                   2.631198e+10
10509          894  ...                   2.331036e+10
10510          894  ...                   1.811064e+10
10511          894  ...                   2.131337e+10

[10512 rows x 26 columns]
[2024-05-22T01:39:25.229+0000] {logging_mixin.py:188} INFO - Index([' CountryID ', ' Country ', ' Year ', ' AMA exchange rate ',
       ' IMF based exchange rate ', ' Population ', ' Currency ',
       ' Per capita GNI ',
       ' Agriculture, hunting, forestry, fishing (ISIC A-B) ',
       ' Changes in inventories ', ' Construction (ISIC F) ',
       ' Exports of goods and services ', ' Final consumption expenditure ',
       ' General government final consumption expenditure ',
       ' Gross capital formation ',
       ' Gross fixed capital formation (including Acquisitions less disposals of valuables) ',
       ' Household consumption expenditure (including Non-profit institutions serving households) ',
       ' Imports of goods and services ', ' Manufacturing (ISIC D) ',
       ' Mining, Manufacturing, Utilities (ISIC C-E) ',
       ' Other Activities (ISIC J-P) ', ' Total Value Added ',
       ' Transport, storage and communication (ISIC I) ',
       ' Wholesale, retail trade, restaurants and hotels (ISIC G-H) ',
       ' Gross National Income(GNI) in USD ',
       ' Gross Domestic Product (GDP) '],
      dtype='object')
[2024-05-22T01:39:25.234+0000] {logging_mixin.py:188} INFO -  CountryID                                                                                      int64
 Country                                                                                       object
 Year                                                                                           int64
 AMA exchange rate                                                                            float64
 IMF based exchange rate                                                                      float64
 Population                                                                                     int64
 Currency                                                                                      object
 Per capita GNI                                                                                 int64
 Agriculture, hunting, forestry, fishing (ISIC A-B)                                           float64
 Changes in inventories                                                                       float64
 Construction (ISIC F)                                                                        float64
 Exports of goods and services                                                                float64
 Final consumption expenditure                                                                float64
 General government final consumption expenditure                                             float64
 Gross capital formation                                                                      float64
 Gross fixed capital formation (including Acquisitions less disposals of valuables)           float64
 Household consumption expenditure (including Non-profit institutions serving households)     float64
 Imports of goods and services                                                                float64
 Manufacturing (ISIC D)                                                                       float64
 Mining, Manufacturing, Utilities (ISIC C-E)                                                  float64
 Other Activities (ISIC J-P)                                                                  float64
 Total Value Added                                                                            float64
 Transport, storage and communication (ISIC I)                                                float64
 Wholesale, retail trade, restaurants and hotels (ISIC G-H)                                   float64
 Gross National Income(GNI) in USD                                                            float64
 Gross Domestic Product (GDP)                                                                 float64
dtype: object
[2024-05-22T01:39:25.238+0000] {python.py:237} INFO - Done. Returned value was: None
[2024-05-22T01:39:25.240+0000] {taskinstance.py:441} INFO - ::group::Post task execution logs
[2024-05-22T01:39:25.268+0000] {taskinstance.py:1206} INFO - Marking task as SUCCESS. dag_id=kaggle_dataset, task_id=transformacion, run_id=manual__2024-05-22T01:16:10.864259+00:00, execution_date=20240522T011610, start_date=20240522T013924, end_date=20240522T013925
[2024-05-22T01:39:25.362+0000] {local_task_job_runner.py:240} INFO - Task exited with return code 0
[2024-05-22T01:39:25.443+0000] {taskinstance.py:3498} INFO - 1 downstream tasks scheduled from follow-on schedule check
[2024-05-22T01:39:25.448+0000] {local_task_job_runner.py:222} INFO - ::endgroup::
