[2024-05-21T22:23:20.791+0000] {local_task_job_runner.py:120} INFO - ::group::Pre task execution logs
[2024-05-21T22:23:20.915+0000] {taskinstance.py:2076} INFO - Dependencies all met for dep_context=non-requeueable deps ti=<TaskInstance: kaggle_dataset.load manual__2024-05-21T22:05:48.748499+00:00 [queued]>
[2024-05-21T22:23:20.974+0000] {taskinstance.py:2076} INFO - Dependencies all met for dep_context=requeueable deps ti=<TaskInstance: kaggle_dataset.load manual__2024-05-21T22:05:48.748499+00:00 [queued]>
[2024-05-21T22:23:20.980+0000] {taskinstance.py:2306} INFO - Starting attempt 4 of 8
[2024-05-21T22:23:21.424+0000] {taskinstance.py:2330} INFO - Executing <Task(PythonOperator): load> on 2024-05-21 22:05:48.748499+00:00
[2024-05-21T22:23:21.439+0000] {warnings.py:110} WARNING - /home/***/.local/lib/python3.12/site-packages/***/task/task_runner/standard_task_runner.py:61: DeprecationWarning: This process (pid=701) is multi-threaded, use of fork() may lead to deadlocks in the child.
  pid = os.fork()

[2024-05-21T22:23:21.443+0000] {standard_task_runner.py:63} INFO - Started process 725 to run task
[2024-05-21T22:23:21.445+0000] {standard_task_runner.py:90} INFO - Running: ['***', 'tasks', 'run', 'kaggle_dataset', 'load', 'manual__2024-05-21T22:05:48.748499+00:00', '--job-id', '25', '--raw', '--subdir', 'DAGS_FOLDER/kaggle_dataset.py', '--cfg-path', '/tmp/tmpq10x6bpd']
[2024-05-21T22:23:21.452+0000] {standard_task_runner.py:91} INFO - Job 25: Subtask load
[2024-05-21T22:23:21.622+0000] {task_command.py:426} INFO - Running <TaskInstance: kaggle_dataset.load manual__2024-05-21T22:05:48.748499+00:00 [running]> on host 36dd2f748723
[2024-05-21T22:23:21.890+0000] {taskinstance.py:2648} INFO - Exporting env vars: AIRFLOW_CTX_DAG_OWNER='***' AIRFLOW_CTX_DAG_ID='kaggle_dataset' AIRFLOW_CTX_TASK_ID='load' AIRFLOW_CTX_EXECUTION_DATE='2024-05-21T22:05:48.748499+00:00' AIRFLOW_CTX_TRY_NUMBER='4' AIRFLOW_CTX_DAG_RUN_ID='manual__2024-05-21T22:05:48.748499+00:00'
[2024-05-21T22:23:21.894+0000] {taskinstance.py:430} INFO - ::endgroup::
[2024-05-21T22:23:21.970+0000] {logging_mixin.py:188} INFO - Hola Mundo
[2024-05-21T22:23:21.981+0000] {python.py:237} INFO - Done. Returned value was: None
[2024-05-21T22:23:21.986+0000] {taskinstance.py:441} INFO - ::group::Post task execution logs
[2024-05-21T22:23:22.056+0000] {taskinstance.py:1206} INFO - Marking task as SUCCESS. dag_id=kaggle_dataset, task_id=load, run_id=manual__2024-05-21T22:05:48.748499+00:00, execution_date=20240521T220548, start_date=20240521T222320, end_date=20240521T222322
[2024-05-21T22:23:22.146+0000] {local_task_job_runner.py:240} INFO - Task exited with return code 0
[2024-05-21T22:23:22.205+0000] {taskinstance.py:3498} INFO - 0 downstream tasks scheduled from follow-on schedule check
[2024-05-21T22:23:22.211+0000] {local_task_job_runner.py:222} INFO - ::endgroup::
