[2024-05-23T01:31:32.380+0000] {local_task_job_runner.py:120} INFO - ::group::Pre task execution logs
[2024-05-23T01:31:32.446+0000] {taskinstance.py:2076} INFO - Dependencies all met for dep_context=non-requeueable deps ti=<TaskInstance: kaggle_dataset.extraccion manual__2024-05-23T01:15:45.195685+00:00 [queued]>
[2024-05-23T01:31:32.471+0000] {taskinstance.py:2076} INFO - Dependencies all met for dep_context=requeueable deps ti=<TaskInstance: kaggle_dataset.extraccion manual__2024-05-23T01:15:45.195685+00:00 [queued]>
[2024-05-23T01:31:32.474+0000] {taskinstance.py:2306} INFO - Starting attempt 3 of 7
[2024-05-23T01:31:32.507+0000] {taskinstance.py:2330} INFO - Executing <Task(PythonOperator): extraccion> on 2024-05-23 01:15:45.195685+00:00
[2024-05-23T01:31:32.526+0000] {warnings.py:110} WARNING - /home/***/.local/lib/python3.12/site-packages/***/task/task_runner/standard_task_runner.py:61: DeprecationWarning: This process (pid=493) is multi-threaded, use of fork() may lead to deadlocks in the child.
  pid = os.fork()

[2024-05-23T01:31:32.535+0000] {standard_task_runner.py:63} INFO - Started process 517 to run task
[2024-05-23T01:31:32.540+0000] {standard_task_runner.py:90} INFO - Running: ['***', 'tasks', 'run', 'kaggle_dataset', 'extraccion', 'manual__2024-05-23T01:15:45.195685+00:00', '--job-id', '9', '--raw', '--subdir', 'DAGS_FOLDER/kaggle_dataset.py', '--cfg-path', '/tmp/tmpfnvg8k01']
[2024-05-23T01:31:32.549+0000] {standard_task_runner.py:91} INFO - Job 9: Subtask extraccion
[2024-05-23T01:31:32.687+0000] {task_command.py:426} INFO - Running <TaskInstance: kaggle_dataset.extraccion manual__2024-05-23T01:15:45.195685+00:00 [running]> on host 3885696b4786
[2024-05-23T01:31:32.890+0000] {taskinstance.py:2648} INFO - Exporting env vars: AIRFLOW_CTX_DAG_OWNER='***' AIRFLOW_CTX_DAG_ID='kaggle_dataset' AIRFLOW_CTX_TASK_ID='extraccion' AIRFLOW_CTX_EXECUTION_DATE='2024-05-23T01:15:45.195685+00:00' AIRFLOW_CTX_TRY_NUMBER='3' AIRFLOW_CTX_DAG_RUN_ID='manual__2024-05-23T01:15:45.195685+00:00'
[2024-05-23T01:31:32.895+0000] {taskinstance.py:430} INFO - ::endgroup::
[2024-05-23T01:31:32.961+0000] {logging_mixin.py:188} INFO - Warning: Your Kaggle API key is readable by other users on this system! To fix this, you can run 'chmod 600 /home/***/.kaggle/kaggle.json'
[2024-05-23T01:31:37.071+0000] {logging_mixin.py:188} INFO - Global Economy Indicators.csv
[2024-05-23T01:31:37.073+0000] {logging_mixin.py:188} INFO - hecho
[2024-05-23T01:31:37.079+0000] {python.py:237} INFO - Done. Returned value was: None
[2024-05-23T01:31:37.082+0000] {taskinstance.py:441} INFO - ::group::Post task execution logs
[2024-05-23T01:31:37.114+0000] {taskinstance.py:1206} INFO - Marking task as SUCCESS. dag_id=kaggle_dataset, task_id=extraccion, run_id=manual__2024-05-23T01:15:45.195685+00:00, execution_date=20240523T011545, start_date=20240523T013132, end_date=20240523T013137
[2024-05-23T01:31:37.192+0000] {local_task_job_runner.py:240} INFO - Task exited with return code 0
[2024-05-23T01:31:37.218+0000] {warnings.py:110} WARNING - /home/***/.local/lib/python3.12/site-packages/***/models/baseoperator.py:1296: AirflowProviderDeprecationWarning: Call to deprecated class PostgresOperator. (Please use `***.providers.common.sql.operators.sql.SQLExecuteQueryOperator`.Also, you can provide `hook_params={'schema': <database>}`.)
  result = cls.__new__(cls)

[2024-05-23T01:31:37.261+0000] {taskinstance.py:3498} INFO - 1 downstream tasks scheduled from follow-on schedule check
[2024-05-23T01:31:37.267+0000] {local_task_job_runner.py:222} INFO - ::endgroup::
