[2024-05-23T20:45:12.794+0000] {local_task_job_runner.py:120} INFO - ::group::Pre task execution logs
[2024-05-23T20:45:12.858+0000] {taskinstance.py:2076} INFO - Dependencies all met for dep_context=non-requeueable deps ti=<TaskInstance: kaggle_dataset.extraccion manual__2024-05-23T01:15:45.195685+00:00 [queued]>
[2024-05-23T20:45:12.883+0000] {taskinstance.py:2076} INFO - Dependencies all met for dep_context=requeueable deps ti=<TaskInstance: kaggle_dataset.extraccion manual__2024-05-23T01:15:45.195685+00:00 [queued]>
[2024-05-23T20:45:12.885+0000] {taskinstance.py:2306} INFO - Starting attempt 7 of 11
[2024-05-23T20:45:12.944+0000] {taskinstance.py:2330} INFO - Executing <Task(PythonOperator): extraccion> on 2024-05-23 01:15:45.195685+00:00
[2024-05-23T20:45:12.963+0000] {warnings.py:110} WARNING - /home/***/.local/lib/python3.12/site-packages/***/task/task_runner/standard_task_runner.py:61: DeprecationWarning: This process (pid=124) is multi-threaded, use of fork() may lead to deadlocks in the child.
  pid = os.fork()

[2024-05-23T20:45:12.975+0000] {standard_task_runner.py:63} INFO - Started process 148 to run task
[2024-05-23T20:45:12.967+0000] {standard_task_runner.py:90} INFO - Running: ['***', 'tasks', 'run', 'kaggle_dataset', 'extraccion', 'manual__2024-05-23T01:15:45.195685+00:00', '--job-id', '20', '--raw', '--subdir', 'DAGS_FOLDER/kaggle_dataset.py', '--cfg-path', '/tmp/tmp2vfi1yhx']
[2024-05-23T20:45:12.977+0000] {standard_task_runner.py:91} INFO - Job 20: Subtask extraccion
[2024-05-23T20:45:13.113+0000] {task_command.py:426} INFO - Running <TaskInstance: kaggle_dataset.extraccion manual__2024-05-23T01:15:45.195685+00:00 [running]> on host 7ef43f6735eb
[2024-05-23T20:45:13.325+0000] {taskinstance.py:2648} INFO - Exporting env vars: AIRFLOW_CTX_DAG_OWNER='***' AIRFLOW_CTX_DAG_ID='kaggle_dataset' AIRFLOW_CTX_TASK_ID='extraccion' AIRFLOW_CTX_EXECUTION_DATE='2024-05-23T01:15:45.195685+00:00' AIRFLOW_CTX_TRY_NUMBER='7' AIRFLOW_CTX_DAG_RUN_ID='manual__2024-05-23T01:15:45.195685+00:00'
[2024-05-23T20:45:13.328+0000] {taskinstance.py:430} INFO - ::endgroup::
[2024-05-23T20:45:13.380+0000] {logging_mixin.py:188} INFO - Warning: Your Kaggle API key is readable by other users on this system! To fix this, you can run 'chmod 600 /home/***/.kaggle/kaggle.json'
[2024-05-23T20:45:17.170+0000] {logging_mixin.py:188} INFO - Global Economy Indicators.csv
[2024-05-23T20:45:17.171+0000] {logging_mixin.py:188} INFO - hecho
[2024-05-23T20:45:17.176+0000] {python.py:237} INFO - Done. Returned value was: None
[2024-05-23T20:45:17.178+0000] {taskinstance.py:441} INFO - ::group::Post task execution logs
[2024-05-23T20:45:17.193+0000] {taskinstance.py:1206} INFO - Marking task as SUCCESS. dag_id=kaggle_dataset, task_id=extraccion, run_id=manual__2024-05-23T01:15:45.195685+00:00, execution_date=20240523T011545, start_date=20240523T204512, end_date=20240523T204517
[2024-05-23T20:45:17.257+0000] {local_task_job_runner.py:240} INFO - Task exited with return code 0
[2024-05-23T20:45:17.269+0000] {warnings.py:110} WARNING - /home/***/.local/lib/python3.12/site-packages/***/models/baseoperator.py:1296: AirflowProviderDeprecationWarning: Call to deprecated class PostgresOperator. (Please use `***.providers.common.sql.operators.sql.SQLExecuteQueryOperator`.Also, you can provide `hook_params={'schema': <database>}`.)
  result = cls.__new__(cls)

[2024-05-23T20:45:17.294+0000] {taskinstance.py:3498} INFO - 1 downstream tasks scheduled from follow-on schedule check
[2024-05-23T20:45:17.298+0000] {local_task_job_runner.py:222} INFO - ::endgroup::
