[2024-05-23T21:07:19.373+0000] {local_task_job_runner.py:120} INFO - ::group::Pre task execution logs
[2024-05-23T21:07:19.420+0000] {taskinstance.py:2076} INFO - Dependencies all met for dep_context=non-requeueable deps ti=<TaskInstance: kaggle_dataset.extraccion manual__2024-05-23T01:15:45.195685+00:00 [queued]>
[2024-05-23T21:07:19.439+0000] {taskinstance.py:2076} INFO - Dependencies all met for dep_context=requeueable deps ti=<TaskInstance: kaggle_dataset.extraccion manual__2024-05-23T01:15:45.195685+00:00 [queued]>
[2024-05-23T21:07:19.440+0000] {taskinstance.py:2306} INFO - Starting attempt 14 of 18
[2024-05-23T21:07:19.468+0000] {taskinstance.py:2330} INFO - Executing <Task(PythonOperator): extraccion> on 2024-05-23 01:15:45.195685+00:00
[2024-05-23T21:07:19.481+0000] {warnings.py:110} WARNING - /home/***/.local/lib/python3.12/site-packages/***/task/task_runner/standard_task_runner.py:61: DeprecationWarning: This process (pid=1106) is multi-threaded, use of fork() may lead to deadlocks in the child.
  pid = os.fork()

[2024-05-23T21:07:19.485+0000] {standard_task_runner.py:63} INFO - Started process 1137 to run task
[2024-05-23T21:07:19.485+0000] {standard_task_runner.py:90} INFO - Running: ['***', 'tasks', 'run', 'kaggle_dataset', 'extraccion', 'manual__2024-05-23T01:15:45.195685+00:00', '--job-id', '36', '--raw', '--subdir', 'DAGS_FOLDER/kaggle_dataset.py', '--cfg-path', '/tmp/tmp92tys0rc']
[2024-05-23T21:07:19.490+0000] {standard_task_runner.py:91} INFO - Job 36: Subtask extraccion
[2024-05-23T21:07:19.608+0000] {task_command.py:426} INFO - Running <TaskInstance: kaggle_dataset.extraccion manual__2024-05-23T01:15:45.195685+00:00 [running]> on host 7ef43f6735eb
[2024-05-23T21:07:19.772+0000] {taskinstance.py:2648} INFO - Exporting env vars: AIRFLOW_CTX_DAG_OWNER='***' AIRFLOW_CTX_DAG_ID='kaggle_dataset' AIRFLOW_CTX_TASK_ID='extraccion' AIRFLOW_CTX_EXECUTION_DATE='2024-05-23T01:15:45.195685+00:00' AIRFLOW_CTX_TRY_NUMBER='14' AIRFLOW_CTX_DAG_RUN_ID='manual__2024-05-23T01:15:45.195685+00:00'
[2024-05-23T21:07:19.776+0000] {taskinstance.py:430} INFO - ::endgroup::
[2024-05-23T21:07:19.818+0000] {logging_mixin.py:188} INFO - Warning: Your Kaggle API key is readable by other users on this system! To fix this, you can run 'chmod 600 /home/***/.kaggle/kaggle.json'
[2024-05-23T21:07:23.291+0000] {logging_mixin.py:188} INFO - Global Economy Indicators.csv
[2024-05-23T21:07:23.294+0000] {logging_mixin.py:188} INFO - hecho
[2024-05-23T21:07:23.302+0000] {python.py:237} INFO - Done. Returned value was: None
[2024-05-23T21:07:23.304+0000] {taskinstance.py:441} INFO - ::group::Post task execution logs
[2024-05-23T21:07:23.326+0000] {taskinstance.py:1206} INFO - Marking task as SUCCESS. dag_id=kaggle_dataset, task_id=extraccion, run_id=manual__2024-05-23T01:15:45.195685+00:00, execution_date=20240523T011545, start_date=20240523T210719, end_date=20240523T210723
[2024-05-23T21:07:23.402+0000] {local_task_job_runner.py:240} INFO - Task exited with return code 0
[2024-05-23T21:07:23.427+0000] {warnings.py:110} WARNING - /home/***/.local/lib/python3.12/site-packages/***/models/baseoperator.py:1296: AirflowProviderDeprecationWarning: Call to deprecated class PostgresOperator. (Please use `***.providers.common.sql.operators.sql.SQLExecuteQueryOperator`.Also, you can provide `hook_params={'schema': <database>}`.)
  result = cls.__new__(cls)

[2024-05-23T21:07:23.489+0000] {taskinstance.py:3498} INFO - 1 downstream tasks scheduled from follow-on schedule check
[2024-05-23T21:07:23.494+0000] {local_task_job_runner.py:222} INFO - ::endgroup::
