[2024-05-23T01:36:47.525+0000] {local_task_job_runner.py:120} INFO - ::group::Pre task execution logs
[2024-05-23T01:36:47.575+0000] {taskinstance.py:2076} INFO - Dependencies all met for dep_context=non-requeueable deps ti=<TaskInstance: kaggle_dataset.extraccion manual__2024-05-23T01:15:45.195685+00:00 [queued]>
[2024-05-23T01:36:47.596+0000] {taskinstance.py:2076} INFO - Dependencies all met for dep_context=requeueable deps ti=<TaskInstance: kaggle_dataset.extraccion manual__2024-05-23T01:15:45.195685+00:00 [queued]>
[2024-05-23T01:36:47.598+0000] {taskinstance.py:2306} INFO - Starting attempt 4 of 8
[2024-05-23T01:36:47.623+0000] {taskinstance.py:2330} INFO - Executing <Task(PythonOperator): extraccion> on 2024-05-23 01:15:45.195685+00:00
[2024-05-23T01:36:47.634+0000] {warnings.py:110} WARNING - /home/***/.local/lib/python3.12/site-packages/***/task/task_runner/standard_task_runner.py:61: DeprecationWarning: This process (pid=652) is multi-threaded, use of fork() may lead to deadlocks in the child.
  pid = os.fork()

[2024-05-23T01:36:47.637+0000] {standard_task_runner.py:63} INFO - Started process 676 to run task
[2024-05-23T01:36:47.638+0000] {standard_task_runner.py:90} INFO - Running: ['***', 'tasks', 'run', 'kaggle_dataset', 'extraccion', 'manual__2024-05-23T01:15:45.195685+00:00', '--job-id', '11', '--raw', '--subdir', 'DAGS_FOLDER/kaggle_dataset.py', '--cfg-path', '/tmp/tmphc9v4v6v']
[2024-05-23T01:36:47.643+0000] {standard_task_runner.py:91} INFO - Job 11: Subtask extraccion
[2024-05-23T01:36:47.722+0000] {task_command.py:426} INFO - Running <TaskInstance: kaggle_dataset.extraccion manual__2024-05-23T01:15:45.195685+00:00 [running]> on host 3885696b4786
[2024-05-23T01:36:47.890+0000] {taskinstance.py:2648} INFO - Exporting env vars: AIRFLOW_CTX_DAG_OWNER='***' AIRFLOW_CTX_DAG_ID='kaggle_dataset' AIRFLOW_CTX_TASK_ID='extraccion' AIRFLOW_CTX_EXECUTION_DATE='2024-05-23T01:15:45.195685+00:00' AIRFLOW_CTX_TRY_NUMBER='4' AIRFLOW_CTX_DAG_RUN_ID='manual__2024-05-23T01:15:45.195685+00:00'
[2024-05-23T01:36:47.893+0000] {taskinstance.py:430} INFO - ::endgroup::
[2024-05-23T01:36:47.947+0000] {logging_mixin.py:188} INFO - Warning: Your Kaggle API key is readable by other users on this system! To fix this, you can run 'chmod 600 /home/***/.kaggle/kaggle.json'
[2024-05-23T01:36:51.859+0000] {logging_mixin.py:188} INFO - Global Economy Indicators.csv
[2024-05-23T01:36:51.862+0000] {logging_mixin.py:188} INFO - hecho
[2024-05-23T01:36:51.867+0000] {python.py:237} INFO - Done. Returned value was: None
[2024-05-23T01:36:51.871+0000] {taskinstance.py:441} INFO - ::group::Post task execution logs
[2024-05-23T01:36:51.893+0000] {taskinstance.py:1206} INFO - Marking task as SUCCESS. dag_id=kaggle_dataset, task_id=extraccion, run_id=manual__2024-05-23T01:15:45.195685+00:00, execution_date=20240523T011545, start_date=20240523T013647, end_date=20240523T013651
[2024-05-23T01:36:51.958+0000] {local_task_job_runner.py:240} INFO - Task exited with return code 0
[2024-05-23T01:36:51.981+0000] {warnings.py:110} WARNING - /home/***/.local/lib/python3.12/site-packages/***/models/baseoperator.py:1296: AirflowProviderDeprecationWarning: Call to deprecated class PostgresOperator. (Please use `***.providers.common.sql.operators.sql.SQLExecuteQueryOperator`.Also, you can provide `hook_params={'schema': <database>}`.)
  result = cls.__new__(cls)

[2024-05-23T01:36:52.017+0000] {taskinstance.py:3498} INFO - 1 downstream tasks scheduled from follow-on schedule check
[2024-05-23T01:36:52.021+0000] {local_task_job_runner.py:222} INFO - ::endgroup::
