[2024-05-23T00:46:23.888+0000] {local_task_job_runner.py:120} INFO - ::group::Pre task execution logs
[2024-05-23T00:46:23.922+0000] {taskinstance.py:2076} INFO - Dependencies all met for dep_context=non-requeueable deps ti=<TaskInstance: kaggle_dataset.extraccion manual__2024-05-22T22:09:25.534916+00:00 [queued]>
[2024-05-23T00:46:23.936+0000] {taskinstance.py:2076} INFO - Dependencies all met for dep_context=requeueable deps ti=<TaskInstance: kaggle_dataset.extraccion manual__2024-05-22T22:09:25.534916+00:00 [queued]>
[2024-05-23T00:46:23.937+0000] {taskinstance.py:2306} INFO - Starting attempt 8 of 12
[2024-05-23T00:46:23.957+0000] {taskinstance.py:2330} INFO - Executing <Task(PythonOperator): extraccion> on 2024-05-22 22:09:25.534916+00:00
[2024-05-23T00:46:23.967+0000] {warnings.py:110} WARNING - /home/***/.local/lib/python3.12/site-packages/***/task/task_runner/standard_task_runner.py:61: DeprecationWarning: This process (pid=2882) is multi-threaded, use of fork() may lead to deadlocks in the child.
  pid = os.fork()

[2024-05-23T00:46:23.969+0000] {standard_task_runner.py:63} INFO - Started process 2906 to run task
[2024-05-23T00:46:23.968+0000] {standard_task_runner.py:90} INFO - Running: ['***', 'tasks', 'run', 'kaggle_dataset', 'extraccion', 'manual__2024-05-22T22:09:25.534916+00:00', '--job-id', '21', '--raw', '--subdir', 'DAGS_FOLDER/kaggle_dataset.py', '--cfg-path', '/tmp/tmpjkmvz4zh']
[2024-05-23T00:46:23.971+0000] {standard_task_runner.py:91} INFO - Job 21: Subtask extraccion
[2024-05-23T00:46:24.036+0000] {task_command.py:426} INFO - Running <TaskInstance: kaggle_dataset.extraccion manual__2024-05-22T22:09:25.534916+00:00 [running]> on host 3943db1ddae8
[2024-05-23T00:46:24.152+0000] {taskinstance.py:2648} INFO - Exporting env vars: AIRFLOW_CTX_DAG_OWNER='***' AIRFLOW_CTX_DAG_ID='kaggle_dataset' AIRFLOW_CTX_TASK_ID='extraccion' AIRFLOW_CTX_EXECUTION_DATE='2024-05-22T22:09:25.534916+00:00' AIRFLOW_CTX_TRY_NUMBER='8' AIRFLOW_CTX_DAG_RUN_ID='manual__2024-05-22T22:09:25.534916+00:00'
[2024-05-23T00:46:24.154+0000] {taskinstance.py:430} INFO - ::endgroup::
[2024-05-23T00:46:24.180+0000] {logging_mixin.py:188} INFO - Warning: Your Kaggle API key is readable by other users on this system! To fix this, you can run 'chmod 600 /home/***/.kaggle/kaggle.json'
[2024-05-23T00:46:27.097+0000] {logging_mixin.py:188} INFO - Global Economy Indicators.csv
[2024-05-23T00:46:27.098+0000] {logging_mixin.py:188} INFO - hecho
[2024-05-23T00:46:27.103+0000] {python.py:237} INFO - Done. Returned value was: None
[2024-05-23T00:46:27.105+0000] {taskinstance.py:441} INFO - ::group::Post task execution logs
[2024-05-23T00:46:27.120+0000] {taskinstance.py:1206} INFO - Marking task as SUCCESS. dag_id=kaggle_dataset, task_id=extraccion, run_id=manual__2024-05-22T22:09:25.534916+00:00, execution_date=20240522T220925, start_date=20240523T004623, end_date=20240523T004627
[2024-05-23T00:46:27.199+0000] {local_task_job_runner.py:240} INFO - Task exited with return code 0
[2024-05-23T00:46:27.220+0000] {warnings.py:110} WARNING - /home/***/.local/lib/python3.12/site-packages/***/models/baseoperator.py:1296: AirflowProviderDeprecationWarning: Call to deprecated class PostgresOperator. (Please use `***.providers.common.sql.operators.sql.SQLExecuteQueryOperator`.Also, you can provide `hook_params={'schema': <database>}`.)
  result = cls.__new__(cls)

[2024-05-23T00:46:27.255+0000] {taskinstance.py:3498} INFO - 1 downstream tasks scheduled from follow-on schedule check
[2024-05-23T00:46:27.259+0000] {local_task_job_runner.py:222} INFO - ::endgroup::
