[2024-05-23T00:50:41.730+0000] {local_task_job_runner.py:120} INFO - ::group::Pre task execution logs
[2024-05-23T00:50:41.802+0000] {taskinstance.py:2076} INFO - Dependencies all met for dep_context=non-requeueable deps ti=<TaskInstance: kaggle_dataset.extraccion manual__2024-05-22T22:09:25.534916+00:00 [queued]>
[2024-05-23T00:50:41.826+0000] {taskinstance.py:2076} INFO - Dependencies all met for dep_context=requeueable deps ti=<TaskInstance: kaggle_dataset.extraccion manual__2024-05-22T22:09:25.534916+00:00 [queued]>
[2024-05-23T00:50:41.828+0000] {taskinstance.py:2306} INFO - Starting attempt 10 of 14
[2024-05-23T00:50:41.865+0000] {taskinstance.py:2330} INFO - Executing <Task(PythonOperator): extraccion> on 2024-05-22 22:09:25.534916+00:00
[2024-05-23T00:50:41.879+0000] {warnings.py:110} WARNING - /home/***/.local/lib/python3.12/site-packages/***/task/task_runner/standard_task_runner.py:61: DeprecationWarning: This process (pid=3189) is multi-threaded, use of fork() may lead to deadlocks in the child.
  pid = os.fork()

[2024-05-23T00:50:41.885+0000] {standard_task_runner.py:63} INFO - Started process 3213 to run task
[2024-05-23T00:50:41.886+0000] {standard_task_runner.py:90} INFO - Running: ['***', 'tasks', 'run', 'kaggle_dataset', 'extraccion', 'manual__2024-05-22T22:09:25.534916+00:00', '--job-id', '27', '--raw', '--subdir', 'DAGS_FOLDER/kaggle_dataset.py', '--cfg-path', '/tmp/tmpwu8t0dxl']
[2024-05-23T00:50:41.892+0000] {standard_task_runner.py:91} INFO - Job 27: Subtask extraccion
[2024-05-23T00:50:42.025+0000] {task_command.py:426} INFO - Running <TaskInstance: kaggle_dataset.extraccion manual__2024-05-22T22:09:25.534916+00:00 [running]> on host 3943db1ddae8
[2024-05-23T00:50:42.295+0000] {taskinstance.py:2648} INFO - Exporting env vars: AIRFLOW_CTX_DAG_OWNER='***' AIRFLOW_CTX_DAG_ID='kaggle_dataset' AIRFLOW_CTX_TASK_ID='extraccion' AIRFLOW_CTX_EXECUTION_DATE='2024-05-22T22:09:25.534916+00:00' AIRFLOW_CTX_TRY_NUMBER='10' AIRFLOW_CTX_DAG_RUN_ID='manual__2024-05-22T22:09:25.534916+00:00'
[2024-05-23T00:50:42.300+0000] {taskinstance.py:430} INFO - ::endgroup::
[2024-05-23T00:50:42.353+0000] {logging_mixin.py:188} INFO - Warning: Your Kaggle API key is readable by other users on this system! To fix this, you can run 'chmod 600 /home/***/.kaggle/kaggle.json'
[2024-05-23T00:50:46.059+0000] {logging_mixin.py:188} INFO - Global Economy Indicators.csv
[2024-05-23T00:50:46.061+0000] {logging_mixin.py:188} INFO - hecho
[2024-05-23T00:50:46.069+0000] {python.py:237} INFO - Done. Returned value was: None
[2024-05-23T00:50:46.072+0000] {taskinstance.py:441} INFO - ::group::Post task execution logs
[2024-05-23T00:50:46.098+0000] {taskinstance.py:1206} INFO - Marking task as SUCCESS. dag_id=kaggle_dataset, task_id=extraccion, run_id=manual__2024-05-22T22:09:25.534916+00:00, execution_date=20240522T220925, start_date=20240523T005041, end_date=20240523T005046
[2024-05-23T00:50:46.173+0000] {local_task_job_runner.py:240} INFO - Task exited with return code 0
[2024-05-23T00:50:46.210+0000] {warnings.py:110} WARNING - /home/***/.local/lib/python3.12/site-packages/***/models/baseoperator.py:1296: AirflowProviderDeprecationWarning: Call to deprecated class PostgresOperator. (Please use `***.providers.common.sql.operators.sql.SQLExecuteQueryOperator`.Also, you can provide `hook_params={'schema': <database>}`.)
  result = cls.__new__(cls)

[2024-05-23T00:50:46.268+0000] {taskinstance.py:3498} INFO - 1 downstream tasks scheduled from follow-on schedule check
[2024-05-23T00:50:46.273+0000] {local_task_job_runner.py:222} INFO - ::endgroup::
