[2024-05-23T00:42:48.506+0000] {local_task_job_runner.py:120} INFO - ::group::Pre task execution logs
[2024-05-23T00:42:48.566+0000] {taskinstance.py:2076} INFO - Dependencies all met for dep_context=non-requeueable deps ti=<TaskInstance: kaggle_dataset.extraccion manual__2024-05-22T22:09:25.534916+00:00 [queued]>
[2024-05-23T00:42:48.597+0000] {taskinstance.py:2076} INFO - Dependencies all met for dep_context=requeueable deps ti=<TaskInstance: kaggle_dataset.extraccion manual__2024-05-22T22:09:25.534916+00:00 [queued]>
[2024-05-23T00:42:48.599+0000] {taskinstance.py:2306} INFO - Starting attempt 6 of 10
[2024-05-23T00:42:48.642+0000] {taskinstance.py:2330} INFO - Executing <Task(PythonOperator): extraccion> on 2024-05-22 22:09:25.534916+00:00
[2024-05-23T00:42:48.658+0000] {warnings.py:110} WARNING - /home/***/.local/lib/python3.12/site-packages/***/task/task_runner/standard_task_runner.py:61: DeprecationWarning: This process (pid=2590) is multi-threaded, use of fork() may lead to deadlocks in the child.
  pid = os.fork()

[2024-05-23T00:42:48.663+0000] {standard_task_runner.py:63} INFO - Started process 2614 to run task
[2024-05-23T00:42:48.662+0000] {standard_task_runner.py:90} INFO - Running: ['***', 'tasks', 'run', 'kaggle_dataset', 'extraccion', 'manual__2024-05-22T22:09:25.534916+00:00', '--job-id', '15', '--raw', '--subdir', 'DAGS_FOLDER/kaggle_dataset.py', '--cfg-path', '/tmp/tmpzoaywv0n']
[2024-05-23T00:42:48.668+0000] {standard_task_runner.py:91} INFO - Job 15: Subtask extraccion
[2024-05-23T00:42:48.834+0000] {task_command.py:426} INFO - Running <TaskInstance: kaggle_dataset.extraccion manual__2024-05-22T22:09:25.534916+00:00 [running]> on host 3943db1ddae8
[2024-05-23T00:42:49.194+0000] {taskinstance.py:2648} INFO - Exporting env vars: AIRFLOW_CTX_DAG_OWNER='***' AIRFLOW_CTX_DAG_ID='kaggle_dataset' AIRFLOW_CTX_TASK_ID='extraccion' AIRFLOW_CTX_EXECUTION_DATE='2024-05-22T22:09:25.534916+00:00' AIRFLOW_CTX_TRY_NUMBER='6' AIRFLOW_CTX_DAG_RUN_ID='manual__2024-05-22T22:09:25.534916+00:00'
[2024-05-23T00:42:49.201+0000] {taskinstance.py:430} INFO - ::endgroup::
[2024-05-23T00:42:49.310+0000] {logging_mixin.py:188} INFO - Warning: Your Kaggle API key is readable by other users on this system! To fix this, you can run 'chmod 600 /home/***/.kaggle/kaggle.json'
[2024-05-23T00:42:53.073+0000] {logging_mixin.py:188} INFO - Global Economy Indicators.csv
[2024-05-23T00:42:53.075+0000] {logging_mixin.py:188} INFO - hecho
[2024-05-23T00:42:53.080+0000] {python.py:237} INFO - Done. Returned value was: None
[2024-05-23T00:42:53.083+0000] {taskinstance.py:441} INFO - ::group::Post task execution logs
[2024-05-23T00:42:53.103+0000] {taskinstance.py:1206} INFO - Marking task as SUCCESS. dag_id=kaggle_dataset, task_id=extraccion, run_id=manual__2024-05-22T22:09:25.534916+00:00, execution_date=20240522T220925, start_date=20240523T004248, end_date=20240523T004253
[2024-05-23T00:42:53.150+0000] {local_task_job_runner.py:240} INFO - Task exited with return code 0
[2024-05-23T00:42:53.174+0000] {warnings.py:110} WARNING - /home/***/.local/lib/python3.12/site-packages/***/models/baseoperator.py:1296: AirflowProviderDeprecationWarning: Call to deprecated class PostgresOperator. (Please use `***.providers.common.sql.operators.sql.SQLExecuteQueryOperator`.Also, you can provide `hook_params={'schema': <database>}`.)
  result = cls.__new__(cls)

[2024-05-23T00:42:53.205+0000] {taskinstance.py:3498} INFO - 1 downstream tasks scheduled from follow-on schedule check
[2024-05-23T00:42:53.208+0000] {local_task_job_runner.py:222} INFO - ::endgroup::
