[2024-05-18T22:42:52.126+0000] {processor.py:161} INFO - Started process (PID=62) to work on /home/airflow/.local/lib/python3.12/site-packages/airflow/example_dags/example_latest_only_with_trigger.py
[2024-05-18T22:42:52.147+0000] {processor.py:830} INFO - Processing file /home/airflow/.local/lib/python3.12/site-packages/airflow/example_dags/example_latest_only_with_trigger.py for tasks to queue
[2024-05-18T22:42:52.164+0000] {logging_mixin.py:188} INFO - [2024-05-18T22:42:52.163+0000] {dagbag.py:545} INFO - Filling up the DagBag from /home/airflow/.local/lib/python3.12/site-packages/airflow/example_dags/example_latest_only_with_trigger.py
[2024-05-18T22:42:52.240+0000] {processor.py:840} INFO - DAG(s) 'latest_only_with_trigger' retrieved from /home/airflow/.local/lib/python3.12/site-packages/airflow/example_dags/example_latest_only_with_trigger.py
[2024-05-18T22:42:52.991+0000] {logging_mixin.py:188} INFO - [2024-05-18T22:42:52.988+0000] {override.py:1829} INFO - Created Permission View: can read on DAG:latest_only_with_trigger
[2024-05-18T22:42:53.068+0000] {logging_mixin.py:188} INFO - [2024-05-18T22:42:53.066+0000] {override.py:1829} INFO - Created Permission View: can edit on DAG:latest_only_with_trigger
[2024-05-18T22:42:53.106+0000] {logging_mixin.py:188} INFO - [2024-05-18T22:42:53.105+0000] {override.py:1829} INFO - Created Permission View: can delete on DAG:latest_only_with_trigger
[2024-05-18T22:42:53.111+0000] {logging_mixin.py:188} INFO - [2024-05-18T22:42:53.110+0000] {dag.py:3096} INFO - Sync 1 DAGs
[2024-05-18T22:42:53.182+0000] {logging_mixin.py:188} INFO - [2024-05-18T22:42:53.180+0000] {dag.py:3118} INFO - Creating ORM DAG for latest_only_with_trigger
[2024-05-18T22:42:53.256+0000] {logging_mixin.py:188} INFO - [2024-05-18T22:42:53.255+0000] {dag.py:3954} INFO - Setting next_dagrun for latest_only_with_trigger to 2024-05-18 16:00:00+00:00, run_after=2024-05-18 20:00:00+00:00
[2024-05-18T22:42:53.401+0000] {processor.py:183} INFO - Processing /home/airflow/.local/lib/python3.12/site-packages/airflow/example_dags/example_latest_only_with_trigger.py took 1.311 seconds
[2024-05-18T22:43:32.068+0000] {processor.py:161} INFO - Started process (PID=122) to work on /home/airflow/.local/lib/python3.12/site-packages/airflow/example_dags/example_latest_only_with_trigger.py
[2024-05-18T22:43:32.070+0000] {processor.py:830} INFO - Processing file /home/airflow/.local/lib/python3.12/site-packages/airflow/example_dags/example_latest_only_with_trigger.py for tasks to queue
[2024-05-18T22:43:32.074+0000] {logging_mixin.py:188} INFO - [2024-05-18T22:43:32.073+0000] {dagbag.py:545} INFO - Filling up the DagBag from /home/airflow/.local/lib/python3.12/site-packages/airflow/example_dags/example_latest_only_with_trigger.py
[2024-05-18T22:43:32.086+0000] {processor.py:840} INFO - DAG(s) 'latest_only_with_trigger' retrieved from /home/airflow/.local/lib/python3.12/site-packages/airflow/example_dags/example_latest_only_with_trigger.py
[2024-05-18T22:43:32.134+0000] {logging_mixin.py:188} INFO - [2024-05-18T22:43:32.133+0000] {dag.py:3096} INFO - Sync 1 DAGs
[2024-05-18T22:43:32.206+0000] {logging_mixin.py:188} INFO - [2024-05-18T22:43:32.206+0000] {dag.py:3954} INFO - Setting next_dagrun for latest_only_with_trigger to 2024-05-18 16:00:00+00:00, run_after=2024-05-18 20:00:00+00:00
[2024-05-18T22:43:32.261+0000] {processor.py:183} INFO - Processing /home/airflow/.local/lib/python3.12/site-packages/airflow/example_dags/example_latest_only_with_trigger.py took 0.205 seconds
[2024-05-18T22:44:04.376+0000] {processor.py:161} INFO - Started process (PID=183) to work on /home/airflow/.local/lib/python3.12/site-packages/airflow/example_dags/example_latest_only_with_trigger.py
[2024-05-18T22:44:04.383+0000] {processor.py:830} INFO - Processing file /home/airflow/.local/lib/python3.12/site-packages/airflow/example_dags/example_latest_only_with_trigger.py for tasks to queue
[2024-05-18T22:44:04.393+0000] {logging_mixin.py:188} INFO - [2024-05-18T22:44:04.390+0000] {dagbag.py:545} INFO - Filling up the DagBag from /home/airflow/.local/lib/python3.12/site-packages/airflow/example_dags/example_latest_only_with_trigger.py
[2024-05-18T22:44:04.414+0000] {processor.py:840} INFO - DAG(s) 'latest_only_with_trigger' retrieved from /home/airflow/.local/lib/python3.12/site-packages/airflow/example_dags/example_latest_only_with_trigger.py
[2024-05-18T22:44:04.573+0000] {logging_mixin.py:188} INFO - [2024-05-18T22:44:04.573+0000] {dag.py:3096} INFO - Sync 1 DAGs
[2024-05-18T22:44:04.666+0000] {logging_mixin.py:188} INFO - [2024-05-18T22:44:04.665+0000] {dag.py:3954} INFO - Setting next_dagrun for latest_only_with_trigger to 2024-05-18 16:00:00+00:00, run_after=2024-05-18 20:00:00+00:00
[2024-05-18T22:44:04.723+0000] {processor.py:183} INFO - Processing /home/airflow/.local/lib/python3.12/site-packages/airflow/example_dags/example_latest_only_with_trigger.py took 0.368 seconds
[2024-05-18T22:44:35.103+0000] {processor.py:161} INFO - Started process (PID=241) to work on /home/airflow/.local/lib/python3.12/site-packages/airflow/example_dags/example_latest_only_with_trigger.py
[2024-05-18T22:44:35.105+0000] {processor.py:830} INFO - Processing file /home/airflow/.local/lib/python3.12/site-packages/airflow/example_dags/example_latest_only_with_trigger.py for tasks to queue
[2024-05-18T22:44:35.110+0000] {logging_mixin.py:188} INFO - [2024-05-18T22:44:35.109+0000] {dagbag.py:545} INFO - Filling up the DagBag from /home/airflow/.local/lib/python3.12/site-packages/airflow/example_dags/example_latest_only_with_trigger.py
[2024-05-18T22:44:35.124+0000] {processor.py:840} INFO - DAG(s) 'latest_only_with_trigger' retrieved from /home/airflow/.local/lib/python3.12/site-packages/airflow/example_dags/example_latest_only_with_trigger.py
[2024-05-18T22:44:35.210+0000] {logging_mixin.py:188} INFO - [2024-05-18T22:44:35.209+0000] {dag.py:3096} INFO - Sync 1 DAGs
[2024-05-18T22:44:35.291+0000] {logging_mixin.py:188} INFO - [2024-05-18T22:44:35.290+0000] {dag.py:3954} INFO - Setting next_dagrun for latest_only_with_trigger to 2024-05-18 16:00:00+00:00, run_after=2024-05-18 20:00:00+00:00
[2024-05-18T22:44:35.340+0000] {processor.py:183} INFO - Processing /home/airflow/.local/lib/python3.12/site-packages/airflow/example_dags/example_latest_only_with_trigger.py took 0.251 seconds
[2024-05-18T22:45:05.703+0000] {processor.py:161} INFO - Started process (PID=301) to work on /home/airflow/.local/lib/python3.12/site-packages/airflow/example_dags/example_latest_only_with_trigger.py
[2024-05-18T22:45:05.704+0000] {processor.py:830} INFO - Processing file /home/airflow/.local/lib/python3.12/site-packages/airflow/example_dags/example_latest_only_with_trigger.py for tasks to queue
[2024-05-18T22:45:05.709+0000] {logging_mixin.py:188} INFO - [2024-05-18T22:45:05.708+0000] {dagbag.py:545} INFO - Filling up the DagBag from /home/airflow/.local/lib/python3.12/site-packages/airflow/example_dags/example_latest_only_with_trigger.py
[2024-05-18T22:45:05.718+0000] {processor.py:840} INFO - DAG(s) 'latest_only_with_trigger' retrieved from /home/airflow/.local/lib/python3.12/site-packages/airflow/example_dags/example_latest_only_with_trigger.py
[2024-05-18T22:45:05.764+0000] {logging_mixin.py:188} INFO - [2024-05-18T22:45:05.763+0000] {dag.py:3096} INFO - Sync 1 DAGs
[2024-05-18T22:45:05.821+0000] {logging_mixin.py:188} INFO - [2024-05-18T22:45:05.820+0000] {dag.py:3954} INFO - Setting next_dagrun for latest_only_with_trigger to 2024-05-18 16:00:00+00:00, run_after=2024-05-18 20:00:00+00:00
[2024-05-18T22:45:05.870+0000] {processor.py:183} INFO - Processing /home/airflow/.local/lib/python3.12/site-packages/airflow/example_dags/example_latest_only_with_trigger.py took 0.177 seconds
[2024-05-18T22:45:36.321+0000] {processor.py:161} INFO - Started process (PID=361) to work on /home/airflow/.local/lib/python3.12/site-packages/airflow/example_dags/example_latest_only_with_trigger.py
[2024-05-18T22:45:36.323+0000] {processor.py:830} INFO - Processing file /home/airflow/.local/lib/python3.12/site-packages/airflow/example_dags/example_latest_only_with_trigger.py for tasks to queue
[2024-05-18T22:45:36.325+0000] {logging_mixin.py:188} INFO - [2024-05-18T22:45:36.325+0000] {dagbag.py:545} INFO - Filling up the DagBag from /home/airflow/.local/lib/python3.12/site-packages/airflow/example_dags/example_latest_only_with_trigger.py
[2024-05-18T22:45:36.331+0000] {processor.py:840} INFO - DAG(s) 'latest_only_with_trigger' retrieved from /home/airflow/.local/lib/python3.12/site-packages/airflow/example_dags/example_latest_only_with_trigger.py
[2024-05-18T22:45:36.363+0000] {logging_mixin.py:188} INFO - [2024-05-18T22:45:36.363+0000] {dag.py:3096} INFO - Sync 1 DAGs
[2024-05-18T22:45:36.402+0000] {logging_mixin.py:188} INFO - [2024-05-18T22:45:36.402+0000] {dag.py:3954} INFO - Setting next_dagrun for latest_only_with_trigger to 2024-05-18 16:00:00+00:00, run_after=2024-05-18 20:00:00+00:00
[2024-05-18T22:45:36.433+0000] {processor.py:183} INFO - Processing /home/airflow/.local/lib/python3.12/site-packages/airflow/example_dags/example_latest_only_with_trigger.py took 0.119 seconds
[2024-05-18T22:46:06.831+0000] {processor.py:161} INFO - Started process (PID=421) to work on /home/airflow/.local/lib/python3.12/site-packages/airflow/example_dags/example_latest_only_with_trigger.py
[2024-05-18T22:46:06.833+0000] {processor.py:830} INFO - Processing file /home/airflow/.local/lib/python3.12/site-packages/airflow/example_dags/example_latest_only_with_trigger.py for tasks to queue
[2024-05-18T22:46:06.837+0000] {logging_mixin.py:188} INFO - [2024-05-18T22:46:06.837+0000] {dagbag.py:545} INFO - Filling up the DagBag from /home/airflow/.local/lib/python3.12/site-packages/airflow/example_dags/example_latest_only_with_trigger.py
[2024-05-18T22:46:06.845+0000] {processor.py:840} INFO - DAG(s) 'latest_only_with_trigger' retrieved from /home/airflow/.local/lib/python3.12/site-packages/airflow/example_dags/example_latest_only_with_trigger.py
[2024-05-18T22:46:06.887+0000] {logging_mixin.py:188} INFO - [2024-05-18T22:46:06.886+0000] {dag.py:3096} INFO - Sync 1 DAGs
[2024-05-18T22:46:06.939+0000] {logging_mixin.py:188} INFO - [2024-05-18T22:46:06.939+0000] {dag.py:3954} INFO - Setting next_dagrun for latest_only_with_trigger to 2024-05-18 16:00:00+00:00, run_after=2024-05-18 20:00:00+00:00
[2024-05-18T22:46:06.984+0000] {processor.py:183} INFO - Processing /home/airflow/.local/lib/python3.12/site-packages/airflow/example_dags/example_latest_only_with_trigger.py took 0.160 seconds
[2024-05-18T22:46:39.282+0000] {processor.py:161} INFO - Started process (PID=481) to work on /home/airflow/.local/lib/python3.12/site-packages/airflow/example_dags/example_latest_only_with_trigger.py
[2024-05-18T22:46:39.284+0000] {processor.py:830} INFO - Processing file /home/airflow/.local/lib/python3.12/site-packages/airflow/example_dags/example_latest_only_with_trigger.py for tasks to queue
[2024-05-18T22:46:39.288+0000] {logging_mixin.py:188} INFO - [2024-05-18T22:46:39.287+0000] {dagbag.py:545} INFO - Filling up the DagBag from /home/airflow/.local/lib/python3.12/site-packages/airflow/example_dags/example_latest_only_with_trigger.py
[2024-05-18T22:46:39.298+0000] {processor.py:840} INFO - DAG(s) 'latest_only_with_trigger' retrieved from /home/airflow/.local/lib/python3.12/site-packages/airflow/example_dags/example_latest_only_with_trigger.py
[2024-05-18T22:46:39.335+0000] {logging_mixin.py:188} INFO - [2024-05-18T22:46:39.335+0000] {dag.py:3096} INFO - Sync 1 DAGs
[2024-05-18T22:46:39.374+0000] {logging_mixin.py:188} INFO - [2024-05-18T22:46:39.374+0000] {dag.py:3954} INFO - Setting next_dagrun for latest_only_with_trigger to 2024-05-18 16:00:00+00:00, run_after=2024-05-18 20:00:00+00:00
[2024-05-18T22:46:39.410+0000] {processor.py:183} INFO - Processing /home/airflow/.local/lib/python3.12/site-packages/airflow/example_dags/example_latest_only_with_trigger.py took 0.138 seconds
[2024-05-18T22:47:10.154+0000] {processor.py:161} INFO - Started process (PID=541) to work on /home/airflow/.local/lib/python3.12/site-packages/airflow/example_dags/example_latest_only_with_trigger.py
[2024-05-18T22:47:10.156+0000] {processor.py:830} INFO - Processing file /home/airflow/.local/lib/python3.12/site-packages/airflow/example_dags/example_latest_only_with_trigger.py for tasks to queue
[2024-05-18T22:47:10.160+0000] {logging_mixin.py:188} INFO - [2024-05-18T22:47:10.159+0000] {dagbag.py:545} INFO - Filling up the DagBag from /home/airflow/.local/lib/python3.12/site-packages/airflow/example_dags/example_latest_only_with_trigger.py
[2024-05-18T22:47:10.172+0000] {processor.py:840} INFO - DAG(s) 'latest_only_with_trigger' retrieved from /home/airflow/.local/lib/python3.12/site-packages/airflow/example_dags/example_latest_only_with_trigger.py
[2024-05-18T22:47:10.216+0000] {logging_mixin.py:188} INFO - [2024-05-18T22:47:10.216+0000] {dag.py:3096} INFO - Sync 1 DAGs
[2024-05-18T22:47:10.266+0000] {logging_mixin.py:188} INFO - [2024-05-18T22:47:10.266+0000] {dag.py:3954} INFO - Setting next_dagrun for latest_only_with_trigger to 2024-05-18 16:00:00+00:00, run_after=2024-05-18 20:00:00+00:00
[2024-05-18T22:47:10.317+0000] {processor.py:183} INFO - Processing /home/airflow/.local/lib/python3.12/site-packages/airflow/example_dags/example_latest_only_with_trigger.py took 0.173 seconds
[2024-05-18T22:47:41.278+0000] {processor.py:161} INFO - Started process (PID=601) to work on /home/airflow/.local/lib/python3.12/site-packages/airflow/example_dags/example_latest_only_with_trigger.py
[2024-05-18T22:47:41.280+0000] {processor.py:830} INFO - Processing file /home/airflow/.local/lib/python3.12/site-packages/airflow/example_dags/example_latest_only_with_trigger.py for tasks to queue
[2024-05-18T22:47:41.284+0000] {logging_mixin.py:188} INFO - [2024-05-18T22:47:41.283+0000] {dagbag.py:545} INFO - Filling up the DagBag from /home/airflow/.local/lib/python3.12/site-packages/airflow/example_dags/example_latest_only_with_trigger.py
[2024-05-18T22:47:41.294+0000] {processor.py:840} INFO - DAG(s) 'latest_only_with_trigger' retrieved from /home/airflow/.local/lib/python3.12/site-packages/airflow/example_dags/example_latest_only_with_trigger.py
[2024-05-18T22:47:41.335+0000] {logging_mixin.py:188} INFO - [2024-05-18T22:47:41.334+0000] {dag.py:3096} INFO - Sync 1 DAGs
[2024-05-18T22:47:41.395+0000] {logging_mixin.py:188} INFO - [2024-05-18T22:47:41.394+0000] {dag.py:3954} INFO - Setting next_dagrun for latest_only_with_trigger to 2024-05-18 16:00:00+00:00, run_after=2024-05-18 20:00:00+00:00
[2024-05-18T22:47:41.446+0000] {processor.py:183} INFO - Processing /home/airflow/.local/lib/python3.12/site-packages/airflow/example_dags/example_latest_only_with_trigger.py took 0.178 seconds
[2024-05-18T22:48:15.426+0000] {processor.py:161} INFO - Started process (PID=661) to work on /home/airflow/.local/lib/python3.12/site-packages/airflow/example_dags/example_latest_only_with_trigger.py
[2024-05-18T22:48:15.452+0000] {processor.py:830} INFO - Processing file /home/airflow/.local/lib/python3.12/site-packages/airflow/example_dags/example_latest_only_with_trigger.py for tasks to queue
[2024-05-18T22:48:15.469+0000] {logging_mixin.py:188} INFO - [2024-05-18T22:48:15.468+0000] {dagbag.py:545} INFO - Filling up the DagBag from /home/airflow/.local/lib/python3.12/site-packages/airflow/example_dags/example_latest_only_with_trigger.py
[2024-05-18T22:48:15.531+0000] {processor.py:840} INFO - DAG(s) 'latest_only_with_trigger' retrieved from /home/airflow/.local/lib/python3.12/site-packages/airflow/example_dags/example_latest_only_with_trigger.py
[2024-05-18T22:48:15.670+0000] {logging_mixin.py:188} INFO - [2024-05-18T22:48:15.669+0000] {dag.py:3096} INFO - Sync 1 DAGs
[2024-05-18T22:48:15.871+0000] {logging_mixin.py:188} INFO - [2024-05-18T22:48:15.870+0000] {dag.py:3954} INFO - Setting next_dagrun for latest_only_with_trigger to 2024-05-18 16:00:00+00:00, run_after=2024-05-18 20:00:00+00:00
[2024-05-18T22:48:15.967+0000] {processor.py:183} INFO - Processing /home/airflow/.local/lib/python3.12/site-packages/airflow/example_dags/example_latest_only_with_trigger.py took 0.592 seconds
[2024-05-18T22:48:48.851+0000] {processor.py:161} INFO - Started process (PID=727) to work on /home/airflow/.local/lib/python3.12/site-packages/airflow/example_dags/example_latest_only_with_trigger.py
[2024-05-18T22:48:48.854+0000] {processor.py:830} INFO - Processing file /home/airflow/.local/lib/python3.12/site-packages/airflow/example_dags/example_latest_only_with_trigger.py for tasks to queue
[2024-05-18T22:48:48.861+0000] {logging_mixin.py:188} INFO - [2024-05-18T22:48:48.860+0000] {dagbag.py:545} INFO - Filling up the DagBag from /home/airflow/.local/lib/python3.12/site-packages/airflow/example_dags/example_latest_only_with_trigger.py
[2024-05-18T22:48:48.880+0000] {processor.py:840} INFO - DAG(s) 'latest_only_with_trigger' retrieved from /home/airflow/.local/lib/python3.12/site-packages/airflow/example_dags/example_latest_only_with_trigger.py
[2024-05-18T22:48:48.953+0000] {logging_mixin.py:188} INFO - [2024-05-18T22:48:48.952+0000] {dag.py:3096} INFO - Sync 1 DAGs
[2024-05-18T22:48:49.076+0000] {logging_mixin.py:188} INFO - [2024-05-18T22:48:49.074+0000] {dag.py:3954} INFO - Setting next_dagrun for latest_only_with_trigger to 2024-05-18 16:00:00+00:00, run_after=2024-05-18 20:00:00+00:00
[2024-05-18T22:48:49.244+0000] {processor.py:183} INFO - Processing /home/airflow/.local/lib/python3.12/site-packages/airflow/example_dags/example_latest_only_with_trigger.py took 0.414 seconds
[2024-05-18T22:49:19.578+0000] {processor.py:161} INFO - Started process (PID=786) to work on /home/airflow/.local/lib/python3.12/site-packages/airflow/example_dags/example_latest_only_with_trigger.py
[2024-05-18T22:49:19.580+0000] {processor.py:830} INFO - Processing file /home/airflow/.local/lib/python3.12/site-packages/airflow/example_dags/example_latest_only_with_trigger.py for tasks to queue
[2024-05-18T22:49:19.584+0000] {logging_mixin.py:188} INFO - [2024-05-18T22:49:19.583+0000] {dagbag.py:545} INFO - Filling up the DagBag from /home/airflow/.local/lib/python3.12/site-packages/airflow/example_dags/example_latest_only_with_trigger.py
[2024-05-18T22:49:19.591+0000] {processor.py:840} INFO - DAG(s) 'latest_only_with_trigger' retrieved from /home/airflow/.local/lib/python3.12/site-packages/airflow/example_dags/example_latest_only_with_trigger.py
[2024-05-18T22:49:19.622+0000] {logging_mixin.py:188} INFO - [2024-05-18T22:49:19.622+0000] {dag.py:3096} INFO - Sync 1 DAGs
[2024-05-18T22:49:19.656+0000] {logging_mixin.py:188} INFO - [2024-05-18T22:49:19.656+0000] {dag.py:3954} INFO - Setting next_dagrun for latest_only_with_trigger to 2024-05-18 16:00:00+00:00, run_after=2024-05-18 20:00:00+00:00
[2024-05-18T22:49:19.693+0000] {processor.py:183} INFO - Processing /home/airflow/.local/lib/python3.12/site-packages/airflow/example_dags/example_latest_only_with_trigger.py took 0.122 seconds
[2024-05-18T22:49:49.875+0000] {processor.py:161} INFO - Started process (PID=846) to work on /home/airflow/.local/lib/python3.12/site-packages/airflow/example_dags/example_latest_only_with_trigger.py
[2024-05-18T22:49:49.877+0000] {processor.py:830} INFO - Processing file /home/airflow/.local/lib/python3.12/site-packages/airflow/example_dags/example_latest_only_with_trigger.py for tasks to queue
[2024-05-18T22:49:49.880+0000] {logging_mixin.py:188} INFO - [2024-05-18T22:49:49.880+0000] {dagbag.py:545} INFO - Filling up the DagBag from /home/airflow/.local/lib/python3.12/site-packages/airflow/example_dags/example_latest_only_with_trigger.py
[2024-05-18T22:49:49.886+0000] {processor.py:840} INFO - DAG(s) 'latest_only_with_trigger' retrieved from /home/airflow/.local/lib/python3.12/site-packages/airflow/example_dags/example_latest_only_with_trigger.py
[2024-05-18T22:49:49.921+0000] {logging_mixin.py:188} INFO - [2024-05-18T22:49:49.921+0000] {dag.py:3096} INFO - Sync 1 DAGs
[2024-05-18T22:49:49.958+0000] {logging_mixin.py:188} INFO - [2024-05-18T22:49:49.958+0000] {dag.py:3954} INFO - Setting next_dagrun for latest_only_with_trigger to 2024-05-18 16:00:00+00:00, run_after=2024-05-18 20:00:00+00:00
[2024-05-18T22:49:49.995+0000] {processor.py:183} INFO - Processing /home/airflow/.local/lib/python3.12/site-packages/airflow/example_dags/example_latest_only_with_trigger.py took 0.127 seconds
[2024-05-18T22:50:20.122+0000] {processor.py:161} INFO - Started process (PID=906) to work on /home/airflow/.local/lib/python3.12/site-packages/airflow/example_dags/example_latest_only_with_trigger.py
[2024-05-18T22:50:20.124+0000] {processor.py:830} INFO - Processing file /home/airflow/.local/lib/python3.12/site-packages/airflow/example_dags/example_latest_only_with_trigger.py for tasks to queue
[2024-05-18T22:50:20.127+0000] {logging_mixin.py:188} INFO - [2024-05-18T22:50:20.126+0000] {dagbag.py:545} INFO - Filling up the DagBag from /home/airflow/.local/lib/python3.12/site-packages/airflow/example_dags/example_latest_only_with_trigger.py
[2024-05-18T22:50:20.133+0000] {processor.py:840} INFO - DAG(s) 'latest_only_with_trigger' retrieved from /home/airflow/.local/lib/python3.12/site-packages/airflow/example_dags/example_latest_only_with_trigger.py
[2024-05-18T22:50:20.165+0000] {logging_mixin.py:188} INFO - [2024-05-18T22:50:20.164+0000] {dag.py:3096} INFO - Sync 1 DAGs
[2024-05-18T22:50:20.197+0000] {logging_mixin.py:188} INFO - [2024-05-18T22:50:20.197+0000] {dag.py:3954} INFO - Setting next_dagrun for latest_only_with_trigger to 2024-05-18 16:00:00+00:00, run_after=2024-05-18 20:00:00+00:00
[2024-05-18T22:50:20.230+0000] {processor.py:183} INFO - Processing /home/airflow/.local/lib/python3.12/site-packages/airflow/example_dags/example_latest_only_with_trigger.py took 0.115 seconds
[2024-05-18T22:50:50.609+0000] {processor.py:161} INFO - Started process (PID=967) to work on /home/airflow/.local/lib/python3.12/site-packages/airflow/example_dags/example_latest_only_with_trigger.py
[2024-05-18T22:50:50.616+0000] {processor.py:830} INFO - Processing file /home/airflow/.local/lib/python3.12/site-packages/airflow/example_dags/example_latest_only_with_trigger.py for tasks to queue
[2024-05-18T22:50:50.635+0000] {logging_mixin.py:188} INFO - [2024-05-18T22:50:50.633+0000] {dagbag.py:545} INFO - Filling up the DagBag from /home/airflow/.local/lib/python3.12/site-packages/airflow/example_dags/example_latest_only_with_trigger.py
[2024-05-18T22:50:50.669+0000] {processor.py:840} INFO - DAG(s) 'latest_only_with_trigger' retrieved from /home/airflow/.local/lib/python3.12/site-packages/airflow/example_dags/example_latest_only_with_trigger.py
[2024-05-18T22:50:50.830+0000] {logging_mixin.py:188} INFO - [2024-05-18T22:50:50.829+0000] {dag.py:3096} INFO - Sync 1 DAGs
[2024-05-18T22:50:51.040+0000] {logging_mixin.py:188} INFO - [2024-05-18T22:50:51.039+0000] {dag.py:3954} INFO - Setting next_dagrun for latest_only_with_trigger to 2024-05-18 16:00:00+00:00, run_after=2024-05-18 20:00:00+00:00
[2024-05-18T22:50:51.240+0000] {processor.py:183} INFO - Processing /home/airflow/.local/lib/python3.12/site-packages/airflow/example_dags/example_latest_only_with_trigger.py took 0.671 seconds
[2024-05-18T22:51:21.995+0000] {processor.py:161} INFO - Started process (PID=1027) to work on /home/airflow/.local/lib/python3.12/site-packages/airflow/example_dags/example_latest_only_with_trigger.py
[2024-05-18T22:51:21.997+0000] {processor.py:830} INFO - Processing file /home/airflow/.local/lib/python3.12/site-packages/airflow/example_dags/example_latest_only_with_trigger.py for tasks to queue
[2024-05-18T22:51:22.002+0000] {logging_mixin.py:188} INFO - [2024-05-18T22:51:22.001+0000] {dagbag.py:545} INFO - Filling up the DagBag from /home/airflow/.local/lib/python3.12/site-packages/airflow/example_dags/example_latest_only_with_trigger.py
[2024-05-18T22:51:22.012+0000] {processor.py:840} INFO - DAG(s) 'latest_only_with_trigger' retrieved from /home/airflow/.local/lib/python3.12/site-packages/airflow/example_dags/example_latest_only_with_trigger.py
[2024-05-18T22:51:22.057+0000] {logging_mixin.py:188} INFO - [2024-05-18T22:51:22.056+0000] {dag.py:3096} INFO - Sync 1 DAGs
[2024-05-18T22:51:22.110+0000] {logging_mixin.py:188} INFO - [2024-05-18T22:51:22.110+0000] {dag.py:3954} INFO - Setting next_dagrun for latest_only_with_trigger to 2024-05-18 16:00:00+00:00, run_after=2024-05-18 20:00:00+00:00
[2024-05-18T22:51:22.163+0000] {processor.py:183} INFO - Processing /home/airflow/.local/lib/python3.12/site-packages/airflow/example_dags/example_latest_only_with_trigger.py took 0.181 seconds
[2024-05-18T22:51:52.845+0000] {processor.py:161} INFO - Started process (PID=1087) to work on /home/airflow/.local/lib/python3.12/site-packages/airflow/example_dags/example_latest_only_with_trigger.py
[2024-05-18T22:51:52.847+0000] {processor.py:830} INFO - Processing file /home/airflow/.local/lib/python3.12/site-packages/airflow/example_dags/example_latest_only_with_trigger.py for tasks to queue
[2024-05-18T22:51:52.850+0000] {logging_mixin.py:188} INFO - [2024-05-18T22:51:52.850+0000] {dagbag.py:545} INFO - Filling up the DagBag from /home/airflow/.local/lib/python3.12/site-packages/airflow/example_dags/example_latest_only_with_trigger.py
[2024-05-18T22:51:52.857+0000] {processor.py:840} INFO - DAG(s) 'latest_only_with_trigger' retrieved from /home/airflow/.local/lib/python3.12/site-packages/airflow/example_dags/example_latest_only_with_trigger.py
[2024-05-18T22:51:52.888+0000] {logging_mixin.py:188} INFO - [2024-05-18T22:51:52.887+0000] {dag.py:3096} INFO - Sync 1 DAGs
[2024-05-18T22:51:52.929+0000] {logging_mixin.py:188} INFO - [2024-05-18T22:51:52.928+0000] {dag.py:3954} INFO - Setting next_dagrun for latest_only_with_trigger to 2024-05-18 16:00:00+00:00, run_after=2024-05-18 20:00:00+00:00
[2024-05-18T22:51:52.966+0000] {processor.py:183} INFO - Processing /home/airflow/.local/lib/python3.12/site-packages/airflow/example_dags/example_latest_only_with_trigger.py took 0.128 seconds
[2024-05-18T22:52:23.584+0000] {processor.py:161} INFO - Started process (PID=1147) to work on /home/airflow/.local/lib/python3.12/site-packages/airflow/example_dags/example_latest_only_with_trigger.py
[2024-05-18T22:52:23.586+0000] {processor.py:830} INFO - Processing file /home/airflow/.local/lib/python3.12/site-packages/airflow/example_dags/example_latest_only_with_trigger.py for tasks to queue
[2024-05-18T22:52:23.593+0000] {logging_mixin.py:188} INFO - [2024-05-18T22:52:23.593+0000] {dagbag.py:545} INFO - Filling up the DagBag from /home/airflow/.local/lib/python3.12/site-packages/airflow/example_dags/example_latest_only_with_trigger.py
[2024-05-18T22:52:23.604+0000] {processor.py:840} INFO - DAG(s) 'latest_only_with_trigger' retrieved from /home/airflow/.local/lib/python3.12/site-packages/airflow/example_dags/example_latest_only_with_trigger.py
[2024-05-18T22:52:23.667+0000] {logging_mixin.py:188} INFO - [2024-05-18T22:52:23.666+0000] {dag.py:3096} INFO - Sync 1 DAGs
[2024-05-18T22:52:23.735+0000] {logging_mixin.py:188} INFO - [2024-05-18T22:52:23.734+0000] {dag.py:3954} INFO - Setting next_dagrun for latest_only_with_trigger to 2024-05-18 16:00:00+00:00, run_after=2024-05-18 20:00:00+00:00
[2024-05-18T22:52:23.805+0000] {processor.py:183} INFO - Processing /home/airflow/.local/lib/python3.12/site-packages/airflow/example_dags/example_latest_only_with_trigger.py took 0.229 seconds
