[2024-05-18T22:42:51.123+0000] {processor.py:161} INFO - Started process (PID=61) to work on /home/airflow/.local/lib/python3.12/site-packages/airflow/example_dags/example_time_delta_sensor_async.py
[2024-05-18T22:42:51.129+0000] {processor.py:830} INFO - Processing file /home/airflow/.local/lib/python3.12/site-packages/airflow/example_dags/example_time_delta_sensor_async.py for tasks to queue
[2024-05-18T22:42:51.149+0000] {logging_mixin.py:188} INFO - [2024-05-18T22:42:51.148+0000] {dagbag.py:545} INFO - Filling up the DagBag from /home/airflow/.local/lib/python3.12/site-packages/airflow/example_dags/example_time_delta_sensor_async.py
[2024-05-18T22:42:51.194+0000] {processor.py:840} INFO - DAG(s) 'example_time_delta_sensor_async' retrieved from /home/airflow/.local/lib/python3.12/site-packages/airflow/example_dags/example_time_delta_sensor_async.py
[2024-05-18T22:42:52.269+0000] {logging_mixin.py:188} INFO - [2024-05-18T22:42:52.267+0000] {override.py:1829} INFO - Created Permission View: can read on DAG:example_time_delta_sensor_async
[2024-05-18T22:42:52.385+0000] {logging_mixin.py:188} INFO - [2024-05-18T22:42:52.383+0000] {override.py:1829} INFO - Created Permission View: can edit on DAG:example_time_delta_sensor_async
[2024-05-18T22:42:52.453+0000] {logging_mixin.py:188} INFO - [2024-05-18T22:42:52.451+0000] {override.py:1829} INFO - Created Permission View: can delete on DAG:example_time_delta_sensor_async
[2024-05-18T22:42:52.467+0000] {logging_mixin.py:188} INFO - [2024-05-18T22:42:52.465+0000] {dag.py:3096} INFO - Sync 1 DAGs
[2024-05-18T22:42:52.535+0000] {logging_mixin.py:188} INFO - [2024-05-18T22:42:52.534+0000] {dag.py:3118} INFO - Creating ORM DAG for example_time_delta_sensor_async
[2024-05-18T22:42:52.542+0000] {logging_mixin.py:188} INFO - [2024-05-18T22:42:52.541+0000] {dag.py:3954} INFO - Setting next_dagrun for example_time_delta_sensor_async to None, run_after=None
[2024-05-18T22:42:52.628+0000] {processor.py:183} INFO - Processing /home/airflow/.local/lib/python3.12/site-packages/airflow/example_dags/example_time_delta_sensor_async.py took 1.542 seconds
[2024-05-18T22:43:32.013+0000] {processor.py:161} INFO - Started process (PID=121) to work on /home/airflow/.local/lib/python3.12/site-packages/airflow/example_dags/example_time_delta_sensor_async.py
[2024-05-18T22:43:32.014+0000] {processor.py:830} INFO - Processing file /home/airflow/.local/lib/python3.12/site-packages/airflow/example_dags/example_time_delta_sensor_async.py for tasks to queue
[2024-05-18T22:43:32.020+0000] {logging_mixin.py:188} INFO - [2024-05-18T22:43:32.019+0000] {dagbag.py:545} INFO - Filling up the DagBag from /home/airflow/.local/lib/python3.12/site-packages/airflow/example_dags/example_time_delta_sensor_async.py
[2024-05-18T22:43:32.031+0000] {processor.py:840} INFO - DAG(s) 'example_time_delta_sensor_async' retrieved from /home/airflow/.local/lib/python3.12/site-packages/airflow/example_dags/example_time_delta_sensor_async.py
[2024-05-18T22:43:32.079+0000] {logging_mixin.py:188} INFO - [2024-05-18T22:43:32.078+0000] {dag.py:3096} INFO - Sync 1 DAGs
[2024-05-18T22:43:32.118+0000] {logging_mixin.py:188} INFO - [2024-05-18T22:43:32.117+0000] {dag.py:3954} INFO - Setting next_dagrun for example_time_delta_sensor_async to None, run_after=None
[2024-05-18T22:43:32.172+0000] {processor.py:183} INFO - Processing /home/airflow/.local/lib/python3.12/site-packages/airflow/example_dags/example_time_delta_sensor_async.py took 0.170 seconds
[2024-05-18T22:44:04.295+0000] {processor.py:161} INFO - Started process (PID=182) to work on /home/airflow/.local/lib/python3.12/site-packages/airflow/example_dags/example_time_delta_sensor_async.py
[2024-05-18T22:44:04.298+0000] {processor.py:830} INFO - Processing file /home/airflow/.local/lib/python3.12/site-packages/airflow/example_dags/example_time_delta_sensor_async.py for tasks to queue
[2024-05-18T22:44:04.306+0000] {logging_mixin.py:188} INFO - [2024-05-18T22:44:04.303+0000] {dagbag.py:545} INFO - Filling up the DagBag from /home/airflow/.local/lib/python3.12/site-packages/airflow/example_dags/example_time_delta_sensor_async.py
[2024-05-18T22:44:04.327+0000] {processor.py:840} INFO - DAG(s) 'example_time_delta_sensor_async' retrieved from /home/airflow/.local/lib/python3.12/site-packages/airflow/example_dags/example_time_delta_sensor_async.py
[2024-05-18T22:44:04.410+0000] {logging_mixin.py:188} INFO - [2024-05-18T22:44:04.409+0000] {dag.py:3096} INFO - Sync 1 DAGs
[2024-05-18T22:44:04.492+0000] {logging_mixin.py:188} INFO - [2024-05-18T22:44:04.492+0000] {dag.py:3954} INFO - Setting next_dagrun for example_time_delta_sensor_async to None, run_after=None
[2024-05-18T22:44:04.596+0000] {processor.py:183} INFO - Processing /home/airflow/.local/lib/python3.12/site-packages/airflow/example_dags/example_time_delta_sensor_async.py took 0.331 seconds
[2024-05-18T22:44:34.859+0000] {processor.py:161} INFO - Started process (PID=240) to work on /home/airflow/.local/lib/python3.12/site-packages/airflow/example_dags/example_time_delta_sensor_async.py
[2024-05-18T22:44:34.861+0000] {processor.py:830} INFO - Processing file /home/airflow/.local/lib/python3.12/site-packages/airflow/example_dags/example_time_delta_sensor_async.py for tasks to queue
[2024-05-18T22:44:34.864+0000] {logging_mixin.py:188} INFO - [2024-05-18T22:44:34.864+0000] {dagbag.py:545} INFO - Filling up the DagBag from /home/airflow/.local/lib/python3.12/site-packages/airflow/example_dags/example_time_delta_sensor_async.py
[2024-05-18T22:44:34.872+0000] {processor.py:840} INFO - DAG(s) 'example_time_delta_sensor_async' retrieved from /home/airflow/.local/lib/python3.12/site-packages/airflow/example_dags/example_time_delta_sensor_async.py
[2024-05-18T22:44:34.912+0000] {logging_mixin.py:188} INFO - [2024-05-18T22:44:34.912+0000] {dag.py:3096} INFO - Sync 1 DAGs
[2024-05-18T22:44:34.942+0000] {logging_mixin.py:188} INFO - [2024-05-18T22:44:34.941+0000] {dag.py:3954} INFO - Setting next_dagrun for example_time_delta_sensor_async to None, run_after=None
[2024-05-18T22:44:34.993+0000] {processor.py:183} INFO - Processing /home/airflow/.local/lib/python3.12/site-packages/airflow/example_dags/example_time_delta_sensor_async.py took 0.145 seconds
[2024-05-18T22:45:05.507+0000] {processor.py:161} INFO - Started process (PID=300) to work on /home/airflow/.local/lib/python3.12/site-packages/airflow/example_dags/example_time_delta_sensor_async.py
[2024-05-18T22:45:05.509+0000] {processor.py:830} INFO - Processing file /home/airflow/.local/lib/python3.12/site-packages/airflow/example_dags/example_time_delta_sensor_async.py for tasks to queue
[2024-05-18T22:45:05.512+0000] {logging_mixin.py:188} INFO - [2024-05-18T22:45:05.512+0000] {dagbag.py:545} INFO - Filling up the DagBag from /home/airflow/.local/lib/python3.12/site-packages/airflow/example_dags/example_time_delta_sensor_async.py
[2024-05-18T22:45:05.519+0000] {processor.py:840} INFO - DAG(s) 'example_time_delta_sensor_async' retrieved from /home/airflow/.local/lib/python3.12/site-packages/airflow/example_dags/example_time_delta_sensor_async.py
[2024-05-18T22:45:05.552+0000] {logging_mixin.py:188} INFO - [2024-05-18T22:45:05.552+0000] {dag.py:3096} INFO - Sync 1 DAGs
[2024-05-18T22:45:05.582+0000] {logging_mixin.py:188} INFO - [2024-05-18T22:45:05.582+0000] {dag.py:3954} INFO - Setting next_dagrun for example_time_delta_sensor_async to None, run_after=None
[2024-05-18T22:45:05.628+0000] {processor.py:183} INFO - Processing /home/airflow/.local/lib/python3.12/site-packages/airflow/example_dags/example_time_delta_sensor_async.py took 0.128 seconds
[2024-05-18T22:45:36.154+0000] {processor.py:161} INFO - Started process (PID=360) to work on /home/airflow/.local/lib/python3.12/site-packages/airflow/example_dags/example_time_delta_sensor_async.py
[2024-05-18T22:45:36.155+0000] {processor.py:830} INFO - Processing file /home/airflow/.local/lib/python3.12/site-packages/airflow/example_dags/example_time_delta_sensor_async.py for tasks to queue
[2024-05-18T22:45:36.158+0000] {logging_mixin.py:188} INFO - [2024-05-18T22:45:36.158+0000] {dagbag.py:545} INFO - Filling up the DagBag from /home/airflow/.local/lib/python3.12/site-packages/airflow/example_dags/example_time_delta_sensor_async.py
[2024-05-18T22:45:36.163+0000] {processor.py:840} INFO - DAG(s) 'example_time_delta_sensor_async' retrieved from /home/airflow/.local/lib/python3.12/site-packages/airflow/example_dags/example_time_delta_sensor_async.py
[2024-05-18T22:45:36.211+0000] {logging_mixin.py:188} INFO - [2024-05-18T22:45:36.210+0000] {dag.py:3096} INFO - Sync 1 DAGs
[2024-05-18T22:45:36.230+0000] {logging_mixin.py:188} INFO - [2024-05-18T22:45:36.230+0000] {dag.py:3954} INFO - Setting next_dagrun for example_time_delta_sensor_async to None, run_after=None
[2024-05-18T22:45:36.263+0000] {processor.py:183} INFO - Processing /home/airflow/.local/lib/python3.12/site-packages/airflow/example_dags/example_time_delta_sensor_async.py took 0.115 seconds
[2024-05-18T22:46:06.655+0000] {processor.py:161} INFO - Started process (PID=420) to work on /home/airflow/.local/lib/python3.12/site-packages/airflow/example_dags/example_time_delta_sensor_async.py
[2024-05-18T22:46:06.657+0000] {processor.py:830} INFO - Processing file /home/airflow/.local/lib/python3.12/site-packages/airflow/example_dags/example_time_delta_sensor_async.py for tasks to queue
[2024-05-18T22:46:06.660+0000] {logging_mixin.py:188} INFO - [2024-05-18T22:46:06.659+0000] {dagbag.py:545} INFO - Filling up the DagBag from /home/airflow/.local/lib/python3.12/site-packages/airflow/example_dags/example_time_delta_sensor_async.py
[2024-05-18T22:46:06.666+0000] {processor.py:840} INFO - DAG(s) 'example_time_delta_sensor_async' retrieved from /home/airflow/.local/lib/python3.12/site-packages/airflow/example_dags/example_time_delta_sensor_async.py
[2024-05-18T22:46:06.694+0000] {logging_mixin.py:188} INFO - [2024-05-18T22:46:06.694+0000] {dag.py:3096} INFO - Sync 1 DAGs
[2024-05-18T22:46:06.714+0000] {logging_mixin.py:188} INFO - [2024-05-18T22:46:06.713+0000] {dag.py:3954} INFO - Setting next_dagrun for example_time_delta_sensor_async to None, run_after=None
[2024-05-18T22:46:06.752+0000] {processor.py:183} INFO - Processing /home/airflow/.local/lib/python3.12/site-packages/airflow/example_dags/example_time_delta_sensor_async.py took 0.108 seconds
[2024-05-18T22:46:39.054+0000] {processor.py:161} INFO - Started process (PID=480) to work on /home/airflow/.local/lib/python3.12/site-packages/airflow/example_dags/example_time_delta_sensor_async.py
[2024-05-18T22:46:39.055+0000] {processor.py:830} INFO - Processing file /home/airflow/.local/lib/python3.12/site-packages/airflow/example_dags/example_time_delta_sensor_async.py for tasks to queue
[2024-05-18T22:46:39.058+0000] {logging_mixin.py:188} INFO - [2024-05-18T22:46:39.058+0000] {dagbag.py:545} INFO - Filling up the DagBag from /home/airflow/.local/lib/python3.12/site-packages/airflow/example_dags/example_time_delta_sensor_async.py
[2024-05-18T22:46:39.067+0000] {processor.py:840} INFO - DAG(s) 'example_time_delta_sensor_async' retrieved from /home/airflow/.local/lib/python3.12/site-packages/airflow/example_dags/example_time_delta_sensor_async.py
[2024-05-18T22:46:39.120+0000] {logging_mixin.py:188} INFO - [2024-05-18T22:46:39.119+0000] {dag.py:3096} INFO - Sync 1 DAGs
[2024-05-18T22:46:39.162+0000] {logging_mixin.py:188} INFO - [2024-05-18T22:46:39.162+0000] {dag.py:3954} INFO - Setting next_dagrun for example_time_delta_sensor_async to None, run_after=None
[2024-05-18T22:46:39.205+0000] {processor.py:183} INFO - Processing /home/airflow/.local/lib/python3.12/site-packages/airflow/example_dags/example_time_delta_sensor_async.py took 0.160 seconds
[2024-05-18T22:47:09.958+0000] {processor.py:161} INFO - Started process (PID=540) to work on /home/airflow/.local/lib/python3.12/site-packages/airflow/example_dags/example_time_delta_sensor_async.py
[2024-05-18T22:47:09.961+0000] {processor.py:830} INFO - Processing file /home/airflow/.local/lib/python3.12/site-packages/airflow/example_dags/example_time_delta_sensor_async.py for tasks to queue
[2024-05-18T22:47:09.965+0000] {logging_mixin.py:188} INFO - [2024-05-18T22:47:09.964+0000] {dagbag.py:545} INFO - Filling up the DagBag from /home/airflow/.local/lib/python3.12/site-packages/airflow/example_dags/example_time_delta_sensor_async.py
[2024-05-18T22:47:09.973+0000] {processor.py:840} INFO - DAG(s) 'example_time_delta_sensor_async' retrieved from /home/airflow/.local/lib/python3.12/site-packages/airflow/example_dags/example_time_delta_sensor_async.py
[2024-05-18T22:47:10.019+0000] {logging_mixin.py:188} INFO - [2024-05-18T22:47:10.018+0000] {dag.py:3096} INFO - Sync 1 DAGs
[2024-05-18T22:47:10.057+0000] {logging_mixin.py:188} INFO - [2024-05-18T22:47:10.056+0000] {dag.py:3954} INFO - Setting next_dagrun for example_time_delta_sensor_async to None, run_after=None
[2024-05-18T22:47:10.113+0000] {processor.py:183} INFO - Processing /home/airflow/.local/lib/python3.12/site-packages/airflow/example_dags/example_time_delta_sensor_async.py took 0.167 seconds
[2024-05-18T22:47:41.202+0000] {processor.py:161} INFO - Started process (PID=600) to work on /home/airflow/.local/lib/python3.12/site-packages/airflow/example_dags/example_time_delta_sensor_async.py
[2024-05-18T22:47:41.205+0000] {processor.py:830} INFO - Processing file /home/airflow/.local/lib/python3.12/site-packages/airflow/example_dags/example_time_delta_sensor_async.py for tasks to queue
[2024-05-18T22:47:41.209+0000] {logging_mixin.py:188} INFO - [2024-05-18T22:47:41.208+0000] {dagbag.py:545} INFO - Filling up the DagBag from /home/airflow/.local/lib/python3.12/site-packages/airflow/example_dags/example_time_delta_sensor_async.py
[2024-05-18T22:47:41.218+0000] {processor.py:840} INFO - DAG(s) 'example_time_delta_sensor_async' retrieved from /home/airflow/.local/lib/python3.12/site-packages/airflow/example_dags/example_time_delta_sensor_async.py
[2024-05-18T22:47:41.271+0000] {logging_mixin.py:188} INFO - [2024-05-18T22:47:41.271+0000] {dag.py:3096} INFO - Sync 1 DAGs
[2024-05-18T22:47:41.304+0000] {logging_mixin.py:188} INFO - [2024-05-18T22:47:41.303+0000] {dag.py:3954} INFO - Setting next_dagrun for example_time_delta_sensor_async to None, run_after=None
[2024-05-18T22:47:41.345+0000] {processor.py:183} INFO - Processing /home/airflow/.local/lib/python3.12/site-packages/airflow/example_dags/example_time_delta_sensor_async.py took 0.154 seconds
[2024-05-18T22:48:14.843+0000] {processor.py:161} INFO - Started process (PID=660) to work on /home/airflow/.local/lib/python3.12/site-packages/airflow/example_dags/example_time_delta_sensor_async.py
[2024-05-18T22:48:14.847+0000] {processor.py:830} INFO - Processing file /home/airflow/.local/lib/python3.12/site-packages/airflow/example_dags/example_time_delta_sensor_async.py for tasks to queue
[2024-05-18T22:48:14.852+0000] {logging_mixin.py:188} INFO - [2024-05-18T22:48:14.851+0000] {dagbag.py:545} INFO - Filling up the DagBag from /home/airflow/.local/lib/python3.12/site-packages/airflow/example_dags/example_time_delta_sensor_async.py
[2024-05-18T22:48:14.869+0000] {processor.py:840} INFO - DAG(s) 'example_time_delta_sensor_async' retrieved from /home/airflow/.local/lib/python3.12/site-packages/airflow/example_dags/example_time_delta_sensor_async.py
[2024-05-18T22:48:14.958+0000] {logging_mixin.py:188} INFO - [2024-05-18T22:48:14.958+0000] {dag.py:3096} INFO - Sync 1 DAGs
[2024-05-18T22:48:15.060+0000] {logging_mixin.py:188} INFO - [2024-05-18T22:48:15.059+0000] {dag.py:3954} INFO - Setting next_dagrun for example_time_delta_sensor_async to None, run_after=None
[2024-05-18T22:48:15.218+0000] {processor.py:183} INFO - Processing /home/airflow/.local/lib/python3.12/site-packages/airflow/example_dags/example_time_delta_sensor_async.py took 0.390 seconds
[2024-05-18T22:48:48.189+0000] {processor.py:161} INFO - Started process (PID=726) to work on /home/airflow/.local/lib/python3.12/site-packages/airflow/example_dags/example_time_delta_sensor_async.py
[2024-05-18T22:48:48.215+0000] {processor.py:830} INFO - Processing file /home/airflow/.local/lib/python3.12/site-packages/airflow/example_dags/example_time_delta_sensor_async.py for tasks to queue
[2024-05-18T22:48:48.320+0000] {logging_mixin.py:188} INFO - [2024-05-18T22:48:48.303+0000] {dagbag.py:545} INFO - Filling up the DagBag from /home/airflow/.local/lib/python3.12/site-packages/airflow/example_dags/example_time_delta_sensor_async.py
[2024-05-18T22:48:48.455+0000] {processor.py:840} INFO - DAG(s) 'example_time_delta_sensor_async' retrieved from /home/airflow/.local/lib/python3.12/site-packages/airflow/example_dags/example_time_delta_sensor_async.py
[2024-05-18T22:48:48.552+0000] {logging_mixin.py:188} INFO - [2024-05-18T22:48:48.551+0000] {dag.py:3096} INFO - Sync 1 DAGs
[2024-05-18T22:48:48.637+0000] {logging_mixin.py:188} INFO - [2024-05-18T22:48:48.636+0000] {dag.py:3954} INFO - Setting next_dagrun for example_time_delta_sensor_async to None, run_after=None
[2024-05-18T22:48:48.738+0000] {processor.py:183} INFO - Processing /home/airflow/.local/lib/python3.12/site-packages/airflow/example_dags/example_time_delta_sensor_async.py took 0.919 seconds
[2024-05-18T22:49:19.576+0000] {processor.py:161} INFO - Started process (PID=785) to work on /home/airflow/.local/lib/python3.12/site-packages/airflow/example_dags/example_time_delta_sensor_async.py
[2024-05-18T22:49:19.578+0000] {processor.py:830} INFO - Processing file /home/airflow/.local/lib/python3.12/site-packages/airflow/example_dags/example_time_delta_sensor_async.py for tasks to queue
[2024-05-18T22:49:19.583+0000] {logging_mixin.py:188} INFO - [2024-05-18T22:49:19.582+0000] {dagbag.py:545} INFO - Filling up the DagBag from /home/airflow/.local/lib/python3.12/site-packages/airflow/example_dags/example_time_delta_sensor_async.py
[2024-05-18T22:49:19.588+0000] {processor.py:840} INFO - DAG(s) 'example_time_delta_sensor_async' retrieved from /home/airflow/.local/lib/python3.12/site-packages/airflow/example_dags/example_time_delta_sensor_async.py
[2024-05-18T22:49:19.618+0000] {logging_mixin.py:188} INFO - [2024-05-18T22:49:19.618+0000] {dag.py:3096} INFO - Sync 1 DAGs
[2024-05-18T22:49:19.640+0000] {logging_mixin.py:188} INFO - [2024-05-18T22:49:19.640+0000] {dag.py:3954} INFO - Setting next_dagrun for example_time_delta_sensor_async to None, run_after=None
[2024-05-18T22:49:19.675+0000] {processor.py:183} INFO - Processing /home/airflow/.local/lib/python3.12/site-packages/airflow/example_dags/example_time_delta_sensor_async.py took 0.106 seconds
[2024-05-18T22:49:49.875+0000] {processor.py:161} INFO - Started process (PID=845) to work on /home/airflow/.local/lib/python3.12/site-packages/airflow/example_dags/example_time_delta_sensor_async.py
[2024-05-18T22:49:49.877+0000] {processor.py:830} INFO - Processing file /home/airflow/.local/lib/python3.12/site-packages/airflow/example_dags/example_time_delta_sensor_async.py for tasks to queue
[2024-05-18T22:49:49.880+0000] {logging_mixin.py:188} INFO - [2024-05-18T22:49:49.880+0000] {dagbag.py:545} INFO - Filling up the DagBag from /home/airflow/.local/lib/python3.12/site-packages/airflow/example_dags/example_time_delta_sensor_async.py
[2024-05-18T22:49:49.885+0000] {processor.py:840} INFO - DAG(s) 'example_time_delta_sensor_async' retrieved from /home/airflow/.local/lib/python3.12/site-packages/airflow/example_dags/example_time_delta_sensor_async.py
[2024-05-18T22:49:49.919+0000] {logging_mixin.py:188} INFO - [2024-05-18T22:49:49.919+0000] {dag.py:3096} INFO - Sync 1 DAGs
[2024-05-18T22:49:49.940+0000] {logging_mixin.py:188} INFO - [2024-05-18T22:49:49.940+0000] {dag.py:3954} INFO - Setting next_dagrun for example_time_delta_sensor_async to None, run_after=None
[2024-05-18T22:49:49.977+0000] {processor.py:183} INFO - Processing /home/airflow/.local/lib/python3.12/site-packages/airflow/example_dags/example_time_delta_sensor_async.py took 0.108 seconds
[2024-05-18T22:50:20.122+0000] {processor.py:161} INFO - Started process (PID=905) to work on /home/airflow/.local/lib/python3.12/site-packages/airflow/example_dags/example_time_delta_sensor_async.py
[2024-05-18T22:50:20.124+0000] {processor.py:830} INFO - Processing file /home/airflow/.local/lib/python3.12/site-packages/airflow/example_dags/example_time_delta_sensor_async.py for tasks to queue
[2024-05-18T22:50:20.127+0000] {logging_mixin.py:188} INFO - [2024-05-18T22:50:20.126+0000] {dagbag.py:545} INFO - Filling up the DagBag from /home/airflow/.local/lib/python3.12/site-packages/airflow/example_dags/example_time_delta_sensor_async.py
[2024-05-18T22:50:20.134+0000] {processor.py:840} INFO - DAG(s) 'example_time_delta_sensor_async' retrieved from /home/airflow/.local/lib/python3.12/site-packages/airflow/example_dags/example_time_delta_sensor_async.py
[2024-05-18T22:50:20.165+0000] {logging_mixin.py:188} INFO - [2024-05-18T22:50:20.164+0000] {dag.py:3096} INFO - Sync 1 DAGs
[2024-05-18T22:50:20.184+0000] {logging_mixin.py:188} INFO - [2024-05-18T22:50:20.184+0000] {dag.py:3954} INFO - Setting next_dagrun for example_time_delta_sensor_async to None, run_after=None
[2024-05-18T22:50:20.221+0000] {processor.py:183} INFO - Processing /home/airflow/.local/lib/python3.12/site-packages/airflow/example_dags/example_time_delta_sensor_async.py took 0.106 seconds
[2024-05-18T22:50:50.591+0000] {processor.py:161} INFO - Started process (PID=966) to work on /home/airflow/.local/lib/python3.12/site-packages/airflow/example_dags/example_time_delta_sensor_async.py
[2024-05-18T22:50:50.605+0000] {processor.py:830} INFO - Processing file /home/airflow/.local/lib/python3.12/site-packages/airflow/example_dags/example_time_delta_sensor_async.py for tasks to queue
[2024-05-18T22:50:50.613+0000] {logging_mixin.py:188} INFO - [2024-05-18T22:50:50.611+0000] {dagbag.py:545} INFO - Filling up the DagBag from /home/airflow/.local/lib/python3.12/site-packages/airflow/example_dags/example_time_delta_sensor_async.py
[2024-05-18T22:50:50.645+0000] {processor.py:840} INFO - DAG(s) 'example_time_delta_sensor_async' retrieved from /home/airflow/.local/lib/python3.12/site-packages/airflow/example_dags/example_time_delta_sensor_async.py
[2024-05-18T22:50:50.797+0000] {logging_mixin.py:188} INFO - [2024-05-18T22:50:50.796+0000] {dag.py:3096} INFO - Sync 1 DAGs
[2024-05-18T22:50:50.920+0000] {logging_mixin.py:188} INFO - [2024-05-18T22:50:50.918+0000] {dag.py:3954} INFO - Setting next_dagrun for example_time_delta_sensor_async to None, run_after=None
[2024-05-18T22:50:51.100+0000] {processor.py:183} INFO - Processing /home/airflow/.local/lib/python3.12/site-packages/airflow/example_dags/example_time_delta_sensor_async.py took 0.549 seconds
[2024-05-18T22:51:21.992+0000] {processor.py:161} INFO - Started process (PID=1026) to work on /home/airflow/.local/lib/python3.12/site-packages/airflow/example_dags/example_time_delta_sensor_async.py
[2024-05-18T22:51:21.994+0000] {processor.py:830} INFO - Processing file /home/airflow/.local/lib/python3.12/site-packages/airflow/example_dags/example_time_delta_sensor_async.py for tasks to queue
[2024-05-18T22:51:21.999+0000] {logging_mixin.py:188} INFO - [2024-05-18T22:51:21.998+0000] {dagbag.py:545} INFO - Filling up the DagBag from /home/airflow/.local/lib/python3.12/site-packages/airflow/example_dags/example_time_delta_sensor_async.py
[2024-05-18T22:51:22.009+0000] {processor.py:840} INFO - DAG(s) 'example_time_delta_sensor_async' retrieved from /home/airflow/.local/lib/python3.12/site-packages/airflow/example_dags/example_time_delta_sensor_async.py
[2024-05-18T22:51:22.053+0000] {logging_mixin.py:188} INFO - [2024-05-18T22:51:22.053+0000] {dag.py:3096} INFO - Sync 1 DAGs
[2024-05-18T22:51:22.091+0000] {logging_mixin.py:188} INFO - [2024-05-18T22:51:22.089+0000] {dag.py:3954} INFO - Setting next_dagrun for example_time_delta_sensor_async to None, run_after=None
[2024-05-18T22:51:22.142+0000] {processor.py:183} INFO - Processing /home/airflow/.local/lib/python3.12/site-packages/airflow/example_dags/example_time_delta_sensor_async.py took 0.160 seconds
[2024-05-18T22:51:52.844+0000] {processor.py:161} INFO - Started process (PID=1086) to work on /home/airflow/.local/lib/python3.12/site-packages/airflow/example_dags/example_time_delta_sensor_async.py
[2024-05-18T22:51:52.846+0000] {processor.py:830} INFO - Processing file /home/airflow/.local/lib/python3.12/site-packages/airflow/example_dags/example_time_delta_sensor_async.py for tasks to queue
[2024-05-18T22:51:52.851+0000] {logging_mixin.py:188} INFO - [2024-05-18T22:51:52.849+0000] {dagbag.py:545} INFO - Filling up the DagBag from /home/airflow/.local/lib/python3.12/site-packages/airflow/example_dags/example_time_delta_sensor_async.py
[2024-05-18T22:51:52.857+0000] {processor.py:840} INFO - DAG(s) 'example_time_delta_sensor_async' retrieved from /home/airflow/.local/lib/python3.12/site-packages/airflow/example_dags/example_time_delta_sensor_async.py
[2024-05-18T22:51:52.886+0000] {logging_mixin.py:188} INFO - [2024-05-18T22:51:52.885+0000] {dag.py:3096} INFO - Sync 1 DAGs
[2024-05-18T22:51:52.904+0000] {logging_mixin.py:188} INFO - [2024-05-18T22:51:52.904+0000] {dag.py:3954} INFO - Setting next_dagrun for example_time_delta_sensor_async to None, run_after=None
[2024-05-18T22:51:52.936+0000] {processor.py:183} INFO - Processing /home/airflow/.local/lib/python3.12/site-packages/airflow/example_dags/example_time_delta_sensor_async.py took 0.098 seconds
[2024-05-18T22:52:23.586+0000] {processor.py:161} INFO - Started process (PID=1146) to work on /home/airflow/.local/lib/python3.12/site-packages/airflow/example_dags/example_time_delta_sensor_async.py
[2024-05-18T22:52:23.588+0000] {processor.py:830} INFO - Processing file /home/airflow/.local/lib/python3.12/site-packages/airflow/example_dags/example_time_delta_sensor_async.py for tasks to queue
[2024-05-18T22:52:23.594+0000] {logging_mixin.py:188} INFO - [2024-05-18T22:52:23.593+0000] {dagbag.py:545} INFO - Filling up the DagBag from /home/airflow/.local/lib/python3.12/site-packages/airflow/example_dags/example_time_delta_sensor_async.py
[2024-05-18T22:52:23.602+0000] {processor.py:840} INFO - DAG(s) 'example_time_delta_sensor_async' retrieved from /home/airflow/.local/lib/python3.12/site-packages/airflow/example_dags/example_time_delta_sensor_async.py
[2024-05-18T22:52:23.653+0000] {logging_mixin.py:188} INFO - [2024-05-18T22:52:23.652+0000] {dag.py:3096} INFO - Sync 1 DAGs
[2024-05-18T22:52:23.698+0000] {logging_mixin.py:188} INFO - [2024-05-18T22:52:23.698+0000] {dag.py:3954} INFO - Setting next_dagrun for example_time_delta_sensor_async to None, run_after=None
[2024-05-18T22:52:23.761+0000] {processor.py:183} INFO - Processing /home/airflow/.local/lib/python3.12/site-packages/airflow/example_dags/example_time_delta_sensor_async.py took 0.185 seconds
