[2024-05-18T22:42:58.099+0000] {processor.py:161} INFO - Started process (PID=68) to work on /home/airflow/.local/lib/python3.12/site-packages/airflow/example_dags/example_datasets.py
[2024-05-18T22:42:58.103+0000] {processor.py:830} INFO - Processing file /home/airflow/.local/lib/python3.12/site-packages/airflow/example_dags/example_datasets.py for tasks to queue
[2024-05-18T22:42:58.116+0000] {logging_mixin.py:188} INFO - [2024-05-18T22:42:58.115+0000] {dagbag.py:545} INFO - Filling up the DagBag from /home/airflow/.local/lib/python3.12/site-packages/airflow/example_dags/example_datasets.py
[2024-05-18T22:42:58.261+0000] {processor.py:840} INFO - DAG(s) 'dataset_consumes_1_never_scheduled', 'dataset_produces_2', 'dataset_produces_1', 'dataset_consumes_unknown_never_scheduled', 'conditional_dataset_and_time_based_timetable', 'consume_1_or_2_with_dataset_expressions', 'consume_1_and_2_with_dataset_expressions', 'dataset_consumes_1_and_2', 'dataset_consumes_1', 'consume_1_or_both_2_and_3_with_dataset_expressions' retrieved from /home/airflow/.local/lib/python3.12/site-packages/airflow/example_dags/example_datasets.py
[2024-05-18T22:42:58.930+0000] {logging_mixin.py:188} INFO - [2024-05-18T22:42:58.927+0000] {override.py:1829} INFO - Created Permission View: can read on DAG:dataset_consumes_1_never_scheduled
[2024-05-18T22:42:59.027+0000] {logging_mixin.py:188} INFO - [2024-05-18T22:42:59.026+0000] {override.py:1829} INFO - Created Permission View: can edit on DAG:dataset_consumes_1_never_scheduled
[2024-05-18T22:42:59.085+0000] {logging_mixin.py:188} INFO - [2024-05-18T22:42:59.083+0000] {override.py:1829} INFO - Created Permission View: can delete on DAG:dataset_consumes_1_never_scheduled
[2024-05-18T22:42:59.155+0000] {logging_mixin.py:188} INFO - [2024-05-18T22:42:59.152+0000] {override.py:1829} INFO - Created Permission View: can read on DAG:dataset_produces_2
[2024-05-18T22:42:59.210+0000] {logging_mixin.py:188} INFO - [2024-05-18T22:42:59.210+0000] {override.py:1829} INFO - Created Permission View: can edit on DAG:dataset_produces_2
[2024-05-18T22:42:59.245+0000] {logging_mixin.py:188} INFO - [2024-05-18T22:42:59.243+0000] {override.py:1829} INFO - Created Permission View: can delete on DAG:dataset_produces_2
[2024-05-18T22:42:59.313+0000] {logging_mixin.py:188} INFO - [2024-05-18T22:42:59.312+0000] {override.py:1829} INFO - Created Permission View: can read on DAG:dataset_produces_1
[2024-05-18T22:42:59.346+0000] {logging_mixin.py:188} INFO - [2024-05-18T22:42:59.344+0000] {override.py:1829} INFO - Created Permission View: can edit on DAG:dataset_produces_1
[2024-05-18T22:42:59.380+0000] {logging_mixin.py:188} INFO - [2024-05-18T22:42:59.378+0000] {override.py:1829} INFO - Created Permission View: can delete on DAG:dataset_produces_1
[2024-05-18T22:42:59.444+0000] {logging_mixin.py:188} INFO - [2024-05-18T22:42:59.443+0000] {override.py:1829} INFO - Created Permission View: can read on DAG:dataset_consumes_unknown_never_scheduled
[2024-05-18T22:42:59.502+0000] {logging_mixin.py:188} INFO - [2024-05-18T22:42:59.501+0000] {override.py:1829} INFO - Created Permission View: can edit on DAG:dataset_consumes_unknown_never_scheduled
[2024-05-18T22:42:59.535+0000] {logging_mixin.py:188} INFO - [2024-05-18T22:42:59.534+0000] {override.py:1829} INFO - Created Permission View: can delete on DAG:dataset_consumes_unknown_never_scheduled
[2024-05-18T22:42:59.590+0000] {logging_mixin.py:188} INFO - [2024-05-18T22:42:59.589+0000] {override.py:1829} INFO - Created Permission View: can read on DAG:conditional_dataset_and_time_based_timetable
[2024-05-18T22:42:59.620+0000] {logging_mixin.py:188} INFO - [2024-05-18T22:42:59.619+0000] {override.py:1829} INFO - Created Permission View: can edit on DAG:conditional_dataset_and_time_based_timetable
[2024-05-18T22:42:59.648+0000] {logging_mixin.py:188} INFO - [2024-05-18T22:42:59.647+0000] {override.py:1829} INFO - Created Permission View: can delete on DAG:conditional_dataset_and_time_based_timetable
[2024-05-18T22:42:59.727+0000] {logging_mixin.py:188} INFO - [2024-05-18T22:42:59.726+0000] {override.py:1829} INFO - Created Permission View: can read on DAG:consume_1_or_2_with_dataset_expressions
[2024-05-18T22:42:59.756+0000] {logging_mixin.py:188} INFO - [2024-05-18T22:42:59.755+0000] {override.py:1829} INFO - Created Permission View: can edit on DAG:consume_1_or_2_with_dataset_expressions
[2024-05-18T22:42:59.786+0000] {logging_mixin.py:188} INFO - [2024-05-18T22:42:59.784+0000] {override.py:1829} INFO - Created Permission View: can delete on DAG:consume_1_or_2_with_dataset_expressions
[2024-05-18T22:42:59.843+0000] {logging_mixin.py:188} INFO - [2024-05-18T22:42:59.842+0000] {override.py:1829} INFO - Created Permission View: can read on DAG:consume_1_and_2_with_dataset_expressions
[2024-05-18T22:42:59.868+0000] {logging_mixin.py:188} INFO - [2024-05-18T22:42:59.867+0000] {override.py:1829} INFO - Created Permission View: can edit on DAG:consume_1_and_2_with_dataset_expressions
[2024-05-18T22:42:59.904+0000] {logging_mixin.py:188} INFO - [2024-05-18T22:42:59.903+0000] {override.py:1829} INFO - Created Permission View: can delete on DAG:consume_1_and_2_with_dataset_expressions
[2024-05-18T22:42:59.969+0000] {logging_mixin.py:188} INFO - [2024-05-18T22:42:59.968+0000] {override.py:1829} INFO - Created Permission View: can read on DAG:dataset_consumes_1_and_2
[2024-05-18T22:43:00.003+0000] {logging_mixin.py:188} INFO - [2024-05-18T22:43:00.002+0000] {override.py:1829} INFO - Created Permission View: can edit on DAG:dataset_consumes_1_and_2
[2024-05-18T22:43:00.049+0000] {logging_mixin.py:188} INFO - [2024-05-18T22:43:00.048+0000] {override.py:1829} INFO - Created Permission View: can delete on DAG:dataset_consumes_1_and_2
[2024-05-18T22:43:00.159+0000] {logging_mixin.py:188} INFO - [2024-05-18T22:43:00.158+0000] {override.py:1829} INFO - Created Permission View: can read on DAG:dataset_consumes_1
[2024-05-18T22:43:00.203+0000] {logging_mixin.py:188} INFO - [2024-05-18T22:43:00.201+0000] {override.py:1829} INFO - Created Permission View: can edit on DAG:dataset_consumes_1
[2024-05-18T22:43:00.239+0000] {logging_mixin.py:188} INFO - [2024-05-18T22:43:00.237+0000] {override.py:1829} INFO - Created Permission View: can delete on DAG:dataset_consumes_1
[2024-05-18T22:43:00.313+0000] {logging_mixin.py:188} INFO - [2024-05-18T22:43:00.311+0000] {override.py:1829} INFO - Created Permission View: can read on DAG:consume_1_or_both_2_and_3_with_dataset_expressions
[2024-05-18T22:43:00.358+0000] {logging_mixin.py:188} INFO - [2024-05-18T22:43:00.357+0000] {override.py:1829} INFO - Created Permission View: can edit on DAG:consume_1_or_both_2_and_3_with_dataset_expressions
[2024-05-18T22:43:00.392+0000] {logging_mixin.py:188} INFO - [2024-05-18T22:43:00.391+0000] {override.py:1829} INFO - Created Permission View: can delete on DAG:consume_1_or_both_2_and_3_with_dataset_expressions
[2024-05-18T22:43:00.396+0000] {logging_mixin.py:188} INFO - [2024-05-18T22:43:00.395+0000] {dag.py:3096} INFO - Sync 10 DAGs
[2024-05-18T22:43:00.478+0000] {logging_mixin.py:188} INFO - [2024-05-18T22:43:00.477+0000] {dag.py:3118} INFO - Creating ORM DAG for consume_1_or_2_with_dataset_expressions
[2024-05-18T22:43:00.483+0000] {logging_mixin.py:188} INFO - [2024-05-18T22:43:00.482+0000] {dag.py:3118} INFO - Creating ORM DAG for dataset_produces_1
[2024-05-18T22:43:00.487+0000] {logging_mixin.py:188} INFO - [2024-05-18T22:43:00.486+0000] {dag.py:3118} INFO - Creating ORM DAG for dataset_consumes_unknown_never_scheduled
[2024-05-18T22:43:00.491+0000] {logging_mixin.py:188} INFO - [2024-05-18T22:43:00.490+0000] {dag.py:3118} INFO - Creating ORM DAG for dataset_consumes_1
[2024-05-18T22:43:00.495+0000] {logging_mixin.py:188} INFO - [2024-05-18T22:43:00.495+0000] {dag.py:3118} INFO - Creating ORM DAG for dataset_consumes_1_and_2
[2024-05-18T22:43:00.500+0000] {logging_mixin.py:188} INFO - [2024-05-18T22:43:00.499+0000] {dag.py:3118} INFO - Creating ORM DAG for dataset_produces_2
[2024-05-18T22:43:00.505+0000] {logging_mixin.py:188} INFO - [2024-05-18T22:43:00.504+0000] {dag.py:3118} INFO - Creating ORM DAG for conditional_dataset_and_time_based_timetable
[2024-05-18T22:43:00.509+0000] {logging_mixin.py:188} INFO - [2024-05-18T22:43:00.508+0000] {dag.py:3118} INFO - Creating ORM DAG for dataset_consumes_1_never_scheduled
[2024-05-18T22:43:00.513+0000] {logging_mixin.py:188} INFO - [2024-05-18T22:43:00.512+0000] {dag.py:3118} INFO - Creating ORM DAG for consume_1_or_both_2_and_3_with_dataset_expressions
[2024-05-18T22:43:00.517+0000] {logging_mixin.py:188} INFO - [2024-05-18T22:43:00.516+0000] {dag.py:3118} INFO - Creating ORM DAG for consume_1_and_2_with_dataset_expressions
[2024-05-18T22:43:00.589+0000] {logging_mixin.py:188} INFO - [2024-05-18T22:43:00.588+0000] {dag.py:3954} INFO - Setting next_dagrun for conditional_dataset_and_time_based_timetable to 2024-05-15 01:00:00+00:00, run_after=2024-05-15 01:00:00+00:00
[2024-05-18T22:43:00.593+0000] {logging_mixin.py:188} INFO - [2024-05-18T22:43:00.592+0000] {dag.py:3954} INFO - Setting next_dagrun for consume_1_and_2_with_dataset_expressions to None, run_after=None
[2024-05-18T22:43:00.596+0000] {logging_mixin.py:188} INFO - [2024-05-18T22:43:00.596+0000] {dag.py:3954} INFO - Setting next_dagrun for consume_1_or_2_with_dataset_expressions to None, run_after=None
[2024-05-18T22:43:00.600+0000] {logging_mixin.py:188} INFO - [2024-05-18T22:43:00.599+0000] {dag.py:3954} INFO - Setting next_dagrun for consume_1_or_both_2_and_3_with_dataset_expressions to None, run_after=None
[2024-05-18T22:43:00.605+0000] {logging_mixin.py:188} INFO - [2024-05-18T22:43:00.604+0000] {dag.py:3954} INFO - Setting next_dagrun for dataset_consumes_1 to None, run_after=None
[2024-05-18T22:43:00.609+0000] {logging_mixin.py:188} INFO - [2024-05-18T22:43:00.608+0000] {dag.py:3954} INFO - Setting next_dagrun for dataset_consumes_1_and_2 to None, run_after=None
[2024-05-18T22:43:00.613+0000] {logging_mixin.py:188} INFO - [2024-05-18T22:43:00.612+0000] {dag.py:3954} INFO - Setting next_dagrun for dataset_consumes_1_never_scheduled to None, run_after=None
[2024-05-18T22:43:00.616+0000] {logging_mixin.py:188} INFO - [2024-05-18T22:43:00.615+0000] {dag.py:3954} INFO - Setting next_dagrun for dataset_consumes_unknown_never_scheduled to None, run_after=None
[2024-05-18T22:43:00.628+0000] {logging_mixin.py:188} INFO - [2024-05-18T22:43:00.627+0000] {dag.py:3954} INFO - Setting next_dagrun for dataset_produces_1 to 2024-05-17 00:00:00+00:00, run_after=2024-05-18 00:00:00+00:00
[2024-05-18T22:43:00.632+0000] {logging_mixin.py:188} INFO - [2024-05-18T22:43:00.631+0000] {dag.py:3954} INFO - Setting next_dagrun for dataset_produces_2 to None, run_after=None
[2024-05-18T22:43:00.884+0000] {processor.py:183} INFO - Processing /home/airflow/.local/lib/python3.12/site-packages/airflow/example_dags/example_datasets.py took 2.820 seconds
[2024-05-18T22:43:33.059+0000] {processor.py:161} INFO - Started process (PID=128) to work on /home/airflow/.local/lib/python3.12/site-packages/airflow/example_dags/example_datasets.py
[2024-05-18T22:43:33.062+0000] {processor.py:830} INFO - Processing file /home/airflow/.local/lib/python3.12/site-packages/airflow/example_dags/example_datasets.py for tasks to queue
[2024-05-18T22:43:33.066+0000] {logging_mixin.py:188} INFO - [2024-05-18T22:43:33.065+0000] {dagbag.py:545} INFO - Filling up the DagBag from /home/airflow/.local/lib/python3.12/site-packages/airflow/example_dags/example_datasets.py
[2024-05-18T22:43:33.115+0000] {processor.py:840} INFO - DAG(s) 'consume_1_or_2_with_dataset_expressions', 'dataset_produces_1', 'dataset_produces_2', 'dataset_consumes_unknown_never_scheduled', 'conditional_dataset_and_time_based_timetable', 'dataset_consumes_1', 'dataset_consumes_1_never_scheduled', 'consume_1_and_2_with_dataset_expressions', 'dataset_consumes_1_and_2', 'consume_1_or_both_2_and_3_with_dataset_expressions' retrieved from /home/airflow/.local/lib/python3.12/site-packages/airflow/example_dags/example_datasets.py
[2024-05-18T22:43:33.324+0000] {logging_mixin.py:188} INFO - [2024-05-18T22:43:33.323+0000] {dag.py:3096} INFO - Sync 10 DAGs
[2024-05-18T22:43:33.484+0000] {logging_mixin.py:188} INFO - [2024-05-18T22:43:33.483+0000] {dag.py:3954} INFO - Setting next_dagrun for conditional_dataset_and_time_based_timetable to 2024-05-15 01:00:00+00:00, run_after=2024-05-15 01:00:00+00:00
[2024-05-18T22:43:33.505+0000] {logging_mixin.py:188} INFO - [2024-05-18T22:43:33.501+0000] {dag.py:3954} INFO - Setting next_dagrun for consume_1_and_2_with_dataset_expressions to None, run_after=None
[2024-05-18T22:43:33.515+0000] {logging_mixin.py:188} INFO - [2024-05-18T22:43:33.514+0000] {dag.py:3954} INFO - Setting next_dagrun for consume_1_or_2_with_dataset_expressions to None, run_after=None
[2024-05-18T22:43:33.523+0000] {logging_mixin.py:188} INFO - [2024-05-18T22:43:33.522+0000] {dag.py:3954} INFO - Setting next_dagrun for consume_1_or_both_2_and_3_with_dataset_expressions to None, run_after=None
[2024-05-18T22:43:33.534+0000] {logging_mixin.py:188} INFO - [2024-05-18T22:43:33.531+0000] {dag.py:3954} INFO - Setting next_dagrun for dataset_consumes_1 to None, run_after=None
[2024-05-18T22:43:33.542+0000] {logging_mixin.py:188} INFO - [2024-05-18T22:43:33.541+0000] {dag.py:3954} INFO - Setting next_dagrun for dataset_consumes_1_and_2 to None, run_after=None
[2024-05-18T22:43:33.548+0000] {logging_mixin.py:188} INFO - [2024-05-18T22:43:33.548+0000] {dag.py:3954} INFO - Setting next_dagrun for dataset_consumes_1_never_scheduled to None, run_after=None
[2024-05-18T22:43:33.558+0000] {logging_mixin.py:188} INFO - [2024-05-18T22:43:33.557+0000] {dag.py:3954} INFO - Setting next_dagrun for dataset_consumes_unknown_never_scheduled to None, run_after=None
[2024-05-18T22:43:33.579+0000] {logging_mixin.py:188} INFO - [2024-05-18T22:43:33.578+0000] {dag.py:3954} INFO - Setting next_dagrun for dataset_produces_1 to 2024-05-17 00:00:00+00:00, run_after=2024-05-18 00:00:00+00:00
[2024-05-18T22:43:33.590+0000] {logging_mixin.py:188} INFO - [2024-05-18T22:43:33.589+0000] {dag.py:3954} INFO - Setting next_dagrun for dataset_produces_2 to None, run_after=None
[2024-05-18T22:43:33.784+0000] {processor.py:183} INFO - Processing /home/airflow/.local/lib/python3.12/site-packages/airflow/example_dags/example_datasets.py took 0.740 seconds
[2024-05-18T22:44:05.432+0000] {processor.py:161} INFO - Started process (PID=189) to work on /home/airflow/.local/lib/python3.12/site-packages/airflow/example_dags/example_datasets.py
[2024-05-18T22:44:05.435+0000] {processor.py:830} INFO - Processing file /home/airflow/.local/lib/python3.12/site-packages/airflow/example_dags/example_datasets.py for tasks to queue
[2024-05-18T22:44:05.439+0000] {logging_mixin.py:188} INFO - [2024-05-18T22:44:05.438+0000] {dagbag.py:545} INFO - Filling up the DagBag from /home/airflow/.local/lib/python3.12/site-packages/airflow/example_dags/example_datasets.py
[2024-05-18T22:44:05.492+0000] {processor.py:840} INFO - DAG(s) 'dataset_consumes_1_and_2', 'consume_1_and_2_with_dataset_expressions', 'dataset_consumes_1', 'dataset_produces_1', 'consume_1_or_2_with_dataset_expressions', 'dataset_produces_2', 'dataset_consumes_1_never_scheduled', 'dataset_consumes_unknown_never_scheduled', 'conditional_dataset_and_time_based_timetable', 'consume_1_or_both_2_and_3_with_dataset_expressions' retrieved from /home/airflow/.local/lib/python3.12/site-packages/airflow/example_dags/example_datasets.py
[2024-05-18T22:44:05.668+0000] {logging_mixin.py:188} INFO - [2024-05-18T22:44:05.667+0000] {dag.py:3096} INFO - Sync 10 DAGs
[2024-05-18T22:44:05.740+0000] {logging_mixin.py:188} INFO - [2024-05-18T22:44:05.740+0000] {dag.py:3954} INFO - Setting next_dagrun for conditional_dataset_and_time_based_timetable to 2024-05-15 01:00:00+00:00, run_after=2024-05-15 01:00:00+00:00
[2024-05-18T22:44:05.755+0000] {logging_mixin.py:188} INFO - [2024-05-18T22:44:05.755+0000] {dag.py:3954} INFO - Setting next_dagrun for consume_1_and_2_with_dataset_expressions to None, run_after=None
[2024-05-18T22:44:05.761+0000] {logging_mixin.py:188} INFO - [2024-05-18T22:44:05.761+0000] {dag.py:3954} INFO - Setting next_dagrun for consume_1_or_2_with_dataset_expressions to None, run_after=None
[2024-05-18T22:44:05.767+0000] {logging_mixin.py:188} INFO - [2024-05-18T22:44:05.766+0000] {dag.py:3954} INFO - Setting next_dagrun for consume_1_or_both_2_and_3_with_dataset_expressions to None, run_after=None
[2024-05-18T22:44:05.774+0000] {logging_mixin.py:188} INFO - [2024-05-18T22:44:05.773+0000] {dag.py:3954} INFO - Setting next_dagrun for dataset_consumes_1 to None, run_after=None
[2024-05-18T22:44:05.778+0000] {logging_mixin.py:188} INFO - [2024-05-18T22:44:05.777+0000] {dag.py:3954} INFO - Setting next_dagrun for dataset_consumes_1_and_2 to None, run_after=None
[2024-05-18T22:44:05.782+0000] {logging_mixin.py:188} INFO - [2024-05-18T22:44:05.782+0000] {dag.py:3954} INFO - Setting next_dagrun for dataset_consumes_1_never_scheduled to None, run_after=None
[2024-05-18T22:44:05.786+0000] {logging_mixin.py:188} INFO - [2024-05-18T22:44:05.785+0000] {dag.py:3954} INFO - Setting next_dagrun for dataset_consumes_unknown_never_scheduled to None, run_after=None
[2024-05-18T22:44:05.793+0000] {logging_mixin.py:188} INFO - [2024-05-18T22:44:05.793+0000] {dag.py:3954} INFO - Setting next_dagrun for dataset_produces_1 to 2024-05-17 00:00:00+00:00, run_after=2024-05-18 00:00:00+00:00
[2024-05-18T22:44:05.798+0000] {logging_mixin.py:188} INFO - [2024-05-18T22:44:05.797+0000] {dag.py:3954} INFO - Setting next_dagrun for dataset_produces_2 to None, run_after=None
[2024-05-18T22:44:05.899+0000] {processor.py:183} INFO - Processing /home/airflow/.local/lib/python3.12/site-packages/airflow/example_dags/example_datasets.py took 0.483 seconds
[2024-05-18T22:44:36.634+0000] {processor.py:161} INFO - Started process (PID=249) to work on /home/airflow/.local/lib/python3.12/site-packages/airflow/example_dags/example_datasets.py
[2024-05-18T22:44:36.636+0000] {processor.py:830} INFO - Processing file /home/airflow/.local/lib/python3.12/site-packages/airflow/example_dags/example_datasets.py for tasks to queue
[2024-05-18T22:44:36.640+0000] {logging_mixin.py:188} INFO - [2024-05-18T22:44:36.639+0000] {dagbag.py:545} INFO - Filling up the DagBag from /home/airflow/.local/lib/python3.12/site-packages/airflow/example_dags/example_datasets.py
[2024-05-18T22:44:36.663+0000] {processor.py:840} INFO - DAG(s) 'consume_1_or_2_with_dataset_expressions', 'dataset_consumes_1_and_2', 'conditional_dataset_and_time_based_timetable', 'dataset_consumes_1', 'dataset_consumes_unknown_never_scheduled', 'dataset_consumes_1_never_scheduled', 'dataset_produces_2', 'consume_1_or_both_2_and_3_with_dataset_expressions', 'dataset_produces_1', 'consume_1_and_2_with_dataset_expressions' retrieved from /home/airflow/.local/lib/python3.12/site-packages/airflow/example_dags/example_datasets.py
[2024-05-18T22:44:36.771+0000] {logging_mixin.py:188} INFO - [2024-05-18T22:44:36.770+0000] {dag.py:3096} INFO - Sync 10 DAGs
[2024-05-18T22:44:36.817+0000] {logging_mixin.py:188} INFO - [2024-05-18T22:44:36.817+0000] {dag.py:3954} INFO - Setting next_dagrun for conditional_dataset_and_time_based_timetable to 2024-05-15 01:00:00+00:00, run_after=2024-05-15 01:00:00+00:00
[2024-05-18T22:44:36.827+0000] {logging_mixin.py:188} INFO - [2024-05-18T22:44:36.827+0000] {dag.py:3954} INFO - Setting next_dagrun for consume_1_and_2_with_dataset_expressions to None, run_after=None
[2024-05-18T22:44:36.832+0000] {logging_mixin.py:188} INFO - [2024-05-18T22:44:36.831+0000] {dag.py:3954} INFO - Setting next_dagrun for consume_1_or_2_with_dataset_expressions to None, run_after=None
[2024-05-18T22:44:36.836+0000] {logging_mixin.py:188} INFO - [2024-05-18T22:44:36.835+0000] {dag.py:3954} INFO - Setting next_dagrun for consume_1_or_both_2_and_3_with_dataset_expressions to None, run_after=None
[2024-05-18T22:44:36.840+0000] {logging_mixin.py:188} INFO - [2024-05-18T22:44:36.839+0000] {dag.py:3954} INFO - Setting next_dagrun for dataset_consumes_1 to None, run_after=None
[2024-05-18T22:44:36.845+0000] {logging_mixin.py:188} INFO - [2024-05-18T22:44:36.844+0000] {dag.py:3954} INFO - Setting next_dagrun for dataset_consumes_1_and_2 to None, run_after=None
[2024-05-18T22:44:36.849+0000] {logging_mixin.py:188} INFO - [2024-05-18T22:44:36.849+0000] {dag.py:3954} INFO - Setting next_dagrun for dataset_consumes_1_never_scheduled to None, run_after=None
[2024-05-18T22:44:36.854+0000] {logging_mixin.py:188} INFO - [2024-05-18T22:44:36.853+0000] {dag.py:3954} INFO - Setting next_dagrun for dataset_consumes_unknown_never_scheduled to None, run_after=None
[2024-05-18T22:44:36.861+0000] {logging_mixin.py:188} INFO - [2024-05-18T22:44:36.860+0000] {dag.py:3954} INFO - Setting next_dagrun for dataset_produces_1 to 2024-05-17 00:00:00+00:00, run_after=2024-05-18 00:00:00+00:00
[2024-05-18T22:44:36.864+0000] {logging_mixin.py:188} INFO - [2024-05-18T22:44:36.864+0000] {dag.py:3954} INFO - Setting next_dagrun for dataset_produces_2 to None, run_after=None
[2024-05-18T22:44:36.956+0000] {processor.py:183} INFO - Processing /home/airflow/.local/lib/python3.12/site-packages/airflow/example_dags/example_datasets.py took 0.330 seconds
[2024-05-18T22:45:07.586+0000] {processor.py:161} INFO - Started process (PID=309) to work on /home/airflow/.local/lib/python3.12/site-packages/airflow/example_dags/example_datasets.py
[2024-05-18T22:45:07.588+0000] {processor.py:830} INFO - Processing file /home/airflow/.local/lib/python3.12/site-packages/airflow/example_dags/example_datasets.py for tasks to queue
[2024-05-18T22:45:07.591+0000] {logging_mixin.py:188} INFO - [2024-05-18T22:45:07.590+0000] {dagbag.py:545} INFO - Filling up the DagBag from /home/airflow/.local/lib/python3.12/site-packages/airflow/example_dags/example_datasets.py
[2024-05-18T22:45:07.616+0000] {processor.py:840} INFO - DAG(s) 'dataset_consumes_1_and_2', 'dataset_produces_1', 'consume_1_and_2_with_dataset_expressions', 'dataset_produces_2', 'dataset_consumes_unknown_never_scheduled', 'dataset_consumes_1_never_scheduled', 'dataset_consumes_1', 'conditional_dataset_and_time_based_timetable', 'consume_1_or_2_with_dataset_expressions', 'consume_1_or_both_2_and_3_with_dataset_expressions' retrieved from /home/airflow/.local/lib/python3.12/site-packages/airflow/example_dags/example_datasets.py
[2024-05-18T22:45:07.722+0000] {logging_mixin.py:188} INFO - [2024-05-18T22:45:07.721+0000] {dag.py:3096} INFO - Sync 10 DAGs
[2024-05-18T22:45:07.762+0000] {logging_mixin.py:188} INFO - [2024-05-18T22:45:07.762+0000] {dag.py:3954} INFO - Setting next_dagrun for conditional_dataset_and_time_based_timetable to 2024-05-15 01:00:00+00:00, run_after=2024-05-15 01:00:00+00:00
[2024-05-18T22:45:07.770+0000] {logging_mixin.py:188} INFO - [2024-05-18T22:45:07.770+0000] {dag.py:3954} INFO - Setting next_dagrun for consume_1_and_2_with_dataset_expressions to None, run_after=None
[2024-05-18T22:45:07.773+0000] {logging_mixin.py:188} INFO - [2024-05-18T22:45:07.773+0000] {dag.py:3954} INFO - Setting next_dagrun for consume_1_or_2_with_dataset_expressions to None, run_after=None
[2024-05-18T22:45:07.777+0000] {logging_mixin.py:188} INFO - [2024-05-18T22:45:07.776+0000] {dag.py:3954} INFO - Setting next_dagrun for consume_1_or_both_2_and_3_with_dataset_expressions to None, run_after=None
[2024-05-18T22:45:07.780+0000] {logging_mixin.py:188} INFO - [2024-05-18T22:45:07.780+0000] {dag.py:3954} INFO - Setting next_dagrun for dataset_consumes_1 to None, run_after=None
[2024-05-18T22:45:07.783+0000] {logging_mixin.py:188} INFO - [2024-05-18T22:45:07.783+0000] {dag.py:3954} INFO - Setting next_dagrun for dataset_consumes_1_and_2 to None, run_after=None
[2024-05-18T22:45:07.787+0000] {logging_mixin.py:188} INFO - [2024-05-18T22:45:07.787+0000] {dag.py:3954} INFO - Setting next_dagrun for dataset_consumes_1_never_scheduled to None, run_after=None
[2024-05-18T22:45:07.791+0000] {logging_mixin.py:188} INFO - [2024-05-18T22:45:07.790+0000] {dag.py:3954} INFO - Setting next_dagrun for dataset_consumes_unknown_never_scheduled to None, run_after=None
[2024-05-18T22:45:07.796+0000] {logging_mixin.py:188} INFO - [2024-05-18T22:45:07.796+0000] {dag.py:3954} INFO - Setting next_dagrun for dataset_produces_1 to 2024-05-17 00:00:00+00:00, run_after=2024-05-18 00:00:00+00:00
[2024-05-18T22:45:07.799+0000] {logging_mixin.py:188} INFO - [2024-05-18T22:45:07.799+0000] {dag.py:3954} INFO - Setting next_dagrun for dataset_produces_2 to None, run_after=None
[2024-05-18T22:45:07.866+0000] {processor.py:183} INFO - Processing /home/airflow/.local/lib/python3.12/site-packages/airflow/example_dags/example_datasets.py took 0.291 seconds
[2024-05-18T22:45:38.069+0000] {processor.py:161} INFO - Started process (PID=367) to work on /home/airflow/.local/lib/python3.12/site-packages/airflow/example_dags/example_datasets.py
[2024-05-18T22:45:38.070+0000] {processor.py:830} INFO - Processing file /home/airflow/.local/lib/python3.12/site-packages/airflow/example_dags/example_datasets.py for tasks to queue
[2024-05-18T22:45:38.074+0000] {logging_mixin.py:188} INFO - [2024-05-18T22:45:38.073+0000] {dagbag.py:545} INFO - Filling up the DagBag from /home/airflow/.local/lib/python3.12/site-packages/airflow/example_dags/example_datasets.py
[2024-05-18T22:45:38.098+0000] {processor.py:840} INFO - DAG(s) 'conditional_dataset_and_time_based_timetable', 'dataset_consumes_1_never_scheduled', 'dataset_consumes_1', 'consume_1_or_2_with_dataset_expressions', 'dataset_consumes_unknown_never_scheduled', 'consume_1_or_both_2_and_3_with_dataset_expressions', 'dataset_consumes_1_and_2', 'dataset_produces_1', 'dataset_produces_2', 'consume_1_and_2_with_dataset_expressions' retrieved from /home/airflow/.local/lib/python3.12/site-packages/airflow/example_dags/example_datasets.py
[2024-05-18T22:45:38.206+0000] {logging_mixin.py:188} INFO - [2024-05-18T22:45:38.205+0000] {dag.py:3096} INFO - Sync 10 DAGs
[2024-05-18T22:45:38.260+0000] {logging_mixin.py:188} INFO - [2024-05-18T22:45:38.259+0000] {dag.py:3954} INFO - Setting next_dagrun for conditional_dataset_and_time_based_timetable to 2024-05-15 01:00:00+00:00, run_after=2024-05-15 01:00:00+00:00
[2024-05-18T22:45:38.268+0000] {logging_mixin.py:188} INFO - [2024-05-18T22:45:38.268+0000] {dag.py:3954} INFO - Setting next_dagrun for consume_1_and_2_with_dataset_expressions to None, run_after=None
[2024-05-18T22:45:38.272+0000] {logging_mixin.py:188} INFO - [2024-05-18T22:45:38.272+0000] {dag.py:3954} INFO - Setting next_dagrun for consume_1_or_2_with_dataset_expressions to None, run_after=None
[2024-05-18T22:45:38.276+0000] {logging_mixin.py:188} INFO - [2024-05-18T22:45:38.276+0000] {dag.py:3954} INFO - Setting next_dagrun for consume_1_or_both_2_and_3_with_dataset_expressions to None, run_after=None
[2024-05-18T22:45:38.280+0000] {logging_mixin.py:188} INFO - [2024-05-18T22:45:38.280+0000] {dag.py:3954} INFO - Setting next_dagrun for dataset_consumes_1 to None, run_after=None
[2024-05-18T22:45:38.284+0000] {logging_mixin.py:188} INFO - [2024-05-18T22:45:38.284+0000] {dag.py:3954} INFO - Setting next_dagrun for dataset_consumes_1_and_2 to None, run_after=None
[2024-05-18T22:45:38.288+0000] {logging_mixin.py:188} INFO - [2024-05-18T22:45:38.288+0000] {dag.py:3954} INFO - Setting next_dagrun for dataset_consumes_1_never_scheduled to None, run_after=None
[2024-05-18T22:45:38.292+0000] {logging_mixin.py:188} INFO - [2024-05-18T22:45:38.292+0000] {dag.py:3954} INFO - Setting next_dagrun for dataset_consumes_unknown_never_scheduled to None, run_after=None
[2024-05-18T22:45:38.299+0000] {logging_mixin.py:188} INFO - [2024-05-18T22:45:38.298+0000] {dag.py:3954} INFO - Setting next_dagrun for dataset_produces_1 to 2024-05-17 00:00:00+00:00, run_after=2024-05-18 00:00:00+00:00
[2024-05-18T22:45:38.302+0000] {logging_mixin.py:188} INFO - [2024-05-18T22:45:38.302+0000] {dag.py:3954} INFO - Setting next_dagrun for dataset_produces_2 to None, run_after=None
[2024-05-18T22:45:38.381+0000] {processor.py:183} INFO - Processing /home/airflow/.local/lib/python3.12/site-packages/airflow/example_dags/example_datasets.py took 0.320 seconds
[2024-05-18T22:46:08.586+0000] {processor.py:161} INFO - Started process (PID=427) to work on /home/airflow/.local/lib/python3.12/site-packages/airflow/example_dags/example_datasets.py
[2024-05-18T22:46:08.588+0000] {processor.py:830} INFO - Processing file /home/airflow/.local/lib/python3.12/site-packages/airflow/example_dags/example_datasets.py for tasks to queue
[2024-05-18T22:46:08.591+0000] {logging_mixin.py:188} INFO - [2024-05-18T22:46:08.590+0000] {dagbag.py:545} INFO - Filling up the DagBag from /home/airflow/.local/lib/python3.12/site-packages/airflow/example_dags/example_datasets.py
[2024-05-18T22:46:08.611+0000] {processor.py:840} INFO - DAG(s) 'dataset_consumes_unknown_never_scheduled', 'conditional_dataset_and_time_based_timetable', 'dataset_consumes_1_and_2', 'dataset_consumes_1', 'dataset_produces_1', 'consume_1_or_both_2_and_3_with_dataset_expressions', 'consume_1_and_2_with_dataset_expressions', 'dataset_consumes_1_never_scheduled', 'dataset_produces_2', 'consume_1_or_2_with_dataset_expressions' retrieved from /home/airflow/.local/lib/python3.12/site-packages/airflow/example_dags/example_datasets.py
[2024-05-18T22:46:08.703+0000] {logging_mixin.py:188} INFO - [2024-05-18T22:46:08.703+0000] {dag.py:3096} INFO - Sync 10 DAGs
[2024-05-18T22:46:08.750+0000] {logging_mixin.py:188} INFO - [2024-05-18T22:46:08.749+0000] {dag.py:3954} INFO - Setting next_dagrun for conditional_dataset_and_time_based_timetable to 2024-05-15 01:00:00+00:00, run_after=2024-05-15 01:00:00+00:00
[2024-05-18T22:46:08.757+0000] {logging_mixin.py:188} INFO - [2024-05-18T22:46:08.757+0000] {dag.py:3954} INFO - Setting next_dagrun for consume_1_and_2_with_dataset_expressions to None, run_after=None
[2024-05-18T22:46:08.760+0000] {logging_mixin.py:188} INFO - [2024-05-18T22:46:08.760+0000] {dag.py:3954} INFO - Setting next_dagrun for consume_1_or_2_with_dataset_expressions to None, run_after=None
[2024-05-18T22:46:08.763+0000] {logging_mixin.py:188} INFO - [2024-05-18T22:46:08.763+0000] {dag.py:3954} INFO - Setting next_dagrun for consume_1_or_both_2_and_3_with_dataset_expressions to None, run_after=None
[2024-05-18T22:46:08.766+0000] {logging_mixin.py:188} INFO - [2024-05-18T22:46:08.766+0000] {dag.py:3954} INFO - Setting next_dagrun for dataset_consumes_1 to None, run_after=None
[2024-05-18T22:46:08.769+0000] {logging_mixin.py:188} INFO - [2024-05-18T22:46:08.769+0000] {dag.py:3954} INFO - Setting next_dagrun for dataset_consumes_1_and_2 to None, run_after=None
[2024-05-18T22:46:08.772+0000] {logging_mixin.py:188} INFO - [2024-05-18T22:46:08.772+0000] {dag.py:3954} INFO - Setting next_dagrun for dataset_consumes_1_never_scheduled to None, run_after=None
[2024-05-18T22:46:08.775+0000] {logging_mixin.py:188} INFO - [2024-05-18T22:46:08.775+0000] {dag.py:3954} INFO - Setting next_dagrun for dataset_consumes_unknown_never_scheduled to None, run_after=None
[2024-05-18T22:46:08.780+0000] {logging_mixin.py:188} INFO - [2024-05-18T22:46:08.780+0000] {dag.py:3954} INFO - Setting next_dagrun for dataset_produces_1 to 2024-05-17 00:00:00+00:00, run_after=2024-05-18 00:00:00+00:00
[2024-05-18T22:46:08.783+0000] {logging_mixin.py:188} INFO - [2024-05-18T22:46:08.783+0000] {dag.py:3954} INFO - Setting next_dagrun for dataset_produces_2 to None, run_after=None
[2024-05-18T22:46:08.860+0000] {processor.py:183} INFO - Processing /home/airflow/.local/lib/python3.12/site-packages/airflow/example_dags/example_datasets.py took 0.282 seconds
[2024-05-18T22:46:40.118+0000] {processor.py:161} INFO - Started process (PID=487) to work on /home/airflow/.local/lib/python3.12/site-packages/airflow/example_dags/example_datasets.py
[2024-05-18T22:46:40.119+0000] {processor.py:830} INFO - Processing file /home/airflow/.local/lib/python3.12/site-packages/airflow/example_dags/example_datasets.py for tasks to queue
[2024-05-18T22:46:40.122+0000] {logging_mixin.py:188} INFO - [2024-05-18T22:46:40.122+0000] {dagbag.py:545} INFO - Filling up the DagBag from /home/airflow/.local/lib/python3.12/site-packages/airflow/example_dags/example_datasets.py
[2024-05-18T22:46:40.161+0000] {processor.py:840} INFO - DAG(s) 'dataset_consumes_unknown_never_scheduled', 'dataset_produces_2', 'conditional_dataset_and_time_based_timetable', 'dataset_consumes_1', 'consume_1_and_2_with_dataset_expressions', 'dataset_consumes_1_never_scheduled', 'dataset_consumes_1_and_2', 'consume_1_or_2_with_dataset_expressions', 'consume_1_or_both_2_and_3_with_dataset_expressions', 'dataset_produces_1' retrieved from /home/airflow/.local/lib/python3.12/site-packages/airflow/example_dags/example_datasets.py
[2024-05-18T22:46:40.292+0000] {logging_mixin.py:188} INFO - [2024-05-18T22:46:40.291+0000] {dag.py:3096} INFO - Sync 10 DAGs
[2024-05-18T22:46:40.341+0000] {logging_mixin.py:188} INFO - [2024-05-18T22:46:40.341+0000] {dag.py:3954} INFO - Setting next_dagrun for conditional_dataset_and_time_based_timetable to 2024-05-15 01:00:00+00:00, run_after=2024-05-15 01:00:00+00:00
[2024-05-18T22:46:40.350+0000] {logging_mixin.py:188} INFO - [2024-05-18T22:46:40.350+0000] {dag.py:3954} INFO - Setting next_dagrun for consume_1_and_2_with_dataset_expressions to None, run_after=None
[2024-05-18T22:46:40.354+0000] {logging_mixin.py:188} INFO - [2024-05-18T22:46:40.354+0000] {dag.py:3954} INFO - Setting next_dagrun for consume_1_or_2_with_dataset_expressions to None, run_after=None
[2024-05-18T22:46:40.358+0000] {logging_mixin.py:188} INFO - [2024-05-18T22:46:40.358+0000] {dag.py:3954} INFO - Setting next_dagrun for consume_1_or_both_2_and_3_with_dataset_expressions to None, run_after=None
[2024-05-18T22:46:40.362+0000] {logging_mixin.py:188} INFO - [2024-05-18T22:46:40.362+0000] {dag.py:3954} INFO - Setting next_dagrun for dataset_consumes_1 to None, run_after=None
[2024-05-18T22:46:40.366+0000] {logging_mixin.py:188} INFO - [2024-05-18T22:46:40.365+0000] {dag.py:3954} INFO - Setting next_dagrun for dataset_consumes_1_and_2 to None, run_after=None
[2024-05-18T22:46:40.370+0000] {logging_mixin.py:188} INFO - [2024-05-18T22:46:40.369+0000] {dag.py:3954} INFO - Setting next_dagrun for dataset_consumes_1_never_scheduled to None, run_after=None
[2024-05-18T22:46:40.374+0000] {logging_mixin.py:188} INFO - [2024-05-18T22:46:40.373+0000] {dag.py:3954} INFO - Setting next_dagrun for dataset_consumes_unknown_never_scheduled to None, run_after=None
[2024-05-18T22:46:40.380+0000] {logging_mixin.py:188} INFO - [2024-05-18T22:46:40.380+0000] {dag.py:3954} INFO - Setting next_dagrun for dataset_produces_1 to 2024-05-17 00:00:00+00:00, run_after=2024-05-18 00:00:00+00:00
[2024-05-18T22:46:40.384+0000] {logging_mixin.py:188} INFO - [2024-05-18T22:46:40.383+0000] {dag.py:3954} INFO - Setting next_dagrun for dataset_produces_2 to None, run_after=None
[2024-05-18T22:46:40.461+0000] {processor.py:183} INFO - Processing /home/airflow/.local/lib/python3.12/site-packages/airflow/example_dags/example_datasets.py took 0.352 seconds
[2024-05-18T22:47:11.025+0000] {processor.py:161} INFO - Started process (PID=547) to work on /home/airflow/.local/lib/python3.12/site-packages/airflow/example_dags/example_datasets.py
[2024-05-18T22:47:11.027+0000] {processor.py:830} INFO - Processing file /home/airflow/.local/lib/python3.12/site-packages/airflow/example_dags/example_datasets.py for tasks to queue
[2024-05-18T22:47:11.032+0000] {logging_mixin.py:188} INFO - [2024-05-18T22:47:11.031+0000] {dagbag.py:545} INFO - Filling up the DagBag from /home/airflow/.local/lib/python3.12/site-packages/airflow/example_dags/example_datasets.py
[2024-05-18T22:47:11.066+0000] {processor.py:840} INFO - DAG(s) 'dataset_consumes_1', 'consume_1_or_both_2_and_3_with_dataset_expressions', 'dataset_consumes_unknown_never_scheduled', 'dataset_consumes_1_never_scheduled', 'dataset_produces_1', 'dataset_consumes_1_and_2', 'conditional_dataset_and_time_based_timetable', 'consume_1_or_2_with_dataset_expressions', 'dataset_produces_2', 'consume_1_and_2_with_dataset_expressions' retrieved from /home/airflow/.local/lib/python3.12/site-packages/airflow/example_dags/example_datasets.py
[2024-05-18T22:47:11.196+0000] {logging_mixin.py:188} INFO - [2024-05-18T22:47:11.195+0000] {dag.py:3096} INFO - Sync 10 DAGs
[2024-05-18T22:47:11.272+0000] {logging_mixin.py:188} INFO - [2024-05-18T22:47:11.271+0000] {dag.py:3954} INFO - Setting next_dagrun for conditional_dataset_and_time_based_timetable to 2024-05-15 01:00:00+00:00, run_after=2024-05-15 01:00:00+00:00
[2024-05-18T22:47:11.281+0000] {logging_mixin.py:188} INFO - [2024-05-18T22:47:11.281+0000] {dag.py:3954} INFO - Setting next_dagrun for consume_1_and_2_with_dataset_expressions to None, run_after=None
[2024-05-18T22:47:11.285+0000] {logging_mixin.py:188} INFO - [2024-05-18T22:47:11.285+0000] {dag.py:3954} INFO - Setting next_dagrun for consume_1_or_2_with_dataset_expressions to None, run_after=None
[2024-05-18T22:47:11.290+0000] {logging_mixin.py:188} INFO - [2024-05-18T22:47:11.289+0000] {dag.py:3954} INFO - Setting next_dagrun for consume_1_or_both_2_and_3_with_dataset_expressions to None, run_after=None
[2024-05-18T22:47:11.293+0000] {logging_mixin.py:188} INFO - [2024-05-18T22:47:11.293+0000] {dag.py:3954} INFO - Setting next_dagrun for dataset_consumes_1 to None, run_after=None
[2024-05-18T22:47:11.297+0000] {logging_mixin.py:188} INFO - [2024-05-18T22:47:11.296+0000] {dag.py:3954} INFO - Setting next_dagrun for dataset_consumes_1_and_2 to None, run_after=None
[2024-05-18T22:47:11.302+0000] {logging_mixin.py:188} INFO - [2024-05-18T22:47:11.301+0000] {dag.py:3954} INFO - Setting next_dagrun for dataset_consumes_1_never_scheduled to None, run_after=None
[2024-05-18T22:47:11.306+0000] {logging_mixin.py:188} INFO - [2024-05-18T22:47:11.305+0000] {dag.py:3954} INFO - Setting next_dagrun for dataset_consumes_unknown_never_scheduled to None, run_after=None
[2024-05-18T22:47:11.316+0000] {logging_mixin.py:188} INFO - [2024-05-18T22:47:11.315+0000] {dag.py:3954} INFO - Setting next_dagrun for dataset_produces_1 to 2024-05-17 00:00:00+00:00, run_after=2024-05-18 00:00:00+00:00
[2024-05-18T22:47:11.320+0000] {logging_mixin.py:188} INFO - [2024-05-18T22:47:11.319+0000] {dag.py:3954} INFO - Setting next_dagrun for dataset_produces_2 to None, run_after=None
[2024-05-18T22:47:11.419+0000] {processor.py:183} INFO - Processing /home/airflow/.local/lib/python3.12/site-packages/airflow/example_dags/example_datasets.py took 0.406 seconds
[2024-05-18T22:47:42.198+0000] {processor.py:161} INFO - Started process (PID=607) to work on /home/airflow/.local/lib/python3.12/site-packages/airflow/example_dags/example_datasets.py
[2024-05-18T22:47:42.200+0000] {processor.py:830} INFO - Processing file /home/airflow/.local/lib/python3.12/site-packages/airflow/example_dags/example_datasets.py for tasks to queue
[2024-05-18T22:47:42.205+0000] {logging_mixin.py:188} INFO - [2024-05-18T22:47:42.204+0000] {dagbag.py:545} INFO - Filling up the DagBag from /home/airflow/.local/lib/python3.12/site-packages/airflow/example_dags/example_datasets.py
[2024-05-18T22:47:42.259+0000] {processor.py:840} INFO - DAG(s) 'dataset_produces_1', 'consume_1_and_2_with_dataset_expressions', 'consume_1_or_2_with_dataset_expressions', 'dataset_produces_2', 'dataset_consumes_unknown_never_scheduled', 'consume_1_or_both_2_and_3_with_dataset_expressions', 'dataset_consumes_1_never_scheduled', 'conditional_dataset_and_time_based_timetable', 'dataset_consumes_1', 'dataset_consumes_1_and_2' retrieved from /home/airflow/.local/lib/python3.12/site-packages/airflow/example_dags/example_datasets.py
[2024-05-18T22:47:42.401+0000] {logging_mixin.py:188} INFO - [2024-05-18T22:47:42.400+0000] {dag.py:3096} INFO - Sync 10 DAGs
[2024-05-18T22:47:42.491+0000] {logging_mixin.py:188} INFO - [2024-05-18T22:47:42.490+0000] {dag.py:3954} INFO - Setting next_dagrun for conditional_dataset_and_time_based_timetable to 2024-05-15 01:00:00+00:00, run_after=2024-05-15 01:00:00+00:00
[2024-05-18T22:47:42.507+0000] {logging_mixin.py:188} INFO - [2024-05-18T22:47:42.506+0000] {dag.py:3954} INFO - Setting next_dagrun for consume_1_and_2_with_dataset_expressions to None, run_after=None
[2024-05-18T22:47:42.513+0000] {logging_mixin.py:188} INFO - [2024-05-18T22:47:42.512+0000] {dag.py:3954} INFO - Setting next_dagrun for consume_1_or_2_with_dataset_expressions to None, run_after=None
[2024-05-18T22:47:42.517+0000] {logging_mixin.py:188} INFO - [2024-05-18T22:47:42.517+0000] {dag.py:3954} INFO - Setting next_dagrun for consume_1_or_both_2_and_3_with_dataset_expressions to None, run_after=None
[2024-05-18T22:47:42.521+0000] {logging_mixin.py:188} INFO - [2024-05-18T22:47:42.520+0000] {dag.py:3954} INFO - Setting next_dagrun for dataset_consumes_1 to None, run_after=None
[2024-05-18T22:47:42.526+0000] {logging_mixin.py:188} INFO - [2024-05-18T22:47:42.525+0000] {dag.py:3954} INFO - Setting next_dagrun for dataset_consumes_1_and_2 to None, run_after=None
[2024-05-18T22:47:42.530+0000] {logging_mixin.py:188} INFO - [2024-05-18T22:47:42.530+0000] {dag.py:3954} INFO - Setting next_dagrun for dataset_consumes_1_never_scheduled to None, run_after=None
[2024-05-18T22:47:42.534+0000] {logging_mixin.py:188} INFO - [2024-05-18T22:47:42.534+0000] {dag.py:3954} INFO - Setting next_dagrun for dataset_consumes_unknown_never_scheduled to None, run_after=None
[2024-05-18T22:47:42.542+0000] {logging_mixin.py:188} INFO - [2024-05-18T22:47:42.541+0000] {dag.py:3954} INFO - Setting next_dagrun for dataset_produces_1 to 2024-05-17 00:00:00+00:00, run_after=2024-05-18 00:00:00+00:00
[2024-05-18T22:47:42.545+0000] {logging_mixin.py:188} INFO - [2024-05-18T22:47:42.545+0000] {dag.py:3954} INFO - Setting next_dagrun for dataset_produces_2 to None, run_after=None
[2024-05-18T22:47:42.637+0000] {processor.py:183} INFO - Processing /home/airflow/.local/lib/python3.12/site-packages/airflow/example_dags/example_datasets.py took 0.453 seconds
[2024-05-18T22:48:17.296+0000] {processor.py:161} INFO - Started process (PID=673) to work on /home/airflow/.local/lib/python3.12/site-packages/airflow/example_dags/example_datasets.py
[2024-05-18T22:48:17.300+0000] {processor.py:830} INFO - Processing file /home/airflow/.local/lib/python3.12/site-packages/airflow/example_dags/example_datasets.py for tasks to queue
[2024-05-18T22:48:17.311+0000] {logging_mixin.py:188} INFO - [2024-05-18T22:48:17.307+0000] {dagbag.py:545} INFO - Filling up the DagBag from /home/airflow/.local/lib/python3.12/site-packages/airflow/example_dags/example_datasets.py
[2024-05-18T22:48:17.382+0000] {processor.py:840} INFO - DAG(s) 'dataset_consumes_unknown_never_scheduled', 'dataset_produces_2', 'dataset_consumes_1_never_scheduled', 'dataset_consumes_1', 'dataset_consumes_1_and_2', 'consume_1_and_2_with_dataset_expressions', 'consume_1_or_both_2_and_3_with_dataset_expressions', 'conditional_dataset_and_time_based_timetable', 'dataset_produces_1', 'consume_1_or_2_with_dataset_expressions' retrieved from /home/airflow/.local/lib/python3.12/site-packages/airflow/example_dags/example_datasets.py
[2024-05-18T22:48:17.536+0000] {logging_mixin.py:188} INFO - [2024-05-18T22:48:17.535+0000] {dag.py:3096} INFO - Sync 10 DAGs
[2024-05-18T22:48:17.596+0000] {logging_mixin.py:188} INFO - [2024-05-18T22:48:17.595+0000] {dag.py:3954} INFO - Setting next_dagrun for conditional_dataset_and_time_based_timetable to 2024-05-15 01:00:00+00:00, run_after=2024-05-15 01:00:00+00:00
[2024-05-18T22:48:17.606+0000] {logging_mixin.py:188} INFO - [2024-05-18T22:48:17.605+0000] {dag.py:3954} INFO - Setting next_dagrun for consume_1_and_2_with_dataset_expressions to None, run_after=None
[2024-05-18T22:48:17.610+0000] {logging_mixin.py:188} INFO - [2024-05-18T22:48:17.609+0000] {dag.py:3954} INFO - Setting next_dagrun for consume_1_or_2_with_dataset_expressions to None, run_after=None
[2024-05-18T22:48:17.614+0000] {logging_mixin.py:188} INFO - [2024-05-18T22:48:17.613+0000] {dag.py:3954} INFO - Setting next_dagrun for consume_1_or_both_2_and_3_with_dataset_expressions to None, run_after=None
[2024-05-18T22:48:17.617+0000] {logging_mixin.py:188} INFO - [2024-05-18T22:48:17.617+0000] {dag.py:3954} INFO - Setting next_dagrun for dataset_consumes_1 to None, run_after=None
[2024-05-18T22:48:17.621+0000] {logging_mixin.py:188} INFO - [2024-05-18T22:48:17.621+0000] {dag.py:3954} INFO - Setting next_dagrun for dataset_consumes_1_and_2 to None, run_after=None
[2024-05-18T22:48:17.625+0000] {logging_mixin.py:188} INFO - [2024-05-18T22:48:17.624+0000] {dag.py:3954} INFO - Setting next_dagrun for dataset_consumes_1_never_scheduled to None, run_after=None
[2024-05-18T22:48:17.629+0000] {logging_mixin.py:188} INFO - [2024-05-18T22:48:17.629+0000] {dag.py:3954} INFO - Setting next_dagrun for dataset_consumes_unknown_never_scheduled to None, run_after=None
[2024-05-18T22:48:17.637+0000] {logging_mixin.py:188} INFO - [2024-05-18T22:48:17.637+0000] {dag.py:3954} INFO - Setting next_dagrun for dataset_produces_1 to 2024-05-17 00:00:00+00:00, run_after=2024-05-18 00:00:00+00:00
[2024-05-18T22:48:17.642+0000] {logging_mixin.py:188} INFO - [2024-05-18T22:48:17.641+0000] {dag.py:3954} INFO - Setting next_dagrun for dataset_produces_2 to None, run_after=None
[2024-05-18T22:48:17.729+0000] {processor.py:183} INFO - Processing /home/airflow/.local/lib/python3.12/site-packages/airflow/example_dags/example_datasets.py took 0.469 seconds
[2024-05-18T22:48:51.004+0000] {processor.py:161} INFO - Started process (PID=733) to work on /home/airflow/.local/lib/python3.12/site-packages/airflow/example_dags/example_datasets.py
[2024-05-18T22:48:51.006+0000] {processor.py:830} INFO - Processing file /home/airflow/.local/lib/python3.12/site-packages/airflow/example_dags/example_datasets.py for tasks to queue
[2024-05-18T22:48:51.013+0000] {logging_mixin.py:188} INFO - [2024-05-18T22:48:51.012+0000] {dagbag.py:545} INFO - Filling up the DagBag from /home/airflow/.local/lib/python3.12/site-packages/airflow/example_dags/example_datasets.py
[2024-05-18T22:48:51.084+0000] {processor.py:840} INFO - DAG(s) 'consume_1_or_2_with_dataset_expressions', 'dataset_produces_1', 'dataset_consumes_1', 'dataset_produces_2', 'consume_1_or_both_2_and_3_with_dataset_expressions', 'conditional_dataset_and_time_based_timetable', 'consume_1_and_2_with_dataset_expressions', 'dataset_consumes_1_never_scheduled', 'dataset_consumes_1_and_2', 'dataset_consumes_unknown_never_scheduled' retrieved from /home/airflow/.local/lib/python3.12/site-packages/airflow/example_dags/example_datasets.py
[2024-05-18T22:48:51.268+0000] {logging_mixin.py:188} INFO - [2024-05-18T22:48:51.268+0000] {dag.py:3096} INFO - Sync 10 DAGs
[2024-05-18T22:48:51.350+0000] {logging_mixin.py:188} INFO - [2024-05-18T22:48:51.349+0000] {dag.py:3954} INFO - Setting next_dagrun for conditional_dataset_and_time_based_timetable to 2024-05-15 01:00:00+00:00, run_after=2024-05-15 01:00:00+00:00
[2024-05-18T22:48:51.364+0000] {logging_mixin.py:188} INFO - [2024-05-18T22:48:51.364+0000] {dag.py:3954} INFO - Setting next_dagrun for consume_1_and_2_with_dataset_expressions to None, run_after=None
[2024-05-18T22:48:51.369+0000] {logging_mixin.py:188} INFO - [2024-05-18T22:48:51.368+0000] {dag.py:3954} INFO - Setting next_dagrun for consume_1_or_2_with_dataset_expressions to None, run_after=None
[2024-05-18T22:48:51.374+0000] {logging_mixin.py:188} INFO - [2024-05-18T22:48:51.373+0000] {dag.py:3954} INFO - Setting next_dagrun for consume_1_or_both_2_and_3_with_dataset_expressions to None, run_after=None
[2024-05-18T22:48:51.379+0000] {logging_mixin.py:188} INFO - [2024-05-18T22:48:51.378+0000] {dag.py:3954} INFO - Setting next_dagrun for dataset_consumes_1 to None, run_after=None
[2024-05-18T22:48:51.383+0000] {logging_mixin.py:188} INFO - [2024-05-18T22:48:51.383+0000] {dag.py:3954} INFO - Setting next_dagrun for dataset_consumes_1_and_2 to None, run_after=None
[2024-05-18T22:48:51.388+0000] {logging_mixin.py:188} INFO - [2024-05-18T22:48:51.387+0000] {dag.py:3954} INFO - Setting next_dagrun for dataset_consumes_1_never_scheduled to None, run_after=None
[2024-05-18T22:48:51.392+0000] {logging_mixin.py:188} INFO - [2024-05-18T22:48:51.392+0000] {dag.py:3954} INFO - Setting next_dagrun for dataset_consumes_unknown_never_scheduled to None, run_after=None
[2024-05-18T22:48:51.402+0000] {logging_mixin.py:188} INFO - [2024-05-18T22:48:51.402+0000] {dag.py:3954} INFO - Setting next_dagrun for dataset_produces_1 to 2024-05-17 00:00:00+00:00, run_after=2024-05-18 00:00:00+00:00
[2024-05-18T22:48:51.408+0000] {logging_mixin.py:188} INFO - [2024-05-18T22:48:51.407+0000] {dag.py:3954} INFO - Setting next_dagrun for dataset_produces_2 to None, run_after=None
[2024-05-18T22:48:51.520+0000] {processor.py:183} INFO - Processing /home/airflow/.local/lib/python3.12/site-packages/airflow/example_dags/example_datasets.py took 0.530 seconds
[2024-05-18T22:49:22.567+0000] {processor.py:161} INFO - Started process (PID=793) to work on /home/airflow/.local/lib/python3.12/site-packages/airflow/example_dags/example_datasets.py
[2024-05-18T22:49:22.569+0000] {processor.py:830} INFO - Processing file /home/airflow/.local/lib/python3.12/site-packages/airflow/example_dags/example_datasets.py for tasks to queue
[2024-05-18T22:49:22.572+0000] {logging_mixin.py:188} INFO - [2024-05-18T22:49:22.571+0000] {dagbag.py:545} INFO - Filling up the DagBag from /home/airflow/.local/lib/python3.12/site-packages/airflow/example_dags/example_datasets.py
[2024-05-18T22:49:22.594+0000] {processor.py:840} INFO - DAG(s) 'dataset_produces_1', 'dataset_consumes_1', 'consume_1_or_both_2_and_3_with_dataset_expressions', 'dataset_consumes_1_and_2', 'consume_1_or_2_with_dataset_expressions', 'conditional_dataset_and_time_based_timetable', 'consume_1_and_2_with_dataset_expressions', 'dataset_consumes_1_never_scheduled', 'dataset_consumes_unknown_never_scheduled', 'dataset_produces_2' retrieved from /home/airflow/.local/lib/python3.12/site-packages/airflow/example_dags/example_datasets.py
[2024-05-18T22:49:22.679+0000] {logging_mixin.py:188} INFO - [2024-05-18T22:49:22.679+0000] {dag.py:3096} INFO - Sync 10 DAGs
[2024-05-18T22:49:22.728+0000] {logging_mixin.py:188} INFO - [2024-05-18T22:49:22.728+0000] {dag.py:3954} INFO - Setting next_dagrun for conditional_dataset_and_time_based_timetable to 2024-05-15 01:00:00+00:00, run_after=2024-05-15 01:00:00+00:00
[2024-05-18T22:49:22.735+0000] {logging_mixin.py:188} INFO - [2024-05-18T22:49:22.734+0000] {dag.py:3954} INFO - Setting next_dagrun for consume_1_and_2_with_dataset_expressions to None, run_after=None
[2024-05-18T22:49:22.738+0000] {logging_mixin.py:188} INFO - [2024-05-18T22:49:22.737+0000] {dag.py:3954} INFO - Setting next_dagrun for consume_1_or_2_with_dataset_expressions to None, run_after=None
[2024-05-18T22:49:22.741+0000] {logging_mixin.py:188} INFO - [2024-05-18T22:49:22.741+0000] {dag.py:3954} INFO - Setting next_dagrun for consume_1_or_both_2_and_3_with_dataset_expressions to None, run_after=None
[2024-05-18T22:49:22.745+0000] {logging_mixin.py:188} INFO - [2024-05-18T22:49:22.744+0000] {dag.py:3954} INFO - Setting next_dagrun for dataset_consumes_1 to None, run_after=None
[2024-05-18T22:49:22.748+0000] {logging_mixin.py:188} INFO - [2024-05-18T22:49:22.748+0000] {dag.py:3954} INFO - Setting next_dagrun for dataset_consumes_1_and_2 to None, run_after=None
[2024-05-18T22:49:22.751+0000] {logging_mixin.py:188} INFO - [2024-05-18T22:49:22.751+0000] {dag.py:3954} INFO - Setting next_dagrun for dataset_consumes_1_never_scheduled to None, run_after=None
[2024-05-18T22:49:22.755+0000] {logging_mixin.py:188} INFO - [2024-05-18T22:49:22.754+0000] {dag.py:3954} INFO - Setting next_dagrun for dataset_consumes_unknown_never_scheduled to None, run_after=None
[2024-05-18T22:49:22.760+0000] {logging_mixin.py:188} INFO - [2024-05-18T22:49:22.760+0000] {dag.py:3954} INFO - Setting next_dagrun for dataset_produces_1 to 2024-05-17 00:00:00+00:00, run_after=2024-05-18 00:00:00+00:00
[2024-05-18T22:49:22.763+0000] {logging_mixin.py:188} INFO - [2024-05-18T22:49:22.762+0000] {dag.py:3954} INFO - Setting next_dagrun for dataset_produces_2 to None, run_after=None
[2024-05-18T22:49:22.832+0000] {processor.py:183} INFO - Processing /home/airflow/.local/lib/python3.12/site-packages/airflow/example_dags/example_datasets.py took 0.272 seconds
[2024-05-18T22:49:53.048+0000] {processor.py:161} INFO - Started process (PID=853) to work on /home/airflow/.local/lib/python3.12/site-packages/airflow/example_dags/example_datasets.py
[2024-05-18T22:49:53.049+0000] {processor.py:830} INFO - Processing file /home/airflow/.local/lib/python3.12/site-packages/airflow/example_dags/example_datasets.py for tasks to queue
[2024-05-18T22:49:53.053+0000] {logging_mixin.py:188} INFO - [2024-05-18T22:49:53.053+0000] {dagbag.py:545} INFO - Filling up the DagBag from /home/airflow/.local/lib/python3.12/site-packages/airflow/example_dags/example_datasets.py
[2024-05-18T22:49:53.075+0000] {processor.py:840} INFO - DAG(s) 'conditional_dataset_and_time_based_timetable', 'dataset_produces_1', 'dataset_consumes_1', 'consume_1_and_2_with_dataset_expressions', 'consume_1_or_both_2_and_3_with_dataset_expressions', 'dataset_consumes_1_never_scheduled', 'dataset_consumes_1_and_2', 'dataset_consumes_unknown_never_scheduled', 'dataset_produces_2', 'consume_1_or_2_with_dataset_expressions' retrieved from /home/airflow/.local/lib/python3.12/site-packages/airflow/example_dags/example_datasets.py
[2024-05-18T22:49:53.160+0000] {logging_mixin.py:188} INFO - [2024-05-18T22:49:53.159+0000] {dag.py:3096} INFO - Sync 10 DAGs
[2024-05-18T22:49:53.210+0000] {logging_mixin.py:188} INFO - [2024-05-18T22:49:53.209+0000] {dag.py:3954} INFO - Setting next_dagrun for conditional_dataset_and_time_based_timetable to 2024-05-15 01:00:00+00:00, run_after=2024-05-15 01:00:00+00:00
[2024-05-18T22:49:53.218+0000] {logging_mixin.py:188} INFO - [2024-05-18T22:49:53.218+0000] {dag.py:3954} INFO - Setting next_dagrun for consume_1_and_2_with_dataset_expressions to None, run_after=None
[2024-05-18T22:49:53.222+0000] {logging_mixin.py:188} INFO - [2024-05-18T22:49:53.222+0000] {dag.py:3954} INFO - Setting next_dagrun for consume_1_or_2_with_dataset_expressions to None, run_after=None
[2024-05-18T22:49:53.226+0000] {logging_mixin.py:188} INFO - [2024-05-18T22:49:53.225+0000] {dag.py:3954} INFO - Setting next_dagrun for consume_1_or_both_2_and_3_with_dataset_expressions to None, run_after=None
[2024-05-18T22:49:53.229+0000] {logging_mixin.py:188} INFO - [2024-05-18T22:49:53.229+0000] {dag.py:3954} INFO - Setting next_dagrun for dataset_consumes_1 to None, run_after=None
[2024-05-18T22:49:53.234+0000] {logging_mixin.py:188} INFO - [2024-05-18T22:49:53.233+0000] {dag.py:3954} INFO - Setting next_dagrun for dataset_consumes_1_and_2 to None, run_after=None
[2024-05-18T22:49:53.237+0000] {logging_mixin.py:188} INFO - [2024-05-18T22:49:53.237+0000] {dag.py:3954} INFO - Setting next_dagrun for dataset_consumes_1_never_scheduled to None, run_after=None
[2024-05-18T22:49:53.241+0000] {logging_mixin.py:188} INFO - [2024-05-18T22:49:53.240+0000] {dag.py:3954} INFO - Setting next_dagrun for dataset_consumes_unknown_never_scheduled to None, run_after=None
[2024-05-18T22:49:53.247+0000] {logging_mixin.py:188} INFO - [2024-05-18T22:49:53.246+0000] {dag.py:3954} INFO - Setting next_dagrun for dataset_produces_1 to 2024-05-17 00:00:00+00:00, run_after=2024-05-18 00:00:00+00:00
[2024-05-18T22:49:53.250+0000] {logging_mixin.py:188} INFO - [2024-05-18T22:49:53.250+0000] {dag.py:3954} INFO - Setting next_dagrun for dataset_produces_2 to None, run_after=None
[2024-05-18T22:49:53.322+0000] {processor.py:183} INFO - Processing /home/airflow/.local/lib/python3.12/site-packages/airflow/example_dags/example_datasets.py took 0.281 seconds
[2024-05-18T22:50:23.436+0000] {processor.py:161} INFO - Started process (PID=913) to work on /home/airflow/.local/lib/python3.12/site-packages/airflow/example_dags/example_datasets.py
[2024-05-18T22:50:23.438+0000] {processor.py:830} INFO - Processing file /home/airflow/.local/lib/python3.12/site-packages/airflow/example_dags/example_datasets.py for tasks to queue
[2024-05-18T22:50:23.441+0000] {logging_mixin.py:188} INFO - [2024-05-18T22:50:23.441+0000] {dagbag.py:545} INFO - Filling up the DagBag from /home/airflow/.local/lib/python3.12/site-packages/airflow/example_dags/example_datasets.py
[2024-05-18T22:50:23.465+0000] {processor.py:840} INFO - DAG(s) 'consume_1_and_2_with_dataset_expressions', 'dataset_consumes_1_never_scheduled', 'dataset_consumes_unknown_never_scheduled', 'dataset_produces_2', 'dataset_consumes_1_and_2', 'consume_1_or_both_2_and_3_with_dataset_expressions', 'conditional_dataset_and_time_based_timetable', 'consume_1_or_2_with_dataset_expressions', 'dataset_consumes_1', 'dataset_produces_1' retrieved from /home/airflow/.local/lib/python3.12/site-packages/airflow/example_dags/example_datasets.py
[2024-05-18T22:50:23.566+0000] {logging_mixin.py:188} INFO - [2024-05-18T22:50:23.565+0000] {dag.py:3096} INFO - Sync 10 DAGs
[2024-05-18T22:50:23.623+0000] {logging_mixin.py:188} INFO - [2024-05-18T22:50:23.622+0000] {dag.py:3954} INFO - Setting next_dagrun for conditional_dataset_and_time_based_timetable to 2024-05-15 01:00:00+00:00, run_after=2024-05-15 01:00:00+00:00
[2024-05-18T22:50:23.636+0000] {logging_mixin.py:188} INFO - [2024-05-18T22:50:23.635+0000] {dag.py:3954} INFO - Setting next_dagrun for consume_1_and_2_with_dataset_expressions to None, run_after=None
[2024-05-18T22:50:23.642+0000] {logging_mixin.py:188} INFO - [2024-05-18T22:50:23.641+0000] {dag.py:3954} INFO - Setting next_dagrun for consume_1_or_2_with_dataset_expressions to None, run_after=None
[2024-05-18T22:50:23.647+0000] {logging_mixin.py:188} INFO - [2024-05-18T22:50:23.646+0000] {dag.py:3954} INFO - Setting next_dagrun for consume_1_or_both_2_and_3_with_dataset_expressions to None, run_after=None
[2024-05-18T22:50:23.651+0000] {logging_mixin.py:188} INFO - [2024-05-18T22:50:23.651+0000] {dag.py:3954} INFO - Setting next_dagrun for dataset_consumes_1 to None, run_after=None
[2024-05-18T22:50:23.656+0000] {logging_mixin.py:188} INFO - [2024-05-18T22:50:23.655+0000] {dag.py:3954} INFO - Setting next_dagrun for dataset_consumes_1_and_2 to None, run_after=None
[2024-05-18T22:50:23.663+0000] {logging_mixin.py:188} INFO - [2024-05-18T22:50:23.663+0000] {dag.py:3954} INFO - Setting next_dagrun for dataset_consumes_1_never_scheduled to None, run_after=None
[2024-05-18T22:50:23.667+0000] {logging_mixin.py:188} INFO - [2024-05-18T22:50:23.667+0000] {dag.py:3954} INFO - Setting next_dagrun for dataset_consumes_unknown_never_scheduled to None, run_after=None
[2024-05-18T22:50:23.675+0000] {logging_mixin.py:188} INFO - [2024-05-18T22:50:23.673+0000] {dag.py:3954} INFO - Setting next_dagrun for dataset_produces_1 to 2024-05-17 00:00:00+00:00, run_after=2024-05-18 00:00:00+00:00
[2024-05-18T22:50:23.680+0000] {logging_mixin.py:188} INFO - [2024-05-18T22:50:23.679+0000] {dag.py:3954} INFO - Setting next_dagrun for dataset_produces_2 to None, run_after=None
[2024-05-18T22:50:23.762+0000] {processor.py:183} INFO - Processing /home/airflow/.local/lib/python3.12/site-packages/airflow/example_dags/example_datasets.py took 0.333 seconds
[2024-05-18T22:50:54.507+0000] {processor.py:161} INFO - Started process (PID=974) to work on /home/airflow/.local/lib/python3.12/site-packages/airflow/example_dags/example_datasets.py
[2024-05-18T22:50:54.509+0000] {processor.py:830} INFO - Processing file /home/airflow/.local/lib/python3.12/site-packages/airflow/example_dags/example_datasets.py for tasks to queue
[2024-05-18T22:50:54.513+0000] {logging_mixin.py:188} INFO - [2024-05-18T22:50:54.512+0000] {dagbag.py:545} INFO - Filling up the DagBag from /home/airflow/.local/lib/python3.12/site-packages/airflow/example_dags/example_datasets.py
[2024-05-18T22:50:54.576+0000] {processor.py:840} INFO - DAG(s) 'dataset_consumes_1', 'dataset_consumes_unknown_never_scheduled', 'consume_1_or_2_with_dataset_expressions', 'consume_1_or_both_2_and_3_with_dataset_expressions', 'dataset_produces_1', 'consume_1_and_2_with_dataset_expressions', 'conditional_dataset_and_time_based_timetable', 'dataset_produces_2', 'dataset_consumes_1_and_2', 'dataset_consumes_1_never_scheduled' retrieved from /home/airflow/.local/lib/python3.12/site-packages/airflow/example_dags/example_datasets.py
[2024-05-18T22:50:54.783+0000] {logging_mixin.py:188} INFO - [2024-05-18T22:50:54.782+0000] {dag.py:3096} INFO - Sync 10 DAGs
[2024-05-18T22:50:54.921+0000] {logging_mixin.py:188} INFO - [2024-05-18T22:50:54.920+0000] {dag.py:3954} INFO - Setting next_dagrun for conditional_dataset_and_time_based_timetable to 2024-05-15 01:00:00+00:00, run_after=2024-05-15 01:00:00+00:00
[2024-05-18T22:50:54.943+0000] {logging_mixin.py:188} INFO - [2024-05-18T22:50:54.942+0000] {dag.py:3954} INFO - Setting next_dagrun for consume_1_and_2_with_dataset_expressions to None, run_after=None
[2024-05-18T22:50:54.949+0000] {logging_mixin.py:188} INFO - [2024-05-18T22:50:54.948+0000] {dag.py:3954} INFO - Setting next_dagrun for consume_1_or_2_with_dataset_expressions to None, run_after=None
[2024-05-18T22:50:54.953+0000] {logging_mixin.py:188} INFO - [2024-05-18T22:50:54.953+0000] {dag.py:3954} INFO - Setting next_dagrun for consume_1_or_both_2_and_3_with_dataset_expressions to None, run_after=None
[2024-05-18T22:50:54.959+0000] {logging_mixin.py:188} INFO - [2024-05-18T22:50:54.958+0000] {dag.py:3954} INFO - Setting next_dagrun for dataset_consumes_1 to None, run_after=None
[2024-05-18T22:50:54.962+0000] {logging_mixin.py:188} INFO - [2024-05-18T22:50:54.962+0000] {dag.py:3954} INFO - Setting next_dagrun for dataset_consumes_1_and_2 to None, run_after=None
[2024-05-18T22:50:54.966+0000] {logging_mixin.py:188} INFO - [2024-05-18T22:50:54.965+0000] {dag.py:3954} INFO - Setting next_dagrun for dataset_consumes_1_never_scheduled to None, run_after=None
[2024-05-18T22:50:54.970+0000] {logging_mixin.py:188} INFO - [2024-05-18T22:50:54.969+0000] {dag.py:3954} INFO - Setting next_dagrun for dataset_consumes_unknown_never_scheduled to None, run_after=None
[2024-05-18T22:50:54.979+0000] {logging_mixin.py:188} INFO - [2024-05-18T22:50:54.978+0000] {dag.py:3954} INFO - Setting next_dagrun for dataset_produces_1 to 2024-05-17 00:00:00+00:00, run_after=2024-05-18 00:00:00+00:00
[2024-05-18T22:50:54.983+0000] {logging_mixin.py:188} INFO - [2024-05-18T22:50:54.983+0000] {dag.py:3954} INFO - Setting next_dagrun for dataset_produces_2 to None, run_after=None
[2024-05-18T22:50:55.089+0000] {processor.py:183} INFO - Processing /home/airflow/.local/lib/python3.12/site-packages/airflow/example_dags/example_datasets.py took 0.599 seconds
[2024-05-18T22:51:25.835+0000] {processor.py:161} INFO - Started process (PID=1034) to work on /home/airflow/.local/lib/python3.12/site-packages/airflow/example_dags/example_datasets.py
[2024-05-18T22:51:25.838+0000] {processor.py:830} INFO - Processing file /home/airflow/.local/lib/python3.12/site-packages/airflow/example_dags/example_datasets.py for tasks to queue
[2024-05-18T22:51:25.843+0000] {logging_mixin.py:188} INFO - [2024-05-18T22:51:25.842+0000] {dagbag.py:545} INFO - Filling up the DagBag from /home/airflow/.local/lib/python3.12/site-packages/airflow/example_dags/example_datasets.py
[2024-05-18T22:51:25.884+0000] {processor.py:840} INFO - DAG(s) 'dataset_consumes_unknown_never_scheduled', 'dataset_consumes_1_and_2', 'dataset_consumes_1', 'consume_1_or_both_2_and_3_with_dataset_expressions', 'dataset_consumes_1_never_scheduled', 'dataset_produces_2', 'consume_1_or_2_with_dataset_expressions', 'conditional_dataset_and_time_based_timetable', 'consume_1_and_2_with_dataset_expressions', 'dataset_produces_1' retrieved from /home/airflow/.local/lib/python3.12/site-packages/airflow/example_dags/example_datasets.py
[2024-05-18T22:51:26.058+0000] {logging_mixin.py:188} INFO - [2024-05-18T22:51:26.057+0000] {dag.py:3096} INFO - Sync 10 DAGs
[2024-05-18T22:51:26.138+0000] {logging_mixin.py:188} INFO - [2024-05-18T22:51:26.137+0000] {dag.py:3954} INFO - Setting next_dagrun for conditional_dataset_and_time_based_timetable to 2024-05-15 01:00:00+00:00, run_after=2024-05-15 01:00:00+00:00
[2024-05-18T22:51:26.152+0000] {logging_mixin.py:188} INFO - [2024-05-18T22:51:26.152+0000] {dag.py:3954} INFO - Setting next_dagrun for consume_1_and_2_with_dataset_expressions to None, run_after=None
[2024-05-18T22:51:26.158+0000] {logging_mixin.py:188} INFO - [2024-05-18T22:51:26.157+0000] {dag.py:3954} INFO - Setting next_dagrun for consume_1_or_2_with_dataset_expressions to None, run_after=None
[2024-05-18T22:51:26.163+0000] {logging_mixin.py:188} INFO - [2024-05-18T22:51:26.163+0000] {dag.py:3954} INFO - Setting next_dagrun for consume_1_or_both_2_and_3_with_dataset_expressions to None, run_after=None
[2024-05-18T22:51:26.168+0000] {logging_mixin.py:188} INFO - [2024-05-18T22:51:26.167+0000] {dag.py:3954} INFO - Setting next_dagrun for dataset_consumes_1 to None, run_after=None
[2024-05-18T22:51:26.173+0000] {logging_mixin.py:188} INFO - [2024-05-18T22:51:26.173+0000] {dag.py:3954} INFO - Setting next_dagrun for dataset_consumes_1_and_2 to None, run_after=None
[2024-05-18T22:51:26.178+0000] {logging_mixin.py:188} INFO - [2024-05-18T22:51:26.177+0000] {dag.py:3954} INFO - Setting next_dagrun for dataset_consumes_1_never_scheduled to None, run_after=None
[2024-05-18T22:51:26.183+0000] {logging_mixin.py:188} INFO - [2024-05-18T22:51:26.183+0000] {dag.py:3954} INFO - Setting next_dagrun for dataset_consumes_unknown_never_scheduled to None, run_after=None
[2024-05-18T22:51:26.193+0000] {logging_mixin.py:188} INFO - [2024-05-18T22:51:26.193+0000] {dag.py:3954} INFO - Setting next_dagrun for dataset_produces_1 to 2024-05-17 00:00:00+00:00, run_after=2024-05-18 00:00:00+00:00
[2024-05-18T22:51:26.198+0000] {logging_mixin.py:188} INFO - [2024-05-18T22:51:26.197+0000] {dag.py:3954} INFO - Setting next_dagrun for dataset_produces_2 to None, run_after=None
[2024-05-18T22:51:26.322+0000] {processor.py:183} INFO - Processing /home/airflow/.local/lib/python3.12/site-packages/airflow/example_dags/example_datasets.py took 0.502 seconds
[2024-05-18T22:51:56.503+0000] {processor.py:161} INFO - Started process (PID=1094) to work on /home/airflow/.local/lib/python3.12/site-packages/airflow/example_dags/example_datasets.py
[2024-05-18T22:51:56.515+0000] {processor.py:830} INFO - Processing file /home/airflow/.local/lib/python3.12/site-packages/airflow/example_dags/example_datasets.py for tasks to queue
[2024-05-18T22:51:56.523+0000] {logging_mixin.py:188} INFO - [2024-05-18T22:51:56.522+0000] {dagbag.py:545} INFO - Filling up the DagBag from /home/airflow/.local/lib/python3.12/site-packages/airflow/example_dags/example_datasets.py
[2024-05-18T22:51:56.606+0000] {processor.py:840} INFO - DAG(s) 'dataset_produces_2', 'conditional_dataset_and_time_based_timetable', 'consume_1_or_2_with_dataset_expressions', 'dataset_consumes_1_never_scheduled', 'dataset_produces_1', 'consume_1_or_both_2_and_3_with_dataset_expressions', 'dataset_consumes_1', 'dataset_consumes_unknown_never_scheduled', 'consume_1_and_2_with_dataset_expressions', 'dataset_consumes_1_and_2' retrieved from /home/airflow/.local/lib/python3.12/site-packages/airflow/example_dags/example_datasets.py
[2024-05-18T22:51:56.837+0000] {logging_mixin.py:188} INFO - [2024-05-18T22:51:56.834+0000] {dag.py:3096} INFO - Sync 10 DAGs
[2024-05-18T22:51:56.911+0000] {logging_mixin.py:188} INFO - [2024-05-18T22:51:56.911+0000] {dag.py:3954} INFO - Setting next_dagrun for conditional_dataset_and_time_based_timetable to 2024-05-15 01:00:00+00:00, run_after=2024-05-15 01:00:00+00:00
[2024-05-18T22:51:56.920+0000] {logging_mixin.py:188} INFO - [2024-05-18T22:51:56.920+0000] {dag.py:3954} INFO - Setting next_dagrun for consume_1_and_2_with_dataset_expressions to None, run_after=None
[2024-05-18T22:51:56.925+0000] {logging_mixin.py:188} INFO - [2024-05-18T22:51:56.925+0000] {dag.py:3954} INFO - Setting next_dagrun for consume_1_or_2_with_dataset_expressions to None, run_after=None
[2024-05-18T22:51:56.930+0000] {logging_mixin.py:188} INFO - [2024-05-18T22:51:56.930+0000] {dag.py:3954} INFO - Setting next_dagrun for consume_1_or_both_2_and_3_with_dataset_expressions to None, run_after=None
[2024-05-18T22:51:56.935+0000] {logging_mixin.py:188} INFO - [2024-05-18T22:51:56.934+0000] {dag.py:3954} INFO - Setting next_dagrun for dataset_consumes_1 to None, run_after=None
[2024-05-18T22:51:56.939+0000] {logging_mixin.py:188} INFO - [2024-05-18T22:51:56.939+0000] {dag.py:3954} INFO - Setting next_dagrun for dataset_consumes_1_and_2 to None, run_after=None
[2024-05-18T22:51:56.944+0000] {logging_mixin.py:188} INFO - [2024-05-18T22:51:56.943+0000] {dag.py:3954} INFO - Setting next_dagrun for dataset_consumes_1_never_scheduled to None, run_after=None
[2024-05-18T22:51:56.949+0000] {logging_mixin.py:188} INFO - [2024-05-18T22:51:56.948+0000] {dag.py:3954} INFO - Setting next_dagrun for dataset_consumes_unknown_never_scheduled to None, run_after=None
[2024-05-18T22:51:56.958+0000] {logging_mixin.py:188} INFO - [2024-05-18T22:51:56.958+0000] {dag.py:3954} INFO - Setting next_dagrun for dataset_produces_1 to 2024-05-17 00:00:00+00:00, run_after=2024-05-18 00:00:00+00:00
[2024-05-18T22:51:56.964+0000] {logging_mixin.py:188} INFO - [2024-05-18T22:51:56.963+0000] {dag.py:3954} INFO - Setting next_dagrun for dataset_produces_2 to None, run_after=None
[2024-05-18T22:51:57.085+0000] {processor.py:183} INFO - Processing /home/airflow/.local/lib/python3.12/site-packages/airflow/example_dags/example_datasets.py took 0.601 seconds
[2024-05-18T22:52:27.350+0000] {processor.py:161} INFO - Started process (PID=1153) to work on /home/airflow/.local/lib/python3.12/site-packages/airflow/example_dags/example_datasets.py
[2024-05-18T22:52:27.351+0000] {processor.py:830} INFO - Processing file /home/airflow/.local/lib/python3.12/site-packages/airflow/example_dags/example_datasets.py for tasks to queue
[2024-05-18T22:52:27.355+0000] {logging_mixin.py:188} INFO - [2024-05-18T22:52:27.354+0000] {dagbag.py:545} INFO - Filling up the DagBag from /home/airflow/.local/lib/python3.12/site-packages/airflow/example_dags/example_datasets.py
[2024-05-18T22:52:27.382+0000] {processor.py:840} INFO - DAG(s) 'dataset_consumes_1', 'dataset_consumes_1_and_2', 'dataset_consumes_1_never_scheduled', 'conditional_dataset_and_time_based_timetable', 'dataset_produces_2', 'consume_1_or_2_with_dataset_expressions', 'dataset_produces_1', 'consume_1_and_2_with_dataset_expressions', 'consume_1_or_both_2_and_3_with_dataset_expressions', 'dataset_consumes_unknown_never_scheduled' retrieved from /home/airflow/.local/lib/python3.12/site-packages/airflow/example_dags/example_datasets.py
[2024-05-18T22:52:27.491+0000] {logging_mixin.py:188} INFO - [2024-05-18T22:52:27.491+0000] {dag.py:3096} INFO - Sync 10 DAGs
[2024-05-18T22:52:27.548+0000] {logging_mixin.py:188} INFO - [2024-05-18T22:52:27.547+0000] {dag.py:3954} INFO - Setting next_dagrun for conditional_dataset_and_time_based_timetable to 2024-05-15 01:00:00+00:00, run_after=2024-05-15 01:00:00+00:00
[2024-05-18T22:52:27.558+0000] {logging_mixin.py:188} INFO - [2024-05-18T22:52:27.557+0000] {dag.py:3954} INFO - Setting next_dagrun for consume_1_and_2_with_dataset_expressions to None, run_after=None
[2024-05-18T22:52:27.562+0000] {logging_mixin.py:188} INFO - [2024-05-18T22:52:27.561+0000] {dag.py:3954} INFO - Setting next_dagrun for consume_1_or_2_with_dataset_expressions to None, run_after=None
[2024-05-18T22:52:27.565+0000] {logging_mixin.py:188} INFO - [2024-05-18T22:52:27.565+0000] {dag.py:3954} INFO - Setting next_dagrun for consume_1_or_both_2_and_3_with_dataset_expressions to None, run_after=None
[2024-05-18T22:52:27.569+0000] {logging_mixin.py:188} INFO - [2024-05-18T22:52:27.568+0000] {dag.py:3954} INFO - Setting next_dagrun for dataset_consumes_1 to None, run_after=None
[2024-05-18T22:52:27.573+0000] {logging_mixin.py:188} INFO - [2024-05-18T22:52:27.573+0000] {dag.py:3954} INFO - Setting next_dagrun for dataset_consumes_1_and_2 to None, run_after=None
[2024-05-18T22:52:27.577+0000] {logging_mixin.py:188} INFO - [2024-05-18T22:52:27.576+0000] {dag.py:3954} INFO - Setting next_dagrun for dataset_consumes_1_never_scheduled to None, run_after=None
[2024-05-18T22:52:27.581+0000] {logging_mixin.py:188} INFO - [2024-05-18T22:52:27.580+0000] {dag.py:3954} INFO - Setting next_dagrun for dataset_consumes_unknown_never_scheduled to None, run_after=None
[2024-05-18T22:52:27.588+0000] {logging_mixin.py:188} INFO - [2024-05-18T22:52:27.587+0000] {dag.py:3954} INFO - Setting next_dagrun for dataset_produces_1 to 2024-05-17 00:00:00+00:00, run_after=2024-05-18 00:00:00+00:00
[2024-05-18T22:52:27.591+0000] {logging_mixin.py:188} INFO - [2024-05-18T22:52:27.591+0000] {dag.py:3954} INFO - Setting next_dagrun for dataset_produces_2 to None, run_after=None
[2024-05-18T22:52:27.663+0000] {processor.py:183} INFO - Processing /home/airflow/.local/lib/python3.12/site-packages/airflow/example_dags/example_datasets.py took 0.320 seconds
