[2024-05-18T22:42:53.565+0000] {processor.py:161} INFO - Started process (PID=64) to work on /home/airflow/.local/lib/python3.12/site-packages/airflow/example_dags/example_xcom.py
[2024-05-18T22:42:53.568+0000] {processor.py:830} INFO - Processing file /home/airflow/.local/lib/python3.12/site-packages/airflow/example_dags/example_xcom.py for tasks to queue
[2024-05-18T22:42:53.575+0000] {logging_mixin.py:188} INFO - [2024-05-18T22:42:53.574+0000] {dagbag.py:545} INFO - Filling up the DagBag from /home/airflow/.local/lib/python3.12/site-packages/airflow/example_dags/example_xcom.py
[2024-05-18T22:42:53.635+0000] {processor.py:840} INFO - DAG(s) 'example_xcom' retrieved from /home/airflow/.local/lib/python3.12/site-packages/airflow/example_dags/example_xcom.py
[2024-05-18T22:42:54.537+0000] {logging_mixin.py:188} INFO - [2024-05-18T22:42:54.533+0000] {override.py:1829} INFO - Created Permission View: can read on DAG:example_xcom
[2024-05-18T22:42:54.592+0000] {logging_mixin.py:188} INFO - [2024-05-18T22:42:54.591+0000] {override.py:1829} INFO - Created Permission View: can edit on DAG:example_xcom
[2024-05-18T22:42:54.623+0000] {logging_mixin.py:188} INFO - [2024-05-18T22:42:54.622+0000] {override.py:1829} INFO - Created Permission View: can delete on DAG:example_xcom
[2024-05-18T22:42:54.631+0000] {logging_mixin.py:188} INFO - [2024-05-18T22:42:54.627+0000] {dag.py:3096} INFO - Sync 1 DAGs
[2024-05-18T22:42:54.693+0000] {logging_mixin.py:188} INFO - [2024-05-18T22:42:54.692+0000] {dag.py:3118} INFO - Creating ORM DAG for example_xcom
[2024-05-18T22:42:54.753+0000] {logging_mixin.py:188} INFO - [2024-05-18T22:42:54.750+0000] {dag.py:3954} INFO - Setting next_dagrun for example_xcom to 2021-01-01 00:00:00+00:00, run_after=2021-01-01 00:00:00+00:00
[2024-05-18T22:42:54.890+0000] {processor.py:183} INFO - Processing /home/airflow/.local/lib/python3.12/site-packages/airflow/example_dags/example_xcom.py took 1.347 seconds
[2024-05-18T22:43:32.330+0000] {processor.py:161} INFO - Started process (PID=124) to work on /home/airflow/.local/lib/python3.12/site-packages/airflow/example_dags/example_xcom.py
[2024-05-18T22:43:32.332+0000] {processor.py:830} INFO - Processing file /home/airflow/.local/lib/python3.12/site-packages/airflow/example_dags/example_xcom.py for tasks to queue
[2024-05-18T22:43:32.336+0000] {logging_mixin.py:188} INFO - [2024-05-18T22:43:32.335+0000] {dagbag.py:545} INFO - Filling up the DagBag from /home/airflow/.local/lib/python3.12/site-packages/airflow/example_dags/example_xcom.py
[2024-05-18T22:43:32.353+0000] {processor.py:840} INFO - DAG(s) 'example_xcom' retrieved from /home/airflow/.local/lib/python3.12/site-packages/airflow/example_dags/example_xcom.py
[2024-05-18T22:43:32.400+0000] {logging_mixin.py:188} INFO - [2024-05-18T22:43:32.399+0000] {dag.py:3096} INFO - Sync 1 DAGs
[2024-05-18T22:43:32.466+0000] {logging_mixin.py:188} INFO - [2024-05-18T22:43:32.465+0000] {dag.py:3954} INFO - Setting next_dagrun for example_xcom to 2021-01-01 00:00:00+00:00, run_after=2021-01-01 00:00:00+00:00
[2024-05-18T22:43:32.517+0000] {processor.py:183} INFO - Processing /home/airflow/.local/lib/python3.12/site-packages/airflow/example_dags/example_xcom.py took 0.200 seconds
[2024-05-18T22:44:04.797+0000] {processor.py:161} INFO - Started process (PID=185) to work on /home/airflow/.local/lib/python3.12/site-packages/airflow/example_dags/example_xcom.py
[2024-05-18T22:44:04.799+0000] {processor.py:830} INFO - Processing file /home/airflow/.local/lib/python3.12/site-packages/airflow/example_dags/example_xcom.py for tasks to queue
[2024-05-18T22:44:04.803+0000] {logging_mixin.py:188} INFO - [2024-05-18T22:44:04.802+0000] {dagbag.py:545} INFO - Filling up the DagBag from /home/airflow/.local/lib/python3.12/site-packages/airflow/example_dags/example_xcom.py
[2024-05-18T22:44:04.823+0000] {processor.py:840} INFO - DAG(s) 'example_xcom' retrieved from /home/airflow/.local/lib/python3.12/site-packages/airflow/example_dags/example_xcom.py
[2024-05-18T22:44:04.875+0000] {logging_mixin.py:188} INFO - [2024-05-18T22:44:04.875+0000] {dag.py:3096} INFO - Sync 1 DAGs
[2024-05-18T22:44:04.936+0000] {logging_mixin.py:188} INFO - [2024-05-18T22:44:04.936+0000] {dag.py:3954} INFO - Setting next_dagrun for example_xcom to 2021-01-01 00:00:00+00:00, run_after=2021-01-01 00:00:00+00:00
[2024-05-18T22:44:04.983+0000] {processor.py:183} INFO - Processing /home/airflow/.local/lib/python3.12/site-packages/airflow/example_dags/example_xcom.py took 0.198 seconds
[2024-05-18T22:44:36.279+0000] {processor.py:161} INFO - Started process (PID=245) to work on /home/airflow/.local/lib/python3.12/site-packages/airflow/example_dags/example_xcom.py
[2024-05-18T22:44:36.281+0000] {processor.py:830} INFO - Processing file /home/airflow/.local/lib/python3.12/site-packages/airflow/example_dags/example_xcom.py for tasks to queue
[2024-05-18T22:44:36.284+0000] {logging_mixin.py:188} INFO - [2024-05-18T22:44:36.284+0000] {dagbag.py:545} INFO - Filling up the DagBag from /home/airflow/.local/lib/python3.12/site-packages/airflow/example_dags/example_xcom.py
[2024-05-18T22:44:36.295+0000] {processor.py:840} INFO - DAG(s) 'example_xcom' retrieved from /home/airflow/.local/lib/python3.12/site-packages/airflow/example_dags/example_xcom.py
[2024-05-18T22:44:36.327+0000] {logging_mixin.py:188} INFO - [2024-05-18T22:44:36.327+0000] {dag.py:3096} INFO - Sync 1 DAGs
[2024-05-18T22:44:36.360+0000] {logging_mixin.py:188} INFO - [2024-05-18T22:44:36.360+0000] {dag.py:3954} INFO - Setting next_dagrun for example_xcom to 2021-01-01 00:00:00+00:00, run_after=2021-01-01 00:00:00+00:00
[2024-05-18T22:44:36.394+0000] {processor.py:183} INFO - Processing /home/airflow/.local/lib/python3.12/site-packages/airflow/example_dags/example_xcom.py took 0.123 seconds
[2024-05-18T22:45:06.749+0000] {processor.py:161} INFO - Started process (PID=303) to work on /home/airflow/.local/lib/python3.12/site-packages/airflow/example_dags/example_xcom.py
[2024-05-18T22:45:06.753+0000] {processor.py:830} INFO - Processing file /home/airflow/.local/lib/python3.12/site-packages/airflow/example_dags/example_xcom.py for tasks to queue
[2024-05-18T22:45:06.758+0000] {logging_mixin.py:188} INFO - [2024-05-18T22:45:06.757+0000] {dagbag.py:545} INFO - Filling up the DagBag from /home/airflow/.local/lib/python3.12/site-packages/airflow/example_dags/example_xcom.py
[2024-05-18T22:45:06.776+0000] {processor.py:840} INFO - DAG(s) 'example_xcom' retrieved from /home/airflow/.local/lib/python3.12/site-packages/airflow/example_dags/example_xcom.py
[2024-05-18T22:45:06.835+0000] {logging_mixin.py:188} INFO - [2024-05-18T22:45:06.834+0000] {dag.py:3096} INFO - Sync 1 DAGs
[2024-05-18T22:45:06.912+0000] {logging_mixin.py:188} INFO - [2024-05-18T22:45:06.911+0000] {dag.py:3954} INFO - Setting next_dagrun for example_xcom to 2021-01-01 00:00:00+00:00, run_after=2021-01-01 00:00:00+00:00
[2024-05-18T22:45:06.981+0000] {processor.py:183} INFO - Processing /home/airflow/.local/lib/python3.12/site-packages/airflow/example_dags/example_xcom.py took 0.260 seconds
[2024-05-18T22:45:37.344+0000] {processor.py:161} INFO - Started process (PID=363) to work on /home/airflow/.local/lib/python3.12/site-packages/airflow/example_dags/example_xcom.py
[2024-05-18T22:45:37.346+0000] {processor.py:830} INFO - Processing file /home/airflow/.local/lib/python3.12/site-packages/airflow/example_dags/example_xcom.py for tasks to queue
[2024-05-18T22:45:37.349+0000] {logging_mixin.py:188} INFO - [2024-05-18T22:45:37.348+0000] {dagbag.py:545} INFO - Filling up the DagBag from /home/airflow/.local/lib/python3.12/site-packages/airflow/example_dags/example_xcom.py
[2024-05-18T22:45:37.360+0000] {processor.py:840} INFO - DAG(s) 'example_xcom' retrieved from /home/airflow/.local/lib/python3.12/site-packages/airflow/example_dags/example_xcom.py
[2024-05-18T22:45:37.398+0000] {logging_mixin.py:188} INFO - [2024-05-18T22:45:37.398+0000] {dag.py:3096} INFO - Sync 1 DAGs
[2024-05-18T22:45:37.435+0000] {logging_mixin.py:188} INFO - [2024-05-18T22:45:37.435+0000] {dag.py:3954} INFO - Setting next_dagrun for example_xcom to 2021-01-01 00:00:00+00:00, run_after=2021-01-01 00:00:00+00:00
[2024-05-18T22:45:37.478+0000] {processor.py:183} INFO - Processing /home/airflow/.local/lib/python3.12/site-packages/airflow/example_dags/example_xcom.py took 0.141 seconds
[2024-05-18T22:46:07.840+0000] {processor.py:161} INFO - Started process (PID=423) to work on /home/airflow/.local/lib/python3.12/site-packages/airflow/example_dags/example_xcom.py
[2024-05-18T22:46:07.842+0000] {processor.py:830} INFO - Processing file /home/airflow/.local/lib/python3.12/site-packages/airflow/example_dags/example_xcom.py for tasks to queue
[2024-05-18T22:46:07.846+0000] {logging_mixin.py:188} INFO - [2024-05-18T22:46:07.845+0000] {dagbag.py:545} INFO - Filling up the DagBag from /home/airflow/.local/lib/python3.12/site-packages/airflow/example_dags/example_xcom.py
[2024-05-18T22:46:07.857+0000] {processor.py:840} INFO - DAG(s) 'example_xcom' retrieved from /home/airflow/.local/lib/python3.12/site-packages/airflow/example_dags/example_xcom.py
[2024-05-18T22:46:07.892+0000] {logging_mixin.py:188} INFO - [2024-05-18T22:46:07.891+0000] {dag.py:3096} INFO - Sync 1 DAGs
[2024-05-18T22:46:07.927+0000] {logging_mixin.py:188} INFO - [2024-05-18T22:46:07.927+0000] {dag.py:3954} INFO - Setting next_dagrun for example_xcom to 2021-01-01 00:00:00+00:00, run_after=2021-01-01 00:00:00+00:00
[2024-05-18T22:46:07.964+0000] {processor.py:183} INFO - Processing /home/airflow/.local/lib/python3.12/site-packages/airflow/example_dags/example_xcom.py took 0.131 seconds
[2024-05-18T22:46:39.478+0000] {processor.py:161} INFO - Started process (PID=483) to work on /home/airflow/.local/lib/python3.12/site-packages/airflow/example_dags/example_xcom.py
[2024-05-18T22:46:39.480+0000] {processor.py:830} INFO - Processing file /home/airflow/.local/lib/python3.12/site-packages/airflow/example_dags/example_xcom.py for tasks to queue
[2024-05-18T22:46:39.483+0000] {logging_mixin.py:188} INFO - [2024-05-18T22:46:39.482+0000] {dagbag.py:545} INFO - Filling up the DagBag from /home/airflow/.local/lib/python3.12/site-packages/airflow/example_dags/example_xcom.py
[2024-05-18T22:46:39.494+0000] {processor.py:840} INFO - DAG(s) 'example_xcom' retrieved from /home/airflow/.local/lib/python3.12/site-packages/airflow/example_dags/example_xcom.py
[2024-05-18T22:46:39.539+0000] {logging_mixin.py:188} INFO - [2024-05-18T22:46:39.539+0000] {dag.py:3096} INFO - Sync 1 DAGs
[2024-05-18T22:46:39.579+0000] {logging_mixin.py:188} INFO - [2024-05-18T22:46:39.579+0000] {dag.py:3954} INFO - Setting next_dagrun for example_xcom to 2021-01-01 00:00:00+00:00, run_after=2021-01-01 00:00:00+00:00
[2024-05-18T22:46:39.615+0000] {processor.py:183} INFO - Processing /home/airflow/.local/lib/python3.12/site-packages/airflow/example_dags/example_xcom.py took 0.145 seconds
[2024-05-18T22:47:10.392+0000] {processor.py:161} INFO - Started process (PID=543) to work on /home/airflow/.local/lib/python3.12/site-packages/airflow/example_dags/example_xcom.py
[2024-05-18T22:47:10.394+0000] {processor.py:830} INFO - Processing file /home/airflow/.local/lib/python3.12/site-packages/airflow/example_dags/example_xcom.py for tasks to queue
[2024-05-18T22:47:10.400+0000] {logging_mixin.py:188} INFO - [2024-05-18T22:47:10.399+0000] {dagbag.py:545} INFO - Filling up the DagBag from /home/airflow/.local/lib/python3.12/site-packages/airflow/example_dags/example_xcom.py
[2024-05-18T22:47:10.422+0000] {processor.py:840} INFO - DAG(s) 'example_xcom' retrieved from /home/airflow/.local/lib/python3.12/site-packages/airflow/example_dags/example_xcom.py
[2024-05-18T22:47:10.471+0000] {logging_mixin.py:188} INFO - [2024-05-18T22:47:10.471+0000] {dag.py:3096} INFO - Sync 1 DAGs
[2024-05-18T22:47:10.543+0000] {logging_mixin.py:188} INFO - [2024-05-18T22:47:10.542+0000] {dag.py:3954} INFO - Setting next_dagrun for example_xcom to 2021-01-01 00:00:00+00:00, run_after=2021-01-01 00:00:00+00:00
[2024-05-18T22:47:10.616+0000] {processor.py:183} INFO - Processing /home/airflow/.local/lib/python3.12/site-packages/airflow/example_dags/example_xcom.py took 0.237 seconds
[2024-05-18T22:47:41.522+0000] {processor.py:161} INFO - Started process (PID=603) to work on /home/airflow/.local/lib/python3.12/site-packages/airflow/example_dags/example_xcom.py
[2024-05-18T22:47:41.524+0000] {processor.py:830} INFO - Processing file /home/airflow/.local/lib/python3.12/site-packages/airflow/example_dags/example_xcom.py for tasks to queue
[2024-05-18T22:47:41.529+0000] {logging_mixin.py:188} INFO - [2024-05-18T22:47:41.528+0000] {dagbag.py:545} INFO - Filling up the DagBag from /home/airflow/.local/lib/python3.12/site-packages/airflow/example_dags/example_xcom.py
[2024-05-18T22:47:41.550+0000] {processor.py:840} INFO - DAG(s) 'example_xcom' retrieved from /home/airflow/.local/lib/python3.12/site-packages/airflow/example_dags/example_xcom.py
[2024-05-18T22:47:41.596+0000] {logging_mixin.py:188} INFO - [2024-05-18T22:47:41.595+0000] {dag.py:3096} INFO - Sync 1 DAGs
[2024-05-18T22:47:41.656+0000] {logging_mixin.py:188} INFO - [2024-05-18T22:47:41.655+0000] {dag.py:3954} INFO - Setting next_dagrun for example_xcom to 2021-01-01 00:00:00+00:00, run_after=2021-01-01 00:00:00+00:00
[2024-05-18T22:47:41.705+0000] {processor.py:183} INFO - Processing /home/airflow/.local/lib/python3.12/site-packages/airflow/example_dags/example_xcom.py took 0.192 seconds
[2024-05-18T22:48:16.093+0000] {processor.py:161} INFO - Started process (PID=669) to work on /home/airflow/.local/lib/python3.12/site-packages/airflow/example_dags/example_xcom.py
[2024-05-18T22:48:16.097+0000] {processor.py:830} INFO - Processing file /home/airflow/.local/lib/python3.12/site-packages/airflow/example_dags/example_xcom.py for tasks to queue
[2024-05-18T22:48:16.105+0000] {logging_mixin.py:188} INFO - [2024-05-18T22:48:16.104+0000] {dagbag.py:545} INFO - Filling up the DagBag from /home/airflow/.local/lib/python3.12/site-packages/airflow/example_dags/example_xcom.py
[2024-05-18T22:48:16.145+0000] {processor.py:840} INFO - DAG(s) 'example_xcom' retrieved from /home/airflow/.local/lib/python3.12/site-packages/airflow/example_dags/example_xcom.py
[2024-05-18T22:48:16.283+0000] {logging_mixin.py:188} INFO - [2024-05-18T22:48:16.278+0000] {dag.py:3096} INFO - Sync 1 DAGs
[2024-05-18T22:48:16.411+0000] {logging_mixin.py:188} INFO - [2024-05-18T22:48:16.410+0000] {dag.py:3954} INFO - Setting next_dagrun for example_xcom to 2021-01-01 00:00:00+00:00, run_after=2021-01-01 00:00:00+00:00
[2024-05-18T22:48:16.526+0000] {processor.py:183} INFO - Processing /home/airflow/.local/lib/python3.12/site-packages/airflow/example_dags/example_xcom.py took 0.452 seconds
[2024-05-18T22:48:49.976+0000] {processor.py:161} INFO - Started process (PID=729) to work on /home/airflow/.local/lib/python3.12/site-packages/airflow/example_dags/example_xcom.py
[2024-05-18T22:48:49.979+0000] {processor.py:830} INFO - Processing file /home/airflow/.local/lib/python3.12/site-packages/airflow/example_dags/example_xcom.py for tasks to queue
[2024-05-18T22:48:49.992+0000] {logging_mixin.py:188} INFO - [2024-05-18T22:48:49.992+0000] {dagbag.py:545} INFO - Filling up the DagBag from /home/airflow/.local/lib/python3.12/site-packages/airflow/example_dags/example_xcom.py
[2024-05-18T22:48:50.030+0000] {processor.py:840} INFO - DAG(s) 'example_xcom' retrieved from /home/airflow/.local/lib/python3.12/site-packages/airflow/example_dags/example_xcom.py
[2024-05-18T22:48:50.131+0000] {logging_mixin.py:188} INFO - [2024-05-18T22:48:50.130+0000] {dag.py:3096} INFO - Sync 1 DAGs
[2024-05-18T22:48:50.225+0000] {logging_mixin.py:188} INFO - [2024-05-18T22:48:50.224+0000] {dag.py:3954} INFO - Setting next_dagrun for example_xcom to 2021-01-01 00:00:00+00:00, run_after=2021-01-01 00:00:00+00:00
[2024-05-18T22:48:50.328+0000] {processor.py:183} INFO - Processing /home/airflow/.local/lib/python3.12/site-packages/airflow/example_dags/example_xcom.py took 0.403 seconds
[2024-05-18T22:49:20.906+0000] {processor.py:161} INFO - Started process (PID=789) to work on /home/airflow/.local/lib/python3.12/site-packages/airflow/example_dags/example_xcom.py
[2024-05-18T22:49:20.907+0000] {processor.py:830} INFO - Processing file /home/airflow/.local/lib/python3.12/site-packages/airflow/example_dags/example_xcom.py for tasks to queue
[2024-05-18T22:49:20.912+0000] {logging_mixin.py:188} INFO - [2024-05-18T22:49:20.911+0000] {dagbag.py:545} INFO - Filling up the DagBag from /home/airflow/.local/lib/python3.12/site-packages/airflow/example_dags/example_xcom.py
[2024-05-18T22:49:20.921+0000] {processor.py:840} INFO - DAG(s) 'example_xcom' retrieved from /home/airflow/.local/lib/python3.12/site-packages/airflow/example_dags/example_xcom.py
[2024-05-18T22:49:20.952+0000] {logging_mixin.py:188} INFO - [2024-05-18T22:49:20.951+0000] {dag.py:3096} INFO - Sync 1 DAGs
[2024-05-18T22:49:20.987+0000] {logging_mixin.py:188} INFO - [2024-05-18T22:49:20.987+0000] {dag.py:3954} INFO - Setting next_dagrun for example_xcom to 2021-01-01 00:00:00+00:00, run_after=2021-01-01 00:00:00+00:00
[2024-05-18T22:49:21.023+0000] {processor.py:183} INFO - Processing /home/airflow/.local/lib/python3.12/site-packages/airflow/example_dags/example_xcom.py took 0.125 seconds
[2024-05-18T22:49:51.231+0000] {processor.py:161} INFO - Started process (PID=848) to work on /home/airflow/.local/lib/python3.12/site-packages/airflow/example_dags/example_xcom.py
[2024-05-18T22:49:51.233+0000] {processor.py:830} INFO - Processing file /home/airflow/.local/lib/python3.12/site-packages/airflow/example_dags/example_xcom.py for tasks to queue
[2024-05-18T22:49:51.235+0000] {logging_mixin.py:188} INFO - [2024-05-18T22:49:51.235+0000] {dagbag.py:545} INFO - Filling up the DagBag from /home/airflow/.local/lib/python3.12/site-packages/airflow/example_dags/example_xcom.py
[2024-05-18T22:49:51.247+0000] {processor.py:840} INFO - DAG(s) 'example_xcom' retrieved from /home/airflow/.local/lib/python3.12/site-packages/airflow/example_dags/example_xcom.py
[2024-05-18T22:49:51.280+0000] {logging_mixin.py:188} INFO - [2024-05-18T22:49:51.280+0000] {dag.py:3096} INFO - Sync 1 DAGs
[2024-05-18T22:49:51.312+0000] {logging_mixin.py:188} INFO - [2024-05-18T22:49:51.312+0000] {dag.py:3954} INFO - Setting next_dagrun for example_xcom to 2021-01-01 00:00:00+00:00, run_after=2021-01-01 00:00:00+00:00
[2024-05-18T22:49:51.345+0000] {processor.py:183} INFO - Processing /home/airflow/.local/lib/python3.12/site-packages/airflow/example_dags/example_xcom.py took 0.119 seconds
[2024-05-18T22:50:21.499+0000] {processor.py:161} INFO - Started process (PID=908) to work on /home/airflow/.local/lib/python3.12/site-packages/airflow/example_dags/example_xcom.py
[2024-05-18T22:50:21.500+0000] {processor.py:830} INFO - Processing file /home/airflow/.local/lib/python3.12/site-packages/airflow/example_dags/example_xcom.py for tasks to queue
[2024-05-18T22:50:21.503+0000] {logging_mixin.py:188} INFO - [2024-05-18T22:50:21.502+0000] {dagbag.py:545} INFO - Filling up the DagBag from /home/airflow/.local/lib/python3.12/site-packages/airflow/example_dags/example_xcom.py
[2024-05-18T22:50:21.514+0000] {processor.py:840} INFO - DAG(s) 'example_xcom' retrieved from /home/airflow/.local/lib/python3.12/site-packages/airflow/example_dags/example_xcom.py
[2024-05-18T22:50:21.553+0000] {logging_mixin.py:188} INFO - [2024-05-18T22:50:21.552+0000] {dag.py:3096} INFO - Sync 1 DAGs
[2024-05-18T22:50:21.590+0000] {logging_mixin.py:188} INFO - [2024-05-18T22:50:21.589+0000] {dag.py:3954} INFO - Setting next_dagrun for example_xcom to 2021-01-01 00:00:00+00:00, run_after=2021-01-01 00:00:00+00:00
[2024-05-18T22:50:21.627+0000] {processor.py:183} INFO - Processing /home/airflow/.local/lib/python3.12/site-packages/airflow/example_dags/example_xcom.py took 0.136 seconds
[2024-05-18T22:50:52.424+0000] {processor.py:161} INFO - Started process (PID=969) to work on /home/airflow/.local/lib/python3.12/site-packages/airflow/example_dags/example_xcom.py
[2024-05-18T22:50:52.428+0000] {processor.py:830} INFO - Processing file /home/airflow/.local/lib/python3.12/site-packages/airflow/example_dags/example_xcom.py for tasks to queue
[2024-05-18T22:50:52.436+0000] {logging_mixin.py:188} INFO - [2024-05-18T22:50:52.434+0000] {dagbag.py:545} INFO - Filling up the DagBag from /home/airflow/.local/lib/python3.12/site-packages/airflow/example_dags/example_xcom.py
[2024-05-18T22:50:52.466+0000] {processor.py:840} INFO - DAG(s) 'example_xcom' retrieved from /home/airflow/.local/lib/python3.12/site-packages/airflow/example_dags/example_xcom.py
[2024-05-18T22:50:52.598+0000] {logging_mixin.py:188} INFO - [2024-05-18T22:50:52.597+0000] {dag.py:3096} INFO - Sync 1 DAGs
[2024-05-18T22:50:52.698+0000] {logging_mixin.py:188} INFO - [2024-05-18T22:50:52.698+0000] {dag.py:3954} INFO - Setting next_dagrun for example_xcom to 2021-01-01 00:00:00+00:00, run_after=2021-01-01 00:00:00+00:00
[2024-05-18T22:50:52.813+0000] {processor.py:183} INFO - Processing /home/airflow/.local/lib/python3.12/site-packages/airflow/example_dags/example_xcom.py took 0.419 seconds
[2024-05-18T22:51:23.221+0000] {processor.py:161} INFO - Started process (PID=1029) to work on /home/airflow/.local/lib/python3.12/site-packages/airflow/example_dags/example_xcom.py
[2024-05-18T22:51:23.223+0000] {processor.py:830} INFO - Processing file /home/airflow/.local/lib/python3.12/site-packages/airflow/example_dags/example_xcom.py for tasks to queue
[2024-05-18T22:51:23.226+0000] {logging_mixin.py:188} INFO - [2024-05-18T22:51:23.226+0000] {dagbag.py:545} INFO - Filling up the DagBag from /home/airflow/.local/lib/python3.12/site-packages/airflow/example_dags/example_xcom.py
[2024-05-18T22:51:23.239+0000] {processor.py:840} INFO - DAG(s) 'example_xcom' retrieved from /home/airflow/.local/lib/python3.12/site-packages/airflow/example_dags/example_xcom.py
[2024-05-18T22:51:23.280+0000] {logging_mixin.py:188} INFO - [2024-05-18T22:51:23.280+0000] {dag.py:3096} INFO - Sync 1 DAGs
[2024-05-18T22:51:23.368+0000] {logging_mixin.py:188} INFO - [2024-05-18T22:51:23.367+0000] {dag.py:3954} INFO - Setting next_dagrun for example_xcom to 2021-01-01 00:00:00+00:00, run_after=2021-01-01 00:00:00+00:00
[2024-05-18T22:51:23.444+0000] {processor.py:183} INFO - Processing /home/airflow/.local/lib/python3.12/site-packages/airflow/example_dags/example_xcom.py took 0.229 seconds
[2024-05-18T22:51:54.005+0000] {processor.py:161} INFO - Started process (PID=1089) to work on /home/airflow/.local/lib/python3.12/site-packages/airflow/example_dags/example_xcom.py
[2024-05-18T22:51:54.006+0000] {processor.py:830} INFO - Processing file /home/airflow/.local/lib/python3.12/site-packages/airflow/example_dags/example_xcom.py for tasks to queue
[2024-05-18T22:51:54.009+0000] {logging_mixin.py:188} INFO - [2024-05-18T22:51:54.008+0000] {dagbag.py:545} INFO - Filling up the DagBag from /home/airflow/.local/lib/python3.12/site-packages/airflow/example_dags/example_xcom.py
[2024-05-18T22:51:54.018+0000] {processor.py:840} INFO - DAG(s) 'example_xcom' retrieved from /home/airflow/.local/lib/python3.12/site-packages/airflow/example_dags/example_xcom.py
[2024-05-18T22:51:54.052+0000] {logging_mixin.py:188} INFO - [2024-05-18T22:51:54.052+0000] {dag.py:3096} INFO - Sync 1 DAGs
[2024-05-18T22:51:54.087+0000] {logging_mixin.py:188} INFO - [2024-05-18T22:51:54.087+0000] {dag.py:3954} INFO - Setting next_dagrun for example_xcom to 2021-01-01 00:00:00+00:00, run_after=2021-01-01 00:00:00+00:00
[2024-05-18T22:51:54.123+0000] {processor.py:183} INFO - Processing /home/airflow/.local/lib/python3.12/site-packages/airflow/example_dags/example_xcom.py took 0.125 seconds
[2024-05-18T22:52:24.873+0000] {processor.py:161} INFO - Started process (PID=1149) to work on /home/airflow/.local/lib/python3.12/site-packages/airflow/example_dags/example_xcom.py
[2024-05-18T22:52:24.876+0000] {processor.py:830} INFO - Processing file /home/airflow/.local/lib/python3.12/site-packages/airflow/example_dags/example_xcom.py for tasks to queue
[2024-05-18T22:52:24.880+0000] {logging_mixin.py:188} INFO - [2024-05-18T22:52:24.879+0000] {dagbag.py:545} INFO - Filling up the DagBag from /home/airflow/.local/lib/python3.12/site-packages/airflow/example_dags/example_xcom.py
[2024-05-18T22:52:24.897+0000] {processor.py:840} INFO - DAG(s) 'example_xcom' retrieved from /home/airflow/.local/lib/python3.12/site-packages/airflow/example_dags/example_xcom.py
[2024-05-18T22:52:24.944+0000] {logging_mixin.py:188} INFO - [2024-05-18T22:52:24.943+0000] {dag.py:3096} INFO - Sync 1 DAGs
[2024-05-18T22:52:24.990+0000] {logging_mixin.py:188} INFO - [2024-05-18T22:52:24.989+0000] {dag.py:3954} INFO - Setting next_dagrun for example_xcom to 2021-01-01 00:00:00+00:00, run_after=2021-01-01 00:00:00+00:00
[2024-05-18T22:52:25.039+0000] {processor.py:183} INFO - Processing /home/airflow/.local/lib/python3.12/site-packages/airflow/example_dags/example_xcom.py took 0.177 seconds
