[2024-05-18T22:43:01.870+0000] {processor.py:161} INFO - Started process (PID=73) to work on /home/airflow/.local/lib/python3.12/site-packages/airflow/example_dags/example_trigger_target_dag.py
[2024-05-18T22:43:01.874+0000] {processor.py:830} INFO - Processing file /home/airflow/.local/lib/python3.12/site-packages/airflow/example_dags/example_trigger_target_dag.py for tasks to queue
[2024-05-18T22:43:01.878+0000] {logging_mixin.py:188} INFO - [2024-05-18T22:43:01.877+0000] {dagbag.py:545} INFO - Filling up the DagBag from /home/airflow/.local/lib/python3.12/site-packages/airflow/example_dags/example_trigger_target_dag.py
[2024-05-18T22:43:01.908+0000] {processor.py:840} INFO - DAG(s) 'example_trigger_target_dag' retrieved from /home/airflow/.local/lib/python3.12/site-packages/airflow/example_dags/example_trigger_target_dag.py
[2024-05-18T22:43:02.183+0000] {logging_mixin.py:188} INFO - [2024-05-18T22:43:02.180+0000] {override.py:1829} INFO - Created Permission View: can read on DAG:example_trigger_target_dag
[2024-05-18T22:43:02.218+0000] {logging_mixin.py:188} INFO - [2024-05-18T22:43:02.217+0000] {override.py:1829} INFO - Created Permission View: can edit on DAG:example_trigger_target_dag
[2024-05-18T22:43:02.240+0000] {logging_mixin.py:188} INFO - [2024-05-18T22:43:02.239+0000] {override.py:1829} INFO - Created Permission View: can delete on DAG:example_trigger_target_dag
[2024-05-18T22:43:02.242+0000] {logging_mixin.py:188} INFO - [2024-05-18T22:43:02.241+0000] {dag.py:3096} INFO - Sync 1 DAGs
[2024-05-18T22:43:02.273+0000] {logging_mixin.py:188} INFO - [2024-05-18T22:43:02.272+0000] {dag.py:3118} INFO - Creating ORM DAG for example_trigger_target_dag
[2024-05-18T22:43:02.276+0000] {logging_mixin.py:188} INFO - [2024-05-18T22:43:02.275+0000] {dag.py:3954} INFO - Setting next_dagrun for example_trigger_target_dag to None, run_after=None
[2024-05-18T22:43:02.328+0000] {processor.py:183} INFO - Processing /home/airflow/.local/lib/python3.12/site-packages/airflow/example_dags/example_trigger_target_dag.py took 0.477 seconds
[2024-05-18T22:43:34.802+0000] {processor.py:161} INFO - Started process (PID=133) to work on /home/airflow/.local/lib/python3.12/site-packages/airflow/example_dags/example_trigger_target_dag.py
[2024-05-18T22:43:34.806+0000] {processor.py:830} INFO - Processing file /home/airflow/.local/lib/python3.12/site-packages/airflow/example_dags/example_trigger_target_dag.py for tasks to queue
[2024-05-18T22:43:34.811+0000] {logging_mixin.py:188} INFO - [2024-05-18T22:43:34.811+0000] {dagbag.py:545} INFO - Filling up the DagBag from /home/airflow/.local/lib/python3.12/site-packages/airflow/example_dags/example_trigger_target_dag.py
[2024-05-18T22:43:34.829+0000] {processor.py:840} INFO - DAG(s) 'example_trigger_target_dag' retrieved from /home/airflow/.local/lib/python3.12/site-packages/airflow/example_dags/example_trigger_target_dag.py
[2024-05-18T22:43:34.891+0000] {logging_mixin.py:188} INFO - [2024-05-18T22:43:34.890+0000] {dag.py:3096} INFO - Sync 1 DAGs
[2024-05-18T22:43:34.929+0000] {logging_mixin.py:188} INFO - [2024-05-18T22:43:34.929+0000] {dag.py:3954} INFO - Setting next_dagrun for example_trigger_target_dag to None, run_after=None
[2024-05-18T22:43:34.987+0000] {processor.py:183} INFO - Processing /home/airflow/.local/lib/python3.12/site-packages/airflow/example_dags/example_trigger_target_dag.py took 0.206 seconds
[2024-05-18T22:44:06.330+0000] {processor.py:161} INFO - Started process (PID=194) to work on /home/airflow/.local/lib/python3.12/site-packages/airflow/example_dags/example_trigger_target_dag.py
[2024-05-18T22:44:06.333+0000] {processor.py:830} INFO - Processing file /home/airflow/.local/lib/python3.12/site-packages/airflow/example_dags/example_trigger_target_dag.py for tasks to queue
[2024-05-18T22:44:06.338+0000] {logging_mixin.py:188} INFO - [2024-05-18T22:44:06.337+0000] {dagbag.py:545} INFO - Filling up the DagBag from /home/airflow/.local/lib/python3.12/site-packages/airflow/example_dags/example_trigger_target_dag.py
[2024-05-18T22:44:06.355+0000] {processor.py:840} INFO - DAG(s) 'example_trigger_target_dag' retrieved from /home/airflow/.local/lib/python3.12/site-packages/airflow/example_dags/example_trigger_target_dag.py
[2024-05-18T22:44:06.410+0000] {logging_mixin.py:188} INFO - [2024-05-18T22:44:06.409+0000] {dag.py:3096} INFO - Sync 1 DAGs
[2024-05-18T22:44:06.447+0000] {logging_mixin.py:188} INFO - [2024-05-18T22:44:06.447+0000] {dag.py:3954} INFO - Setting next_dagrun for example_trigger_target_dag to None, run_after=None
[2024-05-18T22:44:06.497+0000] {processor.py:183} INFO - Processing /home/airflow/.local/lib/python3.12/site-packages/airflow/example_dags/example_trigger_target_dag.py took 0.183 seconds
[2024-05-18T22:44:37.262+0000] {processor.py:161} INFO - Started process (PID=254) to work on /home/airflow/.local/lib/python3.12/site-packages/airflow/example_dags/example_trigger_target_dag.py
[2024-05-18T22:44:37.264+0000] {processor.py:830} INFO - Processing file /home/airflow/.local/lib/python3.12/site-packages/airflow/example_dags/example_trigger_target_dag.py for tasks to queue
[2024-05-18T22:44:37.267+0000] {logging_mixin.py:188} INFO - [2024-05-18T22:44:37.267+0000] {dagbag.py:545} INFO - Filling up the DagBag from /home/airflow/.local/lib/python3.12/site-packages/airflow/example_dags/example_trigger_target_dag.py
[2024-05-18T22:44:37.276+0000] {processor.py:840} INFO - DAG(s) 'example_trigger_target_dag' retrieved from /home/airflow/.local/lib/python3.12/site-packages/airflow/example_dags/example_trigger_target_dag.py
[2024-05-18T22:44:37.306+0000] {logging_mixin.py:188} INFO - [2024-05-18T22:44:37.305+0000] {dag.py:3096} INFO - Sync 1 DAGs
[2024-05-18T22:44:37.325+0000] {logging_mixin.py:188} INFO - [2024-05-18T22:44:37.325+0000] {dag.py:3954} INFO - Setting next_dagrun for example_trigger_target_dag to None, run_after=None
[2024-05-18T22:44:37.363+0000] {processor.py:183} INFO - Processing /home/airflow/.local/lib/python3.12/site-packages/airflow/example_dags/example_trigger_target_dag.py took 0.108 seconds
[2024-05-18T22:45:08.516+0000] {processor.py:161} INFO - Started process (PID=314) to work on /home/airflow/.local/lib/python3.12/site-packages/airflow/example_dags/example_trigger_target_dag.py
[2024-05-18T22:45:08.518+0000] {processor.py:830} INFO - Processing file /home/airflow/.local/lib/python3.12/site-packages/airflow/example_dags/example_trigger_target_dag.py for tasks to queue
[2024-05-18T22:45:08.521+0000] {logging_mixin.py:188} INFO - [2024-05-18T22:45:08.521+0000] {dagbag.py:545} INFO - Filling up the DagBag from /home/airflow/.local/lib/python3.12/site-packages/airflow/example_dags/example_trigger_target_dag.py
[2024-05-18T22:45:08.530+0000] {processor.py:840} INFO - DAG(s) 'example_trigger_target_dag' retrieved from /home/airflow/.local/lib/python3.12/site-packages/airflow/example_dags/example_trigger_target_dag.py
[2024-05-18T22:45:08.561+0000] {logging_mixin.py:188} INFO - [2024-05-18T22:45:08.561+0000] {dag.py:3096} INFO - Sync 1 DAGs
[2024-05-18T22:45:08.602+0000] {logging_mixin.py:188} INFO - [2024-05-18T22:45:08.602+0000] {dag.py:3954} INFO - Setting next_dagrun for example_trigger_target_dag to None, run_after=None
[2024-05-18T22:45:08.652+0000] {processor.py:183} INFO - Processing /home/airflow/.local/lib/python3.12/site-packages/airflow/example_dags/example_trigger_target_dag.py took 0.145 seconds
[2024-05-18T22:45:39.826+0000] {processor.py:161} INFO - Started process (PID=374) to work on /home/airflow/.local/lib/python3.12/site-packages/airflow/example_dags/example_trigger_target_dag.py
[2024-05-18T22:45:39.829+0000] {processor.py:830} INFO - Processing file /home/airflow/.local/lib/python3.12/site-packages/airflow/example_dags/example_trigger_target_dag.py for tasks to queue
[2024-05-18T22:45:39.834+0000] {logging_mixin.py:188} INFO - [2024-05-18T22:45:39.833+0000] {dagbag.py:545} INFO - Filling up the DagBag from /home/airflow/.local/lib/python3.12/site-packages/airflow/example_dags/example_trigger_target_dag.py
[2024-05-18T22:45:39.848+0000] {processor.py:840} INFO - DAG(s) 'example_trigger_target_dag' retrieved from /home/airflow/.local/lib/python3.12/site-packages/airflow/example_dags/example_trigger_target_dag.py
[2024-05-18T22:45:39.894+0000] {logging_mixin.py:188} INFO - [2024-05-18T22:45:39.893+0000] {dag.py:3096} INFO - Sync 1 DAGs
[2024-05-18T22:45:39.935+0000] {logging_mixin.py:188} INFO - [2024-05-18T22:45:39.934+0000] {dag.py:3954} INFO - Setting next_dagrun for example_trigger_target_dag to None, run_after=None
[2024-05-18T22:45:39.990+0000] {processor.py:183} INFO - Processing /home/airflow/.local/lib/python3.12/site-packages/airflow/example_dags/example_trigger_target_dag.py took 0.179 seconds
[2024-05-18T22:46:10.381+0000] {processor.py:161} INFO - Started process (PID=434) to work on /home/airflow/.local/lib/python3.12/site-packages/airflow/example_dags/example_trigger_target_dag.py
[2024-05-18T22:46:10.383+0000] {processor.py:830} INFO - Processing file /home/airflow/.local/lib/python3.12/site-packages/airflow/example_dags/example_trigger_target_dag.py for tasks to queue
[2024-05-18T22:46:10.387+0000] {logging_mixin.py:188} INFO - [2024-05-18T22:46:10.386+0000] {dagbag.py:545} INFO - Filling up the DagBag from /home/airflow/.local/lib/python3.12/site-packages/airflow/example_dags/example_trigger_target_dag.py
[2024-05-18T22:46:10.396+0000] {processor.py:840} INFO - DAG(s) 'example_trigger_target_dag' retrieved from /home/airflow/.local/lib/python3.12/site-packages/airflow/example_dags/example_trigger_target_dag.py
[2024-05-18T22:46:10.431+0000] {logging_mixin.py:188} INFO - [2024-05-18T22:46:10.431+0000] {dag.py:3096} INFO - Sync 1 DAGs
[2024-05-18T22:46:10.452+0000] {logging_mixin.py:188} INFO - [2024-05-18T22:46:10.452+0000] {dag.py:3954} INFO - Setting next_dagrun for example_trigger_target_dag to None, run_after=None
[2024-05-18T22:46:10.490+0000] {processor.py:183} INFO - Processing /home/airflow/.local/lib/python3.12/site-packages/airflow/example_dags/example_trigger_target_dag.py took 0.121 seconds
[2024-05-18T22:46:41.014+0000] {processor.py:161} INFO - Started process (PID=492) to work on /home/airflow/.local/lib/python3.12/site-packages/airflow/example_dags/example_trigger_target_dag.py
[2024-05-18T22:46:41.015+0000] {processor.py:830} INFO - Processing file /home/airflow/.local/lib/python3.12/site-packages/airflow/example_dags/example_trigger_target_dag.py for tasks to queue
[2024-05-18T22:46:41.018+0000] {logging_mixin.py:188} INFO - [2024-05-18T22:46:41.018+0000] {dagbag.py:545} INFO - Filling up the DagBag from /home/airflow/.local/lib/python3.12/site-packages/airflow/example_dags/example_trigger_target_dag.py
[2024-05-18T22:46:41.026+0000] {processor.py:840} INFO - DAG(s) 'example_trigger_target_dag' retrieved from /home/airflow/.local/lib/python3.12/site-packages/airflow/example_dags/example_trigger_target_dag.py
[2024-05-18T22:46:41.065+0000] {logging_mixin.py:188} INFO - [2024-05-18T22:46:41.064+0000] {dag.py:3096} INFO - Sync 1 DAGs
[2024-05-18T22:46:41.119+0000] {logging_mixin.py:188} INFO - [2024-05-18T22:46:41.119+0000] {dag.py:3954} INFO - Setting next_dagrun for example_trigger_target_dag to None, run_after=None
[2024-05-18T22:46:41.173+0000] {processor.py:183} INFO - Processing /home/airflow/.local/lib/python3.12/site-packages/airflow/example_dags/example_trigger_target_dag.py took 0.168 seconds
[2024-05-18T22:47:11.845+0000] {processor.py:161} INFO - Started process (PID=552) to work on /home/airflow/.local/lib/python3.12/site-packages/airflow/example_dags/example_trigger_target_dag.py
[2024-05-18T22:47:11.847+0000] {processor.py:830} INFO - Processing file /home/airflow/.local/lib/python3.12/site-packages/airflow/example_dags/example_trigger_target_dag.py for tasks to queue
[2024-05-18T22:47:11.853+0000] {logging_mixin.py:188} INFO - [2024-05-18T22:47:11.852+0000] {dagbag.py:545} INFO - Filling up the DagBag from /home/airflow/.local/lib/python3.12/site-packages/airflow/example_dags/example_trigger_target_dag.py
[2024-05-18T22:47:11.862+0000] {processor.py:840} INFO - DAG(s) 'example_trigger_target_dag' retrieved from /home/airflow/.local/lib/python3.12/site-packages/airflow/example_dags/example_trigger_target_dag.py
[2024-05-18T22:47:11.898+0000] {logging_mixin.py:188} INFO - [2024-05-18T22:47:11.897+0000] {dag.py:3096} INFO - Sync 1 DAGs
[2024-05-18T22:47:11.936+0000] {logging_mixin.py:188} INFO - [2024-05-18T22:47:11.936+0000] {dag.py:3954} INFO - Setting next_dagrun for example_trigger_target_dag to None, run_after=None
[2024-05-18T22:47:11.977+0000] {processor.py:183} INFO - Processing /home/airflow/.local/lib/python3.12/site-packages/airflow/example_dags/example_trigger_target_dag.py took 0.138 seconds
[2024-05-18T22:47:43.001+0000] {processor.py:161} INFO - Started process (PID=612) to work on /home/airflow/.local/lib/python3.12/site-packages/airflow/example_dags/example_trigger_target_dag.py
[2024-05-18T22:47:43.003+0000] {processor.py:830} INFO - Processing file /home/airflow/.local/lib/python3.12/site-packages/airflow/example_dags/example_trigger_target_dag.py for tasks to queue
[2024-05-18T22:47:43.007+0000] {logging_mixin.py:188} INFO - [2024-05-18T22:47:43.007+0000] {dagbag.py:545} INFO - Filling up the DagBag from /home/airflow/.local/lib/python3.12/site-packages/airflow/example_dags/example_trigger_target_dag.py
[2024-05-18T22:47:43.019+0000] {processor.py:840} INFO - DAG(s) 'example_trigger_target_dag' retrieved from /home/airflow/.local/lib/python3.12/site-packages/airflow/example_dags/example_trigger_target_dag.py
[2024-05-18T22:47:43.074+0000] {logging_mixin.py:188} INFO - [2024-05-18T22:47:43.073+0000] {dag.py:3096} INFO - Sync 1 DAGs
[2024-05-18T22:47:43.102+0000] {logging_mixin.py:188} INFO - [2024-05-18T22:47:43.102+0000] {dag.py:3954} INFO - Setting next_dagrun for example_trigger_target_dag to None, run_after=None
[2024-05-18T22:47:43.149+0000] {processor.py:183} INFO - Processing /home/airflow/.local/lib/python3.12/site-packages/airflow/example_dags/example_trigger_target_dag.py took 0.165 seconds
[2024-05-18T22:48:18.245+0000] {processor.py:161} INFO - Started process (PID=678) to work on /home/airflow/.local/lib/python3.12/site-packages/airflow/example_dags/example_trigger_target_dag.py
[2024-05-18T22:48:18.247+0000] {processor.py:830} INFO - Processing file /home/airflow/.local/lib/python3.12/site-packages/airflow/example_dags/example_trigger_target_dag.py for tasks to queue
[2024-05-18T22:48:18.251+0000] {logging_mixin.py:188} INFO - [2024-05-18T22:48:18.251+0000] {dagbag.py:545} INFO - Filling up the DagBag from /home/airflow/.local/lib/python3.12/site-packages/airflow/example_dags/example_trigger_target_dag.py
[2024-05-18T22:48:18.273+0000] {processor.py:840} INFO - DAG(s) 'example_trigger_target_dag' retrieved from /home/airflow/.local/lib/python3.12/site-packages/airflow/example_dags/example_trigger_target_dag.py
[2024-05-18T22:48:18.346+0000] {logging_mixin.py:188} INFO - [2024-05-18T22:48:18.344+0000] {dag.py:3096} INFO - Sync 1 DAGs
[2024-05-18T22:48:18.391+0000] {logging_mixin.py:188} INFO - [2024-05-18T22:48:18.390+0000] {dag.py:3954} INFO - Setting next_dagrun for example_trigger_target_dag to None, run_after=None
[2024-05-18T22:48:18.456+0000] {processor.py:183} INFO - Processing /home/airflow/.local/lib/python3.12/site-packages/airflow/example_dags/example_trigger_target_dag.py took 0.231 seconds
[2024-05-18T22:48:52.331+0000] {processor.py:161} INFO - Started process (PID=738) to work on /home/airflow/.local/lib/python3.12/site-packages/airflow/example_dags/example_trigger_target_dag.py
[2024-05-18T22:48:52.335+0000] {processor.py:830} INFO - Processing file /home/airflow/.local/lib/python3.12/site-packages/airflow/example_dags/example_trigger_target_dag.py for tasks to queue
[2024-05-18T22:48:52.340+0000] {logging_mixin.py:188} INFO - [2024-05-18T22:48:52.339+0000] {dagbag.py:545} INFO - Filling up the DagBag from /home/airflow/.local/lib/python3.12/site-packages/airflow/example_dags/example_trigger_target_dag.py
[2024-05-18T22:48:52.355+0000] {processor.py:840} INFO - DAG(s) 'example_trigger_target_dag' retrieved from /home/airflow/.local/lib/python3.12/site-packages/airflow/example_dags/example_trigger_target_dag.py
[2024-05-18T22:48:52.416+0000] {logging_mixin.py:188} INFO - [2024-05-18T22:48:52.414+0000] {dag.py:3096} INFO - Sync 1 DAGs
[2024-05-18T22:48:52.451+0000] {logging_mixin.py:188} INFO - [2024-05-18T22:48:52.450+0000] {dag.py:3954} INFO - Setting next_dagrun for example_trigger_target_dag to None, run_after=None
[2024-05-18T22:48:52.497+0000] {processor.py:183} INFO - Processing /home/airflow/.local/lib/python3.12/site-packages/airflow/example_dags/example_trigger_target_dag.py took 0.178 seconds
[2024-05-18T22:49:23.106+0000] {processor.py:161} INFO - Started process (PID=798) to work on /home/airflow/.local/lib/python3.12/site-packages/airflow/example_dags/example_trigger_target_dag.py
[2024-05-18T22:49:23.107+0000] {processor.py:830} INFO - Processing file /home/airflow/.local/lib/python3.12/site-packages/airflow/example_dags/example_trigger_target_dag.py for tasks to queue
[2024-05-18T22:49:23.111+0000] {logging_mixin.py:188} INFO - [2024-05-18T22:49:23.111+0000] {dagbag.py:545} INFO - Filling up the DagBag from /home/airflow/.local/lib/python3.12/site-packages/airflow/example_dags/example_trigger_target_dag.py
[2024-05-18T22:49:23.122+0000] {processor.py:840} INFO - DAG(s) 'example_trigger_target_dag' retrieved from /home/airflow/.local/lib/python3.12/site-packages/airflow/example_dags/example_trigger_target_dag.py
[2024-05-18T22:49:23.162+0000] {logging_mixin.py:188} INFO - [2024-05-18T22:49:23.162+0000] {dag.py:3096} INFO - Sync 1 DAGs
[2024-05-18T22:49:23.192+0000] {logging_mixin.py:188} INFO - [2024-05-18T22:49:23.192+0000] {dag.py:3954} INFO - Setting next_dagrun for example_trigger_target_dag to None, run_after=None
[2024-05-18T22:49:23.231+0000] {processor.py:183} INFO - Processing /home/airflow/.local/lib/python3.12/site-packages/airflow/example_dags/example_trigger_target_dag.py took 0.135 seconds
[2024-05-18T22:49:53.590+0000] {processor.py:161} INFO - Started process (PID=858) to work on /home/airflow/.local/lib/python3.12/site-packages/airflow/example_dags/example_trigger_target_dag.py
[2024-05-18T22:49:53.592+0000] {processor.py:830} INFO - Processing file /home/airflow/.local/lib/python3.12/site-packages/airflow/example_dags/example_trigger_target_dag.py for tasks to queue
[2024-05-18T22:49:53.595+0000] {logging_mixin.py:188} INFO - [2024-05-18T22:49:53.594+0000] {dagbag.py:545} INFO - Filling up the DagBag from /home/airflow/.local/lib/python3.12/site-packages/airflow/example_dags/example_trigger_target_dag.py
[2024-05-18T22:49:53.601+0000] {processor.py:840} INFO - DAG(s) 'example_trigger_target_dag' retrieved from /home/airflow/.local/lib/python3.12/site-packages/airflow/example_dags/example_trigger_target_dag.py
[2024-05-18T22:49:53.630+0000] {logging_mixin.py:188} INFO - [2024-05-18T22:49:53.630+0000] {dag.py:3096} INFO - Sync 1 DAGs
[2024-05-18T22:49:53.653+0000] {logging_mixin.py:188} INFO - [2024-05-18T22:49:53.653+0000] {dag.py:3954} INFO - Setting next_dagrun for example_trigger_target_dag to None, run_after=None
[2024-05-18T22:49:53.686+0000] {processor.py:183} INFO - Processing /home/airflow/.local/lib/python3.12/site-packages/airflow/example_dags/example_trigger_target_dag.py took 0.103 seconds
[2024-05-18T22:50:24.049+0000] {processor.py:161} INFO - Started process (PID=918) to work on /home/airflow/.local/lib/python3.12/site-packages/airflow/example_dags/example_trigger_target_dag.py
[2024-05-18T22:50:24.051+0000] {processor.py:830} INFO - Processing file /home/airflow/.local/lib/python3.12/site-packages/airflow/example_dags/example_trigger_target_dag.py for tasks to queue
[2024-05-18T22:50:24.055+0000] {logging_mixin.py:188} INFO - [2024-05-18T22:50:24.054+0000] {dagbag.py:545} INFO - Filling up the DagBag from /home/airflow/.local/lib/python3.12/site-packages/airflow/example_dags/example_trigger_target_dag.py
[2024-05-18T22:50:24.069+0000] {processor.py:840} INFO - DAG(s) 'example_trigger_target_dag' retrieved from /home/airflow/.local/lib/python3.12/site-packages/airflow/example_dags/example_trigger_target_dag.py
[2024-05-18T22:50:24.108+0000] {logging_mixin.py:188} INFO - [2024-05-18T22:50:24.107+0000] {dag.py:3096} INFO - Sync 1 DAGs
[2024-05-18T22:50:24.139+0000] {logging_mixin.py:188} INFO - [2024-05-18T22:50:24.139+0000] {dag.py:3954} INFO - Setting next_dagrun for example_trigger_target_dag to None, run_after=None
[2024-05-18T22:50:24.193+0000] {processor.py:183} INFO - Processing /home/airflow/.local/lib/python3.12/site-packages/airflow/example_dags/example_trigger_target_dag.py took 0.151 seconds
[2024-05-18T22:50:57.619+0000] {processor.py:161} INFO - Started process (PID=979) to work on /home/airflow/.local/lib/python3.12/site-packages/airflow/example_dags/example_trigger_target_dag.py
[2024-05-18T22:50:57.628+0000] {processor.py:830} INFO - Processing file /home/airflow/.local/lib/python3.12/site-packages/airflow/example_dags/example_trigger_target_dag.py for tasks to queue
[2024-05-18T22:50:57.639+0000] {logging_mixin.py:188} INFO - [2024-05-18T22:50:57.638+0000] {dagbag.py:545} INFO - Filling up the DagBag from /home/airflow/.local/lib/python3.12/site-packages/airflow/example_dags/example_trigger_target_dag.py
[2024-05-18T22:50:57.670+0000] {processor.py:840} INFO - DAG(s) 'example_trigger_target_dag' retrieved from /home/airflow/.local/lib/python3.12/site-packages/airflow/example_dags/example_trigger_target_dag.py
[2024-05-18T22:50:57.884+0000] {logging_mixin.py:188} INFO - [2024-05-18T22:50:57.883+0000] {dag.py:3096} INFO - Sync 1 DAGs
[2024-05-18T22:50:58.013+0000] {logging_mixin.py:188} INFO - [2024-05-18T22:50:58.012+0000] {dag.py:3954} INFO - Setting next_dagrun for example_trigger_target_dag to None, run_after=None
[2024-05-18T22:50:58.170+0000] {processor.py:183} INFO - Processing /home/airflow/.local/lib/python3.12/site-packages/airflow/example_dags/example_trigger_target_dag.py took 0.584 seconds
[2024-05-18T22:51:28.459+0000] {processor.py:161} INFO - Started process (PID=1039) to work on /home/airflow/.local/lib/python3.12/site-packages/airflow/example_dags/example_trigger_target_dag.py
[2024-05-18T22:51:28.462+0000] {processor.py:830} INFO - Processing file /home/airflow/.local/lib/python3.12/site-packages/airflow/example_dags/example_trigger_target_dag.py for tasks to queue
[2024-05-18T22:51:28.467+0000] {logging_mixin.py:188} INFO - [2024-05-18T22:51:28.466+0000] {dagbag.py:545} INFO - Filling up the DagBag from /home/airflow/.local/lib/python3.12/site-packages/airflow/example_dags/example_trigger_target_dag.py
[2024-05-18T22:51:28.482+0000] {processor.py:840} INFO - DAG(s) 'example_trigger_target_dag' retrieved from /home/airflow/.local/lib/python3.12/site-packages/airflow/example_dags/example_trigger_target_dag.py
[2024-05-18T22:51:28.526+0000] {logging_mixin.py:188} INFO - [2024-05-18T22:51:28.525+0000] {dag.py:3096} INFO - Sync 1 DAGs
[2024-05-18T22:51:28.558+0000] {logging_mixin.py:188} INFO - [2024-05-18T22:51:28.558+0000] {dag.py:3954} INFO - Setting next_dagrun for example_trigger_target_dag to None, run_after=None
[2024-05-18T22:51:28.625+0000] {processor.py:183} INFO - Processing /home/airflow/.local/lib/python3.12/site-packages/airflow/example_dags/example_trigger_target_dag.py took 0.182 seconds
[2024-05-18T22:51:58.874+0000] {processor.py:161} INFO - Started process (PID=1099) to work on /home/airflow/.local/lib/python3.12/site-packages/airflow/example_dags/example_trigger_target_dag.py
[2024-05-18T22:51:58.876+0000] {processor.py:830} INFO - Processing file /home/airflow/.local/lib/python3.12/site-packages/airflow/example_dags/example_trigger_target_dag.py for tasks to queue
[2024-05-18T22:51:58.878+0000] {logging_mixin.py:188} INFO - [2024-05-18T22:51:58.878+0000] {dagbag.py:545} INFO - Filling up the DagBag from /home/airflow/.local/lib/python3.12/site-packages/airflow/example_dags/example_trigger_target_dag.py
[2024-05-18T22:51:58.888+0000] {processor.py:840} INFO - DAG(s) 'example_trigger_target_dag' retrieved from /home/airflow/.local/lib/python3.12/site-packages/airflow/example_dags/example_trigger_target_dag.py
[2024-05-18T22:51:58.924+0000] {logging_mixin.py:188} INFO - [2024-05-18T22:51:58.924+0000] {dag.py:3096} INFO - Sync 1 DAGs
[2024-05-18T22:51:58.949+0000] {logging_mixin.py:188} INFO - [2024-05-18T22:51:58.948+0000] {dag.py:3954} INFO - Setting next_dagrun for example_trigger_target_dag to None, run_after=None
[2024-05-18T22:51:58.995+0000] {processor.py:183} INFO - Processing /home/airflow/.local/lib/python3.12/site-packages/airflow/example_dags/example_trigger_target_dag.py took 0.132 seconds
[2024-05-18T22:52:29.315+0000] {processor.py:161} INFO - Started process (PID=1159) to work on /home/airflow/.local/lib/python3.12/site-packages/airflow/example_dags/example_trigger_target_dag.py
[2024-05-18T22:52:29.317+0000] {processor.py:830} INFO - Processing file /home/airflow/.local/lib/python3.12/site-packages/airflow/example_dags/example_trigger_target_dag.py for tasks to queue
[2024-05-18T22:52:29.320+0000] {logging_mixin.py:188} INFO - [2024-05-18T22:52:29.319+0000] {dagbag.py:545} INFO - Filling up the DagBag from /home/airflow/.local/lib/python3.12/site-packages/airflow/example_dags/example_trigger_target_dag.py
[2024-05-18T22:52:29.332+0000] {processor.py:840} INFO - DAG(s) 'example_trigger_target_dag' retrieved from /home/airflow/.local/lib/python3.12/site-packages/airflow/example_dags/example_trigger_target_dag.py
[2024-05-18T22:52:29.379+0000] {logging_mixin.py:188} INFO - [2024-05-18T22:52:29.379+0000] {dag.py:3096} INFO - Sync 1 DAGs
[2024-05-18T22:52:29.416+0000] {logging_mixin.py:188} INFO - [2024-05-18T22:52:29.415+0000] {dag.py:3954} INFO - Setting next_dagrun for example_trigger_target_dag to None, run_after=None
[2024-05-18T22:52:29.466+0000] {processor.py:183} INFO - Processing /home/airflow/.local/lib/python3.12/site-packages/airflow/example_dags/example_trigger_target_dag.py took 0.165 seconds
