[2024-05-18T22:43:05.020+0000] {processor.py:161} INFO - Started process (PID=77) to work on /home/airflow/.local/lib/python3.12/site-packages/airflow/example_dags/example_short_circuit_operator.py
[2024-05-18T22:43:05.023+0000] {processor.py:830} INFO - Processing file /home/airflow/.local/lib/python3.12/site-packages/airflow/example_dags/example_short_circuit_operator.py for tasks to queue
[2024-05-18T22:43:05.029+0000] {logging_mixin.py:188} INFO - [2024-05-18T22:43:05.028+0000] {dagbag.py:545} INFO - Filling up the DagBag from /home/airflow/.local/lib/python3.12/site-packages/airflow/example_dags/example_short_circuit_operator.py
[2024-05-18T22:43:05.076+0000] {processor.py:840} INFO - DAG(s) 'example_short_circuit_operator' retrieved from /home/airflow/.local/lib/python3.12/site-packages/airflow/example_dags/example_short_circuit_operator.py
[2024-05-18T22:43:05.717+0000] {logging_mixin.py:188} INFO - [2024-05-18T22:43:05.713+0000] {override.py:1829} INFO - Created Permission View: can read on DAG:example_short_circuit_operator
[2024-05-18T22:43:05.781+0000] {logging_mixin.py:188} INFO - [2024-05-18T22:43:05.780+0000] {override.py:1829} INFO - Created Permission View: can edit on DAG:example_short_circuit_operator
[2024-05-18T22:43:05.818+0000] {logging_mixin.py:188} INFO - [2024-05-18T22:43:05.817+0000] {override.py:1829} INFO - Created Permission View: can delete on DAG:example_short_circuit_operator
[2024-05-18T22:43:05.822+0000] {logging_mixin.py:188} INFO - [2024-05-18T22:43:05.821+0000] {dag.py:3096} INFO - Sync 1 DAGs
[2024-05-18T22:43:05.882+0000] {logging_mixin.py:188} INFO - [2024-05-18T22:43:05.881+0000] {dag.py:3118} INFO - Creating ORM DAG for example_short_circuit_operator
[2024-05-18T22:43:05.932+0000] {logging_mixin.py:188} INFO - [2024-05-18T22:43:05.931+0000] {dag.py:3954} INFO - Setting next_dagrun for example_short_circuit_operator to 2024-05-17 00:00:00+00:00, run_after=2024-05-18 00:00:00+00:00
[2024-05-18T22:43:06.002+0000] {processor.py:183} INFO - Processing /home/airflow/.local/lib/python3.12/site-packages/airflow/example_dags/example_short_circuit_operator.py took 1.000 seconds
[2024-05-18T22:43:36.916+0000] {processor.py:161} INFO - Started process (PID=137) to work on /home/airflow/.local/lib/python3.12/site-packages/airflow/example_dags/example_short_circuit_operator.py
[2024-05-18T22:43:36.920+0000] {processor.py:830} INFO - Processing file /home/airflow/.local/lib/python3.12/site-packages/airflow/example_dags/example_short_circuit_operator.py for tasks to queue
[2024-05-18T22:43:36.926+0000] {logging_mixin.py:188} INFO - [2024-05-18T22:43:36.925+0000] {dagbag.py:545} INFO - Filling up the DagBag from /home/airflow/.local/lib/python3.12/site-packages/airflow/example_dags/example_short_circuit_operator.py
[2024-05-18T22:43:36.957+0000] {processor.py:840} INFO - DAG(s) 'example_short_circuit_operator' retrieved from /home/airflow/.local/lib/python3.12/site-packages/airflow/example_dags/example_short_circuit_operator.py
[2024-05-18T22:43:37.081+0000] {logging_mixin.py:188} INFO - [2024-05-18T22:43:37.080+0000] {dag.py:3096} INFO - Sync 1 DAGs
[2024-05-18T22:43:37.268+0000] {logging_mixin.py:188} INFO - [2024-05-18T22:43:37.267+0000] {dag.py:3954} INFO - Setting next_dagrun for example_short_circuit_operator to 2024-05-17 00:00:00+00:00, run_after=2024-05-18 00:00:00+00:00
[2024-05-18T22:43:37.370+0000] {processor.py:183} INFO - Processing /home/airflow/.local/lib/python3.12/site-packages/airflow/example_dags/example_short_circuit_operator.py took 0.473 seconds
[2024-05-18T22:44:07.866+0000] {processor.py:161} INFO - Started process (PID=198) to work on /home/airflow/.local/lib/python3.12/site-packages/airflow/example_dags/example_short_circuit_operator.py
[2024-05-18T22:44:07.868+0000] {processor.py:830} INFO - Processing file /home/airflow/.local/lib/python3.12/site-packages/airflow/example_dags/example_short_circuit_operator.py for tasks to queue
[2024-05-18T22:44:07.872+0000] {logging_mixin.py:188} INFO - [2024-05-18T22:44:07.872+0000] {dagbag.py:545} INFO - Filling up the DagBag from /home/airflow/.local/lib/python3.12/site-packages/airflow/example_dags/example_short_circuit_operator.py
[2024-05-18T22:44:07.885+0000] {processor.py:840} INFO - DAG(s) 'example_short_circuit_operator' retrieved from /home/airflow/.local/lib/python3.12/site-packages/airflow/example_dags/example_short_circuit_operator.py
[2024-05-18T22:44:07.925+0000] {logging_mixin.py:188} INFO - [2024-05-18T22:44:07.925+0000] {dag.py:3096} INFO - Sync 1 DAGs
[2024-05-18T22:44:07.968+0000] {logging_mixin.py:188} INFO - [2024-05-18T22:44:07.967+0000] {dag.py:3954} INFO - Setting next_dagrun for example_short_circuit_operator to 2024-05-17 00:00:00+00:00, run_after=2024-05-18 00:00:00+00:00
[2024-05-18T22:44:08.014+0000] {processor.py:183} INFO - Processing /home/airflow/.local/lib/python3.12/site-packages/airflow/example_dags/example_short_circuit_operator.py took 0.171 seconds
[2024-05-18T22:44:38.594+0000] {processor.py:161} INFO - Started process (PID=258) to work on /home/airflow/.local/lib/python3.12/site-packages/airflow/example_dags/example_short_circuit_operator.py
[2024-05-18T22:44:38.596+0000] {processor.py:830} INFO - Processing file /home/airflow/.local/lib/python3.12/site-packages/airflow/example_dags/example_short_circuit_operator.py for tasks to queue
[2024-05-18T22:44:38.598+0000] {logging_mixin.py:188} INFO - [2024-05-18T22:44:38.598+0000] {dagbag.py:545} INFO - Filling up the DagBag from /home/airflow/.local/lib/python3.12/site-packages/airflow/example_dags/example_short_circuit_operator.py
[2024-05-18T22:44:38.611+0000] {processor.py:840} INFO - DAG(s) 'example_short_circuit_operator' retrieved from /home/airflow/.local/lib/python3.12/site-packages/airflow/example_dags/example_short_circuit_operator.py
[2024-05-18T22:44:38.647+0000] {logging_mixin.py:188} INFO - [2024-05-18T22:44:38.647+0000] {dag.py:3096} INFO - Sync 1 DAGs
[2024-05-18T22:44:38.690+0000] {logging_mixin.py:188} INFO - [2024-05-18T22:44:38.690+0000] {dag.py:3954} INFO - Setting next_dagrun for example_short_circuit_operator to 2024-05-17 00:00:00+00:00, run_after=2024-05-18 00:00:00+00:00
[2024-05-18T22:44:38.728+0000] {processor.py:183} INFO - Processing /home/airflow/.local/lib/python3.12/site-packages/airflow/example_dags/example_short_circuit_operator.py took 0.141 seconds
[2024-05-18T22:45:09.053+0000] {processor.py:161} INFO - Started process (PID=318) to work on /home/airflow/.local/lib/python3.12/site-packages/airflow/example_dags/example_short_circuit_operator.py
[2024-05-18T22:45:09.054+0000] {processor.py:830} INFO - Processing file /home/airflow/.local/lib/python3.12/site-packages/airflow/example_dags/example_short_circuit_operator.py for tasks to queue
[2024-05-18T22:45:09.057+0000] {logging_mixin.py:188} INFO - [2024-05-18T22:45:09.056+0000] {dagbag.py:545} INFO - Filling up the DagBag from /home/airflow/.local/lib/python3.12/site-packages/airflow/example_dags/example_short_circuit_operator.py
[2024-05-18T22:45:09.066+0000] {processor.py:840} INFO - DAG(s) 'example_short_circuit_operator' retrieved from /home/airflow/.local/lib/python3.12/site-packages/airflow/example_dags/example_short_circuit_operator.py
[2024-05-18T22:45:09.100+0000] {logging_mixin.py:188} INFO - [2024-05-18T22:45:09.099+0000] {dag.py:3096} INFO - Sync 1 DAGs
[2024-05-18T22:45:09.134+0000] {logging_mixin.py:188} INFO - [2024-05-18T22:45:09.133+0000] {dag.py:3954} INFO - Setting next_dagrun for example_short_circuit_operator to 2024-05-17 00:00:00+00:00, run_after=2024-05-18 00:00:00+00:00
[2024-05-18T22:45:09.162+0000] {processor.py:183} INFO - Processing /home/airflow/.local/lib/python3.12/site-packages/airflow/example_dags/example_short_circuit_operator.py took 0.116 seconds
[2024-05-18T22:45:40.654+0000] {processor.py:161} INFO - Started process (PID=378) to work on /home/airflow/.local/lib/python3.12/site-packages/airflow/example_dags/example_short_circuit_operator.py
[2024-05-18T22:45:40.656+0000] {processor.py:830} INFO - Processing file /home/airflow/.local/lib/python3.12/site-packages/airflow/example_dags/example_short_circuit_operator.py for tasks to queue
[2024-05-18T22:45:40.661+0000] {logging_mixin.py:188} INFO - [2024-05-18T22:45:40.660+0000] {dagbag.py:545} INFO - Filling up the DagBag from /home/airflow/.local/lib/python3.12/site-packages/airflow/example_dags/example_short_circuit_operator.py
[2024-05-18T22:45:40.684+0000] {processor.py:840} INFO - DAG(s) 'example_short_circuit_operator' retrieved from /home/airflow/.local/lib/python3.12/site-packages/airflow/example_dags/example_short_circuit_operator.py
[2024-05-18T22:45:40.751+0000] {logging_mixin.py:188} INFO - [2024-05-18T22:45:40.750+0000] {dag.py:3096} INFO - Sync 1 DAGs
[2024-05-18T22:45:40.815+0000] {logging_mixin.py:188} INFO - [2024-05-18T22:45:40.814+0000] {dag.py:3954} INFO - Setting next_dagrun for example_short_circuit_operator to 2024-05-17 00:00:00+00:00, run_after=2024-05-18 00:00:00+00:00
[2024-05-18T22:45:40.861+0000] {processor.py:183} INFO - Processing /home/airflow/.local/lib/python3.12/site-packages/airflow/example_dags/example_short_circuit_operator.py took 0.219 seconds
[2024-05-18T22:46:11.163+0000] {processor.py:161} INFO - Started process (PID=438) to work on /home/airflow/.local/lib/python3.12/site-packages/airflow/example_dags/example_short_circuit_operator.py
[2024-05-18T22:46:11.164+0000] {processor.py:830} INFO - Processing file /home/airflow/.local/lib/python3.12/site-packages/airflow/example_dags/example_short_circuit_operator.py for tasks to queue
[2024-05-18T22:46:11.168+0000] {logging_mixin.py:188} INFO - [2024-05-18T22:46:11.167+0000] {dagbag.py:545} INFO - Filling up the DagBag from /home/airflow/.local/lib/python3.12/site-packages/airflow/example_dags/example_short_circuit_operator.py
[2024-05-18T22:46:11.177+0000] {processor.py:840} INFO - DAG(s) 'example_short_circuit_operator' retrieved from /home/airflow/.local/lib/python3.12/site-packages/airflow/example_dags/example_short_circuit_operator.py
[2024-05-18T22:46:11.214+0000] {logging_mixin.py:188} INFO - [2024-05-18T22:46:11.213+0000] {dag.py:3096} INFO - Sync 1 DAGs
[2024-05-18T22:46:11.249+0000] {logging_mixin.py:188} INFO - [2024-05-18T22:46:11.248+0000] {dag.py:3954} INFO - Setting next_dagrun for example_short_circuit_operator to 2024-05-17 00:00:00+00:00, run_after=2024-05-18 00:00:00+00:00
[2024-05-18T22:46:11.334+0000] {processor.py:183} INFO - Processing /home/airflow/.local/lib/python3.12/site-packages/airflow/example_dags/example_short_circuit_operator.py took 0.177 seconds
[2024-05-18T22:46:41.624+0000] {processor.py:161} INFO - Started process (PID=498) to work on /home/airflow/.local/lib/python3.12/site-packages/airflow/example_dags/example_short_circuit_operator.py
[2024-05-18T22:46:41.626+0000] {processor.py:830} INFO - Processing file /home/airflow/.local/lib/python3.12/site-packages/airflow/example_dags/example_short_circuit_operator.py for tasks to queue
[2024-05-18T22:46:41.629+0000] {logging_mixin.py:188} INFO - [2024-05-18T22:46:41.629+0000] {dagbag.py:545} INFO - Filling up the DagBag from /home/airflow/.local/lib/python3.12/site-packages/airflow/example_dags/example_short_circuit_operator.py
[2024-05-18T22:46:41.643+0000] {processor.py:840} INFO - DAG(s) 'example_short_circuit_operator' retrieved from /home/airflow/.local/lib/python3.12/site-packages/airflow/example_dags/example_short_circuit_operator.py
[2024-05-18T22:46:41.688+0000] {logging_mixin.py:188} INFO - [2024-05-18T22:46:41.688+0000] {dag.py:3096} INFO - Sync 1 DAGs
[2024-05-18T22:46:41.733+0000] {logging_mixin.py:188} INFO - [2024-05-18T22:46:41.733+0000] {dag.py:3954} INFO - Setting next_dagrun for example_short_circuit_operator to 2024-05-17 00:00:00+00:00, run_after=2024-05-18 00:00:00+00:00
[2024-05-18T22:46:41.775+0000] {processor.py:183} INFO - Processing /home/airflow/.local/lib/python3.12/site-packages/airflow/example_dags/example_short_circuit_operator.py took 0.159 seconds
[2024-05-18T22:47:12.281+0000] {processor.py:161} INFO - Started process (PID=556) to work on /home/airflow/.local/lib/python3.12/site-packages/airflow/example_dags/example_short_circuit_operator.py
[2024-05-18T22:47:12.283+0000] {processor.py:830} INFO - Processing file /home/airflow/.local/lib/python3.12/site-packages/airflow/example_dags/example_short_circuit_operator.py for tasks to queue
[2024-05-18T22:47:12.287+0000] {logging_mixin.py:188} INFO - [2024-05-18T22:47:12.286+0000] {dagbag.py:545} INFO - Filling up the DagBag from /home/airflow/.local/lib/python3.12/site-packages/airflow/example_dags/example_short_circuit_operator.py
[2024-05-18T22:47:12.303+0000] {processor.py:840} INFO - DAG(s) 'example_short_circuit_operator' retrieved from /home/airflow/.local/lib/python3.12/site-packages/airflow/example_dags/example_short_circuit_operator.py
[2024-05-18T22:47:12.352+0000] {logging_mixin.py:188} INFO - [2024-05-18T22:47:12.351+0000] {dag.py:3096} INFO - Sync 1 DAGs
[2024-05-18T22:47:12.397+0000] {logging_mixin.py:188} INFO - [2024-05-18T22:47:12.396+0000] {dag.py:3954} INFO - Setting next_dagrun for example_short_circuit_operator to 2024-05-17 00:00:00+00:00, run_after=2024-05-18 00:00:00+00:00
[2024-05-18T22:47:12.441+0000] {processor.py:183} INFO - Processing /home/airflow/.local/lib/python3.12/site-packages/airflow/example_dags/example_short_circuit_operator.py took 0.169 seconds
[2024-05-18T22:47:43.319+0000] {processor.py:161} INFO - Started process (PID=615) to work on /home/airflow/.local/lib/python3.12/site-packages/airflow/example_dags/example_short_circuit_operator.py
[2024-05-18T22:47:43.321+0000] {processor.py:830} INFO - Processing file /home/airflow/.local/lib/python3.12/site-packages/airflow/example_dags/example_short_circuit_operator.py for tasks to queue
[2024-05-18T22:47:43.326+0000] {logging_mixin.py:188} INFO - [2024-05-18T22:47:43.325+0000] {dagbag.py:545} INFO - Filling up the DagBag from /home/airflow/.local/lib/python3.12/site-packages/airflow/example_dags/example_short_circuit_operator.py
[2024-05-18T22:47:43.343+0000] {processor.py:840} INFO - DAG(s) 'example_short_circuit_operator' retrieved from /home/airflow/.local/lib/python3.12/site-packages/airflow/example_dags/example_short_circuit_operator.py
[2024-05-18T22:47:43.405+0000] {logging_mixin.py:188} INFO - [2024-05-18T22:47:43.405+0000] {dag.py:3096} INFO - Sync 1 DAGs
[2024-05-18T22:47:43.462+0000] {logging_mixin.py:188} INFO - [2024-05-18T22:47:43.461+0000] {dag.py:3954} INFO - Setting next_dagrun for example_short_circuit_operator to 2024-05-17 00:00:00+00:00, run_after=2024-05-18 00:00:00+00:00
[2024-05-18T22:47:43.507+0000] {processor.py:183} INFO - Processing /home/airflow/.local/lib/python3.12/site-packages/airflow/example_dags/example_short_circuit_operator.py took 0.204 seconds
[2024-05-18T22:48:20.740+0000] {processor.py:161} INFO - Started process (PID=682) to work on /home/airflow/.local/lib/python3.12/site-packages/airflow/example_dags/example_short_circuit_operator.py
[2024-05-18T22:48:20.743+0000] {processor.py:830} INFO - Processing file /home/airflow/.local/lib/python3.12/site-packages/airflow/example_dags/example_short_circuit_operator.py for tasks to queue
[2024-05-18T22:48:20.748+0000] {logging_mixin.py:188} INFO - [2024-05-18T22:48:20.747+0000] {dagbag.py:545} INFO - Filling up the DagBag from /home/airflow/.local/lib/python3.12/site-packages/airflow/example_dags/example_short_circuit_operator.py
[2024-05-18T22:48:20.787+0000] {processor.py:840} INFO - DAG(s) 'example_short_circuit_operator' retrieved from /home/airflow/.local/lib/python3.12/site-packages/airflow/example_dags/example_short_circuit_operator.py
[2024-05-18T22:48:20.898+0000] {logging_mixin.py:188} INFO - [2024-05-18T22:48:20.897+0000] {dag.py:3096} INFO - Sync 1 DAGs
[2024-05-18T22:48:20.998+0000] {logging_mixin.py:188} INFO - [2024-05-18T22:48:20.997+0000] {dag.py:3954} INFO - Setting next_dagrun for example_short_circuit_operator to 2024-05-17 00:00:00+00:00, run_after=2024-05-18 00:00:00+00:00
[2024-05-18T22:48:21.103+0000] {processor.py:183} INFO - Processing /home/airflow/.local/lib/python3.12/site-packages/airflow/example_dags/example_short_circuit_operator.py took 0.379 seconds
[2024-05-18T22:48:52.766+0000] {processor.py:161} INFO - Started process (PID=742) to work on /home/airflow/.local/lib/python3.12/site-packages/airflow/example_dags/example_short_circuit_operator.py
[2024-05-18T22:48:52.767+0000] {processor.py:830} INFO - Processing file /home/airflow/.local/lib/python3.12/site-packages/airflow/example_dags/example_short_circuit_operator.py for tasks to queue
[2024-05-18T22:48:52.771+0000] {logging_mixin.py:188} INFO - [2024-05-18T22:48:52.770+0000] {dagbag.py:545} INFO - Filling up the DagBag from /home/airflow/.local/lib/python3.12/site-packages/airflow/example_dags/example_short_circuit_operator.py
[2024-05-18T22:48:52.788+0000] {processor.py:840} INFO - DAG(s) 'example_short_circuit_operator' retrieved from /home/airflow/.local/lib/python3.12/site-packages/airflow/example_dags/example_short_circuit_operator.py
[2024-05-18T22:48:52.842+0000] {logging_mixin.py:188} INFO - [2024-05-18T22:48:52.841+0000] {dag.py:3096} INFO - Sync 1 DAGs
[2024-05-18T22:48:52.906+0000] {logging_mixin.py:188} INFO - [2024-05-18T22:48:52.905+0000] {dag.py:3954} INFO - Setting next_dagrun for example_short_circuit_operator to 2024-05-17 00:00:00+00:00, run_after=2024-05-18 00:00:00+00:00
[2024-05-18T22:48:52.966+0000] {processor.py:183} INFO - Processing /home/airflow/.local/lib/python3.12/site-packages/airflow/example_dags/example_short_circuit_operator.py took 0.209 seconds
[2024-05-18T22:49:23.483+0000] {processor.py:161} INFO - Started process (PID=802) to work on /home/airflow/.local/lib/python3.12/site-packages/airflow/example_dags/example_short_circuit_operator.py
[2024-05-18T22:49:23.486+0000] {processor.py:830} INFO - Processing file /home/airflow/.local/lib/python3.12/site-packages/airflow/example_dags/example_short_circuit_operator.py for tasks to queue
[2024-05-18T22:49:23.489+0000] {logging_mixin.py:188} INFO - [2024-05-18T22:49:23.488+0000] {dagbag.py:545} INFO - Filling up the DagBag from /home/airflow/.local/lib/python3.12/site-packages/airflow/example_dags/example_short_circuit_operator.py
[2024-05-18T22:49:23.504+0000] {processor.py:840} INFO - DAG(s) 'example_short_circuit_operator' retrieved from /home/airflow/.local/lib/python3.12/site-packages/airflow/example_dags/example_short_circuit_operator.py
[2024-05-18T22:49:23.547+0000] {logging_mixin.py:188} INFO - [2024-05-18T22:49:23.547+0000] {dag.py:3096} INFO - Sync 1 DAGs
[2024-05-18T22:49:23.586+0000] {logging_mixin.py:188} INFO - [2024-05-18T22:49:23.586+0000] {dag.py:3954} INFO - Setting next_dagrun for example_short_circuit_operator to 2024-05-17 00:00:00+00:00, run_after=2024-05-18 00:00:00+00:00
[2024-05-18T22:49:23.622+0000] {processor.py:183} INFO - Processing /home/airflow/.local/lib/python3.12/site-packages/airflow/example_dags/example_short_circuit_operator.py took 0.148 seconds
[2024-05-18T22:49:53.956+0000] {processor.py:161} INFO - Started process (PID=862) to work on /home/airflow/.local/lib/python3.12/site-packages/airflow/example_dags/example_short_circuit_operator.py
[2024-05-18T22:49:53.957+0000] {processor.py:830} INFO - Processing file /home/airflow/.local/lib/python3.12/site-packages/airflow/example_dags/example_short_circuit_operator.py for tasks to queue
[2024-05-18T22:49:53.960+0000] {logging_mixin.py:188} INFO - [2024-05-18T22:49:53.960+0000] {dagbag.py:545} INFO - Filling up the DagBag from /home/airflow/.local/lib/python3.12/site-packages/airflow/example_dags/example_short_circuit_operator.py
[2024-05-18T22:49:53.971+0000] {processor.py:840} INFO - DAG(s) 'example_short_circuit_operator' retrieved from /home/airflow/.local/lib/python3.12/site-packages/airflow/example_dags/example_short_circuit_operator.py
[2024-05-18T22:49:54.007+0000] {logging_mixin.py:188} INFO - [2024-05-18T22:49:54.007+0000] {dag.py:3096} INFO - Sync 1 DAGs
[2024-05-18T22:49:54.051+0000] {logging_mixin.py:188} INFO - [2024-05-18T22:49:54.050+0000] {dag.py:3954} INFO - Setting next_dagrun for example_short_circuit_operator to 2024-05-17 00:00:00+00:00, run_after=2024-05-18 00:00:00+00:00
[2024-05-18T22:49:54.135+0000] {processor.py:183} INFO - Processing /home/airflow/.local/lib/python3.12/site-packages/airflow/example_dags/example_short_circuit_operator.py took 0.186 seconds
[2024-05-18T22:50:24.545+0000] {processor.py:161} INFO - Started process (PID=922) to work on /home/airflow/.local/lib/python3.12/site-packages/airflow/example_dags/example_short_circuit_operator.py
[2024-05-18T22:50:24.547+0000] {processor.py:830} INFO - Processing file /home/airflow/.local/lib/python3.12/site-packages/airflow/example_dags/example_short_circuit_operator.py for tasks to queue
[2024-05-18T22:50:24.551+0000] {logging_mixin.py:188} INFO - [2024-05-18T22:50:24.550+0000] {dagbag.py:545} INFO - Filling up the DagBag from /home/airflow/.local/lib/python3.12/site-packages/airflow/example_dags/example_short_circuit_operator.py
[2024-05-18T22:50:24.570+0000] {processor.py:840} INFO - DAG(s) 'example_short_circuit_operator' retrieved from /home/airflow/.local/lib/python3.12/site-packages/airflow/example_dags/example_short_circuit_operator.py
[2024-05-18T22:50:24.627+0000] {logging_mixin.py:188} INFO - [2024-05-18T22:50:24.626+0000] {dag.py:3096} INFO - Sync 1 DAGs
[2024-05-18T22:50:24.683+0000] {logging_mixin.py:188} INFO - [2024-05-18T22:50:24.683+0000] {dag.py:3954} INFO - Setting next_dagrun for example_short_circuit_operator to 2024-05-17 00:00:00+00:00, run_after=2024-05-18 00:00:00+00:00
[2024-05-18T22:50:24.729+0000] {processor.py:183} INFO - Processing /home/airflow/.local/lib/python3.12/site-packages/airflow/example_dags/example_short_circuit_operator.py took 0.197 seconds
[2024-05-18T22:50:58.947+0000] {processor.py:161} INFO - Started process (PID=983) to work on /home/airflow/.local/lib/python3.12/site-packages/airflow/example_dags/example_short_circuit_operator.py
[2024-05-18T22:50:58.950+0000] {processor.py:830} INFO - Processing file /home/airflow/.local/lib/python3.12/site-packages/airflow/example_dags/example_short_circuit_operator.py for tasks to queue
[2024-05-18T22:50:58.960+0000] {logging_mixin.py:188} INFO - [2024-05-18T22:50:58.959+0000] {dagbag.py:545} INFO - Filling up the DagBag from /home/airflow/.local/lib/python3.12/site-packages/airflow/example_dags/example_short_circuit_operator.py
[2024-05-18T22:50:59.007+0000] {processor.py:840} INFO - DAG(s) 'example_short_circuit_operator' retrieved from /home/airflow/.local/lib/python3.12/site-packages/airflow/example_dags/example_short_circuit_operator.py
[2024-05-18T22:50:59.162+0000] {logging_mixin.py:188} INFO - [2024-05-18T22:50:59.161+0000] {dag.py:3096} INFO - Sync 1 DAGs
[2024-05-18T22:50:59.332+0000] {logging_mixin.py:188} INFO - [2024-05-18T22:50:59.331+0000] {dag.py:3954} INFO - Setting next_dagrun for example_short_circuit_operator to 2024-05-17 00:00:00+00:00, run_after=2024-05-18 00:00:00+00:00
[2024-05-18T22:50:59.486+0000] {processor.py:183} INFO - Processing /home/airflow/.local/lib/python3.12/site-packages/airflow/example_dags/example_short_circuit_operator.py took 0.574 seconds
[2024-05-18T22:51:29.623+0000] {processor.py:161} INFO - Started process (PID=1043) to work on /home/airflow/.local/lib/python3.12/site-packages/airflow/example_dags/example_short_circuit_operator.py
[2024-05-18T22:51:29.626+0000] {processor.py:830} INFO - Processing file /home/airflow/.local/lib/python3.12/site-packages/airflow/example_dags/example_short_circuit_operator.py for tasks to queue
[2024-05-18T22:51:29.634+0000] {logging_mixin.py:188} INFO - [2024-05-18T22:51:29.632+0000] {dagbag.py:545} INFO - Filling up the DagBag from /home/airflow/.local/lib/python3.12/site-packages/airflow/example_dags/example_short_circuit_operator.py
[2024-05-18T22:51:29.680+0000] {processor.py:840} INFO - DAG(s) 'example_short_circuit_operator' retrieved from /home/airflow/.local/lib/python3.12/site-packages/airflow/example_dags/example_short_circuit_operator.py
[2024-05-18T22:51:29.899+0000] {logging_mixin.py:188} INFO - [2024-05-18T22:51:29.898+0000] {dag.py:3096} INFO - Sync 1 DAGs
[2024-05-18T22:51:29.995+0000] {logging_mixin.py:188} INFO - [2024-05-18T22:51:29.994+0000] {dag.py:3954} INFO - Setting next_dagrun for example_short_circuit_operator to 2024-05-17 00:00:00+00:00, run_after=2024-05-18 00:00:00+00:00
[2024-05-18T22:51:30.063+0000] {processor.py:183} INFO - Processing /home/airflow/.local/lib/python3.12/site-packages/airflow/example_dags/example_short_circuit_operator.py took 0.461 seconds
[2024-05-18T22:52:00.636+0000] {processor.py:161} INFO - Started process (PID=1103) to work on /home/airflow/.local/lib/python3.12/site-packages/airflow/example_dags/example_short_circuit_operator.py
[2024-05-18T22:52:00.639+0000] {processor.py:830} INFO - Processing file /home/airflow/.local/lib/python3.12/site-packages/airflow/example_dags/example_short_circuit_operator.py for tasks to queue
[2024-05-18T22:52:00.644+0000] {logging_mixin.py:188} INFO - [2024-05-18T22:52:00.643+0000] {dagbag.py:545} INFO - Filling up the DagBag from /home/airflow/.local/lib/python3.12/site-packages/airflow/example_dags/example_short_circuit_operator.py
[2024-05-18T22:52:00.661+0000] {processor.py:840} INFO - DAG(s) 'example_short_circuit_operator' retrieved from /home/airflow/.local/lib/python3.12/site-packages/airflow/example_dags/example_short_circuit_operator.py
[2024-05-18T22:52:00.732+0000] {logging_mixin.py:188} INFO - [2024-05-18T22:52:00.731+0000] {dag.py:3096} INFO - Sync 1 DAGs
[2024-05-18T22:52:00.821+0000] {logging_mixin.py:188} INFO - [2024-05-18T22:52:00.820+0000] {dag.py:3954} INFO - Setting next_dagrun for example_short_circuit_operator to 2024-05-17 00:00:00+00:00, run_after=2024-05-18 00:00:00+00:00
[2024-05-18T22:52:00.891+0000] {processor.py:183} INFO - Processing /home/airflow/.local/lib/python3.12/site-packages/airflow/example_dags/example_short_circuit_operator.py took 0.265 seconds
[2024-05-18T22:52:31.098+0000] {processor.py:161} INFO - Started process (PID=1163) to work on /home/airflow/.local/lib/python3.12/site-packages/airflow/example_dags/example_short_circuit_operator.py
[2024-05-18T22:52:31.101+0000] {processor.py:830} INFO - Processing file /home/airflow/.local/lib/python3.12/site-packages/airflow/example_dags/example_short_circuit_operator.py for tasks to queue
[2024-05-18T22:52:31.105+0000] {logging_mixin.py:188} INFO - [2024-05-18T22:52:31.104+0000] {dagbag.py:545} INFO - Filling up the DagBag from /home/airflow/.local/lib/python3.12/site-packages/airflow/example_dags/example_short_circuit_operator.py
[2024-05-18T22:52:31.126+0000] {processor.py:840} INFO - DAG(s) 'example_short_circuit_operator' retrieved from /home/airflow/.local/lib/python3.12/site-packages/airflow/example_dags/example_short_circuit_operator.py
[2024-05-18T22:52:31.183+0000] {logging_mixin.py:188} INFO - [2024-05-18T22:52:31.183+0000] {dag.py:3096} INFO - Sync 1 DAGs
[2024-05-18T22:52:31.231+0000] {logging_mixin.py:188} INFO - [2024-05-18T22:52:31.230+0000] {dag.py:3954} INFO - Setting next_dagrun for example_short_circuit_operator to 2024-05-17 00:00:00+00:00, run_after=2024-05-18 00:00:00+00:00
[2024-05-18T22:52:31.279+0000] {processor.py:183} INFO - Processing /home/airflow/.local/lib/python3.12/site-packages/airflow/example_dags/example_short_circuit_operator.py took 0.193 seconds
