[2024-05-18 22:35:58,649] {processor.py:153} INFO - Started process (PID=111) to work on /home/airflow/.local/lib/python3.7/site-packages/airflow/example_dags/example_nested_branch_dag.py
[2024-05-18 22:35:58,720] {processor.py:641} INFO - Processing file /home/airflow/.local/lib/python3.7/site-packages/airflow/example_dags/example_nested_branch_dag.py for tasks to queue
[2024-05-18 22:35:58,781] {logging_mixin.py:115} INFO - [2024-05-18 22:35:58,779] {dagbag.py:507} INFO - Filling up the DagBag from /home/airflow/.local/lib/python3.7/site-packages/airflow/example_dags/example_nested_branch_dag.py
[2024-05-18 22:35:59,140] {processor.py:651} INFO - DAG(s) dict_keys(['example_nested_branch_dag']) retrieved from /home/airflow/.local/lib/python3.7/site-packages/airflow/example_dags/example_nested_branch_dag.py
[2024-05-18 22:36:08,188] {logging_mixin.py:115} WARNING - --- Logging error ---
[2024-05-18 22:36:08,206] {logging_mixin.py:115} WARNING - Traceback (most recent call last):
[2024-05-18 22:36:08,216] {logging_mixin.py:115} WARNING -   File "/usr/local/lib/python3.7/logging/handlers.py", line 69, in emit
    if self.shouldRollover(record):
[2024-05-18 22:36:08,223] {logging_mixin.py:115} WARNING -   File "/usr/local/lib/python3.7/logging/handlers.py", line 186, in shouldRollover
    self.stream.seek(0, 2)  #due to non-posix-compliant Windows feature
[2024-05-18 22:36:08,229] {logging_mixin.py:115} WARNING - RuntimeError: reentrant call inside <_io.BufferedWriter name='/opt/airflow/logs/dag_processor_manager/dag_processor_manager.log'>
[2024-05-18 22:36:08,272] {logging_mixin.py:115} WARNING - Call stack:
[2024-05-18 22:36:08,488] {logging_mixin.py:115} WARNING -   File "/home/airflow/.local/bin/airflow", line 8, in <module>
    sys.exit(main())
[2024-05-18 22:36:08,502] {logging_mixin.py:115} WARNING -   File "/home/airflow/.local/lib/python3.7/site-packages/airflow/__main__.py", line 38, in main
    args.func(args)
[2024-05-18 22:36:08,514] {logging_mixin.py:115} WARNING -   File "/home/airflow/.local/lib/python3.7/site-packages/airflow/cli/cli_parser.py", line 51, in command
    return func(*args, **kwargs)
[2024-05-18 22:36:08,521] {logging_mixin.py:115} WARNING -   File "/home/airflow/.local/lib/python3.7/site-packages/airflow/utils/cli.py", line 99, in wrapper
    return f(*args, **kwargs)
[2024-05-18 22:36:08,540] {logging_mixin.py:115} WARNING -   File "/home/airflow/.local/lib/python3.7/site-packages/airflow/cli/commands/scheduler_command.py", line 75, in scheduler
    _run_scheduler_job(args=args)
[2024-05-18 22:36:08,546] {logging_mixin.py:115} WARNING -   File "/home/airflow/.local/lib/python3.7/site-packages/airflow/cli/commands/scheduler_command.py", line 46, in _run_scheduler_job
    job.run()
[2024-05-18 22:36:08,561] {logging_mixin.py:115} WARNING -   File "/home/airflow/.local/lib/python3.7/site-packages/airflow/jobs/base_job.py", line 244, in run
    self._execute()
[2024-05-18 22:36:08,574] {logging_mixin.py:115} WARNING -   File "/home/airflow/.local/lib/python3.7/site-packages/airflow/jobs/scheduler_job.py", line 732, in _execute
    self.processor_agent.start()
[2024-05-18 22:36:08,590] {logging_mixin.py:115} WARNING -   File "/home/airflow/.local/lib/python3.7/site-packages/airflow/dag_processing/manager.py", line 154, in start
    process.start()
[2024-05-18 22:36:08,605] {logging_mixin.py:115} WARNING -   File "/usr/local/lib/python3.7/multiprocessing/process.py", line 112, in start
    self._popen = self._Popen(self)
[2024-05-18 22:36:08,606] {logging_mixin.py:115} WARNING -   File "/usr/local/lib/python3.7/multiprocessing/context.py", line 277, in _Popen
    return Popen(process_obj)
[2024-05-18 22:36:08,610] {logging_mixin.py:115} WARNING -   File "/usr/local/lib/python3.7/multiprocessing/popen_fork.py", line 20, in __init__
    self._launch(process_obj)
[2024-05-18 22:36:08,616] {logging_mixin.py:115} WARNING -   File "/usr/local/lib/python3.7/multiprocessing/popen_fork.py", line 74, in _launch
    code = process_obj._bootstrap()
[2024-05-18 22:36:08,620] {logging_mixin.py:115} WARNING -   File "/usr/local/lib/python3.7/multiprocessing/process.py", line 297, in _bootstrap
    self.run()
[2024-05-18 22:36:08,624] {logging_mixin.py:115} WARNING -   File "/usr/local/lib/python3.7/multiprocessing/process.py", line 99, in run
    self._target(*self._args, **self._kwargs)
[2024-05-18 22:36:08,630] {logging_mixin.py:115} WARNING -   File "/home/airflow/.local/lib/python3.7/site-packages/airflow/dag_processing/manager.py", line 251, in _run_processor_manager
    processor_manager.start()
[2024-05-18 22:36:08,633] {logging_mixin.py:115} WARNING -   File "/home/airflow/.local/lib/python3.7/site-packages/airflow/dag_processing/manager.py", line 480, in start
    return self._run_parsing_loop()
[2024-05-18 22:36:08,644] {logging_mixin.py:115} WARNING -   File "/home/airflow/.local/lib/python3.7/site-packages/airflow/dag_processing/manager.py", line 594, in _run_parsing_loop
    self.start_new_processes()
[2024-05-18 22:36:08,649] {logging_mixin.py:115} WARNING -   File "/home/airflow/.local/lib/python3.7/site-packages/airflow/dag_processing/manager.py", line 978, in start_new_processes
    processor.start()
[2024-05-18 22:36:08,664] {logging_mixin.py:115} WARNING -   File "/home/airflow/.local/lib/python3.7/site-packages/airflow/dag_processing/processor.py", line 194, in start
    process.start()
[2024-05-18 22:36:08,670] {logging_mixin.py:115} WARNING -   File "/usr/local/lib/python3.7/multiprocessing/process.py", line 112, in start
    self._popen = self._Popen(self)
[2024-05-18 22:36:08,671] {logging_mixin.py:115} WARNING -   File "/usr/local/lib/python3.7/multiprocessing/context.py", line 277, in _Popen
    return Popen(process_obj)
[2024-05-18 22:36:08,672] {logging_mixin.py:115} WARNING -   File "/usr/local/lib/python3.7/multiprocessing/popen_fork.py", line 20, in __init__
    self._launch(process_obj)
[2024-05-18 22:36:08,673] {logging_mixin.py:115} WARNING -   File "/usr/local/lib/python3.7/multiprocessing/popen_fork.py", line 74, in _launch
    code = process_obj._bootstrap()
[2024-05-18 22:36:08,674] {logging_mixin.py:115} WARNING -   File "/usr/local/lib/python3.7/multiprocessing/process.py", line 297, in _bootstrap
    self.run()
[2024-05-18 22:36:08,684] {logging_mixin.py:115} WARNING -   File "/usr/local/lib/python3.7/multiprocessing/process.py", line 99, in run
    self._target(*self._args, **self._kwargs)
[2024-05-18 22:36:08,685] {logging_mixin.py:115} WARNING -   File "/home/airflow/.local/lib/python3.7/site-packages/airflow/dag_processing/processor.py", line 158, in _run_file_processor
    callback_requests=callback_requests,
[2024-05-18 22:36:08,687] {logging_mixin.py:115} WARNING -   File "/home/airflow/.local/lib/python3.7/site-packages/airflow/utils/session.py", line 71, in wrapper
    return func(*args, session=session, **kwargs)
[2024-05-18 22:36:08,689] {logging_mixin.py:115} WARNING -   File "/home/airflow/.local/lib/python3.7/site-packages/airflow/dag_processing/processor.py", line 660, in process_file
    dagbag.sync_to_db()
[2024-05-18 22:36:08,690] {logging_mixin.py:115} WARNING -   File "/home/airflow/.local/lib/python3.7/site-packages/airflow/utils/session.py", line 71, in wrapper
    return func(*args, session=session, **kwargs)
[2024-05-18 22:36:08,691] {logging_mixin.py:115} WARNING -   File "/home/airflow/.local/lib/python3.7/site-packages/airflow/models/dagbag.py", line 627, in sync_to_db
    serialize_errors.extend(_serialize_dag_capturing_errors(dag, session))
[2024-05-18 22:36:08,709] {logging_mixin.py:115} WARNING -   File "/home/airflow/.local/lib/python3.7/site-packages/airflow/models/dagbag.py", line 604, in _serialize_dag_capturing_errors
    self._sync_perm_for_dag(dag, session=session)
[2024-05-18 22:36:08,710] {logging_mixin.py:115} WARNING -   File "/home/airflow/.local/lib/python3.7/site-packages/airflow/utils/session.py", line 68, in wrapper
    return func(*args, **kwargs)
[2024-05-18 22:36:08,711] {logging_mixin.py:115} WARNING -   File "/home/airflow/.local/lib/python3.7/site-packages/airflow/models/dagbag.py", line 657, in _sync_perm_for_dag
    if dag.access_control or needs_perms(dag.dag_id):
[2024-05-18 22:36:08,712] {logging_mixin.py:115} WARNING -   File "/home/airflow/.local/lib/python3.7/site-packages/airflow/models/dagbag.py", line 647, in needs_perms
    session.query(Permission)
[2024-05-18 22:36:08,713] {logging_mixin.py:115} WARNING -   File "/home/airflow/.local/lib/python3.7/site-packages/sqlalchemy/orm/session.py", line 2063, in query
    return self._query_cls(entities, self, **kwargs)
[2024-05-18 22:36:08,714] {logging_mixin.py:115} WARNING -   File "/home/airflow/.local/lib/python3.7/site-packages/sqlalchemy/orm/query.py", line 175, in __init__
    self._set_entities(entities)
[2024-05-18 22:36:08,735] {logging_mixin.py:115} WARNING -   File "/home/airflow/.local/lib/python3.7/site-packages/sqlalchemy/orm/query.py", line 189, in _set_entities
    for ent in util.to_list(entities)
[2024-05-18 22:36:08,739] {logging_mixin.py:115} WARNING -   File "/home/airflow/.local/lib/python3.7/site-packages/sqlalchemy/orm/query.py", line 189, in <listcomp>
    for ent in util.to_list(entities)
[2024-05-18 22:36:08,742] {logging_mixin.py:115} WARNING -   File "/home/airflow/.local/lib/python3.7/site-packages/sqlalchemy/sql/coercions.py", line 168, in expect
    insp._post_inspect
[2024-05-18 22:36:08,743] {logging_mixin.py:115} WARNING -   File "/home/airflow/.local/lib/python3.7/site-packages/sqlalchemy/util/langhelpers.py", line 1160, in __get__
    obj.__dict__[self.__name__] = result = self.fget(obj)
[2024-05-18 22:36:08,745] {logging_mixin.py:115} WARNING -   File "/home/airflow/.local/lib/python3.7/site-packages/sqlalchemy/orm/mapper.py", line 2097, in _post_inspect
    self._check_configure()
[2024-05-18 22:36:08,746] {logging_mixin.py:115} WARNING -   File "/home/airflow/.local/lib/python3.7/site-packages/sqlalchemy/orm/mapper.py", line 1874, in _check_configure
    _configure_registries({self.registry}, cascade=True)
[2024-05-18 22:36:08,748] {logging_mixin.py:115} WARNING -   File "/home/airflow/.local/lib/python3.7/site-packages/sqlalchemy/orm/mapper.py", line 3384, in _configure_registries
    _do_configure_registries(registries, cascade)
[2024-05-18 22:36:08,749] {logging_mixin.py:115} WARNING -   File "/home/airflow/.local/lib/python3.7/site-packages/sqlalchemy/orm/mapper.py", line 3423, in _do_configure_registries
    mapper._post_configure_properties()
[2024-05-18 22:36:08,755] {logging_mixin.py:115} WARNING -   File "/home/airflow/.local/lib/python3.7/site-packages/sqlalchemy/orm/mapper.py", line 1891, in _post_configure_properties
    prop.init()
[2024-05-18 22:36:08,760] {logging_mixin.py:115} WARNING -   File "/home/airflow/.local/lib/python3.7/site-packages/sqlalchemy/orm/interfaces.py", line 228, in init
    self.do_init()
[2024-05-18 22:36:08,762] {logging_mixin.py:115} WARNING -   File "/home/airflow/.local/lib/python3.7/site-packages/sqlalchemy/orm/relationships.py", line 2137, in do_init
    self._setup_join_conditions()
[2024-05-18 22:36:08,763] {logging_mixin.py:115} WARNING -   File "/home/airflow/.local/lib/python3.7/site-packages/sqlalchemy/orm/relationships.py", line 2249, in _setup_join_conditions
    can_be_synced_fn=self._columns_are_mapped,
[2024-05-18 22:36:08,766] {logging_mixin.py:115} WARNING -   File "/home/airflow/.local/lib/python3.7/site-packages/sqlalchemy/orm/relationships.py", line 2634, in __init__
    self._setup_pairs()
[2024-05-18 22:36:08,770] {logging_mixin.py:115} WARNING -   File "/home/airflow/.local/lib/python3.7/site-packages/sqlalchemy/orm/relationships.py", line 3383, in _setup_pairs
    go(joincond, collection)
[2024-05-18 22:36:08,776] {logging_mixin.py:115} WARNING -   File "/home/airflow/.local/lib/python3.7/site-packages/sqlalchemy/orm/relationships.py", line 3375, in go
    visit_binary_product(visit_binary, joincond)
[2024-05-18 22:36:08,780] {logging_mixin.py:115} WARNING -   File "/home/airflow/.local/lib/python3.7/site-packages/sqlalchemy/sql/util.py", line 233, in visit_binary_product
    list(visit(expr))
[2024-05-18 22:36:08,784] {logging_mixin.py:115} WARNING -   File "/home/airflow/.local/lib/python3.7/site-packages/sqlalchemy/sql/util.py", line 217, in visit
    element.operator
[2024-05-18 22:36:08,791] {logging_mixin.py:115} WARNING -   File "/home/airflow/.local/lib/python3.7/site-packages/airflow/dag_processing/manager.py", line 456, in _exit_gracefully
    self.log.debug("Current Stacktrace is: %s", '\n'.join(map(str, inspect.stack())))
[2024-05-18 22:36:08,797] {logging_mixin.py:115} WARNING -   File "/usr/local/lib/python3.7/inspect.py", line 1513, in stack
    return getouterframes(sys._getframe(1), context)
[2024-05-18 22:36:08,803] {logging_mixin.py:115} WARNING -   File "/usr/local/lib/python3.7/inspect.py", line 1490, in getouterframes
    frameinfo = (frame,) + getframeinfo(frame, context)
[2024-05-18 22:36:08,811] {logging_mixin.py:115} WARNING -   File "/usr/local/lib/python3.7/inspect.py", line 1464, in getframeinfo
    lines, lnum = findsource(frame)
[2024-05-18 22:36:08,813] {logging_mixin.py:115} WARNING -   File "/usr/local/lib/python3.7/inspect.py", line 780, in findsource
    module = getmodule(object, file)
[2024-05-18 22:36:08,815] {logging_mixin.py:115} WARNING -   File "/usr/local/lib/python3.7/inspect.py", line 742, in getmodule
    os.path.realpath(f)] = module.__name__
[2024-05-18 22:36:08,816] {logging_mixin.py:115} WARNING -   File "/usr/local/lib/python3.7/posixpath.py", line 395, in realpath
    path, ok = _joinrealpath(filename[:0], filename, {})
[2024-05-18 22:36:08,817] {logging_mixin.py:115} WARNING -   File "/usr/local/lib/python3.7/posixpath.py", line 429, in _joinrealpath
    if not islink(newpath):
[2024-05-18 22:36:08,819] {logging_mixin.py:115} WARNING -   File "/usr/local/lib/python3.7/posixpath.py", line 171, in islink
    st = os.lstat(path)
[2024-05-18 22:36:08,826] {logging_mixin.py:115} WARNING -   File "/home/airflow/.local/lib/python3.7/site-packages/airflow/dag_processing/manager.py", line 455, in _exit_gracefully
    self.log.info("Exiting gracefully upon receiving signal %s", signum)
[2024-05-18 22:36:08,830] {logging_mixin.py:115} WARNING -   File "/usr/local/lib/python3.7/logging/__init__.py", line 1378, in info
    self._log(INFO, msg, args, **kwargs)
[2024-05-18 22:36:08,832] {logging_mixin.py:115} WARNING -   File "/usr/local/lib/python3.7/logging/__init__.py", line 1514, in _log
    self.handle(record)
[2024-05-18 22:36:08,833] {logging_mixin.py:115} WARNING -   File "/usr/local/lib/python3.7/logging/__init__.py", line 1524, in handle
    self.callHandlers(record)
[2024-05-18 22:36:08,835] {logging_mixin.py:115} WARNING -   File "/usr/local/lib/python3.7/logging/__init__.py", line 1586, in callHandlers
    hdlr.handle(record)
[2024-05-18 22:36:08,836] {logging_mixin.py:115} WARNING -   File "/usr/local/lib/python3.7/logging/__init__.py", line 894, in handle
    self.emit(record)
[2024-05-18 22:36:08,837] {logging_mixin.py:115} WARNING -   File "/usr/local/lib/python3.7/logging/handlers.py", line 71, in emit
    logging.FileHandler.emit(self, record)
[2024-05-18 22:36:08,847] {logging_mixin.py:115} WARNING -   File "/usr/local/lib/python3.7/logging/__init__.py", line 1127, in emit
    StreamHandler.emit(self, record)
[2024-05-18 22:36:08,850] {logging_mixin.py:115} WARNING -   File "/usr/local/lib/python3.7/logging/__init__.py", line 1029, in emit
    self.flush()
[2024-05-18 22:36:08,852] {logging_mixin.py:115} WARNING -   File "/usr/local/lib/python3.7/logging/__init__.py", line 1009, in flush
    self.stream.flush()
[2024-05-18 22:36:08,856] {logging_mixin.py:115} WARNING -   File "/home/airflow/.local/lib/python3.7/site-packages/airflow/dag_processing/manager.py", line 455, in _exit_gracefully
    self.log.info("Exiting gracefully upon receiving signal %s", signum)
[2024-05-18 22:36:08,857] {logging_mixin.py:115} WARNING - Message: 'Exiting gracefully upon receiving signal %s'
Arguments: (15,)
[2024-05-18 22:36:08,947] {logging_mixin.py:115} INFO - [2024-05-18 22:36:08,947] {process_utils.py:240} INFO - Waiting up to 5 seconds for processes to exit...
[2024-05-18T22:42:48.496+0000] {processor.py:161} INFO - Started process (PID=59) to work on /home/airflow/.local/lib/python3.12/site-packages/airflow/example_dags/example_nested_branch_dag.py
[2024-05-18T22:42:48.500+0000] {processor.py:830} INFO - Processing file /home/airflow/.local/lib/python3.12/site-packages/airflow/example_dags/example_nested_branch_dag.py for tasks to queue
[2024-05-18T22:42:48.507+0000] {logging_mixin.py:188} INFO - [2024-05-18T22:42:48.505+0000] {dagbag.py:545} INFO - Filling up the DagBag from /home/airflow/.local/lib/python3.12/site-packages/airflow/example_dags/example_nested_branch_dag.py
[2024-05-18T22:42:48.560+0000] {processor.py:840} INFO - DAG(s) 'example_nested_branch_dag' retrieved from /home/airflow/.local/lib/python3.12/site-packages/airflow/example_dags/example_nested_branch_dag.py
[2024-05-18T22:42:49.966+0000] {logging_mixin.py:188} INFO - [2024-05-18T22:42:49.962+0000] {override.py:1829} INFO - Created Permission View: can read on DAG:example_nested_branch_dag
[2024-05-18T22:42:50.098+0000] {logging_mixin.py:188} INFO - [2024-05-18T22:42:50.096+0000] {override.py:1829} INFO - Created Permission View: can edit on DAG:example_nested_branch_dag
[2024-05-18T22:42:50.184+0000] {logging_mixin.py:188} INFO - [2024-05-18T22:42:50.183+0000] {override.py:1829} INFO - Created Permission View: can delete on DAG:example_nested_branch_dag
[2024-05-18T22:42:50.192+0000] {logging_mixin.py:188} INFO - [2024-05-18T22:42:50.188+0000] {dag.py:3096} INFO - Sync 1 DAGs
[2024-05-18T22:42:50.335+0000] {logging_mixin.py:188} INFO - [2024-05-18T22:42:50.334+0000] {dag.py:3118} INFO - Creating ORM DAG for example_nested_branch_dag
[2024-05-18T22:42:50.492+0000] {logging_mixin.py:188} INFO - [2024-05-18T22:42:50.491+0000] {dag.py:3954} INFO - Setting next_dagrun for example_nested_branch_dag to 2024-05-17 00:00:00+00:00, run_after=2024-05-18 00:00:00+00:00
[2024-05-18T22:42:50.704+0000] {processor.py:183} INFO - Processing /home/airflow/.local/lib/python3.12/site-packages/airflow/example_dags/example_nested_branch_dag.py took 2.228 seconds
[2024-05-18T22:43:31.750+0000] {processor.py:161} INFO - Started process (PID=119) to work on /home/airflow/.local/lib/python3.12/site-packages/airflow/example_dags/example_nested_branch_dag.py
[2024-05-18T22:43:31.752+0000] {processor.py:830} INFO - Processing file /home/airflow/.local/lib/python3.12/site-packages/airflow/example_dags/example_nested_branch_dag.py for tasks to queue
[2024-05-18T22:43:31.756+0000] {logging_mixin.py:188} INFO - [2024-05-18T22:43:31.755+0000] {dagbag.py:545} INFO - Filling up the DagBag from /home/airflow/.local/lib/python3.12/site-packages/airflow/example_dags/example_nested_branch_dag.py
[2024-05-18T22:43:31.790+0000] {processor.py:840} INFO - DAG(s) 'example_nested_branch_dag' retrieved from /home/airflow/.local/lib/python3.12/site-packages/airflow/example_dags/example_nested_branch_dag.py
[2024-05-18T22:43:31.864+0000] {logging_mixin.py:188} INFO - [2024-05-18T22:43:31.864+0000] {dag.py:3096} INFO - Sync 1 DAGs
[2024-05-18T22:43:31.938+0000] {logging_mixin.py:188} INFO - [2024-05-18T22:43:31.937+0000] {dag.py:3954} INFO - Setting next_dagrun for example_nested_branch_dag to 2024-05-17 00:00:00+00:00, run_after=2024-05-18 00:00:00+00:00
[2024-05-18T22:43:32.001+0000] {processor.py:183} INFO - Processing /home/airflow/.local/lib/python3.12/site-packages/airflow/example_dags/example_nested_branch_dag.py took 0.263 seconds
[2024-05-18T22:44:03.183+0000] {processor.py:161} INFO - Started process (PID=180) to work on /home/airflow/.local/lib/python3.12/site-packages/airflow/example_dags/example_nested_branch_dag.py
[2024-05-18T22:44:03.186+0000] {processor.py:830} INFO - Processing file /home/airflow/.local/lib/python3.12/site-packages/airflow/example_dags/example_nested_branch_dag.py for tasks to queue
[2024-05-18T22:44:03.193+0000] {logging_mixin.py:188} INFO - [2024-05-18T22:44:03.192+0000] {dagbag.py:545} INFO - Filling up the DagBag from /home/airflow/.local/lib/python3.12/site-packages/airflow/example_dags/example_nested_branch_dag.py
[2024-05-18T22:44:03.237+0000] {processor.py:840} INFO - DAG(s) 'example_nested_branch_dag' retrieved from /home/airflow/.local/lib/python3.12/site-packages/airflow/example_dags/example_nested_branch_dag.py
[2024-05-18T22:44:03.337+0000] {logging_mixin.py:188} INFO - [2024-05-18T22:44:03.336+0000] {dag.py:3096} INFO - Sync 1 DAGs
[2024-05-18T22:44:03.486+0000] {logging_mixin.py:188} INFO - [2024-05-18T22:44:03.485+0000] {dag.py:3954} INFO - Setting next_dagrun for example_nested_branch_dag to 2024-05-17 00:00:00+00:00, run_after=2024-05-18 00:00:00+00:00
[2024-05-18T22:44:03.607+0000] {processor.py:183} INFO - Processing /home/airflow/.local/lib/python3.12/site-packages/airflow/example_dags/example_nested_branch_dag.py took 0.444 seconds
[2024-05-18T22:44:33.842+0000] {processor.py:161} INFO - Started process (PID=238) to work on /home/airflow/.local/lib/python3.12/site-packages/airflow/example_dags/example_nested_branch_dag.py
[2024-05-18T22:44:33.844+0000] {processor.py:830} INFO - Processing file /home/airflow/.local/lib/python3.12/site-packages/airflow/example_dags/example_nested_branch_dag.py for tasks to queue
[2024-05-18T22:44:33.848+0000] {logging_mixin.py:188} INFO - [2024-05-18T22:44:33.847+0000] {dagbag.py:545} INFO - Filling up the DagBag from /home/airflow/.local/lib/python3.12/site-packages/airflow/example_dags/example_nested_branch_dag.py
[2024-05-18T22:44:33.865+0000] {processor.py:840} INFO - DAG(s) 'example_nested_branch_dag' retrieved from /home/airflow/.local/lib/python3.12/site-packages/airflow/example_dags/example_nested_branch_dag.py
[2024-05-18T22:44:33.916+0000] {logging_mixin.py:188} INFO - [2024-05-18T22:44:33.915+0000] {dag.py:3096} INFO - Sync 1 DAGs
[2024-05-18T22:44:33.966+0000] {logging_mixin.py:188} INFO - [2024-05-18T22:44:33.965+0000] {dag.py:3954} INFO - Setting next_dagrun for example_nested_branch_dag to 2024-05-17 00:00:00+00:00, run_after=2024-05-18 00:00:00+00:00
[2024-05-18T22:44:34.012+0000] {processor.py:183} INFO - Processing /home/airflow/.local/lib/python3.12/site-packages/airflow/example_dags/example_nested_branch_dag.py took 0.182 seconds
[2024-05-18T22:45:04.235+0000] {processor.py:161} INFO - Started process (PID=298) to work on /home/airflow/.local/lib/python3.12/site-packages/airflow/example_dags/example_nested_branch_dag.py
[2024-05-18T22:45:04.236+0000] {processor.py:830} INFO - Processing file /home/airflow/.local/lib/python3.12/site-packages/airflow/example_dags/example_nested_branch_dag.py for tasks to queue
[2024-05-18T22:45:04.239+0000] {logging_mixin.py:188} INFO - [2024-05-18T22:45:04.238+0000] {dagbag.py:545} INFO - Filling up the DagBag from /home/airflow/.local/lib/python3.12/site-packages/airflow/example_dags/example_nested_branch_dag.py
[2024-05-18T22:45:04.259+0000] {processor.py:840} INFO - DAG(s) 'example_nested_branch_dag' retrieved from /home/airflow/.local/lib/python3.12/site-packages/airflow/example_dags/example_nested_branch_dag.py
[2024-05-18T22:45:04.311+0000] {logging_mixin.py:188} INFO - [2024-05-18T22:45:04.311+0000] {dag.py:3096} INFO - Sync 1 DAGs
[2024-05-18T22:45:04.368+0000] {logging_mixin.py:188} INFO - [2024-05-18T22:45:04.368+0000] {dag.py:3954} INFO - Setting next_dagrun for example_nested_branch_dag to 2024-05-17 00:00:00+00:00, run_after=2024-05-18 00:00:00+00:00
[2024-05-18T22:45:04.423+0000] {processor.py:183} INFO - Processing /home/airflow/.local/lib/python3.12/site-packages/airflow/example_dags/example_nested_branch_dag.py took 0.196 seconds
[2024-05-18T22:45:34.985+0000] {processor.py:161} INFO - Started process (PID=358) to work on /home/airflow/.local/lib/python3.12/site-packages/airflow/example_dags/example_nested_branch_dag.py
[2024-05-18T22:45:34.987+0000] {processor.py:830} INFO - Processing file /home/airflow/.local/lib/python3.12/site-packages/airflow/example_dags/example_nested_branch_dag.py for tasks to queue
[2024-05-18T22:45:34.990+0000] {logging_mixin.py:188} INFO - [2024-05-18T22:45:34.990+0000] {dagbag.py:545} INFO - Filling up the DagBag from /home/airflow/.local/lib/python3.12/site-packages/airflow/example_dags/example_nested_branch_dag.py
[2024-05-18T22:45:35.007+0000] {processor.py:840} INFO - DAG(s) 'example_nested_branch_dag' retrieved from /home/airflow/.local/lib/python3.12/site-packages/airflow/example_dags/example_nested_branch_dag.py
[2024-05-18T22:45:35.045+0000] {logging_mixin.py:188} INFO - [2024-05-18T22:45:35.044+0000] {dag.py:3096} INFO - Sync 1 DAGs
[2024-05-18T22:45:35.082+0000] {logging_mixin.py:188} INFO - [2024-05-18T22:45:35.082+0000] {dag.py:3954} INFO - Setting next_dagrun for example_nested_branch_dag to 2024-05-17 00:00:00+00:00, run_after=2024-05-18 00:00:00+00:00
[2024-05-18T22:45:35.118+0000] {processor.py:183} INFO - Processing /home/airflow/.local/lib/python3.12/site-packages/airflow/example_dags/example_nested_branch_dag.py took 0.143 seconds
[2024-05-18T22:46:05.455+0000] {processor.py:161} INFO - Started process (PID=418) to work on /home/airflow/.local/lib/python3.12/site-packages/airflow/example_dags/example_nested_branch_dag.py
[2024-05-18T22:46:05.457+0000] {processor.py:830} INFO - Processing file /home/airflow/.local/lib/python3.12/site-packages/airflow/example_dags/example_nested_branch_dag.py for tasks to queue
[2024-05-18T22:46:05.459+0000] {logging_mixin.py:188} INFO - [2024-05-18T22:46:05.459+0000] {dagbag.py:545} INFO - Filling up the DagBag from /home/airflow/.local/lib/python3.12/site-packages/airflow/example_dags/example_nested_branch_dag.py
[2024-05-18T22:46:05.472+0000] {processor.py:840} INFO - DAG(s) 'example_nested_branch_dag' retrieved from /home/airflow/.local/lib/python3.12/site-packages/airflow/example_dags/example_nested_branch_dag.py
[2024-05-18T22:46:05.506+0000] {logging_mixin.py:188} INFO - [2024-05-18T22:46:05.506+0000] {dag.py:3096} INFO - Sync 1 DAGs
[2024-05-18T22:46:05.544+0000] {logging_mixin.py:188} INFO - [2024-05-18T22:46:05.544+0000] {dag.py:3954} INFO - Setting next_dagrun for example_nested_branch_dag to 2024-05-17 00:00:00+00:00, run_after=2024-05-18 00:00:00+00:00
[2024-05-18T22:46:05.579+0000] {processor.py:183} INFO - Processing /home/airflow/.local/lib/python3.12/site-packages/airflow/example_dags/example_nested_branch_dag.py took 0.130 seconds
[2024-05-18T22:46:38.825+0000] {processor.py:161} INFO - Started process (PID=478) to work on /home/airflow/.local/lib/python3.12/site-packages/airflow/example_dags/example_nested_branch_dag.py
[2024-05-18T22:46:38.827+0000] {processor.py:830} INFO - Processing file /home/airflow/.local/lib/python3.12/site-packages/airflow/example_dags/example_nested_branch_dag.py for tasks to queue
[2024-05-18T22:46:38.833+0000] {logging_mixin.py:188} INFO - [2024-05-18T22:46:38.832+0000] {dagbag.py:545} INFO - Filling up the DagBag from /home/airflow/.local/lib/python3.12/site-packages/airflow/example_dags/example_nested_branch_dag.py
[2024-05-18T22:46:38.856+0000] {processor.py:840} INFO - DAG(s) 'example_nested_branch_dag' retrieved from /home/airflow/.local/lib/python3.12/site-packages/airflow/example_dags/example_nested_branch_dag.py
[2024-05-18T22:46:38.898+0000] {logging_mixin.py:188} INFO - [2024-05-18T22:46:38.897+0000] {dag.py:3096} INFO - Sync 1 DAGs
[2024-05-18T22:46:38.950+0000] {logging_mixin.py:188} INFO - [2024-05-18T22:46:38.949+0000] {dag.py:3954} INFO - Setting next_dagrun for example_nested_branch_dag to 2024-05-17 00:00:00+00:00, run_after=2024-05-18 00:00:00+00:00
[2024-05-18T22:46:38.988+0000] {processor.py:183} INFO - Processing /home/airflow/.local/lib/python3.12/site-packages/airflow/example_dags/example_nested_branch_dag.py took 0.175 seconds
[2024-05-18T22:47:09.619+0000] {processor.py:161} INFO - Started process (PID=538) to work on /home/airflow/.local/lib/python3.12/site-packages/airflow/example_dags/example_nested_branch_dag.py
[2024-05-18T22:47:09.621+0000] {processor.py:830} INFO - Processing file /home/airflow/.local/lib/python3.12/site-packages/airflow/example_dags/example_nested_branch_dag.py for tasks to queue
[2024-05-18T22:47:09.625+0000] {logging_mixin.py:188} INFO - [2024-05-18T22:47:09.625+0000] {dagbag.py:545} INFO - Filling up the DagBag from /home/airflow/.local/lib/python3.12/site-packages/airflow/example_dags/example_nested_branch_dag.py
[2024-05-18T22:47:09.653+0000] {processor.py:840} INFO - DAG(s) 'example_nested_branch_dag' retrieved from /home/airflow/.local/lib/python3.12/site-packages/airflow/example_dags/example_nested_branch_dag.py
[2024-05-18T22:47:09.720+0000] {logging_mixin.py:188} INFO - [2024-05-18T22:47:09.720+0000] {dag.py:3096} INFO - Sync 1 DAGs
[2024-05-18T22:47:09.784+0000] {logging_mixin.py:188} INFO - [2024-05-18T22:47:09.783+0000] {dag.py:3954} INFO - Setting next_dagrun for example_nested_branch_dag to 2024-05-17 00:00:00+00:00, run_after=2024-05-18 00:00:00+00:00
[2024-05-18T22:47:09.842+0000] {processor.py:183} INFO - Processing /home/airflow/.local/lib/python3.12/site-packages/airflow/example_dags/example_nested_branch_dag.py took 0.235 seconds
[2024-05-18T22:47:40.846+0000] {processor.py:161} INFO - Started process (PID=598) to work on /home/airflow/.local/lib/python3.12/site-packages/airflow/example_dags/example_nested_branch_dag.py
[2024-05-18T22:47:40.848+0000] {processor.py:830} INFO - Processing file /home/airflow/.local/lib/python3.12/site-packages/airflow/example_dags/example_nested_branch_dag.py for tasks to queue
[2024-05-18T22:47:40.852+0000] {logging_mixin.py:188} INFO - [2024-05-18T22:47:40.851+0000] {dagbag.py:545} INFO - Filling up the DagBag from /home/airflow/.local/lib/python3.12/site-packages/airflow/example_dags/example_nested_branch_dag.py
[2024-05-18T22:47:40.870+0000] {processor.py:840} INFO - DAG(s) 'example_nested_branch_dag' retrieved from /home/airflow/.local/lib/python3.12/site-packages/airflow/example_dags/example_nested_branch_dag.py
[2024-05-18T22:47:40.914+0000] {logging_mixin.py:188} INFO - [2024-05-18T22:47:40.913+0000] {dag.py:3096} INFO - Sync 1 DAGs
[2024-05-18T22:47:40.967+0000] {logging_mixin.py:188} INFO - [2024-05-18T22:47:40.967+0000] {dag.py:3954} INFO - Setting next_dagrun for example_nested_branch_dag to 2024-05-17 00:00:00+00:00, run_after=2024-05-18 00:00:00+00:00
[2024-05-18T22:47:41.021+0000] {processor.py:183} INFO - Processing /home/airflow/.local/lib/python3.12/site-packages/airflow/example_dags/example_nested_branch_dag.py took 0.186 seconds
[2024-05-18T22:48:11.288+0000] {processor.py:161} INFO - Started process (PID=658) to work on /home/airflow/.local/lib/python3.12/site-packages/airflow/example_dags/example_nested_branch_dag.py
[2024-05-18T22:48:11.291+0000] {processor.py:830} INFO - Processing file /home/airflow/.local/lib/python3.12/site-packages/airflow/example_dags/example_nested_branch_dag.py for tasks to queue
[2024-05-18T22:48:11.296+0000] {logging_mixin.py:188} INFO - [2024-05-18T22:48:11.295+0000] {dagbag.py:545} INFO - Filling up the DagBag from /home/airflow/.local/lib/python3.12/site-packages/airflow/example_dags/example_nested_branch_dag.py
[2024-05-18T22:48:11.322+0000] {processor.py:840} INFO - DAG(s) 'example_nested_branch_dag' retrieved from /home/airflow/.local/lib/python3.12/site-packages/airflow/example_dags/example_nested_branch_dag.py
[2024-05-18T22:48:11.374+0000] {logging_mixin.py:188} INFO - [2024-05-18T22:48:11.373+0000] {dag.py:3096} INFO - Sync 1 DAGs
[2024-05-18T22:48:11.427+0000] {logging_mixin.py:188} INFO - [2024-05-18T22:48:11.427+0000] {dag.py:3954} INFO - Setting next_dagrun for example_nested_branch_dag to 2024-05-17 00:00:00+00:00, run_after=2024-05-18 00:00:00+00:00
[2024-05-18T22:48:11.644+0000] {processor.py:183} INFO - Processing /home/airflow/.local/lib/python3.12/site-packages/airflow/example_dags/example_nested_branch_dag.py took 0.370 seconds
[2024-05-18T22:48:41.957+0000] {processor.py:161} INFO - Started process (PID=717) to work on /home/airflow/.local/lib/python3.12/site-packages/airflow/example_dags/example_nested_branch_dag.py
[2024-05-18T22:48:41.960+0000] {processor.py:830} INFO - Processing file /home/airflow/.local/lib/python3.12/site-packages/airflow/example_dags/example_nested_branch_dag.py for tasks to queue
[2024-05-18T22:48:41.966+0000] {logging_mixin.py:188} INFO - [2024-05-18T22:48:41.965+0000] {dagbag.py:545} INFO - Filling up the DagBag from /home/airflow/.local/lib/python3.12/site-packages/airflow/example_dags/example_nested_branch_dag.py
[2024-05-18T22:48:42.001+0000] {processor.py:840} INFO - DAG(s) 'example_nested_branch_dag' retrieved from /home/airflow/.local/lib/python3.12/site-packages/airflow/example_dags/example_nested_branch_dag.py
[2024-05-18T22:48:42.087+0000] {logging_mixin.py:188} INFO - [2024-05-18T22:48:42.086+0000] {dag.py:3096} INFO - Sync 1 DAGs
[2024-05-18T22:48:42.188+0000] {logging_mixin.py:188} INFO - [2024-05-18T22:48:42.187+0000] {dag.py:3954} INFO - Setting next_dagrun for example_nested_branch_dag to 2024-05-17 00:00:00+00:00, run_after=2024-05-18 00:00:00+00:00
[2024-05-18T22:48:42.273+0000] {processor.py:183} INFO - Processing /home/airflow/.local/lib/python3.12/site-packages/airflow/example_dags/example_nested_branch_dag.py took 0.330 seconds
[2024-05-18T22:49:13.296+0000] {processor.py:161} INFO - Started process (PID=777) to work on /home/airflow/.local/lib/python3.12/site-packages/airflow/example_dags/example_nested_branch_dag.py
[2024-05-18T22:49:13.298+0000] {processor.py:830} INFO - Processing file /home/airflow/.local/lib/python3.12/site-packages/airflow/example_dags/example_nested_branch_dag.py for tasks to queue
[2024-05-18T22:49:13.302+0000] {logging_mixin.py:188} INFO - [2024-05-18T22:49:13.301+0000] {dagbag.py:545} INFO - Filling up the DagBag from /home/airflow/.local/lib/python3.12/site-packages/airflow/example_dags/example_nested_branch_dag.py
[2024-05-18T22:49:13.325+0000] {processor.py:840} INFO - DAG(s) 'example_nested_branch_dag' retrieved from /home/airflow/.local/lib/python3.12/site-packages/airflow/example_dags/example_nested_branch_dag.py
[2024-05-18T22:49:13.369+0000] {logging_mixin.py:188} INFO - [2024-05-18T22:49:13.368+0000] {dag.py:3096} INFO - Sync 1 DAGs
[2024-05-18T22:49:13.411+0000] {logging_mixin.py:188} INFO - [2024-05-18T22:49:13.410+0000] {dag.py:3954} INFO - Setting next_dagrun for example_nested_branch_dag to 2024-05-17 00:00:00+00:00, run_after=2024-05-18 00:00:00+00:00
[2024-05-18T22:49:13.451+0000] {processor.py:183} INFO - Processing /home/airflow/.local/lib/python3.12/site-packages/airflow/example_dags/example_nested_branch_dag.py took 0.165 seconds
[2024-05-18T22:49:43.650+0000] {processor.py:161} INFO - Started process (PID=837) to work on /home/airflow/.local/lib/python3.12/site-packages/airflow/example_dags/example_nested_branch_dag.py
[2024-05-18T22:49:43.653+0000] {processor.py:830} INFO - Processing file /home/airflow/.local/lib/python3.12/site-packages/airflow/example_dags/example_nested_branch_dag.py for tasks to queue
[2024-05-18T22:49:43.657+0000] {logging_mixin.py:188} INFO - [2024-05-18T22:49:43.656+0000] {dagbag.py:545} INFO - Filling up the DagBag from /home/airflow/.local/lib/python3.12/site-packages/airflow/example_dags/example_nested_branch_dag.py
[2024-05-18T22:49:43.681+0000] {processor.py:840} INFO - DAG(s) 'example_nested_branch_dag' retrieved from /home/airflow/.local/lib/python3.12/site-packages/airflow/example_dags/example_nested_branch_dag.py
[2024-05-18T22:49:43.717+0000] {logging_mixin.py:188} INFO - [2024-05-18T22:49:43.716+0000] {dag.py:3096} INFO - Sync 1 DAGs
[2024-05-18T22:49:43.828+0000] {logging_mixin.py:188} INFO - [2024-05-18T22:49:43.827+0000] {dag.py:3954} INFO - Setting next_dagrun for example_nested_branch_dag to 2024-05-17 00:00:00+00:00, run_after=2024-05-18 00:00:00+00:00
[2024-05-18T22:49:43.891+0000] {processor.py:183} INFO - Processing /home/airflow/.local/lib/python3.12/site-packages/airflow/example_dags/example_nested_branch_dag.py took 0.252 seconds
[2024-05-18T22:50:14.036+0000] {processor.py:161} INFO - Started process (PID=897) to work on /home/airflow/.local/lib/python3.12/site-packages/airflow/example_dags/example_nested_branch_dag.py
[2024-05-18T22:50:14.038+0000] {processor.py:830} INFO - Processing file /home/airflow/.local/lib/python3.12/site-packages/airflow/example_dags/example_nested_branch_dag.py for tasks to queue
[2024-05-18T22:50:14.041+0000] {logging_mixin.py:188} INFO - [2024-05-18T22:50:14.040+0000] {dagbag.py:545} INFO - Filling up the DagBag from /home/airflow/.local/lib/python3.12/site-packages/airflow/example_dags/example_nested_branch_dag.py
[2024-05-18T22:50:14.083+0000] {processor.py:840} INFO - DAG(s) 'example_nested_branch_dag' retrieved from /home/airflow/.local/lib/python3.12/site-packages/airflow/example_dags/example_nested_branch_dag.py
[2024-05-18T22:50:14.182+0000] {logging_mixin.py:188} INFO - [2024-05-18T22:50:14.181+0000] {dag.py:3096} INFO - Sync 1 DAGs
[2024-05-18T22:50:14.303+0000] {logging_mixin.py:188} INFO - [2024-05-18T22:50:14.302+0000] {dag.py:3954} INFO - Setting next_dagrun for example_nested_branch_dag to 2024-05-17 00:00:00+00:00, run_after=2024-05-18 00:00:00+00:00
[2024-05-18T22:50:14.401+0000] {processor.py:183} INFO - Processing /home/airflow/.local/lib/python3.12/site-packages/airflow/example_dags/example_nested_branch_dag.py took 0.375 seconds
[2024-05-18T22:50:45.352+0000] {processor.py:161} INFO - Started process (PID=957) to work on /home/airflow/.local/lib/python3.12/site-packages/airflow/example_dags/example_nested_branch_dag.py
[2024-05-18T22:50:45.367+0000] {processor.py:830} INFO - Processing file /home/airflow/.local/lib/python3.12/site-packages/airflow/example_dags/example_nested_branch_dag.py for tasks to queue
[2024-05-18T22:50:45.375+0000] {logging_mixin.py:188} INFO - [2024-05-18T22:50:45.373+0000] {dagbag.py:545} INFO - Filling up the DagBag from /home/airflow/.local/lib/python3.12/site-packages/airflow/example_dags/example_nested_branch_dag.py
[2024-05-18T22:50:45.449+0000] {processor.py:840} INFO - DAG(s) 'example_nested_branch_dag' retrieved from /home/airflow/.local/lib/python3.12/site-packages/airflow/example_dags/example_nested_branch_dag.py
[2024-05-18T22:50:45.614+0000] {logging_mixin.py:188} INFO - [2024-05-18T22:50:45.613+0000] {dag.py:3096} INFO - Sync 1 DAGs
[2024-05-18T22:50:45.804+0000] {logging_mixin.py:188} INFO - [2024-05-18T22:50:45.800+0000] {dag.py:3954} INFO - Setting next_dagrun for example_nested_branch_dag to 2024-05-17 00:00:00+00:00, run_after=2024-05-18 00:00:00+00:00
[2024-05-18T22:50:45.938+0000] {processor.py:183} INFO - Processing /home/airflow/.local/lib/python3.12/site-packages/airflow/example_dags/example_nested_branch_dag.py took 0.622 seconds
[2024-05-18T22:51:16.709+0000] {processor.py:161} INFO - Started process (PID=1018) to work on /home/airflow/.local/lib/python3.12/site-packages/airflow/example_dags/example_nested_branch_dag.py
[2024-05-18T22:51:16.710+0000] {processor.py:830} INFO - Processing file /home/airflow/.local/lib/python3.12/site-packages/airflow/example_dags/example_nested_branch_dag.py for tasks to queue
[2024-05-18T22:51:16.714+0000] {logging_mixin.py:188} INFO - [2024-05-18T22:51:16.714+0000] {dagbag.py:545} INFO - Filling up the DagBag from /home/airflow/.local/lib/python3.12/site-packages/airflow/example_dags/example_nested_branch_dag.py
[2024-05-18T22:51:16.729+0000] {processor.py:840} INFO - DAG(s) 'example_nested_branch_dag' retrieved from /home/airflow/.local/lib/python3.12/site-packages/airflow/example_dags/example_nested_branch_dag.py
[2024-05-18T22:51:16.760+0000] {logging_mixin.py:188} INFO - [2024-05-18T22:51:16.759+0000] {dag.py:3096} INFO - Sync 1 DAGs
[2024-05-18T22:51:16.801+0000] {logging_mixin.py:188} INFO - [2024-05-18T22:51:16.801+0000] {dag.py:3954} INFO - Setting next_dagrun for example_nested_branch_dag to 2024-05-17 00:00:00+00:00, run_after=2024-05-18 00:00:00+00:00
[2024-05-18T22:51:16.840+0000] {processor.py:183} INFO - Processing /home/airflow/.local/lib/python3.12/site-packages/airflow/example_dags/example_nested_branch_dag.py took 0.141 seconds
[2024-05-18T22:51:47.798+0000] {processor.py:161} INFO - Started process (PID=1084) to work on /home/airflow/.local/lib/python3.12/site-packages/airflow/example_dags/example_nested_branch_dag.py
[2024-05-18T22:51:47.799+0000] {processor.py:830} INFO - Processing file /home/airflow/.local/lib/python3.12/site-packages/airflow/example_dags/example_nested_branch_dag.py for tasks to queue
[2024-05-18T22:51:47.803+0000] {logging_mixin.py:188} INFO - [2024-05-18T22:51:47.802+0000] {dagbag.py:545} INFO - Filling up the DagBag from /home/airflow/.local/lib/python3.12/site-packages/airflow/example_dags/example_nested_branch_dag.py
[2024-05-18T22:51:47.818+0000] {processor.py:840} INFO - DAG(s) 'example_nested_branch_dag' retrieved from /home/airflow/.local/lib/python3.12/site-packages/airflow/example_dags/example_nested_branch_dag.py
[2024-05-18T22:51:47.856+0000] {logging_mixin.py:188} INFO - [2024-05-18T22:51:47.855+0000] {dag.py:3096} INFO - Sync 1 DAGs
[2024-05-18T22:51:47.901+0000] {logging_mixin.py:188} INFO - [2024-05-18T22:51:47.900+0000] {dag.py:3954} INFO - Setting next_dagrun for example_nested_branch_dag to 2024-05-17 00:00:00+00:00, run_after=2024-05-18 00:00:00+00:00
[2024-05-18T22:51:47.944+0000] {processor.py:183} INFO - Processing /home/airflow/.local/lib/python3.12/site-packages/airflow/example_dags/example_nested_branch_dag.py took 0.156 seconds
[2024-05-18T22:52:18.326+0000] {processor.py:161} INFO - Started process (PID=1144) to work on /home/airflow/.local/lib/python3.12/site-packages/airflow/example_dags/example_nested_branch_dag.py
[2024-05-18T22:52:18.328+0000] {processor.py:830} INFO - Processing file /home/airflow/.local/lib/python3.12/site-packages/airflow/example_dags/example_nested_branch_dag.py for tasks to queue
[2024-05-18T22:52:18.331+0000] {logging_mixin.py:188} INFO - [2024-05-18T22:52:18.330+0000] {dagbag.py:545} INFO - Filling up the DagBag from /home/airflow/.local/lib/python3.12/site-packages/airflow/example_dags/example_nested_branch_dag.py
[2024-05-18T22:52:18.344+0000] {processor.py:840} INFO - DAG(s) 'example_nested_branch_dag' retrieved from /home/airflow/.local/lib/python3.12/site-packages/airflow/example_dags/example_nested_branch_dag.py
[2024-05-18T22:52:18.379+0000] {logging_mixin.py:188} INFO - [2024-05-18T22:52:18.379+0000] {dag.py:3096} INFO - Sync 1 DAGs
[2024-05-18T22:52:18.423+0000] {logging_mixin.py:188} INFO - [2024-05-18T22:52:18.423+0000] {dag.py:3954} INFO - Setting next_dagrun for example_nested_branch_dag to 2024-05-17 00:00:00+00:00, run_after=2024-05-18 00:00:00+00:00
[2024-05-18T22:52:18.454+0000] {processor.py:183} INFO - Processing /home/airflow/.local/lib/python3.12/site-packages/airflow/example_dags/example_nested_branch_dag.py took 0.135 seconds
