[2024-05-18T22:42:58.550+0000] {processor.py:161} INFO - Started process (PID=69) to work on /home/airflow/.local/lib/python3.12/site-packages/airflow/example_dags/example_external_task_marker_dag.py
[2024-05-18T22:42:58.553+0000] {processor.py:830} INFO - Processing file /home/airflow/.local/lib/python3.12/site-packages/airflow/example_dags/example_external_task_marker_dag.py for tasks to queue
[2024-05-18T22:42:58.558+0000] {logging_mixin.py:188} INFO - [2024-05-18T22:42:58.557+0000] {dagbag.py:545} INFO - Filling up the DagBag from /home/airflow/.local/lib/python3.12/site-packages/airflow/example_dags/example_external_task_marker_dag.py
[2024-05-18T22:42:58.601+0000] {processor.py:840} INFO - DAG(s) 'example_external_task_marker_parent', 'example_external_task_marker_child' retrieved from /home/airflow/.local/lib/python3.12/site-packages/airflow/example_dags/example_external_task_marker_dag.py
[2024-05-18T22:42:59.209+0000] {logging_mixin.py:188} INFO - [2024-05-18T22:42:59.207+0000] {override.py:1829} INFO - Created Permission View: can read on DAG:example_external_task_marker_parent
[2024-05-18T22:42:59.275+0000] {logging_mixin.py:188} INFO - [2024-05-18T22:42:59.274+0000] {override.py:1829} INFO - Created Permission View: can edit on DAG:example_external_task_marker_parent
[2024-05-18T22:42:59.309+0000] {logging_mixin.py:188} INFO - [2024-05-18T22:42:59.308+0000] {override.py:1829} INFO - Created Permission View: can delete on DAG:example_external_task_marker_parent
[2024-05-18T22:42:59.384+0000] {logging_mixin.py:188} INFO - [2024-05-18T22:42:59.383+0000] {override.py:1829} INFO - Created Permission View: can read on DAG:example_external_task_marker_child
[2024-05-18T22:42:59.424+0000] {logging_mixin.py:188} INFO - [2024-05-18T22:42:59.422+0000] {override.py:1829} INFO - Created Permission View: can edit on DAG:example_external_task_marker_child
[2024-05-18T22:42:59.480+0000] {logging_mixin.py:188} INFO - [2024-05-18T22:42:59.479+0000] {override.py:1829} INFO - Created Permission View: can delete on DAG:example_external_task_marker_child
[2024-05-18T22:42:59.486+0000] {logging_mixin.py:188} INFO - [2024-05-18T22:42:59.485+0000] {dag.py:3096} INFO - Sync 2 DAGs
[2024-05-18T22:42:59.552+0000] {logging_mixin.py:188} INFO - [2024-05-18T22:42:59.551+0000] {dag.py:3118} INFO - Creating ORM DAG for example_external_task_marker_child
[2024-05-18T22:42:59.556+0000] {logging_mixin.py:188} INFO - [2024-05-18T22:42:59.556+0000] {dag.py:3118} INFO - Creating ORM DAG for example_external_task_marker_parent
[2024-05-18T22:42:59.560+0000] {logging_mixin.py:188} INFO - [2024-05-18T22:42:59.559+0000] {dag.py:3954} INFO - Setting next_dagrun for example_external_task_marker_child to None, run_after=None
[2024-05-18T22:42:59.564+0000] {logging_mixin.py:188} INFO - [2024-05-18T22:42:59.563+0000] {dag.py:3954} INFO - Setting next_dagrun for example_external_task_marker_parent to None, run_after=None
[2024-05-18T22:42:59.640+0000] {processor.py:183} INFO - Processing /home/airflow/.local/lib/python3.12/site-packages/airflow/example_dags/example_external_task_marker_dag.py took 1.117 seconds
[2024-05-18T22:43:33.187+0000] {processor.py:161} INFO - Started process (PID=129) to work on /home/airflow/.local/lib/python3.12/site-packages/airflow/example_dags/example_external_task_marker_dag.py
[2024-05-18T22:43:33.190+0000] {processor.py:830} INFO - Processing file /home/airflow/.local/lib/python3.12/site-packages/airflow/example_dags/example_external_task_marker_dag.py for tasks to queue
[2024-05-18T22:43:33.196+0000] {logging_mixin.py:188} INFO - [2024-05-18T22:43:33.195+0000] {dagbag.py:545} INFO - Filling up the DagBag from /home/airflow/.local/lib/python3.12/site-packages/airflow/example_dags/example_external_task_marker_dag.py
[2024-05-18T22:43:33.214+0000] {processor.py:840} INFO - DAG(s) 'example_external_task_marker_parent', 'example_external_task_marker_child' retrieved from /home/airflow/.local/lib/python3.12/site-packages/airflow/example_dags/example_external_task_marker_dag.py
[2024-05-18T22:43:33.304+0000] {logging_mixin.py:188} INFO - [2024-05-18T22:43:33.302+0000] {dag.py:3096} INFO - Sync 2 DAGs
[2024-05-18T22:43:33.383+0000] {logging_mixin.py:188} INFO - [2024-05-18T22:43:33.382+0000] {dag.py:3954} INFO - Setting next_dagrun for example_external_task_marker_child to None, run_after=None
[2024-05-18T22:43:33.403+0000] {logging_mixin.py:188} INFO - [2024-05-18T22:43:33.401+0000] {dag.py:3954} INFO - Setting next_dagrun for example_external_task_marker_parent to None, run_after=None
[2024-05-18T22:43:33.501+0000] {processor.py:183} INFO - Processing /home/airflow/.local/lib/python3.12/site-packages/airflow/example_dags/example_external_task_marker_dag.py took 0.332 seconds
[2024-05-18T22:44:05.535+0000] {processor.py:161} INFO - Started process (PID=190) to work on /home/airflow/.local/lib/python3.12/site-packages/airflow/example_dags/example_external_task_marker_dag.py
[2024-05-18T22:44:05.537+0000] {processor.py:830} INFO - Processing file /home/airflow/.local/lib/python3.12/site-packages/airflow/example_dags/example_external_task_marker_dag.py for tasks to queue
[2024-05-18T22:44:05.542+0000] {logging_mixin.py:188} INFO - [2024-05-18T22:44:05.541+0000] {dagbag.py:545} INFO - Filling up the DagBag from /home/airflow/.local/lib/python3.12/site-packages/airflow/example_dags/example_external_task_marker_dag.py
[2024-05-18T22:44:05.558+0000] {processor.py:840} INFO - DAG(s) 'example_external_task_marker_child', 'example_external_task_marker_parent' retrieved from /home/airflow/.local/lib/python3.12/site-packages/airflow/example_dags/example_external_task_marker_dag.py
[2024-05-18T22:44:05.635+0000] {logging_mixin.py:188} INFO - [2024-05-18T22:44:05.634+0000] {dag.py:3096} INFO - Sync 2 DAGs
[2024-05-18T22:44:05.681+0000] {logging_mixin.py:188} INFO - [2024-05-18T22:44:05.681+0000] {dag.py:3954} INFO - Setting next_dagrun for example_external_task_marker_child to None, run_after=None
[2024-05-18T22:44:05.693+0000] {logging_mixin.py:188} INFO - [2024-05-18T22:44:05.692+0000] {dag.py:3954} INFO - Setting next_dagrun for example_external_task_marker_parent to None, run_after=None
[2024-05-18T22:44:05.738+0000] {processor.py:183} INFO - Processing /home/airflow/.local/lib/python3.12/site-packages/airflow/example_dags/example_external_task_marker_dag.py took 0.218 seconds
[2024-05-18T22:44:36.676+0000] {processor.py:161} INFO - Started process (PID=250) to work on /home/airflow/.local/lib/python3.12/site-packages/airflow/example_dags/example_external_task_marker_dag.py
[2024-05-18T22:44:36.678+0000] {processor.py:830} INFO - Processing file /home/airflow/.local/lib/python3.12/site-packages/airflow/example_dags/example_external_task_marker_dag.py for tasks to queue
[2024-05-18T22:44:36.681+0000] {logging_mixin.py:188} INFO - [2024-05-18T22:44:36.680+0000] {dagbag.py:545} INFO - Filling up the DagBag from /home/airflow/.local/lib/python3.12/site-packages/airflow/example_dags/example_external_task_marker_dag.py
[2024-05-18T22:44:36.689+0000] {processor.py:840} INFO - DAG(s) 'example_external_task_marker_parent', 'example_external_task_marker_child' retrieved from /home/airflow/.local/lib/python3.12/site-packages/airflow/example_dags/example_external_task_marker_dag.py
[2024-05-18T22:44:36.731+0000] {logging_mixin.py:188} INFO - [2024-05-18T22:44:36.731+0000] {dag.py:3096} INFO - Sync 2 DAGs
[2024-05-18T22:44:36.766+0000] {logging_mixin.py:188} INFO - [2024-05-18T22:44:36.766+0000] {dag.py:3954} INFO - Setting next_dagrun for example_external_task_marker_child to None, run_after=None
[2024-05-18T22:44:36.777+0000] {logging_mixin.py:188} INFO - [2024-05-18T22:44:36.776+0000] {dag.py:3954} INFO - Setting next_dagrun for example_external_task_marker_parent to None, run_after=None
[2024-05-18T22:44:36.815+0000] {processor.py:183} INFO - Processing /home/airflow/.local/lib/python3.12/site-packages/airflow/example_dags/example_external_task_marker_dag.py took 0.145 seconds
[2024-05-18T22:45:07.919+0000] {processor.py:161} INFO - Started process (PID=310) to work on /home/airflow/.local/lib/python3.12/site-packages/airflow/example_dags/example_external_task_marker_dag.py
[2024-05-18T22:45:07.921+0000] {processor.py:830} INFO - Processing file /home/airflow/.local/lib/python3.12/site-packages/airflow/example_dags/example_external_task_marker_dag.py for tasks to queue
[2024-05-18T22:45:07.924+0000] {logging_mixin.py:188} INFO - [2024-05-18T22:45:07.923+0000] {dagbag.py:545} INFO - Filling up the DagBag from /home/airflow/.local/lib/python3.12/site-packages/airflow/example_dags/example_external_task_marker_dag.py
[2024-05-18T22:45:07.933+0000] {processor.py:840} INFO - DAG(s) 'example_external_task_marker_child', 'example_external_task_marker_parent' retrieved from /home/airflow/.local/lib/python3.12/site-packages/airflow/example_dags/example_external_task_marker_dag.py
[2024-05-18T22:45:07.973+0000] {logging_mixin.py:188} INFO - [2024-05-18T22:45:07.973+0000] {dag.py:3096} INFO - Sync 2 DAGs
[2024-05-18T22:45:07.996+0000] {logging_mixin.py:188} INFO - [2024-05-18T22:45:07.996+0000] {dag.py:3954} INFO - Setting next_dagrun for example_external_task_marker_child to None, run_after=None
[2024-05-18T22:45:08.004+0000] {logging_mixin.py:188} INFO - [2024-05-18T22:45:08.003+0000] {dag.py:3954} INFO - Setting next_dagrun for example_external_task_marker_parent to None, run_after=None
[2024-05-18T22:45:08.038+0000] {processor.py:183} INFO - Processing /home/airflow/.local/lib/python3.12/site-packages/airflow/example_dags/example_external_task_marker_dag.py took 0.126 seconds
[2024-05-18T22:45:38.264+0000] {processor.py:161} INFO - Started process (PID=368) to work on /home/airflow/.local/lib/python3.12/site-packages/airflow/example_dags/example_external_task_marker_dag.py
[2024-05-18T22:45:38.266+0000] {processor.py:830} INFO - Processing file /home/airflow/.local/lib/python3.12/site-packages/airflow/example_dags/example_external_task_marker_dag.py for tasks to queue
[2024-05-18T22:45:38.270+0000] {logging_mixin.py:188} INFO - [2024-05-18T22:45:38.270+0000] {dagbag.py:545} INFO - Filling up the DagBag from /home/airflow/.local/lib/python3.12/site-packages/airflow/example_dags/example_external_task_marker_dag.py
[2024-05-18T22:45:38.279+0000] {processor.py:840} INFO - DAG(s) 'example_external_task_marker_child', 'example_external_task_marker_parent' retrieved from /home/airflow/.local/lib/python3.12/site-packages/airflow/example_dags/example_external_task_marker_dag.py
[2024-05-18T22:45:38.325+0000] {logging_mixin.py:188} INFO - [2024-05-18T22:45:38.325+0000] {dag.py:3096} INFO - Sync 2 DAGs
[2024-05-18T22:45:38.354+0000] {logging_mixin.py:188} INFO - [2024-05-18T22:45:38.354+0000] {dag.py:3954} INFO - Setting next_dagrun for example_external_task_marker_child to None, run_after=None
[2024-05-18T22:45:38.364+0000] {logging_mixin.py:188} INFO - [2024-05-18T22:45:38.363+0000] {dag.py:3954} INFO - Setting next_dagrun for example_external_task_marker_parent to None, run_after=None
[2024-05-18T22:45:38.404+0000] {processor.py:183} INFO - Processing /home/airflow/.local/lib/python3.12/site-packages/airflow/example_dags/example_external_task_marker_dag.py took 0.149 seconds
[2024-05-18T22:46:08.586+0000] {processor.py:161} INFO - Started process (PID=428) to work on /home/airflow/.local/lib/python3.12/site-packages/airflow/example_dags/example_external_task_marker_dag.py
[2024-05-18T22:46:08.588+0000] {processor.py:830} INFO - Processing file /home/airflow/.local/lib/python3.12/site-packages/airflow/example_dags/example_external_task_marker_dag.py for tasks to queue
[2024-05-18T22:46:08.591+0000] {logging_mixin.py:188} INFO - [2024-05-18T22:46:08.590+0000] {dagbag.py:545} INFO - Filling up the DagBag from /home/airflow/.local/lib/python3.12/site-packages/airflow/example_dags/example_external_task_marker_dag.py
[2024-05-18T22:46:08.600+0000] {processor.py:840} INFO - DAG(s) 'example_external_task_marker_child', 'example_external_task_marker_parent' retrieved from /home/airflow/.local/lib/python3.12/site-packages/airflow/example_dags/example_external_task_marker_dag.py
[2024-05-18T22:46:08.638+0000] {logging_mixin.py:188} INFO - [2024-05-18T22:46:08.637+0000] {dag.py:3096} INFO - Sync 2 DAGs
[2024-05-18T22:46:08.661+0000] {logging_mixin.py:188} INFO - [2024-05-18T22:46:08.661+0000] {dag.py:3954} INFO - Setting next_dagrun for example_external_task_marker_child to None, run_after=None
[2024-05-18T22:46:08.668+0000] {logging_mixin.py:188} INFO - [2024-05-18T22:46:08.667+0000] {dag.py:3954} INFO - Setting next_dagrun for example_external_task_marker_parent to None, run_after=None
[2024-05-18T22:46:08.701+0000] {processor.py:183} INFO - Processing /home/airflow/.local/lib/python3.12/site-packages/airflow/example_dags/example_external_task_marker_dag.py took 0.123 seconds
[2024-05-18T22:46:40.118+0000] {processor.py:161} INFO - Started process (PID=488) to work on /home/airflow/.local/lib/python3.12/site-packages/airflow/example_dags/example_external_task_marker_dag.py
[2024-05-18T22:46:40.119+0000] {processor.py:830} INFO - Processing file /home/airflow/.local/lib/python3.12/site-packages/airflow/example_dags/example_external_task_marker_dag.py for tasks to queue
[2024-05-18T22:46:40.122+0000] {logging_mixin.py:188} INFO - [2024-05-18T22:46:40.122+0000] {dagbag.py:545} INFO - Filling up the DagBag from /home/airflow/.local/lib/python3.12/site-packages/airflow/example_dags/example_external_task_marker_dag.py
[2024-05-18T22:46:40.131+0000] {processor.py:840} INFO - DAG(s) 'example_external_task_marker_child', 'example_external_task_marker_parent' retrieved from /home/airflow/.local/lib/python3.12/site-packages/airflow/example_dags/example_external_task_marker_dag.py
[2024-05-18T22:46:40.195+0000] {logging_mixin.py:188} INFO - [2024-05-18T22:46:40.194+0000] {dag.py:3096} INFO - Sync 2 DAGs
[2024-05-18T22:46:40.229+0000] {logging_mixin.py:188} INFO - [2024-05-18T22:46:40.229+0000] {dag.py:3954} INFO - Setting next_dagrun for example_external_task_marker_child to None, run_after=None
[2024-05-18T22:46:40.239+0000] {logging_mixin.py:188} INFO - [2024-05-18T22:46:40.238+0000] {dag.py:3954} INFO - Setting next_dagrun for example_external_task_marker_parent to None, run_after=None
[2024-05-18T22:46:40.277+0000] {processor.py:183} INFO - Processing /home/airflow/.local/lib/python3.12/site-packages/airflow/example_dags/example_external_task_marker_dag.py took 0.167 seconds
[2024-05-18T22:47:11.067+0000] {processor.py:161} INFO - Started process (PID=548) to work on /home/airflow/.local/lib/python3.12/site-packages/airflow/example_dags/example_external_task_marker_dag.py
[2024-05-18T22:47:11.069+0000] {processor.py:830} INFO - Processing file /home/airflow/.local/lib/python3.12/site-packages/airflow/example_dags/example_external_task_marker_dag.py for tasks to queue
[2024-05-18T22:47:11.074+0000] {logging_mixin.py:188} INFO - [2024-05-18T22:47:11.073+0000] {dagbag.py:545} INFO - Filling up the DagBag from /home/airflow/.local/lib/python3.12/site-packages/airflow/example_dags/example_external_task_marker_dag.py
[2024-05-18T22:47:11.087+0000] {processor.py:840} INFO - DAG(s) 'example_external_task_marker_parent', 'example_external_task_marker_child' retrieved from /home/airflow/.local/lib/python3.12/site-packages/airflow/example_dags/example_external_task_marker_dag.py
[2024-05-18T22:47:11.142+0000] {logging_mixin.py:188} INFO - [2024-05-18T22:47:11.141+0000] {dag.py:3096} INFO - Sync 2 DAGs
[2024-05-18T22:47:11.173+0000] {logging_mixin.py:188} INFO - [2024-05-18T22:47:11.173+0000] {dag.py:3954} INFO - Setting next_dagrun for example_external_task_marker_child to None, run_after=None
[2024-05-18T22:47:11.186+0000] {logging_mixin.py:188} INFO - [2024-05-18T22:47:11.185+0000] {dag.py:3954} INFO - Setting next_dagrun for example_external_task_marker_parent to None, run_after=None
[2024-05-18T22:47:11.230+0000] {processor.py:183} INFO - Processing /home/airflow/.local/lib/python3.12/site-packages/airflow/example_dags/example_external_task_marker_dag.py took 0.177 seconds
[2024-05-18T22:47:42.261+0000] {processor.py:161} INFO - Started process (PID=608) to work on /home/airflow/.local/lib/python3.12/site-packages/airflow/example_dags/example_external_task_marker_dag.py
[2024-05-18T22:47:42.264+0000] {processor.py:830} INFO - Processing file /home/airflow/.local/lib/python3.12/site-packages/airflow/example_dags/example_external_task_marker_dag.py for tasks to queue
[2024-05-18T22:47:42.268+0000] {logging_mixin.py:188} INFO - [2024-05-18T22:47:42.268+0000] {dagbag.py:545} INFO - Filling up the DagBag from /home/airflow/.local/lib/python3.12/site-packages/airflow/example_dags/example_external_task_marker_dag.py
[2024-05-18T22:47:42.283+0000] {processor.py:840} INFO - DAG(s) 'example_external_task_marker_parent', 'example_external_task_marker_child' retrieved from /home/airflow/.local/lib/python3.12/site-packages/airflow/example_dags/example_external_task_marker_dag.py
[2024-05-18T22:47:42.341+0000] {logging_mixin.py:188} INFO - [2024-05-18T22:47:42.341+0000] {dag.py:3096} INFO - Sync 2 DAGs
[2024-05-18T22:47:42.371+0000] {logging_mixin.py:188} INFO - [2024-05-18T22:47:42.371+0000] {dag.py:3954} INFO - Setting next_dagrun for example_external_task_marker_child to None, run_after=None
[2024-05-18T22:47:42.384+0000] {logging_mixin.py:188} INFO - [2024-05-18T22:47:42.384+0000] {dag.py:3954} INFO - Setting next_dagrun for example_external_task_marker_parent to None, run_after=None
[2024-05-18T22:47:42.436+0000] {processor.py:183} INFO - Processing /home/airflow/.local/lib/python3.12/site-packages/airflow/example_dags/example_external_task_marker_dag.py took 0.189 seconds
[2024-05-18T22:48:17.403+0000] {processor.py:161} INFO - Started process (PID=674) to work on /home/airflow/.local/lib/python3.12/site-packages/airflow/example_dags/example_external_task_marker_dag.py
[2024-05-18T22:48:17.406+0000] {processor.py:830} INFO - Processing file /home/airflow/.local/lib/python3.12/site-packages/airflow/example_dags/example_external_task_marker_dag.py for tasks to queue
[2024-05-18T22:48:17.413+0000] {logging_mixin.py:188} INFO - [2024-05-18T22:48:17.412+0000] {dagbag.py:545} INFO - Filling up the DagBag from /home/airflow/.local/lib/python3.12/site-packages/airflow/example_dags/example_external_task_marker_dag.py
[2024-05-18T22:48:17.434+0000] {processor.py:840} INFO - DAG(s) 'example_external_task_marker_child', 'example_external_task_marker_parent' retrieved from /home/airflow/.local/lib/python3.12/site-packages/airflow/example_dags/example_external_task_marker_dag.py
[2024-05-18T22:48:17.492+0000] {logging_mixin.py:188} INFO - [2024-05-18T22:48:17.492+0000] {dag.py:3096} INFO - Sync 2 DAGs
[2024-05-18T22:48:17.520+0000] {logging_mixin.py:188} INFO - [2024-05-18T22:48:17.520+0000] {dag.py:3954} INFO - Setting next_dagrun for example_external_task_marker_child to None, run_after=None
[2024-05-18T22:48:17.530+0000] {logging_mixin.py:188} INFO - [2024-05-18T22:48:17.529+0000] {dag.py:3954} INFO - Setting next_dagrun for example_external_task_marker_parent to None, run_after=None
[2024-05-18T22:48:17.569+0000] {processor.py:183} INFO - Processing /home/airflow/.local/lib/python3.12/site-packages/airflow/example_dags/example_external_task_marker_dag.py took 0.184 seconds
[2024-05-18T22:48:51.630+0000] {processor.py:161} INFO - Started process (PID=734) to work on /home/airflow/.local/lib/python3.12/site-packages/airflow/example_dags/example_external_task_marker_dag.py
[2024-05-18T22:48:51.637+0000] {processor.py:830} INFO - Processing file /home/airflow/.local/lib/python3.12/site-packages/airflow/example_dags/example_external_task_marker_dag.py for tasks to queue
[2024-05-18T22:48:51.642+0000] {logging_mixin.py:188} INFO - [2024-05-18T22:48:51.641+0000] {dagbag.py:545} INFO - Filling up the DagBag from /home/airflow/.local/lib/python3.12/site-packages/airflow/example_dags/example_external_task_marker_dag.py
[2024-05-18T22:48:51.663+0000] {processor.py:840} INFO - DAG(s) 'example_external_task_marker_parent', 'example_external_task_marker_child' retrieved from /home/airflow/.local/lib/python3.12/site-packages/airflow/example_dags/example_external_task_marker_dag.py
[2024-05-18T22:48:51.743+0000] {logging_mixin.py:188} INFO - [2024-05-18T22:48:51.742+0000] {dag.py:3096} INFO - Sync 2 DAGs
[2024-05-18T22:48:51.791+0000] {logging_mixin.py:188} INFO - [2024-05-18T22:48:51.790+0000] {dag.py:3954} INFO - Setting next_dagrun for example_external_task_marker_child to None, run_after=None
[2024-05-18T22:48:51.810+0000] {logging_mixin.py:188} INFO - [2024-05-18T22:48:51.808+0000] {dag.py:3954} INFO - Setting next_dagrun for example_external_task_marker_parent to None, run_after=None
[2024-05-18T22:48:51.874+0000] {processor.py:183} INFO - Processing /home/airflow/.local/lib/python3.12/site-packages/airflow/example_dags/example_external_task_marker_dag.py took 0.260 seconds
[2024-05-18T22:49:22.568+0000] {processor.py:161} INFO - Started process (PID=794) to work on /home/airflow/.local/lib/python3.12/site-packages/airflow/example_dags/example_external_task_marker_dag.py
[2024-05-18T22:49:22.569+0000] {processor.py:830} INFO - Processing file /home/airflow/.local/lib/python3.12/site-packages/airflow/example_dags/example_external_task_marker_dag.py for tasks to queue
[2024-05-18T22:49:22.572+0000] {logging_mixin.py:188} INFO - [2024-05-18T22:49:22.572+0000] {dagbag.py:545} INFO - Filling up the DagBag from /home/airflow/.local/lib/python3.12/site-packages/airflow/example_dags/example_external_task_marker_dag.py
[2024-05-18T22:49:22.580+0000] {processor.py:840} INFO - DAG(s) 'example_external_task_marker_parent', 'example_external_task_marker_child' retrieved from /home/airflow/.local/lib/python3.12/site-packages/airflow/example_dags/example_external_task_marker_dag.py
[2024-05-18T22:49:22.619+0000] {logging_mixin.py:188} INFO - [2024-05-18T22:49:22.619+0000] {dag.py:3096} INFO - Sync 2 DAGs
[2024-05-18T22:49:22.643+0000] {logging_mixin.py:188} INFO - [2024-05-18T22:49:22.642+0000] {dag.py:3954} INFO - Setting next_dagrun for example_external_task_marker_child to None, run_after=None
[2024-05-18T22:49:22.650+0000] {logging_mixin.py:188} INFO - [2024-05-18T22:49:22.650+0000] {dag.py:3954} INFO - Setting next_dagrun for example_external_task_marker_parent to None, run_after=None
[2024-05-18T22:49:22.683+0000] {processor.py:183} INFO - Processing /home/airflow/.local/lib/python3.12/site-packages/airflow/example_dags/example_external_task_marker_dag.py took 0.122 seconds
[2024-05-18T22:49:53.050+0000] {processor.py:161} INFO - Started process (PID=854) to work on /home/airflow/.local/lib/python3.12/site-packages/airflow/example_dags/example_external_task_marker_dag.py
[2024-05-18T22:49:53.052+0000] {processor.py:830} INFO - Processing file /home/airflow/.local/lib/python3.12/site-packages/airflow/example_dags/example_external_task_marker_dag.py for tasks to queue
[2024-05-18T22:49:53.055+0000] {logging_mixin.py:188} INFO - [2024-05-18T22:49:53.054+0000] {dagbag.py:545} INFO - Filling up the DagBag from /home/airflow/.local/lib/python3.12/site-packages/airflow/example_dags/example_external_task_marker_dag.py
[2024-05-18T22:49:53.063+0000] {processor.py:840} INFO - DAG(s) 'example_external_task_marker_parent', 'example_external_task_marker_child' retrieved from /home/airflow/.local/lib/python3.12/site-packages/airflow/example_dags/example_external_task_marker_dag.py
[2024-05-18T22:49:53.101+0000] {logging_mixin.py:188} INFO - [2024-05-18T22:49:53.101+0000] {dag.py:3096} INFO - Sync 2 DAGs
[2024-05-18T22:49:53.122+0000] {logging_mixin.py:188} INFO - [2024-05-18T22:49:53.121+0000] {dag.py:3954} INFO - Setting next_dagrun for example_external_task_marker_child to None, run_after=None
[2024-05-18T22:49:53.128+0000] {logging_mixin.py:188} INFO - [2024-05-18T22:49:53.128+0000] {dag.py:3954} INFO - Setting next_dagrun for example_external_task_marker_parent to None, run_after=None
[2024-05-18T22:49:53.160+0000] {processor.py:183} INFO - Processing /home/airflow/.local/lib/python3.12/site-packages/airflow/example_dags/example_external_task_marker_dag.py took 0.119 seconds
[2024-05-18T22:50:23.436+0000] {processor.py:161} INFO - Started process (PID=914) to work on /home/airflow/.local/lib/python3.12/site-packages/airflow/example_dags/example_external_task_marker_dag.py
[2024-05-18T22:50:23.438+0000] {processor.py:830} INFO - Processing file /home/airflow/.local/lib/python3.12/site-packages/airflow/example_dags/example_external_task_marker_dag.py for tasks to queue
[2024-05-18T22:50:23.441+0000] {logging_mixin.py:188} INFO - [2024-05-18T22:50:23.441+0000] {dagbag.py:545} INFO - Filling up the DagBag from /home/airflow/.local/lib/python3.12/site-packages/airflow/example_dags/example_external_task_marker_dag.py
[2024-05-18T22:50:23.450+0000] {processor.py:840} INFO - DAG(s) 'example_external_task_marker_parent', 'example_external_task_marker_child' retrieved from /home/airflow/.local/lib/python3.12/site-packages/airflow/example_dags/example_external_task_marker_dag.py
[2024-05-18T22:50:23.493+0000] {logging_mixin.py:188} INFO - [2024-05-18T22:50:23.493+0000] {dag.py:3096} INFO - Sync 2 DAGs
[2024-05-18T22:50:23.518+0000] {logging_mixin.py:188} INFO - [2024-05-18T22:50:23.517+0000] {dag.py:3954} INFO - Setting next_dagrun for example_external_task_marker_child to None, run_after=None
[2024-05-18T22:50:23.528+0000] {logging_mixin.py:188} INFO - [2024-05-18T22:50:23.528+0000] {dag.py:3954} INFO - Setting next_dagrun for example_external_task_marker_parent to None, run_after=None
[2024-05-18T22:50:23.567+0000] {processor.py:183} INFO - Processing /home/airflow/.local/lib/python3.12/site-packages/airflow/example_dags/example_external_task_marker_dag.py took 0.138 seconds
[2024-05-18T22:50:54.789+0000] {processor.py:161} INFO - Started process (PID=975) to work on /home/airflow/.local/lib/python3.12/site-packages/airflow/example_dags/example_external_task_marker_dag.py
[2024-05-18T22:50:54.792+0000] {processor.py:830} INFO - Processing file /home/airflow/.local/lib/python3.12/site-packages/airflow/example_dags/example_external_task_marker_dag.py for tasks to queue
[2024-05-18T22:50:54.801+0000] {logging_mixin.py:188} INFO - [2024-05-18T22:50:54.800+0000] {dagbag.py:545} INFO - Filling up the DagBag from /home/airflow/.local/lib/python3.12/site-packages/airflow/example_dags/example_external_task_marker_dag.py
[2024-05-18T22:50:54.815+0000] {processor.py:840} INFO - DAG(s) 'example_external_task_marker_parent', 'example_external_task_marker_child' retrieved from /home/airflow/.local/lib/python3.12/site-packages/airflow/example_dags/example_external_task_marker_dag.py
[2024-05-18T22:50:54.905+0000] {logging_mixin.py:188} INFO - [2024-05-18T22:50:54.904+0000] {dag.py:3096} INFO - Sync 2 DAGs
[2024-05-18T22:50:54.946+0000] {logging_mixin.py:188} INFO - [2024-05-18T22:50:54.946+0000] {dag.py:3954} INFO - Setting next_dagrun for example_external_task_marker_child to None, run_after=None
[2024-05-18T22:50:54.958+0000] {logging_mixin.py:188} INFO - [2024-05-18T22:50:54.958+0000] {dag.py:3954} INFO - Setting next_dagrun for example_external_task_marker_parent to None, run_after=None
[2024-05-18T22:50:55.008+0000] {processor.py:183} INFO - Processing /home/airflow/.local/lib/python3.12/site-packages/airflow/example_dags/example_external_task_marker_dag.py took 0.229 seconds
[2024-05-18T22:51:25.834+0000] {processor.py:161} INFO - Started process (PID=1035) to work on /home/airflow/.local/lib/python3.12/site-packages/airflow/example_dags/example_external_task_marker_dag.py
[2024-05-18T22:51:25.836+0000] {processor.py:830} INFO - Processing file /home/airflow/.local/lib/python3.12/site-packages/airflow/example_dags/example_external_task_marker_dag.py for tasks to queue
[2024-05-18T22:51:25.840+0000] {logging_mixin.py:188} INFO - [2024-05-18T22:51:25.840+0000] {dagbag.py:545} INFO - Filling up the DagBag from /home/airflow/.local/lib/python3.12/site-packages/airflow/example_dags/example_external_task_marker_dag.py
[2024-05-18T22:51:25.856+0000] {processor.py:840} INFO - DAG(s) 'example_external_task_marker_child', 'example_external_task_marker_parent' retrieved from /home/airflow/.local/lib/python3.12/site-packages/airflow/example_dags/example_external_task_marker_dag.py
[2024-05-18T22:51:25.921+0000] {logging_mixin.py:188} INFO - [2024-05-18T22:51:25.920+0000] {dag.py:3096} INFO - Sync 2 DAGs
[2024-05-18T22:51:25.961+0000] {logging_mixin.py:188} INFO - [2024-05-18T22:51:25.960+0000] {dag.py:3954} INFO - Setting next_dagrun for example_external_task_marker_child to None, run_after=None
[2024-05-18T22:51:25.974+0000] {logging_mixin.py:188} INFO - [2024-05-18T22:51:25.973+0000] {dag.py:3954} INFO - Setting next_dagrun for example_external_task_marker_parent to None, run_after=None
[2024-05-18T22:51:26.031+0000] {processor.py:183} INFO - Processing /home/airflow/.local/lib/python3.12/site-packages/airflow/example_dags/example_external_task_marker_dag.py took 0.211 seconds
[2024-05-18T22:51:57.142+0000] {processor.py:161} INFO - Started process (PID=1095) to work on /home/airflow/.local/lib/python3.12/site-packages/airflow/example_dags/example_external_task_marker_dag.py
[2024-05-18T22:51:57.144+0000] {processor.py:830} INFO - Processing file /home/airflow/.local/lib/python3.12/site-packages/airflow/example_dags/example_external_task_marker_dag.py for tasks to queue
[2024-05-18T22:51:57.147+0000] {logging_mixin.py:188} INFO - [2024-05-18T22:51:57.146+0000] {dagbag.py:545} INFO - Filling up the DagBag from /home/airflow/.local/lib/python3.12/site-packages/airflow/example_dags/example_external_task_marker_dag.py
[2024-05-18T22:51:57.156+0000] {processor.py:840} INFO - DAG(s) 'example_external_task_marker_child', 'example_external_task_marker_parent' retrieved from /home/airflow/.local/lib/python3.12/site-packages/airflow/example_dags/example_external_task_marker_dag.py
[2024-05-18T22:51:57.199+0000] {logging_mixin.py:188} INFO - [2024-05-18T22:51:57.198+0000] {dag.py:3096} INFO - Sync 2 DAGs
[2024-05-18T22:51:57.227+0000] {logging_mixin.py:188} INFO - [2024-05-18T22:51:57.227+0000] {dag.py:3954} INFO - Setting next_dagrun for example_external_task_marker_child to None, run_after=None
[2024-05-18T22:51:57.236+0000] {logging_mixin.py:188} INFO - [2024-05-18T22:51:57.236+0000] {dag.py:3954} INFO - Setting next_dagrun for example_external_task_marker_parent to None, run_after=None
[2024-05-18T22:51:57.277+0000] {processor.py:183} INFO - Processing /home/airflow/.local/lib/python3.12/site-packages/airflow/example_dags/example_external_task_marker_dag.py took 0.143 seconds
[2024-05-18T22:52:27.350+0000] {processor.py:161} INFO - Started process (PID=1154) to work on /home/airflow/.local/lib/python3.12/site-packages/airflow/example_dags/example_external_task_marker_dag.py
[2024-05-18T22:52:27.351+0000] {processor.py:830} INFO - Processing file /home/airflow/.local/lib/python3.12/site-packages/airflow/example_dags/example_external_task_marker_dag.py for tasks to queue
[2024-05-18T22:52:27.355+0000] {logging_mixin.py:188} INFO - [2024-05-18T22:52:27.354+0000] {dagbag.py:545} INFO - Filling up the DagBag from /home/airflow/.local/lib/python3.12/site-packages/airflow/example_dags/example_external_task_marker_dag.py
[2024-05-18T22:52:27.367+0000] {processor.py:840} INFO - DAG(s) 'example_external_task_marker_parent', 'example_external_task_marker_child' retrieved from /home/airflow/.local/lib/python3.12/site-packages/airflow/example_dags/example_external_task_marker_dag.py
[2024-05-18T22:52:27.414+0000] {logging_mixin.py:188} INFO - [2024-05-18T22:52:27.413+0000] {dag.py:3096} INFO - Sync 2 DAGs
[2024-05-18T22:52:27.446+0000] {logging_mixin.py:188} INFO - [2024-05-18T22:52:27.445+0000] {dag.py:3954} INFO - Setting next_dagrun for example_external_task_marker_child to None, run_after=None
[2024-05-18T22:52:27.454+0000] {logging_mixin.py:188} INFO - [2024-05-18T22:52:27.454+0000] {dag.py:3954} INFO - Setting next_dagrun for example_external_task_marker_parent to None, run_after=None
[2024-05-18T22:52:27.489+0000] {processor.py:183} INFO - Processing /home/airflow/.local/lib/python3.12/site-packages/airflow/example_dags/example_external_task_marker_dag.py took 0.147 seconds
