[2024-05-18T22:43:08.898+0000] {processor.py:161} INFO - Started process (PID=83) to work on /home/airflow/.local/lib/python3.12/site-packages/airflow/example_dags/example_subdag_operator.py
[2024-05-18T22:43:08.903+0000] {processor.py:830} INFO - Processing file /home/airflow/.local/lib/python3.12/site-packages/airflow/example_dags/example_subdag_operator.py for tasks to queue
[2024-05-18T22:43:08.913+0000] {logging_mixin.py:188} INFO - [2024-05-18T22:43:08.911+0000] {dagbag.py:545} INFO - Filling up the DagBag from /home/airflow/.local/lib/python3.12/site-packages/airflow/example_dags/example_subdag_operator.py
[2024-05-18T22:43:09.016+0000] {processor.py:840} INFO - DAG(s) 'example_subdag_operator.section-1', 'example_subdag_operator.section-2', 'example_subdag_operator' retrieved from /home/airflow/.local/lib/python3.12/site-packages/airflow/example_dags/example_subdag_operator.py
[2024-05-18T22:43:09.571+0000] {logging_mixin.py:188} INFO - [2024-05-18T22:43:09.569+0000] {override.py:1829} INFO - Created Permission View: can read on DAG:example_subdag_operator
[2024-05-18T22:43:09.607+0000] {logging_mixin.py:188} INFO - [2024-05-18T22:43:09.606+0000] {override.py:1829} INFO - Created Permission View: can edit on DAG:example_subdag_operator
[2024-05-18T22:43:09.636+0000] {logging_mixin.py:188} INFO - [2024-05-18T22:43:09.635+0000] {override.py:1829} INFO - Created Permission View: can delete on DAG:example_subdag_operator
[2024-05-18T22:43:09.638+0000] {logging_mixin.py:188} INFO - [2024-05-18T22:43:09.637+0000] {dag.py:3096} INFO - Sync 3 DAGs
[2024-05-18T22:43:09.677+0000] {logging_mixin.py:188} INFO - [2024-05-18T22:43:09.676+0000] {dag.py:3118} INFO - Creating ORM DAG for example_subdag_operator.section-1
[2024-05-18T22:43:09.681+0000] {logging_mixin.py:188} INFO - [2024-05-18T22:43:09.680+0000] {dag.py:3118} INFO - Creating ORM DAG for example_subdag_operator
[2024-05-18T22:43:09.684+0000] {logging_mixin.py:188} INFO - [2024-05-18T22:43:09.683+0000] {dag.py:3118} INFO - Creating ORM DAG for example_subdag_operator.section-2
[2024-05-18T22:43:09.718+0000] {logging_mixin.py:188} INFO - [2024-05-18T22:43:09.717+0000] {dag.py:3954} INFO - Setting next_dagrun for example_subdag_operator to 2022-01-01 00:00:00+00:00, run_after=2022-01-01 00:00:00+00:00
[2024-05-18T22:43:09.722+0000] {logging_mixin.py:188} INFO - [2024-05-18T22:43:09.721+0000] {dag.py:3954} INFO - Setting next_dagrun for example_subdag_operator.section-1 to None, run_after=None
[2024-05-18T22:43:09.725+0000] {logging_mixin.py:188} INFO - [2024-05-18T22:43:09.724+0000] {dag.py:3954} INFO - Setting next_dagrun for example_subdag_operator.section-2 to None, run_after=None
[2024-05-18T22:43:09.754+0000] {logging_mixin.py:188} INFO - [2024-05-18T22:43:09.754+0000] {dag.py:3096} INFO - Sync 2 DAGs
[2024-05-18T22:43:09.778+0000] {logging_mixin.py:188} INFO - [2024-05-18T22:43:09.777+0000] {dag.py:3954} INFO - Setting next_dagrun for example_subdag_operator.section-1 to None, run_after=None
[2024-05-18T22:43:09.804+0000] {logging_mixin.py:188} INFO - [2024-05-18T22:43:09.804+0000] {dag.py:3954} INFO - Setting next_dagrun for example_subdag_operator.section-2 to None, run_after=None
[2024-05-18T22:43:09.863+0000] {processor.py:183} INFO - Processing /home/airflow/.local/lib/python3.12/site-packages/airflow/example_dags/example_subdag_operator.py took 0.985 seconds
[2024-05-18T22:43:40.769+0000] {processor.py:161} INFO - Started process (PID=143) to work on /home/airflow/.local/lib/python3.12/site-packages/airflow/example_dags/example_subdag_operator.py
[2024-05-18T22:43:40.785+0000] {processor.py:830} INFO - Processing file /home/airflow/.local/lib/python3.12/site-packages/airflow/example_dags/example_subdag_operator.py for tasks to queue
[2024-05-18T22:43:40.809+0000] {logging_mixin.py:188} INFO - [2024-05-18T22:43:40.805+0000] {dagbag.py:545} INFO - Filling up the DagBag from /home/airflow/.local/lib/python3.12/site-packages/airflow/example_dags/example_subdag_operator.py
[2024-05-18T22:43:41.287+0000] {processor.py:840} INFO - DAG(s) 'example_subdag_operator.section-1', 'example_subdag_operator.section-2', 'example_subdag_operator' retrieved from /home/airflow/.local/lib/python3.12/site-packages/airflow/example_dags/example_subdag_operator.py
[2024-05-18T22:43:41.511+0000] {logging_mixin.py:188} INFO - [2024-05-18T22:43:41.510+0000] {dag.py:3096} INFO - Sync 3 DAGs
[2024-05-18T22:43:41.568+0000] {logging_mixin.py:188} INFO - [2024-05-18T22:43:41.567+0000] {dag.py:3954} INFO - Setting next_dagrun for example_subdag_operator to 2022-01-01 00:00:00+00:00, run_after=2022-01-01 00:00:00+00:00
[2024-05-18T22:43:41.581+0000] {logging_mixin.py:188} INFO - [2024-05-18T22:43:41.580+0000] {dag.py:3954} INFO - Setting next_dagrun for example_subdag_operator.section-1 to None, run_after=None
[2024-05-18T22:43:41.588+0000] {logging_mixin.py:188} INFO - [2024-05-18T22:43:41.586+0000] {dag.py:3954} INFO - Setting next_dagrun for example_subdag_operator.section-2 to None, run_after=None
[2024-05-18T22:43:41.615+0000] {logging_mixin.py:188} INFO - [2024-05-18T22:43:41.614+0000] {dag.py:3096} INFO - Sync 2 DAGs
[2024-05-18T22:43:41.632+0000] {logging_mixin.py:188} INFO - [2024-05-18T22:43:41.632+0000] {dag.py:3954} INFO - Setting next_dagrun for example_subdag_operator.section-1 to None, run_after=None
[2024-05-18T22:43:41.634+0000] {logging_mixin.py:188} INFO - [2024-05-18T22:43:41.633+0000] {dag.py:3954} INFO - Setting next_dagrun for example_subdag_operator.section-2 to None, run_after=None
[2024-05-18T22:43:41.672+0000] {processor.py:183} INFO - Processing /home/airflow/.local/lib/python3.12/site-packages/airflow/example_dags/example_subdag_operator.py took 0.971 seconds
[2024-05-18T22:44:11.761+0000] {processor.py:161} INFO - Started process (PID=205) to work on /home/airflow/.local/lib/python3.12/site-packages/airflow/example_dags/example_subdag_operator.py
[2024-05-18T22:44:11.763+0000] {processor.py:830} INFO - Processing file /home/airflow/.local/lib/python3.12/site-packages/airflow/example_dags/example_subdag_operator.py for tasks to queue
[2024-05-18T22:44:11.766+0000] {logging_mixin.py:188} INFO - [2024-05-18T22:44:11.766+0000] {dagbag.py:545} INFO - Filling up the DagBag from /home/airflow/.local/lib/python3.12/site-packages/airflow/example_dags/example_subdag_operator.py
[2024-05-18T22:44:11.814+0000] {processor.py:840} INFO - DAG(s) 'example_subdag_operator.section-1', 'example_subdag_operator.section-2', 'example_subdag_operator' retrieved from /home/airflow/.local/lib/python3.12/site-packages/airflow/example_dags/example_subdag_operator.py
[2024-05-18T22:44:11.853+0000] {logging_mixin.py:188} INFO - [2024-05-18T22:44:11.852+0000] {dag.py:3096} INFO - Sync 3 DAGs
[2024-05-18T22:44:11.919+0000] {logging_mixin.py:188} INFO - [2024-05-18T22:44:11.919+0000] {dag.py:3954} INFO - Setting next_dagrun for example_subdag_operator to 2022-01-01 00:00:00+00:00, run_after=2022-01-01 00:00:00+00:00
[2024-05-18T22:44:11.928+0000] {logging_mixin.py:188} INFO - [2024-05-18T22:44:11.928+0000] {dag.py:3954} INFO - Setting next_dagrun for example_subdag_operator.section-1 to None, run_after=None
[2024-05-18T22:44:11.932+0000] {logging_mixin.py:188} INFO - [2024-05-18T22:44:11.931+0000] {dag.py:3954} INFO - Setting next_dagrun for example_subdag_operator.section-2 to None, run_after=None
[2024-05-18T22:44:11.951+0000] {logging_mixin.py:188} INFO - [2024-05-18T22:44:11.950+0000] {dag.py:3096} INFO - Sync 2 DAGs
[2024-05-18T22:44:11.966+0000] {logging_mixin.py:188} INFO - [2024-05-18T22:44:11.965+0000] {dag.py:3954} INFO - Setting next_dagrun for example_subdag_operator.section-1 to None, run_after=None
[2024-05-18T22:44:11.967+0000] {logging_mixin.py:188} INFO - [2024-05-18T22:44:11.967+0000] {dag.py:3954} INFO - Setting next_dagrun for example_subdag_operator.section-2 to None, run_after=None
[2024-05-18T22:44:11.996+0000] {processor.py:183} INFO - Processing /home/airflow/.local/lib/python3.12/site-packages/airflow/example_dags/example_subdag_operator.py took 0.245 seconds
[2024-05-18T22:44:42.223+0000] {processor.py:161} INFO - Started process (PID=264) to work on /home/airflow/.local/lib/python3.12/site-packages/airflow/example_dags/example_subdag_operator.py
[2024-05-18T22:44:42.225+0000] {processor.py:830} INFO - Processing file /home/airflow/.local/lib/python3.12/site-packages/airflow/example_dags/example_subdag_operator.py for tasks to queue
[2024-05-18T22:44:42.228+0000] {logging_mixin.py:188} INFO - [2024-05-18T22:44:42.227+0000] {dagbag.py:545} INFO - Filling up the DagBag from /home/airflow/.local/lib/python3.12/site-packages/airflow/example_dags/example_subdag_operator.py
[2024-05-18T22:44:42.267+0000] {processor.py:840} INFO - DAG(s) 'example_subdag_operator.section-1', 'example_subdag_operator.section-2', 'example_subdag_operator' retrieved from /home/airflow/.local/lib/python3.12/site-packages/airflow/example_dags/example_subdag_operator.py
[2024-05-18T22:44:42.302+0000] {logging_mixin.py:188} INFO - [2024-05-18T22:44:42.301+0000] {dag.py:3096} INFO - Sync 3 DAGs
[2024-05-18T22:44:42.349+0000] {logging_mixin.py:188} INFO - [2024-05-18T22:44:42.349+0000] {dag.py:3954} INFO - Setting next_dagrun for example_subdag_operator to 2022-01-01 00:00:00+00:00, run_after=2022-01-01 00:00:00+00:00
[2024-05-18T22:44:42.360+0000] {logging_mixin.py:188} INFO - [2024-05-18T22:44:42.359+0000] {dag.py:3954} INFO - Setting next_dagrun for example_subdag_operator.section-1 to None, run_after=None
[2024-05-18T22:44:42.363+0000] {logging_mixin.py:188} INFO - [2024-05-18T22:44:42.363+0000] {dag.py:3954} INFO - Setting next_dagrun for example_subdag_operator.section-2 to None, run_after=None
[2024-05-18T22:44:42.383+0000] {logging_mixin.py:188} INFO - [2024-05-18T22:44:42.382+0000] {dag.py:3096} INFO - Sync 2 DAGs
[2024-05-18T22:44:42.397+0000] {logging_mixin.py:188} INFO - [2024-05-18T22:44:42.396+0000] {dag.py:3954} INFO - Setting next_dagrun for example_subdag_operator.section-1 to None, run_after=None
[2024-05-18T22:44:42.399+0000] {logging_mixin.py:188} INFO - [2024-05-18T22:44:42.399+0000] {dag.py:3954} INFO - Setting next_dagrun for example_subdag_operator.section-2 to None, run_after=None
[2024-05-18T22:44:42.423+0000] {processor.py:183} INFO - Processing /home/airflow/.local/lib/python3.12/site-packages/airflow/example_dags/example_subdag_operator.py took 0.207 seconds
[2024-05-18T22:45:12.600+0000] {processor.py:161} INFO - Started process (PID=324) to work on /home/airflow/.local/lib/python3.12/site-packages/airflow/example_dags/example_subdag_operator.py
[2024-05-18T22:45:12.602+0000] {processor.py:830} INFO - Processing file /home/airflow/.local/lib/python3.12/site-packages/airflow/example_dags/example_subdag_operator.py for tasks to queue
[2024-05-18T22:45:12.604+0000] {logging_mixin.py:188} INFO - [2024-05-18T22:45:12.604+0000] {dagbag.py:545} INFO - Filling up the DagBag from /home/airflow/.local/lib/python3.12/site-packages/airflow/example_dags/example_subdag_operator.py
[2024-05-18T22:45:12.639+0000] {processor.py:840} INFO - DAG(s) 'example_subdag_operator.section-1', 'example_subdag_operator.section-2', 'example_subdag_operator' retrieved from /home/airflow/.local/lib/python3.12/site-packages/airflow/example_dags/example_subdag_operator.py
[2024-05-18T22:45:12.663+0000] {logging_mixin.py:188} INFO - [2024-05-18T22:45:12.663+0000] {dag.py:3096} INFO - Sync 3 DAGs
[2024-05-18T22:45:12.699+0000] {logging_mixin.py:188} INFO - [2024-05-18T22:45:12.698+0000] {dag.py:3954} INFO - Setting next_dagrun for example_subdag_operator to 2022-01-01 00:00:00+00:00, run_after=2022-01-01 00:00:00+00:00
[2024-05-18T22:45:12.708+0000] {logging_mixin.py:188} INFO - [2024-05-18T22:45:12.707+0000] {dag.py:3954} INFO - Setting next_dagrun for example_subdag_operator.section-1 to None, run_after=None
[2024-05-18T22:45:12.711+0000] {logging_mixin.py:188} INFO - [2024-05-18T22:45:12.711+0000] {dag.py:3954} INFO - Setting next_dagrun for example_subdag_operator.section-2 to None, run_after=None
[2024-05-18T22:45:12.726+0000] {logging_mixin.py:188} INFO - [2024-05-18T22:45:12.725+0000] {dag.py:3096} INFO - Sync 2 DAGs
[2024-05-18T22:45:12.738+0000] {logging_mixin.py:188} INFO - [2024-05-18T22:45:12.737+0000] {dag.py:3954} INFO - Setting next_dagrun for example_subdag_operator.section-1 to None, run_after=None
[2024-05-18T22:45:12.739+0000] {logging_mixin.py:188} INFO - [2024-05-18T22:45:12.738+0000] {dag.py:3954} INFO - Setting next_dagrun for example_subdag_operator.section-2 to None, run_after=None
[2024-05-18T22:45:12.761+0000] {processor.py:183} INFO - Processing /home/airflow/.local/lib/python3.12/site-packages/airflow/example_dags/example_subdag_operator.py took 0.167 seconds
[2024-05-18T22:45:43.047+0000] {processor.py:161} INFO - Started process (PID=385) to work on /home/airflow/.local/lib/python3.12/site-packages/airflow/example_dags/example_subdag_operator.py
[2024-05-18T22:45:43.049+0000] {processor.py:830} INFO - Processing file /home/airflow/.local/lib/python3.12/site-packages/airflow/example_dags/example_subdag_operator.py for tasks to queue
[2024-05-18T22:45:43.052+0000] {logging_mixin.py:188} INFO - [2024-05-18T22:45:43.051+0000] {dagbag.py:545} INFO - Filling up the DagBag from /home/airflow/.local/lib/python3.12/site-packages/airflow/example_dags/example_subdag_operator.py
[2024-05-18T22:45:43.095+0000] {processor.py:840} INFO - DAG(s) 'example_subdag_operator.section-1', 'example_subdag_operator.section-2', 'example_subdag_operator' retrieved from /home/airflow/.local/lib/python3.12/site-packages/airflow/example_dags/example_subdag_operator.py
[2024-05-18T22:45:43.122+0000] {logging_mixin.py:188} INFO - [2024-05-18T22:45:43.121+0000] {dag.py:3096} INFO - Sync 3 DAGs
[2024-05-18T22:45:43.173+0000] {logging_mixin.py:188} INFO - [2024-05-18T22:45:43.172+0000] {dag.py:3954} INFO - Setting next_dagrun for example_subdag_operator to 2022-01-01 00:00:00+00:00, run_after=2022-01-01 00:00:00+00:00
[2024-05-18T22:45:43.182+0000] {logging_mixin.py:188} INFO - [2024-05-18T22:45:43.181+0000] {dag.py:3954} INFO - Setting next_dagrun for example_subdag_operator.section-1 to None, run_after=None
[2024-05-18T22:45:43.185+0000] {logging_mixin.py:188} INFO - [2024-05-18T22:45:43.184+0000] {dag.py:3954} INFO - Setting next_dagrun for example_subdag_operator.section-2 to None, run_after=None
[2024-05-18T22:45:43.197+0000] {logging_mixin.py:188} INFO - [2024-05-18T22:45:43.197+0000] {dag.py:3096} INFO - Sync 2 DAGs
[2024-05-18T22:45:43.208+0000] {logging_mixin.py:188} INFO - [2024-05-18T22:45:43.208+0000] {dag.py:3954} INFO - Setting next_dagrun for example_subdag_operator.section-1 to None, run_after=None
[2024-05-18T22:45:43.209+0000] {logging_mixin.py:188} INFO - [2024-05-18T22:45:43.209+0000] {dag.py:3954} INFO - Setting next_dagrun for example_subdag_operator.section-2 to None, run_after=None
[2024-05-18T22:45:43.235+0000] {processor.py:183} INFO - Processing /home/airflow/.local/lib/python3.12/site-packages/airflow/example_dags/example_subdag_operator.py took 0.196 seconds
[2024-05-18T22:46:14.111+0000] {processor.py:161} INFO - Started process (PID=445) to work on /home/airflow/.local/lib/python3.12/site-packages/airflow/example_dags/example_subdag_operator.py
[2024-05-18T22:46:14.114+0000] {processor.py:830} INFO - Processing file /home/airflow/.local/lib/python3.12/site-packages/airflow/example_dags/example_subdag_operator.py for tasks to queue
[2024-05-18T22:46:14.118+0000] {logging_mixin.py:188} INFO - [2024-05-18T22:46:14.118+0000] {dagbag.py:545} INFO - Filling up the DagBag from /home/airflow/.local/lib/python3.12/site-packages/airflow/example_dags/example_subdag_operator.py
[2024-05-18T22:46:14.179+0000] {processor.py:840} INFO - DAG(s) 'example_subdag_operator.section-1', 'example_subdag_operator.section-2', 'example_subdag_operator' retrieved from /home/airflow/.local/lib/python3.12/site-packages/airflow/example_dags/example_subdag_operator.py
[2024-05-18T22:46:14.302+0000] {logging_mixin.py:188} INFO - [2024-05-18T22:46:14.301+0000] {dag.py:3096} INFO - Sync 3 DAGs
[2024-05-18T22:46:14.416+0000] {logging_mixin.py:188} INFO - [2024-05-18T22:46:14.415+0000] {dag.py:3954} INFO - Setting next_dagrun for example_subdag_operator to 2022-01-01 00:00:00+00:00, run_after=2022-01-01 00:00:00+00:00
[2024-05-18T22:46:14.439+0000] {logging_mixin.py:188} INFO - [2024-05-18T22:46:14.439+0000] {dag.py:3954} INFO - Setting next_dagrun for example_subdag_operator.section-1 to None, run_after=None
[2024-05-18T22:46:14.446+0000] {logging_mixin.py:188} INFO - [2024-05-18T22:46:14.445+0000] {dag.py:3954} INFO - Setting next_dagrun for example_subdag_operator.section-2 to None, run_after=None
[2024-05-18T22:46:14.475+0000] {logging_mixin.py:188} INFO - [2024-05-18T22:46:14.474+0000] {dag.py:3096} INFO - Sync 2 DAGs
[2024-05-18T22:46:14.506+0000] {logging_mixin.py:188} INFO - [2024-05-18T22:46:14.505+0000] {dag.py:3954} INFO - Setting next_dagrun for example_subdag_operator.section-1 to None, run_after=None
[2024-05-18T22:46:14.510+0000] {logging_mixin.py:188} INFO - [2024-05-18T22:46:14.509+0000] {dag.py:3954} INFO - Setting next_dagrun for example_subdag_operator.section-2 to None, run_after=None
[2024-05-18T22:46:14.555+0000] {processor.py:183} INFO - Processing /home/airflow/.local/lib/python3.12/site-packages/airflow/example_dags/example_subdag_operator.py took 0.456 seconds
[2024-05-18T22:46:44.858+0000] {processor.py:161} INFO - Started process (PID=506) to work on /home/airflow/.local/lib/python3.12/site-packages/airflow/example_dags/example_subdag_operator.py
[2024-05-18T22:46:44.860+0000] {processor.py:830} INFO - Processing file /home/airflow/.local/lib/python3.12/site-packages/airflow/example_dags/example_subdag_operator.py for tasks to queue
[2024-05-18T22:46:44.863+0000] {logging_mixin.py:188} INFO - [2024-05-18T22:46:44.862+0000] {dagbag.py:545} INFO - Filling up the DagBag from /home/airflow/.local/lib/python3.12/site-packages/airflow/example_dags/example_subdag_operator.py
[2024-05-18T22:46:44.904+0000] {processor.py:840} INFO - DAG(s) 'example_subdag_operator.section-1', 'example_subdag_operator.section-2', 'example_subdag_operator' retrieved from /home/airflow/.local/lib/python3.12/site-packages/airflow/example_dags/example_subdag_operator.py
[2024-05-18T22:46:44.927+0000] {logging_mixin.py:188} INFO - [2024-05-18T22:46:44.926+0000] {dag.py:3096} INFO - Sync 3 DAGs
[2024-05-18T22:46:44.972+0000] {logging_mixin.py:188} INFO - [2024-05-18T22:46:44.972+0000] {dag.py:3954} INFO - Setting next_dagrun for example_subdag_operator to 2022-01-01 00:00:00+00:00, run_after=2022-01-01 00:00:00+00:00
[2024-05-18T22:46:44.979+0000] {logging_mixin.py:188} INFO - [2024-05-18T22:46:44.979+0000] {dag.py:3954} INFO - Setting next_dagrun for example_subdag_operator.section-1 to None, run_after=None
[2024-05-18T22:46:44.982+0000] {logging_mixin.py:188} INFO - [2024-05-18T22:46:44.982+0000] {dag.py:3954} INFO - Setting next_dagrun for example_subdag_operator.section-2 to None, run_after=None
[2024-05-18T22:46:44.994+0000] {logging_mixin.py:188} INFO - [2024-05-18T22:46:44.994+0000] {dag.py:3096} INFO - Sync 2 DAGs
[2024-05-18T22:46:45.006+0000] {logging_mixin.py:188} INFO - [2024-05-18T22:46:45.006+0000] {dag.py:3954} INFO - Setting next_dagrun for example_subdag_operator.section-1 to None, run_after=None
[2024-05-18T22:46:45.007+0000] {logging_mixin.py:188} INFO - [2024-05-18T22:46:45.007+0000] {dag.py:3954} INFO - Setting next_dagrun for example_subdag_operator.section-2 to None, run_after=None
[2024-05-18T22:46:45.032+0000] {processor.py:183} INFO - Processing /home/airflow/.local/lib/python3.12/site-packages/airflow/example_dags/example_subdag_operator.py took 0.181 seconds
[2024-05-18T22:47:15.152+0000] {processor.py:161} INFO - Started process (PID=566) to work on /home/airflow/.local/lib/python3.12/site-packages/airflow/example_dags/example_subdag_operator.py
[2024-05-18T22:47:15.154+0000] {processor.py:830} INFO - Processing file /home/airflow/.local/lib/python3.12/site-packages/airflow/example_dags/example_subdag_operator.py for tasks to queue
[2024-05-18T22:47:15.157+0000] {logging_mixin.py:188} INFO - [2024-05-18T22:47:15.157+0000] {dagbag.py:545} INFO - Filling up the DagBag from /home/airflow/.local/lib/python3.12/site-packages/airflow/example_dags/example_subdag_operator.py
[2024-05-18T22:47:15.204+0000] {processor.py:840} INFO - DAG(s) 'example_subdag_operator.section-1', 'example_subdag_operator.section-2', 'example_subdag_operator' retrieved from /home/airflow/.local/lib/python3.12/site-packages/airflow/example_dags/example_subdag_operator.py
[2024-05-18T22:47:15.263+0000] {logging_mixin.py:188} INFO - [2024-05-18T22:47:15.262+0000] {dag.py:3096} INFO - Sync 3 DAGs
[2024-05-18T22:47:15.414+0000] {logging_mixin.py:188} INFO - [2024-05-18T22:47:15.414+0000] {dag.py:3954} INFO - Setting next_dagrun for example_subdag_operator to 2022-01-01 00:00:00+00:00, run_after=2022-01-01 00:00:00+00:00
[2024-05-18T22:47:15.431+0000] {logging_mixin.py:188} INFO - [2024-05-18T22:47:15.429+0000] {dag.py:3954} INFO - Setting next_dagrun for example_subdag_operator.section-1 to None, run_after=None
[2024-05-18T22:47:15.438+0000] {logging_mixin.py:188} INFO - [2024-05-18T22:47:15.437+0000] {dag.py:3954} INFO - Setting next_dagrun for example_subdag_operator.section-2 to None, run_after=None
[2024-05-18T22:47:15.472+0000] {logging_mixin.py:188} INFO - [2024-05-18T22:47:15.471+0000] {dag.py:3096} INFO - Sync 2 DAGs
[2024-05-18T22:47:15.486+0000] {logging_mixin.py:188} INFO - [2024-05-18T22:47:15.485+0000] {dag.py:3954} INFO - Setting next_dagrun for example_subdag_operator.section-1 to None, run_after=None
[2024-05-18T22:47:15.488+0000] {logging_mixin.py:188} INFO - [2024-05-18T22:47:15.487+0000] {dag.py:3954} INFO - Setting next_dagrun for example_subdag_operator.section-2 to None, run_after=None
[2024-05-18T22:47:15.518+0000] {processor.py:183} INFO - Processing /home/airflow/.local/lib/python3.12/site-packages/airflow/example_dags/example_subdag_operator.py took 0.375 seconds
[2024-05-18T22:47:45.689+0000] {processor.py:161} INFO - Started process (PID=632) to work on /home/airflow/.local/lib/python3.12/site-packages/airflow/example_dags/example_subdag_operator.py
[2024-05-18T22:47:45.691+0000] {processor.py:830} INFO - Processing file /home/airflow/.local/lib/python3.12/site-packages/airflow/example_dags/example_subdag_operator.py for tasks to queue
[2024-05-18T22:47:45.694+0000] {logging_mixin.py:188} INFO - [2024-05-18T22:47:45.694+0000] {dagbag.py:545} INFO - Filling up the DagBag from /home/airflow/.local/lib/python3.12/site-packages/airflow/example_dags/example_subdag_operator.py
[2024-05-18T22:47:45.737+0000] {processor.py:840} INFO - DAG(s) 'example_subdag_operator.section-1', 'example_subdag_operator.section-2', 'example_subdag_operator' retrieved from /home/airflow/.local/lib/python3.12/site-packages/airflow/example_dags/example_subdag_operator.py
[2024-05-18T22:47:45.771+0000] {logging_mixin.py:188} INFO - [2024-05-18T22:47:45.770+0000] {dag.py:3096} INFO - Sync 3 DAGs
[2024-05-18T22:47:45.821+0000] {logging_mixin.py:188} INFO - [2024-05-18T22:47:45.821+0000] {dag.py:3954} INFO - Setting next_dagrun for example_subdag_operator to 2022-01-01 00:00:00+00:00, run_after=2022-01-01 00:00:00+00:00
[2024-05-18T22:47:45.828+0000] {logging_mixin.py:188} INFO - [2024-05-18T22:47:45.828+0000] {dag.py:3954} INFO - Setting next_dagrun for example_subdag_operator.section-1 to None, run_after=None
[2024-05-18T22:47:45.832+0000] {logging_mixin.py:188} INFO - [2024-05-18T22:47:45.831+0000] {dag.py:3954} INFO - Setting next_dagrun for example_subdag_operator.section-2 to None, run_after=None
[2024-05-18T22:47:45.844+0000] {logging_mixin.py:188} INFO - [2024-05-18T22:47:45.844+0000] {dag.py:3096} INFO - Sync 2 DAGs
[2024-05-18T22:47:45.854+0000] {logging_mixin.py:188} INFO - [2024-05-18T22:47:45.854+0000] {dag.py:3954} INFO - Setting next_dagrun for example_subdag_operator.section-1 to None, run_after=None
[2024-05-18T22:47:45.856+0000] {logging_mixin.py:188} INFO - [2024-05-18T22:47:45.855+0000] {dag.py:3954} INFO - Setting next_dagrun for example_subdag_operator.section-2 to None, run_after=None
[2024-05-18T22:47:45.881+0000] {processor.py:183} INFO - Processing /home/airflow/.local/lib/python3.12/site-packages/airflow/example_dags/example_subdag_operator.py took 0.202 seconds
[2024-05-18T22:48:22.208+0000] {processor.py:161} INFO - Started process (PID=688) to work on /home/airflow/.local/lib/python3.12/site-packages/airflow/example_dags/example_subdag_operator.py
[2024-05-18T22:48:22.210+0000] {processor.py:830} INFO - Processing file /home/airflow/.local/lib/python3.12/site-packages/airflow/example_dags/example_subdag_operator.py for tasks to queue
[2024-05-18T22:48:22.215+0000] {logging_mixin.py:188} INFO - [2024-05-18T22:48:22.214+0000] {dagbag.py:545} INFO - Filling up the DagBag from /home/airflow/.local/lib/python3.12/site-packages/airflow/example_dags/example_subdag_operator.py
[2024-05-18T22:48:22.272+0000] {processor.py:840} INFO - DAG(s) 'example_subdag_operator.section-1', 'example_subdag_operator.section-2', 'example_subdag_operator' retrieved from /home/airflow/.local/lib/python3.12/site-packages/airflow/example_dags/example_subdag_operator.py
[2024-05-18T22:48:22.318+0000] {logging_mixin.py:188} INFO - [2024-05-18T22:48:22.318+0000] {dag.py:3096} INFO - Sync 3 DAGs
[2024-05-18T22:48:22.412+0000] {logging_mixin.py:188} INFO - [2024-05-18T22:48:22.411+0000] {dag.py:3954} INFO - Setting next_dagrun for example_subdag_operator to 2022-01-01 00:00:00+00:00, run_after=2022-01-01 00:00:00+00:00
[2024-05-18T22:48:22.428+0000] {logging_mixin.py:188} INFO - [2024-05-18T22:48:22.428+0000] {dag.py:3954} INFO - Setting next_dagrun for example_subdag_operator.section-1 to None, run_after=None
[2024-05-18T22:48:22.434+0000] {logging_mixin.py:188} INFO - [2024-05-18T22:48:22.433+0000] {dag.py:3954} INFO - Setting next_dagrun for example_subdag_operator.section-2 to None, run_after=None
[2024-05-18T22:48:22.462+0000] {logging_mixin.py:188} INFO - [2024-05-18T22:48:22.461+0000] {dag.py:3096} INFO - Sync 2 DAGs
[2024-05-18T22:48:22.490+0000] {logging_mixin.py:188} INFO - [2024-05-18T22:48:22.489+0000] {dag.py:3954} INFO - Setting next_dagrun for example_subdag_operator.section-1 to None, run_after=None
[2024-05-18T22:48:22.493+0000] {logging_mixin.py:188} INFO - [2024-05-18T22:48:22.492+0000] {dag.py:3954} INFO - Setting next_dagrun for example_subdag_operator.section-2 to None, run_after=None
[2024-05-18T22:48:22.531+0000] {processor.py:183} INFO - Processing /home/airflow/.local/lib/python3.12/site-packages/airflow/example_dags/example_subdag_operator.py took 0.337 seconds
[2024-05-18T22:48:53.746+0000] {processor.py:161} INFO - Started process (PID=748) to work on /home/airflow/.local/lib/python3.12/site-packages/airflow/example_dags/example_subdag_operator.py
[2024-05-18T22:48:53.748+0000] {processor.py:830} INFO - Processing file /home/airflow/.local/lib/python3.12/site-packages/airflow/example_dags/example_subdag_operator.py for tasks to queue
[2024-05-18T22:48:53.752+0000] {logging_mixin.py:188} INFO - [2024-05-18T22:48:53.751+0000] {dagbag.py:545} INFO - Filling up the DagBag from /home/airflow/.local/lib/python3.12/site-packages/airflow/example_dags/example_subdag_operator.py
[2024-05-18T22:48:53.820+0000] {processor.py:840} INFO - DAG(s) 'example_subdag_operator.section-1', 'example_subdag_operator.section-2', 'example_subdag_operator' retrieved from /home/airflow/.local/lib/python3.12/site-packages/airflow/example_dags/example_subdag_operator.py
[2024-05-18T22:48:53.868+0000] {logging_mixin.py:188} INFO - [2024-05-18T22:48:53.868+0000] {dag.py:3096} INFO - Sync 3 DAGs
[2024-05-18T22:48:53.929+0000] {logging_mixin.py:188} INFO - [2024-05-18T22:48:53.928+0000] {dag.py:3954} INFO - Setting next_dagrun for example_subdag_operator to 2022-01-01 00:00:00+00:00, run_after=2022-01-01 00:00:00+00:00
[2024-05-18T22:48:53.943+0000] {logging_mixin.py:188} INFO - [2024-05-18T22:48:53.942+0000] {dag.py:3954} INFO - Setting next_dagrun for example_subdag_operator.section-1 to None, run_after=None
[2024-05-18T22:48:53.948+0000] {logging_mixin.py:188} INFO - [2024-05-18T22:48:53.948+0000] {dag.py:3954} INFO - Setting next_dagrun for example_subdag_operator.section-2 to None, run_after=None
[2024-05-18T22:48:53.972+0000] {logging_mixin.py:188} INFO - [2024-05-18T22:48:53.972+0000] {dag.py:3096} INFO - Sync 2 DAGs
[2024-05-18T22:48:53.993+0000] {logging_mixin.py:188} INFO - [2024-05-18T22:48:53.992+0000] {dag.py:3954} INFO - Setting next_dagrun for example_subdag_operator.section-1 to None, run_after=None
[2024-05-18T22:48:53.996+0000] {logging_mixin.py:188} INFO - [2024-05-18T22:48:53.995+0000] {dag.py:3954} INFO - Setting next_dagrun for example_subdag_operator.section-2 to None, run_after=None
[2024-05-18T22:48:54.059+0000] {processor.py:183} INFO - Processing /home/airflow/.local/lib/python3.12/site-packages/airflow/example_dags/example_subdag_operator.py took 0.327 seconds
[2024-05-18T22:49:24.180+0000] {processor.py:161} INFO - Started process (PID=808) to work on /home/airflow/.local/lib/python3.12/site-packages/airflow/example_dags/example_subdag_operator.py
[2024-05-18T22:49:24.182+0000] {processor.py:830} INFO - Processing file /home/airflow/.local/lib/python3.12/site-packages/airflow/example_dags/example_subdag_operator.py for tasks to queue
[2024-05-18T22:49:24.187+0000] {logging_mixin.py:188} INFO - [2024-05-18T22:49:24.186+0000] {dagbag.py:545} INFO - Filling up the DagBag from /home/airflow/.local/lib/python3.12/site-packages/airflow/example_dags/example_subdag_operator.py
[2024-05-18T22:49:24.250+0000] {processor.py:840} INFO - DAG(s) 'example_subdag_operator.section-1', 'example_subdag_operator.section-2', 'example_subdag_operator' retrieved from /home/airflow/.local/lib/python3.12/site-packages/airflow/example_dags/example_subdag_operator.py
[2024-05-18T22:49:24.297+0000] {logging_mixin.py:188} INFO - [2024-05-18T22:49:24.297+0000] {dag.py:3096} INFO - Sync 3 DAGs
[2024-05-18T22:49:24.362+0000] {logging_mixin.py:188} INFO - [2024-05-18T22:49:24.361+0000] {dag.py:3954} INFO - Setting next_dagrun for example_subdag_operator to 2022-01-01 00:00:00+00:00, run_after=2022-01-01 00:00:00+00:00
[2024-05-18T22:49:24.373+0000] {logging_mixin.py:188} INFO - [2024-05-18T22:49:24.373+0000] {dag.py:3954} INFO - Setting next_dagrun for example_subdag_operator.section-1 to None, run_after=None
[2024-05-18T22:49:24.379+0000] {logging_mixin.py:188} INFO - [2024-05-18T22:49:24.378+0000] {dag.py:3954} INFO - Setting next_dagrun for example_subdag_operator.section-2 to None, run_after=None
[2024-05-18T22:49:24.416+0000] {logging_mixin.py:188} INFO - [2024-05-18T22:49:24.415+0000] {dag.py:3096} INFO - Sync 2 DAGs
[2024-05-18T22:49:24.440+0000] {logging_mixin.py:188} INFO - [2024-05-18T22:49:24.439+0000] {dag.py:3954} INFO - Setting next_dagrun for example_subdag_operator.section-1 to None, run_after=None
[2024-05-18T22:49:24.444+0000] {logging_mixin.py:188} INFO - [2024-05-18T22:49:24.443+0000] {dag.py:3954} INFO - Setting next_dagrun for example_subdag_operator.section-2 to None, run_after=None
[2024-05-18T22:49:24.477+0000] {processor.py:183} INFO - Processing /home/airflow/.local/lib/python3.12/site-packages/airflow/example_dags/example_subdag_operator.py took 0.313 seconds
[2024-05-18T22:49:55.132+0000] {processor.py:161} INFO - Started process (PID=868) to work on /home/airflow/.local/lib/python3.12/site-packages/airflow/example_dags/example_subdag_operator.py
[2024-05-18T22:49:55.134+0000] {processor.py:830} INFO - Processing file /home/airflow/.local/lib/python3.12/site-packages/airflow/example_dags/example_subdag_operator.py for tasks to queue
[2024-05-18T22:49:55.137+0000] {logging_mixin.py:188} INFO - [2024-05-18T22:49:55.137+0000] {dagbag.py:545} INFO - Filling up the DagBag from /home/airflow/.local/lib/python3.12/site-packages/airflow/example_dags/example_subdag_operator.py
[2024-05-18T22:49:55.189+0000] {processor.py:840} INFO - DAG(s) 'example_subdag_operator.section-1', 'example_subdag_operator.section-2', 'example_subdag_operator' retrieved from /home/airflow/.local/lib/python3.12/site-packages/airflow/example_dags/example_subdag_operator.py
[2024-05-18T22:49:55.240+0000] {logging_mixin.py:188} INFO - [2024-05-18T22:49:55.240+0000] {dag.py:3096} INFO - Sync 3 DAGs
[2024-05-18T22:49:55.331+0000] {logging_mixin.py:188} INFO - [2024-05-18T22:49:55.331+0000] {dag.py:3954} INFO - Setting next_dagrun for example_subdag_operator to 2022-01-01 00:00:00+00:00, run_after=2022-01-01 00:00:00+00:00
[2024-05-18T22:49:55.348+0000] {logging_mixin.py:188} INFO - [2024-05-18T22:49:55.347+0000] {dag.py:3954} INFO - Setting next_dagrun for example_subdag_operator.section-1 to None, run_after=None
[2024-05-18T22:49:55.354+0000] {logging_mixin.py:188} INFO - [2024-05-18T22:49:55.353+0000] {dag.py:3954} INFO - Setting next_dagrun for example_subdag_operator.section-2 to None, run_after=None
[2024-05-18T22:49:55.382+0000] {logging_mixin.py:188} INFO - [2024-05-18T22:49:55.382+0000] {dag.py:3096} INFO - Sync 2 DAGs
[2024-05-18T22:49:55.402+0000] {logging_mixin.py:188} INFO - [2024-05-18T22:49:55.401+0000] {dag.py:3954} INFO - Setting next_dagrun for example_subdag_operator.section-1 to None, run_after=None
[2024-05-18T22:49:55.404+0000] {logging_mixin.py:188} INFO - [2024-05-18T22:49:55.403+0000] {dag.py:3954} INFO - Setting next_dagrun for example_subdag_operator.section-2 to None, run_after=None
[2024-05-18T22:49:55.444+0000] {processor.py:183} INFO - Processing /home/airflow/.local/lib/python3.12/site-packages/airflow/example_dags/example_subdag_operator.py took 0.325 seconds
[2024-05-18T22:50:26.001+0000] {processor.py:161} INFO - Started process (PID=928) to work on /home/airflow/.local/lib/python3.12/site-packages/airflow/example_dags/example_subdag_operator.py
[2024-05-18T22:50:26.003+0000] {processor.py:830} INFO - Processing file /home/airflow/.local/lib/python3.12/site-packages/airflow/example_dags/example_subdag_operator.py for tasks to queue
[2024-05-18T22:50:26.010+0000] {logging_mixin.py:188} INFO - [2024-05-18T22:50:26.009+0000] {dagbag.py:545} INFO - Filling up the DagBag from /home/airflow/.local/lib/python3.12/site-packages/airflow/example_dags/example_subdag_operator.py
[2024-05-18T22:50:26.111+0000] {processor.py:840} INFO - DAG(s) 'example_subdag_operator.section-1', 'example_subdag_operator.section-2', 'example_subdag_operator' retrieved from /home/airflow/.local/lib/python3.12/site-packages/airflow/example_dags/example_subdag_operator.py
[2024-05-18T22:50:26.200+0000] {logging_mixin.py:188} INFO - [2024-05-18T22:50:26.199+0000] {dag.py:3096} INFO - Sync 3 DAGs
[2024-05-18T22:50:26.319+0000] {logging_mixin.py:188} INFO - [2024-05-18T22:50:26.318+0000] {dag.py:3954} INFO - Setting next_dagrun for example_subdag_operator to 2022-01-01 00:00:00+00:00, run_after=2022-01-01 00:00:00+00:00
[2024-05-18T22:50:26.335+0000] {logging_mixin.py:188} INFO - [2024-05-18T22:50:26.335+0000] {dag.py:3954} INFO - Setting next_dagrun for example_subdag_operator.section-1 to None, run_after=None
[2024-05-18T22:50:26.342+0000] {logging_mixin.py:188} INFO - [2024-05-18T22:50:26.340+0000] {dag.py:3954} INFO - Setting next_dagrun for example_subdag_operator.section-2 to None, run_after=None
[2024-05-18T22:50:26.368+0000] {logging_mixin.py:188} INFO - [2024-05-18T22:50:26.368+0000] {dag.py:3096} INFO - Sync 2 DAGs
[2024-05-18T22:50:26.399+0000] {logging_mixin.py:188} INFO - [2024-05-18T22:50:26.398+0000] {dag.py:3954} INFO - Setting next_dagrun for example_subdag_operator.section-1 to None, run_after=None
[2024-05-18T22:50:26.401+0000] {logging_mixin.py:188} INFO - [2024-05-18T22:50:26.400+0000] {dag.py:3954} INFO - Setting next_dagrun for example_subdag_operator.section-2 to None, run_after=None
[2024-05-18T22:50:26.437+0000] {processor.py:183} INFO - Processing /home/airflow/.local/lib/python3.12/site-packages/airflow/example_dags/example_subdag_operator.py took 0.450 seconds
[2024-05-18T22:51:00.643+0000] {processor.py:161} INFO - Started process (PID=989) to work on /home/airflow/.local/lib/python3.12/site-packages/airflow/example_dags/example_subdag_operator.py
[2024-05-18T22:51:00.646+0000] {processor.py:830} INFO - Processing file /home/airflow/.local/lib/python3.12/site-packages/airflow/example_dags/example_subdag_operator.py for tasks to queue
[2024-05-18T22:51:00.651+0000] {logging_mixin.py:188} INFO - [2024-05-18T22:51:00.650+0000] {dagbag.py:545} INFO - Filling up the DagBag from /home/airflow/.local/lib/python3.12/site-packages/airflow/example_dags/example_subdag_operator.py
[2024-05-18T22:51:00.733+0000] {processor.py:840} INFO - DAG(s) 'example_subdag_operator.section-1', 'example_subdag_operator.section-2', 'example_subdag_operator' retrieved from /home/airflow/.local/lib/python3.12/site-packages/airflow/example_dags/example_subdag_operator.py
[2024-05-18T22:51:00.791+0000] {logging_mixin.py:188} INFO - [2024-05-18T22:51:00.790+0000] {dag.py:3096} INFO - Sync 3 DAGs
[2024-05-18T22:51:00.886+0000] {logging_mixin.py:188} INFO - [2024-05-18T22:51:00.885+0000] {dag.py:3954} INFO - Setting next_dagrun for example_subdag_operator to 2022-01-01 00:00:00+00:00, run_after=2022-01-01 00:00:00+00:00
[2024-05-18T22:51:00.903+0000] {logging_mixin.py:188} INFO - [2024-05-18T22:51:00.903+0000] {dag.py:3954} INFO - Setting next_dagrun for example_subdag_operator.section-1 to None, run_after=None
[2024-05-18T22:51:00.909+0000] {logging_mixin.py:188} INFO - [2024-05-18T22:51:00.909+0000] {dag.py:3954} INFO - Setting next_dagrun for example_subdag_operator.section-2 to None, run_after=None
[2024-05-18T22:51:00.931+0000] {logging_mixin.py:188} INFO - [2024-05-18T22:51:00.930+0000] {dag.py:3096} INFO - Sync 2 DAGs
[2024-05-18T22:51:00.951+0000] {logging_mixin.py:188} INFO - [2024-05-18T22:51:00.950+0000] {dag.py:3954} INFO - Setting next_dagrun for example_subdag_operator.section-1 to None, run_after=None
[2024-05-18T22:51:00.953+0000] {logging_mixin.py:188} INFO - [2024-05-18T22:51:00.952+0000] {dag.py:3954} INFO - Setting next_dagrun for example_subdag_operator.section-2 to None, run_after=None
[2024-05-18T22:51:00.991+0000] {processor.py:183} INFO - Processing /home/airflow/.local/lib/python3.12/site-packages/airflow/example_dags/example_subdag_operator.py took 0.362 seconds
[2024-05-18T22:51:31.394+0000] {processor.py:161} INFO - Started process (PID=1049) to work on /home/airflow/.local/lib/python3.12/site-packages/airflow/example_dags/example_subdag_operator.py
[2024-05-18T22:51:31.398+0000] {processor.py:830} INFO - Processing file /home/airflow/.local/lib/python3.12/site-packages/airflow/example_dags/example_subdag_operator.py for tasks to queue
[2024-05-18T22:51:31.404+0000] {logging_mixin.py:188} INFO - [2024-05-18T22:51:31.403+0000] {dagbag.py:545} INFO - Filling up the DagBag from /home/airflow/.local/lib/python3.12/site-packages/airflow/example_dags/example_subdag_operator.py
[2024-05-18T22:51:31.496+0000] {processor.py:840} INFO - DAG(s) 'example_subdag_operator.section-1', 'example_subdag_operator.section-2', 'example_subdag_operator' retrieved from /home/airflow/.local/lib/python3.12/site-packages/airflow/example_dags/example_subdag_operator.py
[2024-05-18T22:51:31.550+0000] {logging_mixin.py:188} INFO - [2024-05-18T22:51:31.549+0000] {dag.py:3096} INFO - Sync 3 DAGs
[2024-05-18T22:51:31.622+0000] {logging_mixin.py:188} INFO - [2024-05-18T22:51:31.621+0000] {dag.py:3954} INFO - Setting next_dagrun for example_subdag_operator to 2022-01-01 00:00:00+00:00, run_after=2022-01-01 00:00:00+00:00
[2024-05-18T22:51:31.635+0000] {logging_mixin.py:188} INFO - [2024-05-18T22:51:31.634+0000] {dag.py:3954} INFO - Setting next_dagrun for example_subdag_operator.section-1 to None, run_after=None
[2024-05-18T22:51:31.641+0000] {logging_mixin.py:188} INFO - [2024-05-18T22:51:31.640+0000] {dag.py:3954} INFO - Setting next_dagrun for example_subdag_operator.section-2 to None, run_after=None
[2024-05-18T22:51:31.666+0000] {logging_mixin.py:188} INFO - [2024-05-18T22:51:31.665+0000] {dag.py:3096} INFO - Sync 2 DAGs
[2024-05-18T22:51:31.685+0000] {logging_mixin.py:188} INFO - [2024-05-18T22:51:31.684+0000] {dag.py:3954} INFO - Setting next_dagrun for example_subdag_operator.section-1 to None, run_after=None
[2024-05-18T22:51:31.687+0000] {logging_mixin.py:188} INFO - [2024-05-18T22:51:31.686+0000] {dag.py:3954} INFO - Setting next_dagrun for example_subdag_operator.section-2 to None, run_after=None
[2024-05-18T22:51:31.725+0000] {processor.py:183} INFO - Processing /home/airflow/.local/lib/python3.12/site-packages/airflow/example_dags/example_subdag_operator.py took 0.347 seconds
[2024-05-18T22:52:02.417+0000] {processor.py:161} INFO - Started process (PID=1109) to work on /home/airflow/.local/lib/python3.12/site-packages/airflow/example_dags/example_subdag_operator.py
[2024-05-18T22:52:02.419+0000] {processor.py:830} INFO - Processing file /home/airflow/.local/lib/python3.12/site-packages/airflow/example_dags/example_subdag_operator.py for tasks to queue
[2024-05-18T22:52:02.423+0000] {logging_mixin.py:188} INFO - [2024-05-18T22:52:02.422+0000] {dagbag.py:545} INFO - Filling up the DagBag from /home/airflow/.local/lib/python3.12/site-packages/airflow/example_dags/example_subdag_operator.py
[2024-05-18T22:52:02.480+0000] {processor.py:840} INFO - DAG(s) 'example_subdag_operator.section-1', 'example_subdag_operator.section-2', 'example_subdag_operator' retrieved from /home/airflow/.local/lib/python3.12/site-packages/airflow/example_dags/example_subdag_operator.py
[2024-05-18T22:52:02.517+0000] {logging_mixin.py:188} INFO - [2024-05-18T22:52:02.516+0000] {dag.py:3096} INFO - Sync 3 DAGs
[2024-05-18T22:52:02.572+0000] {logging_mixin.py:188} INFO - [2024-05-18T22:52:02.571+0000] {dag.py:3954} INFO - Setting next_dagrun for example_subdag_operator to 2022-01-01 00:00:00+00:00, run_after=2022-01-01 00:00:00+00:00
[2024-05-18T22:52:02.587+0000] {logging_mixin.py:188} INFO - [2024-05-18T22:52:02.585+0000] {dag.py:3954} INFO - Setting next_dagrun for example_subdag_operator.section-1 to None, run_after=None
[2024-05-18T22:52:02.593+0000] {logging_mixin.py:188} INFO - [2024-05-18T22:52:02.592+0000] {dag.py:3954} INFO - Setting next_dagrun for example_subdag_operator.section-2 to None, run_after=None
[2024-05-18T22:52:02.615+0000] {logging_mixin.py:188} INFO - [2024-05-18T22:52:02.614+0000] {dag.py:3096} INFO - Sync 2 DAGs
[2024-05-18T22:52:02.639+0000] {logging_mixin.py:188} INFO - [2024-05-18T22:52:02.638+0000] {dag.py:3954} INFO - Setting next_dagrun for example_subdag_operator.section-1 to None, run_after=None
[2024-05-18T22:52:02.641+0000] {logging_mixin.py:188} INFO - [2024-05-18T22:52:02.640+0000] {dag.py:3954} INFO - Setting next_dagrun for example_subdag_operator.section-2 to None, run_after=None
[2024-05-18T22:52:02.691+0000] {processor.py:183} INFO - Processing /home/airflow/.local/lib/python3.12/site-packages/airflow/example_dags/example_subdag_operator.py took 0.284 seconds
[2024-05-18T22:52:32.800+0000] {processor.py:161} INFO - Started process (PID=1169) to work on /home/airflow/.local/lib/python3.12/site-packages/airflow/example_dags/example_subdag_operator.py
[2024-05-18T22:52:32.801+0000] {processor.py:830} INFO - Processing file /home/airflow/.local/lib/python3.12/site-packages/airflow/example_dags/example_subdag_operator.py for tasks to queue
[2024-05-18T22:52:32.804+0000] {logging_mixin.py:188} INFO - [2024-05-18T22:52:32.804+0000] {dagbag.py:545} INFO - Filling up the DagBag from /home/airflow/.local/lib/python3.12/site-packages/airflow/example_dags/example_subdag_operator.py
[2024-05-18T22:52:32.839+0000] {processor.py:840} INFO - DAG(s) 'example_subdag_operator.section-1', 'example_subdag_operator.section-2', 'example_subdag_operator' retrieved from /home/airflow/.local/lib/python3.12/site-packages/airflow/example_dags/example_subdag_operator.py
[2024-05-18T22:52:32.867+0000] {logging_mixin.py:188} INFO - [2024-05-18T22:52:32.867+0000] {dag.py:3096} INFO - Sync 3 DAGs
[2024-05-18T22:52:32.906+0000] {logging_mixin.py:188} INFO - [2024-05-18T22:52:32.905+0000] {dag.py:3954} INFO - Setting next_dagrun for example_subdag_operator to 2022-01-01 00:00:00+00:00, run_after=2022-01-01 00:00:00+00:00
[2024-05-18T22:52:32.916+0000] {logging_mixin.py:188} INFO - [2024-05-18T22:52:32.916+0000] {dag.py:3954} INFO - Setting next_dagrun for example_subdag_operator.section-1 to None, run_after=None
[2024-05-18T22:52:32.921+0000] {logging_mixin.py:188} INFO - [2024-05-18T22:52:32.920+0000] {dag.py:3954} INFO - Setting next_dagrun for example_subdag_operator.section-2 to None, run_after=None
[2024-05-18T22:52:32.938+0000] {logging_mixin.py:188} INFO - [2024-05-18T22:52:32.937+0000] {dag.py:3096} INFO - Sync 2 DAGs
[2024-05-18T22:52:32.959+0000] {logging_mixin.py:188} INFO - [2024-05-18T22:52:32.959+0000] {dag.py:3954} INFO - Setting next_dagrun for example_subdag_operator.section-1 to None, run_after=None
[2024-05-18T22:52:32.961+0000] {logging_mixin.py:188} INFO - [2024-05-18T22:52:32.961+0000] {dag.py:3954} INFO - Setting next_dagrun for example_subdag_operator.section-2 to None, run_after=None
[2024-05-18T22:52:32.996+0000] {processor.py:183} INFO - Processing /home/airflow/.local/lib/python3.12/site-packages/airflow/example_dags/example_subdag_operator.py took 0.204 seconds
