[2024-05-18T22:42:54.365+0000] {processor.py:161} INFO - Started process (PID=65) to work on /home/airflow/.local/lib/python3.12/site-packages/airflow/example_dags/example_task_group_decorator.py
[2024-05-18T22:42:54.369+0000] {processor.py:830} INFO - Processing file /home/airflow/.local/lib/python3.12/site-packages/airflow/example_dags/example_task_group_decorator.py for tasks to queue
[2024-05-18T22:42:54.384+0000] {logging_mixin.py:188} INFO - [2024-05-18T22:42:54.383+0000] {dagbag.py:545} INFO - Filling up the DagBag from /home/airflow/.local/lib/python3.12/site-packages/airflow/example_dags/example_task_group_decorator.py
[2024-05-18T22:42:54.541+0000] {processor.py:840} INFO - DAG(s) 'example_task_group_decorator' retrieved from /home/airflow/.local/lib/python3.12/site-packages/airflow/example_dags/example_task_group_decorator.py
[2024-05-18T22:42:55.109+0000] {logging_mixin.py:188} INFO - [2024-05-18T22:42:55.107+0000] {override.py:1829} INFO - Created Permission View: can read on DAG:example_task_group_decorator
[2024-05-18T22:42:55.162+0000] {logging_mixin.py:188} INFO - [2024-05-18T22:42:55.159+0000] {override.py:1829} INFO - Created Permission View: can edit on DAG:example_task_group_decorator
[2024-05-18T22:42:55.196+0000] {logging_mixin.py:188} INFO - [2024-05-18T22:42:55.194+0000] {override.py:1829} INFO - Created Permission View: can delete on DAG:example_task_group_decorator
[2024-05-18T22:42:55.198+0000] {logging_mixin.py:188} INFO - [2024-05-18T22:42:55.197+0000] {dag.py:3096} INFO - Sync 1 DAGs
[2024-05-18T22:42:55.242+0000] {logging_mixin.py:188} INFO - [2024-05-18T22:42:55.241+0000] {dag.py:3118} INFO - Creating ORM DAG for example_task_group_decorator
[2024-05-18T22:42:55.309+0000] {logging_mixin.py:188} INFO - [2024-05-18T22:42:55.308+0000] {dag.py:3954} INFO - Setting next_dagrun for example_task_group_decorator to 2024-05-17 00:00:00+00:00, run_after=2024-05-18 00:00:00+00:00
[2024-05-18T22:42:55.426+0000] {processor.py:183} INFO - Processing /home/airflow/.local/lib/python3.12/site-packages/airflow/example_dags/example_task_group_decorator.py took 1.096 seconds
[2024-05-18T22:43:32.503+0000] {processor.py:161} INFO - Started process (PID=125) to work on /home/airflow/.local/lib/python3.12/site-packages/airflow/example_dags/example_task_group_decorator.py
[2024-05-18T22:43:32.505+0000] {processor.py:830} INFO - Processing file /home/airflow/.local/lib/python3.12/site-packages/airflow/example_dags/example_task_group_decorator.py for tasks to queue
[2024-05-18T22:43:32.509+0000] {logging_mixin.py:188} INFO - [2024-05-18T22:43:32.508+0000] {dagbag.py:545} INFO - Filling up the DagBag from /home/airflow/.local/lib/python3.12/site-packages/airflow/example_dags/example_task_group_decorator.py
[2024-05-18T22:43:32.555+0000] {processor.py:840} INFO - DAG(s) 'example_task_group_decorator' retrieved from /home/airflow/.local/lib/python3.12/site-packages/airflow/example_dags/example_task_group_decorator.py
[2024-05-18T22:43:32.626+0000] {logging_mixin.py:188} INFO - [2024-05-18T22:43:32.625+0000] {dag.py:3096} INFO - Sync 1 DAGs
[2024-05-18T22:43:32.707+0000] {logging_mixin.py:188} INFO - [2024-05-18T22:43:32.706+0000] {dag.py:3954} INFO - Setting next_dagrun for example_task_group_decorator to 2024-05-17 00:00:00+00:00, run_after=2024-05-18 00:00:00+00:00
[2024-05-18T22:43:32.776+0000] {processor.py:183} INFO - Processing /home/airflow/.local/lib/python3.12/site-packages/airflow/example_dags/example_task_group_decorator.py took 0.286 seconds
[2024-05-18T22:44:04.953+0000] {processor.py:161} INFO - Started process (PID=186) to work on /home/airflow/.local/lib/python3.12/site-packages/airflow/example_dags/example_task_group_decorator.py
[2024-05-18T22:44:04.955+0000] {processor.py:830} INFO - Processing file /home/airflow/.local/lib/python3.12/site-packages/airflow/example_dags/example_task_group_decorator.py for tasks to queue
[2024-05-18T22:44:04.959+0000] {logging_mixin.py:188} INFO - [2024-05-18T22:44:04.958+0000] {dagbag.py:545} INFO - Filling up the DagBag from /home/airflow/.local/lib/python3.12/site-packages/airflow/example_dags/example_task_group_decorator.py
[2024-05-18T22:44:04.989+0000] {processor.py:840} INFO - DAG(s) 'example_task_group_decorator' retrieved from /home/airflow/.local/lib/python3.12/site-packages/airflow/example_dags/example_task_group_decorator.py
[2024-05-18T22:44:05.069+0000] {logging_mixin.py:188} INFO - [2024-05-18T22:44:05.068+0000] {dag.py:3096} INFO - Sync 1 DAGs
[2024-05-18T22:44:05.123+0000] {logging_mixin.py:188} INFO - [2024-05-18T22:44:05.123+0000] {dag.py:3954} INFO - Setting next_dagrun for example_task_group_decorator to 2024-05-17 00:00:00+00:00, run_after=2024-05-18 00:00:00+00:00
[2024-05-18T22:44:05.183+0000] {processor.py:183} INFO - Processing /home/airflow/.local/lib/python3.12/site-packages/airflow/example_dags/example_task_group_decorator.py took 0.241 seconds
[2024-05-18T22:44:36.279+0000] {processor.py:161} INFO - Started process (PID=246) to work on /home/airflow/.local/lib/python3.12/site-packages/airflow/example_dags/example_task_group_decorator.py
[2024-05-18T22:44:36.280+0000] {processor.py:830} INFO - Processing file /home/airflow/.local/lib/python3.12/site-packages/airflow/example_dags/example_task_group_decorator.py for tasks to queue
[2024-05-18T22:44:36.284+0000] {logging_mixin.py:188} INFO - [2024-05-18T22:44:36.283+0000] {dagbag.py:545} INFO - Filling up the DagBag from /home/airflow/.local/lib/python3.12/site-packages/airflow/example_dags/example_task_group_decorator.py
[2024-05-18T22:44:36.306+0000] {processor.py:840} INFO - DAG(s) 'example_task_group_decorator' retrieved from /home/airflow/.local/lib/python3.12/site-packages/airflow/example_dags/example_task_group_decorator.py
[2024-05-18T22:44:36.343+0000] {logging_mixin.py:188} INFO - [2024-05-18T22:44:36.343+0000] {dag.py:3096} INFO - Sync 1 DAGs
[2024-05-18T22:44:36.385+0000] {logging_mixin.py:188} INFO - [2024-05-18T22:44:36.384+0000] {dag.py:3954} INFO - Setting next_dagrun for example_task_group_decorator to 2024-05-17 00:00:00+00:00, run_after=2024-05-18 00:00:00+00:00
[2024-05-18T22:44:36.422+0000] {processor.py:183} INFO - Processing /home/airflow/.local/lib/python3.12/site-packages/airflow/example_dags/example_task_group_decorator.py took 0.151 seconds
[2024-05-18T22:45:07.063+0000] {processor.py:161} INFO - Started process (PID=304) to work on /home/airflow/.local/lib/python3.12/site-packages/airflow/example_dags/example_task_group_decorator.py
[2024-05-18T22:45:07.065+0000] {processor.py:830} INFO - Processing file /home/airflow/.local/lib/python3.12/site-packages/airflow/example_dags/example_task_group_decorator.py for tasks to queue
[2024-05-18T22:45:07.073+0000] {logging_mixin.py:188} INFO - [2024-05-18T22:45:07.072+0000] {dagbag.py:545} INFO - Filling up the DagBag from /home/airflow/.local/lib/python3.12/site-packages/airflow/example_dags/example_task_group_decorator.py
[2024-05-18T22:45:07.125+0000] {processor.py:840} INFO - DAG(s) 'example_task_group_decorator' retrieved from /home/airflow/.local/lib/python3.12/site-packages/airflow/example_dags/example_task_group_decorator.py
[2024-05-18T22:45:07.198+0000] {logging_mixin.py:188} INFO - [2024-05-18T22:45:07.198+0000] {dag.py:3096} INFO - Sync 1 DAGs
[2024-05-18T22:45:07.261+0000] {logging_mixin.py:188} INFO - [2024-05-18T22:45:07.260+0000] {dag.py:3954} INFO - Setting next_dagrun for example_task_group_decorator to 2024-05-17 00:00:00+00:00, run_after=2024-05-18 00:00:00+00:00
[2024-05-18T22:45:07.311+0000] {processor.py:183} INFO - Processing /home/airflow/.local/lib/python3.12/site-packages/airflow/example_dags/example_task_group_decorator.py took 0.261 seconds
[2024-05-18T22:45:37.536+0000] {processor.py:161} INFO - Started process (PID=364) to work on /home/airflow/.local/lib/python3.12/site-packages/airflow/example_dags/example_task_group_decorator.py
[2024-05-18T22:45:37.538+0000] {processor.py:830} INFO - Processing file /home/airflow/.local/lib/python3.12/site-packages/airflow/example_dags/example_task_group_decorator.py for tasks to queue
[2024-05-18T22:45:37.549+0000] {logging_mixin.py:188} INFO - [2024-05-18T22:45:37.546+0000] {dagbag.py:545} INFO - Filling up the DagBag from /home/airflow/.local/lib/python3.12/site-packages/airflow/example_dags/example_task_group_decorator.py
[2024-05-18T22:45:37.592+0000] {processor.py:840} INFO - DAG(s) 'example_task_group_decorator' retrieved from /home/airflow/.local/lib/python3.12/site-packages/airflow/example_dags/example_task_group_decorator.py
[2024-05-18T22:45:37.638+0000] {logging_mixin.py:188} INFO - [2024-05-18T22:45:37.637+0000] {dag.py:3096} INFO - Sync 1 DAGs
[2024-05-18T22:45:37.679+0000] {logging_mixin.py:188} INFO - [2024-05-18T22:45:37.679+0000] {dag.py:3954} INFO - Setting next_dagrun for example_task_group_decorator to 2024-05-17 00:00:00+00:00, run_after=2024-05-18 00:00:00+00:00
[2024-05-18T22:45:37.719+0000] {processor.py:183} INFO - Processing /home/airflow/.local/lib/python3.12/site-packages/airflow/example_dags/example_task_group_decorator.py took 0.190 seconds
[2024-05-18T22:46:08.010+0000] {processor.py:161} INFO - Started process (PID=424) to work on /home/airflow/.local/lib/python3.12/site-packages/airflow/example_dags/example_task_group_decorator.py
[2024-05-18T22:46:08.012+0000] {processor.py:830} INFO - Processing file /home/airflow/.local/lib/python3.12/site-packages/airflow/example_dags/example_task_group_decorator.py for tasks to queue
[2024-05-18T22:46:08.014+0000] {logging_mixin.py:188} INFO - [2024-05-18T22:46:08.014+0000] {dagbag.py:545} INFO - Filling up the DagBag from /home/airflow/.local/lib/python3.12/site-packages/airflow/example_dags/example_task_group_decorator.py
[2024-05-18T22:46:08.034+0000] {processor.py:840} INFO - DAG(s) 'example_task_group_decorator' retrieved from /home/airflow/.local/lib/python3.12/site-packages/airflow/example_dags/example_task_group_decorator.py
[2024-05-18T22:46:08.077+0000] {logging_mixin.py:188} INFO - [2024-05-18T22:46:08.077+0000] {dag.py:3096} INFO - Sync 1 DAGs
[2024-05-18T22:46:08.112+0000] {logging_mixin.py:188} INFO - [2024-05-18T22:46:08.112+0000] {dag.py:3954} INFO - Setting next_dagrun for example_task_group_decorator to 2024-05-17 00:00:00+00:00, run_after=2024-05-18 00:00:00+00:00
[2024-05-18T22:46:08.144+0000] {processor.py:183} INFO - Processing /home/airflow/.local/lib/python3.12/site-packages/airflow/example_dags/example_task_group_decorator.py took 0.141 seconds
[2024-05-18T22:46:39.686+0000] {processor.py:161} INFO - Started process (PID=484) to work on /home/airflow/.local/lib/python3.12/site-packages/airflow/example_dags/example_task_group_decorator.py
[2024-05-18T22:46:39.687+0000] {processor.py:830} INFO - Processing file /home/airflow/.local/lib/python3.12/site-packages/airflow/example_dags/example_task_group_decorator.py for tasks to queue
[2024-05-18T22:46:39.691+0000] {logging_mixin.py:188} INFO - [2024-05-18T22:46:39.691+0000] {dagbag.py:545} INFO - Filling up the DagBag from /home/airflow/.local/lib/python3.12/site-packages/airflow/example_dags/example_task_group_decorator.py
[2024-05-18T22:46:39.717+0000] {processor.py:840} INFO - DAG(s) 'example_task_group_decorator' retrieved from /home/airflow/.local/lib/python3.12/site-packages/airflow/example_dags/example_task_group_decorator.py
[2024-05-18T22:46:39.775+0000] {logging_mixin.py:188} INFO - [2024-05-18T22:46:39.775+0000] {dag.py:3096} INFO - Sync 1 DAGs
[2024-05-18T22:46:39.824+0000] {logging_mixin.py:188} INFO - [2024-05-18T22:46:39.824+0000] {dag.py:3954} INFO - Setting next_dagrun for example_task_group_decorator to 2024-05-17 00:00:00+00:00, run_after=2024-05-18 00:00:00+00:00
[2024-05-18T22:46:39.864+0000] {processor.py:183} INFO - Processing /home/airflow/.local/lib/python3.12/site-packages/airflow/example_dags/example_task_group_decorator.py took 0.189 seconds
[2024-05-18T22:47:10.435+0000] {processor.py:161} INFO - Started process (PID=544) to work on /home/airflow/.local/lib/python3.12/site-packages/airflow/example_dags/example_task_group_decorator.py
[2024-05-18T22:47:10.437+0000] {processor.py:830} INFO - Processing file /home/airflow/.local/lib/python3.12/site-packages/airflow/example_dags/example_task_group_decorator.py for tasks to queue
[2024-05-18T22:47:10.441+0000] {logging_mixin.py:188} INFO - [2024-05-18T22:47:10.440+0000] {dagbag.py:545} INFO - Filling up the DagBag from /home/airflow/.local/lib/python3.12/site-packages/airflow/example_dags/example_task_group_decorator.py
[2024-05-18T22:47:10.475+0000] {processor.py:840} INFO - DAG(s) 'example_task_group_decorator' retrieved from /home/airflow/.local/lib/python3.12/site-packages/airflow/example_dags/example_task_group_decorator.py
[2024-05-18T22:47:10.562+0000] {logging_mixin.py:188} INFO - [2024-05-18T22:47:10.561+0000] {dag.py:3096} INFO - Sync 1 DAGs
[2024-05-18T22:47:10.646+0000] {logging_mixin.py:188} INFO - [2024-05-18T22:47:10.646+0000] {dag.py:3954} INFO - Setting next_dagrun for example_task_group_decorator to 2024-05-17 00:00:00+00:00, run_after=2024-05-18 00:00:00+00:00
[2024-05-18T22:47:10.713+0000] {processor.py:183} INFO - Processing /home/airflow/.local/lib/python3.12/site-packages/airflow/example_dags/example_task_group_decorator.py took 0.290 seconds
[2024-05-18T22:47:41.659+0000] {processor.py:161} INFO - Started process (PID=604) to work on /home/airflow/.local/lib/python3.12/site-packages/airflow/example_dags/example_task_group_decorator.py
[2024-05-18T22:47:41.662+0000] {processor.py:830} INFO - Processing file /home/airflow/.local/lib/python3.12/site-packages/airflow/example_dags/example_task_group_decorator.py for tasks to queue
[2024-05-18T22:47:41.667+0000] {logging_mixin.py:188} INFO - [2024-05-18T22:47:41.666+0000] {dagbag.py:545} INFO - Filling up the DagBag from /home/airflow/.local/lib/python3.12/site-packages/airflow/example_dags/example_task_group_decorator.py
[2024-05-18T22:47:41.707+0000] {processor.py:840} INFO - DAG(s) 'example_task_group_decorator' retrieved from /home/airflow/.local/lib/python3.12/site-packages/airflow/example_dags/example_task_group_decorator.py
[2024-05-18T22:47:41.786+0000] {logging_mixin.py:188} INFO - [2024-05-18T22:47:41.785+0000] {dag.py:3096} INFO - Sync 1 DAGs
[2024-05-18T22:47:41.855+0000] {logging_mixin.py:188} INFO - [2024-05-18T22:47:41.854+0000] {dag.py:3954} INFO - Setting next_dagrun for example_task_group_decorator to 2024-05-17 00:00:00+00:00, run_after=2024-05-18 00:00:00+00:00
[2024-05-18T22:47:41.936+0000] {processor.py:183} INFO - Processing /home/airflow/.local/lib/python3.12/site-packages/airflow/example_dags/example_task_group_decorator.py took 0.288 seconds
[2024-05-18T22:48:16.248+0000] {processor.py:161} INFO - Started process (PID=670) to work on /home/airflow/.local/lib/python3.12/site-packages/airflow/example_dags/example_task_group_decorator.py
[2024-05-18T22:48:16.262+0000] {processor.py:830} INFO - Processing file /home/airflow/.local/lib/python3.12/site-packages/airflow/example_dags/example_task_group_decorator.py for tasks to queue
[2024-05-18T22:48:16.271+0000] {logging_mixin.py:188} INFO - [2024-05-18T22:48:16.270+0000] {dagbag.py:545} INFO - Filling up the DagBag from /home/airflow/.local/lib/python3.12/site-packages/airflow/example_dags/example_task_group_decorator.py
[2024-05-18T22:48:16.375+0000] {processor.py:840} INFO - DAG(s) 'example_task_group_decorator' retrieved from /home/airflow/.local/lib/python3.12/site-packages/airflow/example_dags/example_task_group_decorator.py
[2024-05-18T22:48:16.522+0000] {logging_mixin.py:188} INFO - [2024-05-18T22:48:16.521+0000] {dag.py:3096} INFO - Sync 1 DAGs
[2024-05-18T22:48:16.643+0000] {logging_mixin.py:188} INFO - [2024-05-18T22:48:16.642+0000] {dag.py:3954} INFO - Setting next_dagrun for example_task_group_decorator to 2024-05-17 00:00:00+00:00, run_after=2024-05-18 00:00:00+00:00
[2024-05-18T22:48:16.728+0000] {processor.py:183} INFO - Processing /home/airflow/.local/lib/python3.12/site-packages/airflow/example_dags/example_task_group_decorator.py took 0.509 seconds
[2024-05-18T22:48:50.151+0000] {processor.py:161} INFO - Started process (PID=730) to work on /home/airflow/.local/lib/python3.12/site-packages/airflow/example_dags/example_task_group_decorator.py
[2024-05-18T22:48:50.154+0000] {processor.py:830} INFO - Processing file /home/airflow/.local/lib/python3.12/site-packages/airflow/example_dags/example_task_group_decorator.py for tasks to queue
[2024-05-18T22:48:50.160+0000] {logging_mixin.py:188} INFO - [2024-05-18T22:48:50.159+0000] {dagbag.py:545} INFO - Filling up the DagBag from /home/airflow/.local/lib/python3.12/site-packages/airflow/example_dags/example_task_group_decorator.py
[2024-05-18T22:48:50.235+0000] {processor.py:840} INFO - DAG(s) 'example_task_group_decorator' retrieved from /home/airflow/.local/lib/python3.12/site-packages/airflow/example_dags/example_task_group_decorator.py
[2024-05-18T22:48:50.373+0000] {logging_mixin.py:188} INFO - [2024-05-18T22:48:50.372+0000] {dag.py:3096} INFO - Sync 1 DAGs
[2024-05-18T22:48:50.481+0000] {logging_mixin.py:188} INFO - [2024-05-18T22:48:50.481+0000] {dag.py:3954} INFO - Setting next_dagrun for example_task_group_decorator to 2024-05-17 00:00:00+00:00, run_after=2024-05-18 00:00:00+00:00
[2024-05-18T22:48:50.552+0000] {processor.py:183} INFO - Processing /home/airflow/.local/lib/python3.12/site-packages/airflow/example_dags/example_task_group_decorator.py took 0.421 seconds
[2024-05-18T22:49:21.070+0000] {processor.py:161} INFO - Started process (PID=790) to work on /home/airflow/.local/lib/python3.12/site-packages/airflow/example_dags/example_task_group_decorator.py
[2024-05-18T22:49:21.073+0000] {processor.py:830} INFO - Processing file /home/airflow/.local/lib/python3.12/site-packages/airflow/example_dags/example_task_group_decorator.py for tasks to queue
[2024-05-18T22:49:21.076+0000] {logging_mixin.py:188} INFO - [2024-05-18T22:49:21.075+0000] {dagbag.py:545} INFO - Filling up the DagBag from /home/airflow/.local/lib/python3.12/site-packages/airflow/example_dags/example_task_group_decorator.py
[2024-05-18T22:49:21.095+0000] {processor.py:840} INFO - DAG(s) 'example_task_group_decorator' retrieved from /home/airflow/.local/lib/python3.12/site-packages/airflow/example_dags/example_task_group_decorator.py
[2024-05-18T22:49:21.136+0000] {logging_mixin.py:188} INFO - [2024-05-18T22:49:21.135+0000] {dag.py:3096} INFO - Sync 1 DAGs
[2024-05-18T22:49:21.174+0000] {logging_mixin.py:188} INFO - [2024-05-18T22:49:21.173+0000] {dag.py:3954} INFO - Setting next_dagrun for example_task_group_decorator to 2024-05-17 00:00:00+00:00, run_after=2024-05-18 00:00:00+00:00
[2024-05-18T22:49:21.215+0000] {processor.py:183} INFO - Processing /home/airflow/.local/lib/python3.12/site-packages/airflow/example_dags/example_task_group_decorator.py took 0.152 seconds
[2024-05-18T22:49:51.407+0000] {processor.py:161} INFO - Started process (PID=849) to work on /home/airflow/.local/lib/python3.12/site-packages/airflow/example_dags/example_task_group_decorator.py
[2024-05-18T22:49:51.408+0000] {processor.py:830} INFO - Processing file /home/airflow/.local/lib/python3.12/site-packages/airflow/example_dags/example_task_group_decorator.py for tasks to queue
[2024-05-18T22:49:51.411+0000] {logging_mixin.py:188} INFO - [2024-05-18T22:49:51.410+0000] {dagbag.py:545} INFO - Filling up the DagBag from /home/airflow/.local/lib/python3.12/site-packages/airflow/example_dags/example_task_group_decorator.py
[2024-05-18T22:49:51.428+0000] {processor.py:840} INFO - DAG(s) 'example_task_group_decorator' retrieved from /home/airflow/.local/lib/python3.12/site-packages/airflow/example_dags/example_task_group_decorator.py
[2024-05-18T22:49:51.468+0000] {logging_mixin.py:188} INFO - [2024-05-18T22:49:51.467+0000] {dag.py:3096} INFO - Sync 1 DAGs
[2024-05-18T22:49:51.508+0000] {logging_mixin.py:188} INFO - [2024-05-18T22:49:51.508+0000] {dag.py:3954} INFO - Setting next_dagrun for example_task_group_decorator to 2024-05-17 00:00:00+00:00, run_after=2024-05-18 00:00:00+00:00
[2024-05-18T22:49:51.544+0000] {processor.py:183} INFO - Processing /home/airflow/.local/lib/python3.12/site-packages/airflow/example_dags/example_task_group_decorator.py took 0.143 seconds
[2024-05-18T22:50:21.711+0000] {processor.py:161} INFO - Started process (PID=909) to work on /home/airflow/.local/lib/python3.12/site-packages/airflow/example_dags/example_task_group_decorator.py
[2024-05-18T22:50:21.713+0000] {processor.py:830} INFO - Processing file /home/airflow/.local/lib/python3.12/site-packages/airflow/example_dags/example_task_group_decorator.py for tasks to queue
[2024-05-18T22:50:21.716+0000] {logging_mixin.py:188} INFO - [2024-05-18T22:50:21.715+0000] {dagbag.py:545} INFO - Filling up the DagBag from /home/airflow/.local/lib/python3.12/site-packages/airflow/example_dags/example_task_group_decorator.py
[2024-05-18T22:50:21.745+0000] {processor.py:840} INFO - DAG(s) 'example_task_group_decorator' retrieved from /home/airflow/.local/lib/python3.12/site-packages/airflow/example_dags/example_task_group_decorator.py
[2024-05-18T22:50:21.795+0000] {logging_mixin.py:188} INFO - [2024-05-18T22:50:21.795+0000] {dag.py:3096} INFO - Sync 1 DAGs
[2024-05-18T22:50:21.834+0000] {logging_mixin.py:188} INFO - [2024-05-18T22:50:21.834+0000] {dag.py:3954} INFO - Setting next_dagrun for example_task_group_decorator to 2024-05-17 00:00:00+00:00, run_after=2024-05-18 00:00:00+00:00
[2024-05-18T22:50:21.880+0000] {processor.py:183} INFO - Processing /home/airflow/.local/lib/python3.12/site-packages/airflow/example_dags/example_task_group_decorator.py took 0.180 seconds
[2024-05-18T22:50:53.000+0000] {processor.py:161} INFO - Started process (PID=970) to work on /home/airflow/.local/lib/python3.12/site-packages/airflow/example_dags/example_task_group_decorator.py
[2024-05-18T22:50:53.006+0000] {processor.py:830} INFO - Processing file /home/airflow/.local/lib/python3.12/site-packages/airflow/example_dags/example_task_group_decorator.py for tasks to queue
[2024-05-18T22:50:53.015+0000] {logging_mixin.py:188} INFO - [2024-05-18T22:50:53.013+0000] {dagbag.py:545} INFO - Filling up the DagBag from /home/airflow/.local/lib/python3.12/site-packages/airflow/example_dags/example_task_group_decorator.py
[2024-05-18T22:50:53.097+0000] {processor.py:840} INFO - DAG(s) 'example_task_group_decorator' retrieved from /home/airflow/.local/lib/python3.12/site-packages/airflow/example_dags/example_task_group_decorator.py
[2024-05-18T22:50:53.192+0000] {logging_mixin.py:188} INFO - [2024-05-18T22:50:53.191+0000] {dag.py:3096} INFO - Sync 1 DAGs
[2024-05-18T22:50:53.271+0000] {logging_mixin.py:188} INFO - [2024-05-18T22:50:53.270+0000] {dag.py:3954} INFO - Setting next_dagrun for example_task_group_decorator to 2024-05-17 00:00:00+00:00, run_after=2024-05-18 00:00:00+00:00
[2024-05-18T22:50:53.339+0000] {processor.py:183} INFO - Processing /home/airflow/.local/lib/python3.12/site-packages/airflow/example_dags/example_task_group_decorator.py took 0.365 seconds
[2024-05-18T22:51:23.475+0000] {processor.py:161} INFO - Started process (PID=1030) to work on /home/airflow/.local/lib/python3.12/site-packages/airflow/example_dags/example_task_group_decorator.py
[2024-05-18T22:51:23.478+0000] {processor.py:830} INFO - Processing file /home/airflow/.local/lib/python3.12/site-packages/airflow/example_dags/example_task_group_decorator.py for tasks to queue
[2024-05-18T22:51:23.482+0000] {logging_mixin.py:188} INFO - [2024-05-18T22:51:23.481+0000] {dagbag.py:545} INFO - Filling up the DagBag from /home/airflow/.local/lib/python3.12/site-packages/airflow/example_dags/example_task_group_decorator.py
[2024-05-18T22:51:23.511+0000] {processor.py:840} INFO - DAG(s) 'example_task_group_decorator' retrieved from /home/airflow/.local/lib/python3.12/site-packages/airflow/example_dags/example_task_group_decorator.py
[2024-05-18T22:51:23.560+0000] {logging_mixin.py:188} INFO - [2024-05-18T22:51:23.559+0000] {dag.py:3096} INFO - Sync 1 DAGs
[2024-05-18T22:51:23.604+0000] {logging_mixin.py:188} INFO - [2024-05-18T22:51:23.603+0000] {dag.py:3954} INFO - Setting next_dagrun for example_task_group_decorator to 2024-05-17 00:00:00+00:00, run_after=2024-05-18 00:00:00+00:00
[2024-05-18T22:51:23.640+0000] {processor.py:183} INFO - Processing /home/airflow/.local/lib/python3.12/site-packages/airflow/example_dags/example_task_group_decorator.py took 0.177 seconds
[2024-05-18T22:51:54.174+0000] {processor.py:161} INFO - Started process (PID=1090) to work on /home/airflow/.local/lib/python3.12/site-packages/airflow/example_dags/example_task_group_decorator.py
[2024-05-18T22:51:54.175+0000] {processor.py:830} INFO - Processing file /home/airflow/.local/lib/python3.12/site-packages/airflow/example_dags/example_task_group_decorator.py for tasks to queue
[2024-05-18T22:51:54.178+0000] {logging_mixin.py:188} INFO - [2024-05-18T22:51:54.177+0000] {dagbag.py:545} INFO - Filling up the DagBag from /home/airflow/.local/lib/python3.12/site-packages/airflow/example_dags/example_task_group_decorator.py
[2024-05-18T22:51:54.196+0000] {processor.py:840} INFO - DAG(s) 'example_task_group_decorator' retrieved from /home/airflow/.local/lib/python3.12/site-packages/airflow/example_dags/example_task_group_decorator.py
[2024-05-18T22:51:54.236+0000] {logging_mixin.py:188} INFO - [2024-05-18T22:51:54.236+0000] {dag.py:3096} INFO - Sync 1 DAGs
[2024-05-18T22:51:54.268+0000] {logging_mixin.py:188} INFO - [2024-05-18T22:51:54.268+0000] {dag.py:3954} INFO - Setting next_dagrun for example_task_group_decorator to 2024-05-17 00:00:00+00:00, run_after=2024-05-18 00:00:00+00:00
[2024-05-18T22:51:54.298+0000] {processor.py:183} INFO - Processing /home/airflow/.local/lib/python3.12/site-packages/airflow/example_dags/example_task_group_decorator.py took 0.130 seconds
[2024-05-18T22:52:25.137+0000] {processor.py:161} INFO - Started process (PID=1150) to work on /home/airflow/.local/lib/python3.12/site-packages/airflow/example_dags/example_task_group_decorator.py
[2024-05-18T22:52:25.140+0000] {processor.py:830} INFO - Processing file /home/airflow/.local/lib/python3.12/site-packages/airflow/example_dags/example_task_group_decorator.py for tasks to queue
[2024-05-18T22:52:25.145+0000] {logging_mixin.py:188} INFO - [2024-05-18T22:52:25.144+0000] {dagbag.py:545} INFO - Filling up the DagBag from /home/airflow/.local/lib/python3.12/site-packages/airflow/example_dags/example_task_group_decorator.py
[2024-05-18T22:52:25.183+0000] {processor.py:840} INFO - DAG(s) 'example_task_group_decorator' retrieved from /home/airflow/.local/lib/python3.12/site-packages/airflow/example_dags/example_task_group_decorator.py
[2024-05-18T22:52:25.232+0000] {logging_mixin.py:188} INFO - [2024-05-18T22:52:25.232+0000] {dag.py:3096} INFO - Sync 1 DAGs
[2024-05-18T22:52:25.272+0000] {logging_mixin.py:188} INFO - [2024-05-18T22:52:25.271+0000] {dag.py:3954} INFO - Setting next_dagrun for example_task_group_decorator to 2024-05-17 00:00:00+00:00, run_after=2024-05-18 00:00:00+00:00
[2024-05-18T22:52:25.311+0000] {processor.py:183} INFO - Processing /home/airflow/.local/lib/python3.12/site-packages/airflow/example_dags/example_task_group_decorator.py took 0.187 seconds
