[2024-05-18T22:43:01.908+0000] {processor.py:161} INFO - Started process (PID=74) to work on /home/airflow/.local/lib/python3.12/site-packages/airflow/example_dags/example_python_decorator.py
[2024-05-18T22:43:01.911+0000] {processor.py:830} INFO - Processing file /home/airflow/.local/lib/python3.12/site-packages/airflow/example_dags/example_python_decorator.py for tasks to queue
[2024-05-18T22:43:01.916+0000] {logging_mixin.py:188} INFO - [2024-05-18T22:43:01.915+0000] {dagbag.py:545} INFO - Filling up the DagBag from /home/airflow/.local/lib/python3.12/site-packages/airflow/example_dags/example_python_decorator.py
[2024-05-18T22:43:01.961+0000] {processor.py:840} INFO - DAG(s) 'example_python_decorator' retrieved from /home/airflow/.local/lib/python3.12/site-packages/airflow/example_dags/example_python_decorator.py
[2024-05-18T22:43:02.266+0000] {logging_mixin.py:188} INFO - [2024-05-18T22:43:02.264+0000] {override.py:1829} INFO - Created Permission View: can read on DAG:example_python_decorator
[2024-05-18T22:43:02.297+0000] {logging_mixin.py:188} INFO - [2024-05-18T22:43:02.296+0000] {override.py:1829} INFO - Created Permission View: can edit on DAG:example_python_decorator
[2024-05-18T22:43:02.318+0000] {logging_mixin.py:188} INFO - [2024-05-18T22:43:02.317+0000] {override.py:1829} INFO - Created Permission View: can delete on DAG:example_python_decorator
[2024-05-18T22:43:02.320+0000] {logging_mixin.py:188} INFO - [2024-05-18T22:43:02.320+0000] {dag.py:3096} INFO - Sync 1 DAGs
[2024-05-18T22:43:02.354+0000] {logging_mixin.py:188} INFO - [2024-05-18T22:43:02.353+0000] {dag.py:3118} INFO - Creating ORM DAG for example_python_decorator
[2024-05-18T22:43:02.357+0000] {logging_mixin.py:188} INFO - [2024-05-18T22:43:02.356+0000] {dag.py:3954} INFO - Setting next_dagrun for example_python_decorator to None, run_after=None
[2024-05-18T22:43:02.413+0000] {processor.py:183} INFO - Processing /home/airflow/.local/lib/python3.12/site-packages/airflow/example_dags/example_python_decorator.py took 0.522 seconds
[2024-05-18T22:43:35.104+0000] {processor.py:161} INFO - Started process (PID=134) to work on /home/airflow/.local/lib/python3.12/site-packages/airflow/example_dags/example_python_decorator.py
[2024-05-18T22:43:35.107+0000] {processor.py:830} INFO - Processing file /home/airflow/.local/lib/python3.12/site-packages/airflow/example_dags/example_python_decorator.py for tasks to queue
[2024-05-18T22:43:35.113+0000] {logging_mixin.py:188} INFO - [2024-05-18T22:43:35.112+0000] {dagbag.py:545} INFO - Filling up the DagBag from /home/airflow/.local/lib/python3.12/site-packages/airflow/example_dags/example_python_decorator.py
[2024-05-18T22:43:35.165+0000] {processor.py:840} INFO - DAG(s) 'example_python_decorator' retrieved from /home/airflow/.local/lib/python3.12/site-packages/airflow/example_dags/example_python_decorator.py
[2024-05-18T22:43:35.250+0000] {logging_mixin.py:188} INFO - [2024-05-18T22:43:35.249+0000] {dag.py:3096} INFO - Sync 1 DAGs
[2024-05-18T22:43:35.302+0000] {logging_mixin.py:188} INFO - [2024-05-18T22:43:35.301+0000] {dag.py:3954} INFO - Setting next_dagrun for example_python_decorator to None, run_after=None
[2024-05-18T22:43:35.369+0000] {processor.py:183} INFO - Processing /home/airflow/.local/lib/python3.12/site-packages/airflow/example_dags/example_python_decorator.py took 0.282 seconds
[2024-05-18T22:44:06.371+0000] {processor.py:161} INFO - Started process (PID=195) to work on /home/airflow/.local/lib/python3.12/site-packages/airflow/example_dags/example_python_decorator.py
[2024-05-18T22:44:06.374+0000] {processor.py:830} INFO - Processing file /home/airflow/.local/lib/python3.12/site-packages/airflow/example_dags/example_python_decorator.py for tasks to queue
[2024-05-18T22:44:06.379+0000] {logging_mixin.py:188} INFO - [2024-05-18T22:44:06.378+0000] {dagbag.py:545} INFO - Filling up the DagBag from /home/airflow/.local/lib/python3.12/site-packages/airflow/example_dags/example_python_decorator.py
[2024-05-18T22:44:06.415+0000] {processor.py:840} INFO - DAG(s) 'example_python_decorator' retrieved from /home/airflow/.local/lib/python3.12/site-packages/airflow/example_dags/example_python_decorator.py
[2024-05-18T22:44:06.480+0000] {logging_mixin.py:188} INFO - [2024-05-18T22:44:06.480+0000] {dag.py:3096} INFO - Sync 1 DAGs
[2024-05-18T22:44:06.517+0000] {logging_mixin.py:188} INFO - [2024-05-18T22:44:06.516+0000] {dag.py:3954} INFO - Setting next_dagrun for example_python_decorator to None, run_after=None
[2024-05-18T22:44:06.595+0000] {processor.py:183} INFO - Processing /home/airflow/.local/lib/python3.12/site-packages/airflow/example_dags/example_python_decorator.py took 0.237 seconds
[2024-05-18T22:44:37.287+0000] {processor.py:161} INFO - Started process (PID=255) to work on /home/airflow/.local/lib/python3.12/site-packages/airflow/example_dags/example_python_decorator.py
[2024-05-18T22:44:37.289+0000] {processor.py:830} INFO - Processing file /home/airflow/.local/lib/python3.12/site-packages/airflow/example_dags/example_python_decorator.py for tasks to queue
[2024-05-18T22:44:37.292+0000] {logging_mixin.py:188} INFO - [2024-05-18T22:44:37.291+0000] {dagbag.py:545} INFO - Filling up the DagBag from /home/airflow/.local/lib/python3.12/site-packages/airflow/example_dags/example_python_decorator.py
[2024-05-18T22:44:37.310+0000] {processor.py:840} INFO - DAG(s) 'example_python_decorator' retrieved from /home/airflow/.local/lib/python3.12/site-packages/airflow/example_dags/example_python_decorator.py
[2024-05-18T22:44:37.346+0000] {logging_mixin.py:188} INFO - [2024-05-18T22:44:37.346+0000] {dag.py:3096} INFO - Sync 1 DAGs
[2024-05-18T22:44:37.365+0000] {logging_mixin.py:188} INFO - [2024-05-18T22:44:37.365+0000] {dag.py:3954} INFO - Setting next_dagrun for example_python_decorator to None, run_after=None
[2024-05-18T22:44:37.403+0000] {processor.py:183} INFO - Processing /home/airflow/.local/lib/python3.12/site-packages/airflow/example_dags/example_python_decorator.py took 0.124 seconds
[2024-05-18T22:45:08.710+0000] {processor.py:161} INFO - Started process (PID=315) to work on /home/airflow/.local/lib/python3.12/site-packages/airflow/example_dags/example_python_decorator.py
[2024-05-18T22:45:08.712+0000] {processor.py:830} INFO - Processing file /home/airflow/.local/lib/python3.12/site-packages/airflow/example_dags/example_python_decorator.py for tasks to queue
[2024-05-18T22:45:08.714+0000] {logging_mixin.py:188} INFO - [2024-05-18T22:45:08.714+0000] {dagbag.py:545} INFO - Filling up the DagBag from /home/airflow/.local/lib/python3.12/site-packages/airflow/example_dags/example_python_decorator.py
[2024-05-18T22:45:08.730+0000] {processor.py:840} INFO - DAG(s) 'example_python_decorator' retrieved from /home/airflow/.local/lib/python3.12/site-packages/airflow/example_dags/example_python_decorator.py
[2024-05-18T22:45:08.765+0000] {logging_mixin.py:188} INFO - [2024-05-18T22:45:08.764+0000] {dag.py:3096} INFO - Sync 1 DAGs
[2024-05-18T22:45:08.787+0000] {logging_mixin.py:188} INFO - [2024-05-18T22:45:08.787+0000] {dag.py:3954} INFO - Setting next_dagrun for example_python_decorator to None, run_after=None
[2024-05-18T22:45:08.820+0000] {processor.py:183} INFO - Processing /home/airflow/.local/lib/python3.12/site-packages/airflow/example_dags/example_python_decorator.py took 0.117 seconds
[2024-05-18T22:45:40.088+0000] {processor.py:161} INFO - Started process (PID=375) to work on /home/airflow/.local/lib/python3.12/site-packages/airflow/example_dags/example_python_decorator.py
[2024-05-18T22:45:40.091+0000] {processor.py:830} INFO - Processing file /home/airflow/.local/lib/python3.12/site-packages/airflow/example_dags/example_python_decorator.py for tasks to queue
[2024-05-18T22:45:40.095+0000] {logging_mixin.py:188} INFO - [2024-05-18T22:45:40.094+0000] {dagbag.py:545} INFO - Filling up the DagBag from /home/airflow/.local/lib/python3.12/site-packages/airflow/example_dags/example_python_decorator.py
[2024-05-18T22:45:40.124+0000] {processor.py:840} INFO - DAG(s) 'example_python_decorator' retrieved from /home/airflow/.local/lib/python3.12/site-packages/airflow/example_dags/example_python_decorator.py
[2024-05-18T22:45:40.177+0000] {logging_mixin.py:188} INFO - [2024-05-18T22:45:40.176+0000] {dag.py:3096} INFO - Sync 1 DAGs
[2024-05-18T22:45:40.209+0000] {logging_mixin.py:188} INFO - [2024-05-18T22:45:40.209+0000] {dag.py:3954} INFO - Setting next_dagrun for example_python_decorator to None, run_after=None
[2024-05-18T22:45:40.250+0000] {processor.py:183} INFO - Processing /home/airflow/.local/lib/python3.12/site-packages/airflow/example_dags/example_python_decorator.py took 0.174 seconds
[2024-05-18T22:46:10.543+0000] {processor.py:161} INFO - Started process (PID=435) to work on /home/airflow/.local/lib/python3.12/site-packages/airflow/example_dags/example_python_decorator.py
[2024-05-18T22:46:10.544+0000] {processor.py:830} INFO - Processing file /home/airflow/.local/lib/python3.12/site-packages/airflow/example_dags/example_python_decorator.py for tasks to queue
[2024-05-18T22:46:10.547+0000] {logging_mixin.py:188} INFO - [2024-05-18T22:46:10.547+0000] {dagbag.py:545} INFO - Filling up the DagBag from /home/airflow/.local/lib/python3.12/site-packages/airflow/example_dags/example_python_decorator.py
[2024-05-18T22:46:10.568+0000] {processor.py:840} INFO - DAG(s) 'example_python_decorator' retrieved from /home/airflow/.local/lib/python3.12/site-packages/airflow/example_dags/example_python_decorator.py
[2024-05-18T22:46:10.609+0000] {logging_mixin.py:188} INFO - [2024-05-18T22:46:10.608+0000] {dag.py:3096} INFO - Sync 1 DAGs
[2024-05-18T22:46:10.628+0000] {logging_mixin.py:188} INFO - [2024-05-18T22:46:10.628+0000] {dag.py:3954} INFO - Setting next_dagrun for example_python_decorator to None, run_after=None
[2024-05-18T22:46:10.663+0000] {processor.py:183} INFO - Processing /home/airflow/.local/lib/python3.12/site-packages/airflow/example_dags/example_python_decorator.py took 0.127 seconds
[2024-05-18T22:46:41.018+0000] {processor.py:161} INFO - Started process (PID=493) to work on /home/airflow/.local/lib/python3.12/site-packages/airflow/example_dags/example_python_decorator.py
[2024-05-18T22:46:41.019+0000] {processor.py:830} INFO - Processing file /home/airflow/.local/lib/python3.12/site-packages/airflow/example_dags/example_python_decorator.py for tasks to queue
[2024-05-18T22:46:41.023+0000] {logging_mixin.py:188} INFO - [2024-05-18T22:46:41.022+0000] {dagbag.py:545} INFO - Filling up the DagBag from /home/airflow/.local/lib/python3.12/site-packages/airflow/example_dags/example_python_decorator.py
[2024-05-18T22:46:41.042+0000] {processor.py:840} INFO - DAG(s) 'example_python_decorator' retrieved from /home/airflow/.local/lib/python3.12/site-packages/airflow/example_dags/example_python_decorator.py
[2024-05-18T22:46:41.112+0000] {logging_mixin.py:188} INFO - [2024-05-18T22:46:41.111+0000] {dag.py:3096} INFO - Sync 1 DAGs
[2024-05-18T22:46:41.149+0000] {logging_mixin.py:188} INFO - [2024-05-18T22:46:41.148+0000] {dag.py:3954} INFO - Setting next_dagrun for example_python_decorator to None, run_after=None
[2024-05-18T22:46:41.206+0000] {processor.py:183} INFO - Processing /home/airflow/.local/lib/python3.12/site-packages/airflow/example_dags/example_python_decorator.py took 0.196 seconds
[2024-05-18T22:47:12.051+0000] {processor.py:161} INFO - Started process (PID=553) to work on /home/airflow/.local/lib/python3.12/site-packages/airflow/example_dags/example_python_decorator.py
[2024-05-18T22:47:12.052+0000] {processor.py:830} INFO - Processing file /home/airflow/.local/lib/python3.12/site-packages/airflow/example_dags/example_python_decorator.py for tasks to queue
[2024-05-18T22:47:12.056+0000] {logging_mixin.py:188} INFO - [2024-05-18T22:47:12.055+0000] {dagbag.py:545} INFO - Filling up the DagBag from /home/airflow/.local/lib/python3.12/site-packages/airflow/example_dags/example_python_decorator.py
[2024-05-18T22:47:12.085+0000] {processor.py:840} INFO - DAG(s) 'example_python_decorator' retrieved from /home/airflow/.local/lib/python3.12/site-packages/airflow/example_dags/example_python_decorator.py
[2024-05-18T22:47:12.126+0000] {logging_mixin.py:188} INFO - [2024-05-18T22:47:12.126+0000] {dag.py:3096} INFO - Sync 1 DAGs
[2024-05-18T22:47:12.152+0000] {logging_mixin.py:188} INFO - [2024-05-18T22:47:12.151+0000] {dag.py:3954} INFO - Setting next_dagrun for example_python_decorator to None, run_after=None
[2024-05-18T22:47:12.199+0000] {processor.py:183} INFO - Processing /home/airflow/.local/lib/python3.12/site-packages/airflow/example_dags/example_python_decorator.py took 0.161 seconds
[2024-05-18T22:47:43.075+0000] {processor.py:161} INFO - Started process (PID=613) to work on /home/airflow/.local/lib/python3.12/site-packages/airflow/example_dags/example_python_decorator.py
[2024-05-18T22:47:43.077+0000] {processor.py:830} INFO - Processing file /home/airflow/.local/lib/python3.12/site-packages/airflow/example_dags/example_python_decorator.py for tasks to queue
[2024-05-18T22:47:43.081+0000] {logging_mixin.py:188} INFO - [2024-05-18T22:47:43.080+0000] {dagbag.py:545} INFO - Filling up the DagBag from /home/airflow/.local/lib/python3.12/site-packages/airflow/example_dags/example_python_decorator.py
[2024-05-18T22:47:43.109+0000] {processor.py:840} INFO - DAG(s) 'example_python_decorator' retrieved from /home/airflow/.local/lib/python3.12/site-packages/airflow/example_dags/example_python_decorator.py
[2024-05-18T22:47:43.163+0000] {logging_mixin.py:188} INFO - [2024-05-18T22:47:43.162+0000] {dag.py:3096} INFO - Sync 1 DAGs
[2024-05-18T22:47:43.200+0000] {logging_mixin.py:188} INFO - [2024-05-18T22:47:43.199+0000] {dag.py:3954} INFO - Setting next_dagrun for example_python_decorator to None, run_after=None
[2024-05-18T22:47:43.248+0000] {processor.py:183} INFO - Processing /home/airflow/.local/lib/python3.12/site-packages/airflow/example_dags/example_python_decorator.py took 0.184 seconds
[2024-05-18T22:48:18.244+0000] {processor.py:161} INFO - Started process (PID=679) to work on /home/airflow/.local/lib/python3.12/site-packages/airflow/example_dags/example_python_decorator.py
[2024-05-18T22:48:18.255+0000] {processor.py:830} INFO - Processing file /home/airflow/.local/lib/python3.12/site-packages/airflow/example_dags/example_python_decorator.py for tasks to queue
[2024-05-18T22:48:18.260+0000] {logging_mixin.py:188} INFO - [2024-05-18T22:48:18.259+0000] {dagbag.py:545} INFO - Filling up the DagBag from /home/airflow/.local/lib/python3.12/site-packages/airflow/example_dags/example_python_decorator.py
[2024-05-18T22:48:18.318+0000] {processor.py:840} INFO - DAG(s) 'example_python_decorator' retrieved from /home/airflow/.local/lib/python3.12/site-packages/airflow/example_dags/example_python_decorator.py
[2024-05-18T22:48:18.399+0000] {logging_mixin.py:188} INFO - [2024-05-18T22:48:18.397+0000] {dag.py:3096} INFO - Sync 1 DAGs
[2024-05-18T22:48:18.447+0000] {logging_mixin.py:188} INFO - [2024-05-18T22:48:18.446+0000] {dag.py:3954} INFO - Setting next_dagrun for example_python_decorator to None, run_after=None
[2024-05-18T22:48:19.083+0000] {processor.py:183} INFO - Processing /home/airflow/.local/lib/python3.12/site-packages/airflow/example_dags/example_python_decorator.py took 0.855 seconds
[2024-05-18T22:48:52.424+0000] {processor.py:161} INFO - Started process (PID=739) to work on /home/airflow/.local/lib/python3.12/site-packages/airflow/example_dags/example_python_decorator.py
[2024-05-18T22:48:52.427+0000] {processor.py:830} INFO - Processing file /home/airflow/.local/lib/python3.12/site-packages/airflow/example_dags/example_python_decorator.py for tasks to queue
[2024-05-18T22:48:52.432+0000] {logging_mixin.py:188} INFO - [2024-05-18T22:48:52.431+0000] {dagbag.py:545} INFO - Filling up the DagBag from /home/airflow/.local/lib/python3.12/site-packages/airflow/example_dags/example_python_decorator.py
[2024-05-18T22:48:52.462+0000] {processor.py:840} INFO - DAG(s) 'example_python_decorator' retrieved from /home/airflow/.local/lib/python3.12/site-packages/airflow/example_dags/example_python_decorator.py
[2024-05-18T22:48:52.512+0000] {logging_mixin.py:188} INFO - [2024-05-18T22:48:52.511+0000] {dag.py:3096} INFO - Sync 1 DAGs
[2024-05-18T22:48:52.545+0000] {logging_mixin.py:188} INFO - [2024-05-18T22:48:52.545+0000] {dag.py:3954} INFO - Setting next_dagrun for example_python_decorator to None, run_after=None
[2024-05-18T22:48:52.593+0000] {processor.py:183} INFO - Processing /home/airflow/.local/lib/python3.12/site-packages/airflow/example_dags/example_python_decorator.py took 0.185 seconds
[2024-05-18T22:49:23.125+0000] {processor.py:161} INFO - Started process (PID=799) to work on /home/airflow/.local/lib/python3.12/site-packages/airflow/example_dags/example_python_decorator.py
[2024-05-18T22:49:23.127+0000] {processor.py:830} INFO - Processing file /home/airflow/.local/lib/python3.12/site-packages/airflow/example_dags/example_python_decorator.py for tasks to queue
[2024-05-18T22:49:23.131+0000] {logging_mixin.py:188} INFO - [2024-05-18T22:49:23.130+0000] {dagbag.py:545} INFO - Filling up the DagBag from /home/airflow/.local/lib/python3.12/site-packages/airflow/example_dags/example_python_decorator.py
[2024-05-18T22:49:23.162+0000] {processor.py:840} INFO - DAG(s) 'example_python_decorator' retrieved from /home/airflow/.local/lib/python3.12/site-packages/airflow/example_dags/example_python_decorator.py
[2024-05-18T22:49:23.204+0000] {logging_mixin.py:188} INFO - [2024-05-18T22:49:23.204+0000] {dag.py:3096} INFO - Sync 1 DAGs
[2024-05-18T22:49:23.231+0000] {logging_mixin.py:188} INFO - [2024-05-18T22:49:23.231+0000] {dag.py:3954} INFO - Setting next_dagrun for example_python_decorator to None, run_after=None
[2024-05-18T22:49:23.276+0000] {processor.py:183} INFO - Processing /home/airflow/.local/lib/python3.12/site-packages/airflow/example_dags/example_python_decorator.py took 0.161 seconds
[2024-05-18T22:49:53.739+0000] {processor.py:161} INFO - Started process (PID=859) to work on /home/airflow/.local/lib/python3.12/site-packages/airflow/example_dags/example_python_decorator.py
[2024-05-18T22:49:53.741+0000] {processor.py:830} INFO - Processing file /home/airflow/.local/lib/python3.12/site-packages/airflow/example_dags/example_python_decorator.py for tasks to queue
[2024-05-18T22:49:53.745+0000] {logging_mixin.py:188} INFO - [2024-05-18T22:49:53.744+0000] {dagbag.py:545} INFO - Filling up the DagBag from /home/airflow/.local/lib/python3.12/site-packages/airflow/example_dags/example_python_decorator.py
[2024-05-18T22:49:53.768+0000] {processor.py:840} INFO - DAG(s) 'example_python_decorator' retrieved from /home/airflow/.local/lib/python3.12/site-packages/airflow/example_dags/example_python_decorator.py
[2024-05-18T22:49:53.803+0000] {logging_mixin.py:188} INFO - [2024-05-18T22:49:53.803+0000] {dag.py:3096} INFO - Sync 1 DAGs
[2024-05-18T22:49:53.823+0000] {logging_mixin.py:188} INFO - [2024-05-18T22:49:53.823+0000] {dag.py:3954} INFO - Setting next_dagrun for example_python_decorator to None, run_after=None
[2024-05-18T22:49:53.860+0000] {processor.py:183} INFO - Processing /home/airflow/.local/lib/python3.12/site-packages/airflow/example_dags/example_python_decorator.py took 0.130 seconds
[2024-05-18T22:50:24.086+0000] {processor.py:161} INFO - Started process (PID=919) to work on /home/airflow/.local/lib/python3.12/site-packages/airflow/example_dags/example_python_decorator.py
[2024-05-18T22:50:24.088+0000] {processor.py:830} INFO - Processing file /home/airflow/.local/lib/python3.12/site-packages/airflow/example_dags/example_python_decorator.py for tasks to queue
[2024-05-18T22:50:24.093+0000] {logging_mixin.py:188} INFO - [2024-05-18T22:50:24.091+0000] {dagbag.py:545} INFO - Filling up the DagBag from /home/airflow/.local/lib/python3.12/site-packages/airflow/example_dags/example_python_decorator.py
[2024-05-18T22:50:24.115+0000] {processor.py:840} INFO - DAG(s) 'example_python_decorator' retrieved from /home/airflow/.local/lib/python3.12/site-packages/airflow/example_dags/example_python_decorator.py
[2024-05-18T22:50:24.168+0000] {logging_mixin.py:188} INFO - [2024-05-18T22:50:24.168+0000] {dag.py:3096} INFO - Sync 1 DAGs
[2024-05-18T22:50:24.200+0000] {logging_mixin.py:188} INFO - [2024-05-18T22:50:24.200+0000] {dag.py:3954} INFO - Setting next_dagrun for example_python_decorator to None, run_after=None
[2024-05-18T22:50:24.258+0000] {processor.py:183} INFO - Processing /home/airflow/.local/lib/python3.12/site-packages/airflow/example_dags/example_python_decorator.py took 0.182 seconds
[2024-05-18T22:50:57.983+0000] {processor.py:161} INFO - Started process (PID=980) to work on /home/airflow/.local/lib/python3.12/site-packages/airflow/example_dags/example_python_decorator.py
[2024-05-18T22:50:57.986+0000] {processor.py:830} INFO - Processing file /home/airflow/.local/lib/python3.12/site-packages/airflow/example_dags/example_python_decorator.py for tasks to queue
[2024-05-18T22:50:58.002+0000] {logging_mixin.py:188} INFO - [2024-05-18T22:50:58.001+0000] {dagbag.py:545} INFO - Filling up the DagBag from /home/airflow/.local/lib/python3.12/site-packages/airflow/example_dags/example_python_decorator.py
[2024-05-18T22:50:58.130+0000] {processor.py:840} INFO - DAG(s) 'example_python_decorator' retrieved from /home/airflow/.local/lib/python3.12/site-packages/airflow/example_dags/example_python_decorator.py
[2024-05-18T22:50:58.303+0000] {logging_mixin.py:188} INFO - [2024-05-18T22:50:58.302+0000] {dag.py:3096} INFO - Sync 1 DAGs
[2024-05-18T22:50:58.437+0000] {logging_mixin.py:188} INFO - [2024-05-18T22:50:58.436+0000] {dag.py:3954} INFO - Setting next_dagrun for example_python_decorator to None, run_after=None
[2024-05-18T22:50:58.580+0000] {processor.py:183} INFO - Processing /home/airflow/.local/lib/python3.12/site-packages/airflow/example_dags/example_python_decorator.py took 0.653 seconds
[2024-05-18T22:51:28.733+0000] {processor.py:161} INFO - Started process (PID=1040) to work on /home/airflow/.local/lib/python3.12/site-packages/airflow/example_dags/example_python_decorator.py
[2024-05-18T22:51:28.735+0000] {processor.py:830} INFO - Processing file /home/airflow/.local/lib/python3.12/site-packages/airflow/example_dags/example_python_decorator.py for tasks to queue
[2024-05-18T22:51:28.740+0000] {logging_mixin.py:188} INFO - [2024-05-18T22:51:28.740+0000] {dagbag.py:545} INFO - Filling up the DagBag from /home/airflow/.local/lib/python3.12/site-packages/airflow/example_dags/example_python_decorator.py
[2024-05-18T22:51:28.772+0000] {processor.py:840} INFO - DAG(s) 'example_python_decorator' retrieved from /home/airflow/.local/lib/python3.12/site-packages/airflow/example_dags/example_python_decorator.py
[2024-05-18T22:51:28.843+0000] {logging_mixin.py:188} INFO - [2024-05-18T22:51:28.842+0000] {dag.py:3096} INFO - Sync 1 DAGs
[2024-05-18T22:51:28.876+0000] {logging_mixin.py:188} INFO - [2024-05-18T22:51:28.875+0000] {dag.py:3954} INFO - Setting next_dagrun for example_python_decorator to None, run_after=None
[2024-05-18T22:51:28.923+0000] {processor.py:183} INFO - Processing /home/airflow/.local/lib/python3.12/site-packages/airflow/example_dags/example_python_decorator.py took 0.207 seconds
[2024-05-18T22:51:59.076+0000] {processor.py:161} INFO - Started process (PID=1100) to work on /home/airflow/.local/lib/python3.12/site-packages/airflow/example_dags/example_python_decorator.py
[2024-05-18T22:51:59.077+0000] {processor.py:830} INFO - Processing file /home/airflow/.local/lib/python3.12/site-packages/airflow/example_dags/example_python_decorator.py for tasks to queue
[2024-05-18T22:51:59.080+0000] {logging_mixin.py:188} INFO - [2024-05-18T22:51:59.079+0000] {dagbag.py:545} INFO - Filling up the DagBag from /home/airflow/.local/lib/python3.12/site-packages/airflow/example_dags/example_python_decorator.py
[2024-05-18T22:51:59.102+0000] {processor.py:840} INFO - DAG(s) 'example_python_decorator' retrieved from /home/airflow/.local/lib/python3.12/site-packages/airflow/example_dags/example_python_decorator.py
[2024-05-18T22:51:59.135+0000] {logging_mixin.py:188} INFO - [2024-05-18T22:51:59.135+0000] {dag.py:3096} INFO - Sync 1 DAGs
[2024-05-18T22:51:59.153+0000] {logging_mixin.py:188} INFO - [2024-05-18T22:51:59.153+0000] {dag.py:3954} INFO - Setting next_dagrun for example_python_decorator to None, run_after=None
[2024-05-18T22:51:59.181+0000] {processor.py:183} INFO - Processing /home/airflow/.local/lib/python3.12/site-packages/airflow/example_dags/example_python_decorator.py took 0.113 seconds
[2024-05-18T22:52:29.614+0000] {processor.py:161} INFO - Started process (PID=1160) to work on /home/airflow/.local/lib/python3.12/site-packages/airflow/example_dags/example_python_decorator.py
[2024-05-18T22:52:29.617+0000] {processor.py:830} INFO - Processing file /home/airflow/.local/lib/python3.12/site-packages/airflow/example_dags/example_python_decorator.py for tasks to queue
[2024-05-18T22:52:29.622+0000] {logging_mixin.py:188} INFO - [2024-05-18T22:52:29.621+0000] {dagbag.py:545} INFO - Filling up the DagBag from /home/airflow/.local/lib/python3.12/site-packages/airflow/example_dags/example_python_decorator.py
[2024-05-18T22:52:29.676+0000] {processor.py:840} INFO - DAG(s) 'example_python_decorator' retrieved from /home/airflow/.local/lib/python3.12/site-packages/airflow/example_dags/example_python_decorator.py
[2024-05-18T22:52:29.743+0000] {logging_mixin.py:188} INFO - [2024-05-18T22:52:29.742+0000] {dag.py:3096} INFO - Sync 1 DAGs
[2024-05-18T22:52:29.779+0000] {logging_mixin.py:188} INFO - [2024-05-18T22:52:29.778+0000] {dag.py:3954} INFO - Setting next_dagrun for example_python_decorator to None, run_after=None
[2024-05-18T22:52:29.818+0000] {processor.py:183} INFO - Processing /home/airflow/.local/lib/python3.12/site-packages/airflow/example_dags/example_python_decorator.py took 0.224 seconds
