[2024-05-18T22:42:55.081+0000] {processor.py:161} INFO - Started process (PID=66) to work on /home/airflow/.local/lib/python3.12/site-packages/airflow/example_dags/example_params_ui_tutorial.py
[2024-05-18T22:42:55.084+0000] {processor.py:830} INFO - Processing file /home/airflow/.local/lib/python3.12/site-packages/airflow/example_dags/example_params_ui_tutorial.py for tasks to queue
[2024-05-18T22:42:55.089+0000] {logging_mixin.py:188} INFO - [2024-05-18T22:42:55.089+0000] {dagbag.py:545} INFO - Filling up the DagBag from /home/airflow/.local/lib/python3.12/site-packages/airflow/example_dags/example_params_ui_tutorial.py
[2024-05-18T22:42:55.136+0000] {processor.py:840} INFO - DAG(s) 'example_params_ui_tutorial' retrieved from /home/airflow/.local/lib/python3.12/site-packages/airflow/example_dags/example_params_ui_tutorial.py
[2024-05-18T22:42:57.674+0000] {logging_mixin.py:188} INFO - [2024-05-18T22:42:57.672+0000] {override.py:1829} INFO - Created Permission View: can read on DAG:example_params_ui_tutorial
[2024-05-18T22:42:57.719+0000] {logging_mixin.py:188} INFO - [2024-05-18T22:42:57.718+0000] {override.py:1829} INFO - Created Permission View: can edit on DAG:example_params_ui_tutorial
[2024-05-18T22:42:57.745+0000] {logging_mixin.py:188} INFO - [2024-05-18T22:42:57.744+0000] {override.py:1829} INFO - Created Permission View: can delete on DAG:example_params_ui_tutorial
[2024-05-18T22:42:57.748+0000] {logging_mixin.py:188} INFO - [2024-05-18T22:42:57.747+0000] {dag.py:3096} INFO - Sync 1 DAGs
[2024-05-18T22:42:57.810+0000] {logging_mixin.py:188} INFO - [2024-05-18T22:42:57.809+0000] {dag.py:3118} INFO - Creating ORM DAG for example_params_ui_tutorial
[2024-05-18T22:42:57.813+0000] {logging_mixin.py:188} INFO - [2024-05-18T22:42:57.812+0000] {dag.py:3954} INFO - Setting next_dagrun for example_params_ui_tutorial to None, run_after=None
[2024-05-18T22:42:57.914+0000] {processor.py:183} INFO - Processing /home/airflow/.local/lib/python3.12/site-packages/airflow/example_dags/example_params_ui_tutorial.py took 2.865 seconds
[2024-05-18T22:43:32.588+0000] {processor.py:161} INFO - Started process (PID=126) to work on /home/airflow/.local/lib/python3.12/site-packages/airflow/example_dags/example_params_ui_tutorial.py
[2024-05-18T22:43:32.590+0000] {processor.py:830} INFO - Processing file /home/airflow/.local/lib/python3.12/site-packages/airflow/example_dags/example_params_ui_tutorial.py for tasks to queue
[2024-05-18T22:43:32.594+0000] {logging_mixin.py:188} INFO - [2024-05-18T22:43:32.593+0000] {dagbag.py:545} INFO - Filling up the DagBag from /home/airflow/.local/lib/python3.12/site-packages/airflow/example_dags/example_params_ui_tutorial.py
[2024-05-18T22:43:32.616+0000] {processor.py:840} INFO - DAG(s) 'example_params_ui_tutorial' retrieved from /home/airflow/.local/lib/python3.12/site-packages/airflow/example_dags/example_params_ui_tutorial.py
[2024-05-18T22:43:32.834+0000] {logging_mixin.py:188} INFO - [2024-05-18T22:43:32.833+0000] {dag.py:3096} INFO - Sync 1 DAGs
[2024-05-18T22:43:32.886+0000] {logging_mixin.py:188} INFO - [2024-05-18T22:43:32.885+0000] {dag.py:3954} INFO - Setting next_dagrun for example_params_ui_tutorial to None, run_after=None
[2024-05-18T22:43:32.967+0000] {processor.py:183} INFO - Processing /home/airflow/.local/lib/python3.12/site-packages/airflow/example_dags/example_params_ui_tutorial.py took 0.390 seconds
[2024-05-18T22:44:05.053+0000] {processor.py:161} INFO - Started process (PID=187) to work on /home/airflow/.local/lib/python3.12/site-packages/airflow/example_dags/example_params_ui_tutorial.py
[2024-05-18T22:44:05.056+0000] {processor.py:830} INFO - Processing file /home/airflow/.local/lib/python3.12/site-packages/airflow/example_dags/example_params_ui_tutorial.py for tasks to queue
[2024-05-18T22:44:05.061+0000] {logging_mixin.py:188} INFO - [2024-05-18T22:44:05.060+0000] {dagbag.py:545} INFO - Filling up the DagBag from /home/airflow/.local/lib/python3.12/site-packages/airflow/example_dags/example_params_ui_tutorial.py
[2024-05-18T22:44:05.084+0000] {processor.py:840} INFO - DAG(s) 'example_params_ui_tutorial' retrieved from /home/airflow/.local/lib/python3.12/site-packages/airflow/example_dags/example_params_ui_tutorial.py
[2024-05-18T22:44:05.255+0000] {logging_mixin.py:188} INFO - [2024-05-18T22:44:05.254+0000] {dag.py:3096} INFO - Sync 1 DAGs
[2024-05-18T22:44:05.293+0000] {logging_mixin.py:188} INFO - [2024-05-18T22:44:05.292+0000] {dag.py:3954} INFO - Setting next_dagrun for example_params_ui_tutorial to None, run_after=None
[2024-05-18T22:44:05.349+0000] {processor.py:183} INFO - Processing /home/airflow/.local/lib/python3.12/site-packages/airflow/example_dags/example_params_ui_tutorial.py took 0.308 seconds
[2024-05-18T22:44:36.446+0000] {processor.py:161} INFO - Started process (PID=247) to work on /home/airflow/.local/lib/python3.12/site-packages/airflow/example_dags/example_params_ui_tutorial.py
[2024-05-18T22:44:36.447+0000] {processor.py:830} INFO - Processing file /home/airflow/.local/lib/python3.12/site-packages/airflow/example_dags/example_params_ui_tutorial.py for tasks to queue
[2024-05-18T22:44:36.450+0000] {logging_mixin.py:188} INFO - [2024-05-18T22:44:36.450+0000] {dagbag.py:545} INFO - Filling up the DagBag from /home/airflow/.local/lib/python3.12/site-packages/airflow/example_dags/example_params_ui_tutorial.py
[2024-05-18T22:44:36.467+0000] {processor.py:840} INFO - DAG(s) 'example_params_ui_tutorial' retrieved from /home/airflow/.local/lib/python3.12/site-packages/airflow/example_dags/example_params_ui_tutorial.py
[2024-05-18T22:44:36.562+0000] {logging_mixin.py:188} INFO - [2024-05-18T22:44:36.561+0000] {dag.py:3096} INFO - Sync 1 DAGs
[2024-05-18T22:44:36.585+0000] {logging_mixin.py:188} INFO - [2024-05-18T22:44:36.584+0000] {dag.py:3954} INFO - Setting next_dagrun for example_params_ui_tutorial to None, run_after=None
[2024-05-18T22:44:36.628+0000] {processor.py:183} INFO - Processing /home/airflow/.local/lib/python3.12/site-packages/airflow/example_dags/example_params_ui_tutorial.py took 0.190 seconds
[2024-05-18T22:45:07.122+0000] {processor.py:161} INFO - Started process (PID=305) to work on /home/airflow/.local/lib/python3.12/site-packages/airflow/example_dags/example_params_ui_tutorial.py
[2024-05-18T22:45:07.126+0000] {processor.py:830} INFO - Processing file /home/airflow/.local/lib/python3.12/site-packages/airflow/example_dags/example_params_ui_tutorial.py for tasks to queue
[2024-05-18T22:45:07.130+0000] {logging_mixin.py:188} INFO - [2024-05-18T22:45:07.130+0000] {dagbag.py:545} INFO - Filling up the DagBag from /home/airflow/.local/lib/python3.12/site-packages/airflow/example_dags/example_params_ui_tutorial.py
[2024-05-18T22:45:07.157+0000] {processor.py:840} INFO - DAG(s) 'example_params_ui_tutorial' retrieved from /home/airflow/.local/lib/python3.12/site-packages/airflow/example_dags/example_params_ui_tutorial.py
[2024-05-18T22:45:07.298+0000] {logging_mixin.py:188} INFO - [2024-05-18T22:45:07.298+0000] {dag.py:3096} INFO - Sync 1 DAGs
[2024-05-18T22:45:07.332+0000] {logging_mixin.py:188} INFO - [2024-05-18T22:45:07.331+0000] {dag.py:3954} INFO - Setting next_dagrun for example_params_ui_tutorial to None, run_after=None
[2024-05-18T22:45:07.379+0000] {processor.py:183} INFO - Processing /home/airflow/.local/lib/python3.12/site-packages/airflow/example_dags/example_params_ui_tutorial.py took 0.270 seconds
[2024-05-18T22:45:37.792+0000] {processor.py:161} INFO - Started process (PID=365) to work on /home/airflow/.local/lib/python3.12/site-packages/airflow/example_dags/example_params_ui_tutorial.py
[2024-05-18T22:45:37.794+0000] {processor.py:830} INFO - Processing file /home/airflow/.local/lib/python3.12/site-packages/airflow/example_dags/example_params_ui_tutorial.py for tasks to queue
[2024-05-18T22:45:37.797+0000] {logging_mixin.py:188} INFO - [2024-05-18T22:45:37.797+0000] {dagbag.py:545} INFO - Filling up the DagBag from /home/airflow/.local/lib/python3.12/site-packages/airflow/example_dags/example_params_ui_tutorial.py
[2024-05-18T22:45:37.819+0000] {processor.py:840} INFO - DAG(s) 'example_params_ui_tutorial' retrieved from /home/airflow/.local/lib/python3.12/site-packages/airflow/example_dags/example_params_ui_tutorial.py
[2024-05-18T22:45:37.930+0000] {logging_mixin.py:188} INFO - [2024-05-18T22:45:37.930+0000] {dag.py:3096} INFO - Sync 1 DAGs
[2024-05-18T22:45:37.954+0000] {logging_mixin.py:188} INFO - [2024-05-18T22:45:37.954+0000] {dag.py:3954} INFO - Setting next_dagrun for example_params_ui_tutorial to None, run_after=None
[2024-05-18T22:45:37.993+0000] {processor.py:183} INFO - Processing /home/airflow/.local/lib/python3.12/site-packages/airflow/example_dags/example_params_ui_tutorial.py took 0.208 seconds
[2024-05-18T22:46:08.216+0000] {processor.py:161} INFO - Started process (PID=425) to work on /home/airflow/.local/lib/python3.12/site-packages/airflow/example_dags/example_params_ui_tutorial.py
[2024-05-18T22:46:08.217+0000] {processor.py:830} INFO - Processing file /home/airflow/.local/lib/python3.12/site-packages/airflow/example_dags/example_params_ui_tutorial.py for tasks to queue
[2024-05-18T22:46:08.221+0000] {logging_mixin.py:188} INFO - [2024-05-18T22:46:08.220+0000] {dagbag.py:545} INFO - Filling up the DagBag from /home/airflow/.local/lib/python3.12/site-packages/airflow/example_dags/example_params_ui_tutorial.py
[2024-05-18T22:46:08.237+0000] {processor.py:840} INFO - DAG(s) 'example_params_ui_tutorial' retrieved from /home/airflow/.local/lib/python3.12/site-packages/airflow/example_dags/example_params_ui_tutorial.py
[2024-05-18T22:46:08.316+0000] {logging_mixin.py:188} INFO - [2024-05-18T22:46:08.315+0000] {dag.py:3096} INFO - Sync 1 DAGs
[2024-05-18T22:46:08.335+0000] {logging_mixin.py:188} INFO - [2024-05-18T22:46:08.335+0000] {dag.py:3954} INFO - Setting next_dagrun for example_params_ui_tutorial to None, run_after=None
[2024-05-18T22:46:08.365+0000] {processor.py:183} INFO - Processing /home/airflow/.local/lib/python3.12/site-packages/airflow/example_dags/example_params_ui_tutorial.py took 0.156 seconds
[2024-05-18T22:46:39.686+0000] {processor.py:161} INFO - Started process (PID=485) to work on /home/airflow/.local/lib/python3.12/site-packages/airflow/example_dags/example_params_ui_tutorial.py
[2024-05-18T22:46:39.687+0000] {processor.py:830} INFO - Processing file /home/airflow/.local/lib/python3.12/site-packages/airflow/example_dags/example_params_ui_tutorial.py for tasks to queue
[2024-05-18T22:46:39.690+0000] {logging_mixin.py:188} INFO - [2024-05-18T22:46:39.690+0000] {dagbag.py:545} INFO - Filling up the DagBag from /home/airflow/.local/lib/python3.12/site-packages/airflow/example_dags/example_params_ui_tutorial.py
[2024-05-18T22:46:39.710+0000] {processor.py:840} INFO - DAG(s) 'example_params_ui_tutorial' retrieved from /home/airflow/.local/lib/python3.12/site-packages/airflow/example_dags/example_params_ui_tutorial.py
[2024-05-18T22:46:39.810+0000] {logging_mixin.py:188} INFO - [2024-05-18T22:46:39.810+0000] {dag.py:3096} INFO - Sync 1 DAGs
[2024-05-18T22:46:39.834+0000] {logging_mixin.py:188} INFO - [2024-05-18T22:46:39.834+0000] {dag.py:3954} INFO - Setting next_dagrun for example_params_ui_tutorial to None, run_after=None
[2024-05-18T22:46:39.874+0000] {processor.py:183} INFO - Processing /home/airflow/.local/lib/python3.12/site-packages/airflow/example_dags/example_params_ui_tutorial.py took 0.199 seconds
[2024-05-18T22:47:10.704+0000] {processor.py:161} INFO - Started process (PID=545) to work on /home/airflow/.local/lib/python3.12/site-packages/airflow/example_dags/example_params_ui_tutorial.py
[2024-05-18T22:47:10.706+0000] {processor.py:830} INFO - Processing file /home/airflow/.local/lib/python3.12/site-packages/airflow/example_dags/example_params_ui_tutorial.py for tasks to queue
[2024-05-18T22:47:10.710+0000] {logging_mixin.py:188} INFO - [2024-05-18T22:47:10.709+0000] {dagbag.py:545} INFO - Filling up the DagBag from /home/airflow/.local/lib/python3.12/site-packages/airflow/example_dags/example_params_ui_tutorial.py
[2024-05-18T22:47:10.740+0000] {processor.py:840} INFO - DAG(s) 'example_params_ui_tutorial' retrieved from /home/airflow/.local/lib/python3.12/site-packages/airflow/example_dags/example_params_ui_tutorial.py
[2024-05-18T22:47:10.903+0000] {logging_mixin.py:188} INFO - [2024-05-18T22:47:10.903+0000] {dag.py:3096} INFO - Sync 1 DAGs
[2024-05-18T22:47:10.935+0000] {logging_mixin.py:188} INFO - [2024-05-18T22:47:10.935+0000] {dag.py:3954} INFO - Setting next_dagrun for example_params_ui_tutorial to None, run_after=None
[2024-05-18T22:47:10.992+0000] {processor.py:183} INFO - Processing /home/airflow/.local/lib/python3.12/site-packages/airflow/example_dags/example_params_ui_tutorial.py took 0.303 seconds
[2024-05-18T22:47:41.783+0000] {processor.py:161} INFO - Started process (PID=605) to work on /home/airflow/.local/lib/python3.12/site-packages/airflow/example_dags/example_params_ui_tutorial.py
[2024-05-18T22:47:41.785+0000] {processor.py:830} INFO - Processing file /home/airflow/.local/lib/python3.12/site-packages/airflow/example_dags/example_params_ui_tutorial.py for tasks to queue
[2024-05-18T22:47:41.790+0000] {logging_mixin.py:188} INFO - [2024-05-18T22:47:41.789+0000] {dagbag.py:545} INFO - Filling up the DagBag from /home/airflow/.local/lib/python3.12/site-packages/airflow/example_dags/example_params_ui_tutorial.py
[2024-05-18T22:47:41.821+0000] {processor.py:840} INFO - DAG(s) 'example_params_ui_tutorial' retrieved from /home/airflow/.local/lib/python3.12/site-packages/airflow/example_dags/example_params_ui_tutorial.py
[2024-05-18T22:47:42.032+0000] {logging_mixin.py:188} INFO - [2024-05-18T22:47:42.032+0000] {dag.py:3096} INFO - Sync 1 DAGs
[2024-05-18T22:47:42.078+0000] {logging_mixin.py:188} INFO - [2024-05-18T22:47:42.077+0000] {dag.py:3954} INFO - Setting next_dagrun for example_params_ui_tutorial to None, run_after=None
[2024-05-18T22:47:42.128+0000] {processor.py:183} INFO - Processing /home/airflow/.local/lib/python3.12/site-packages/airflow/example_dags/example_params_ui_tutorial.py took 0.356 seconds
[2024-05-18T22:48:16.665+0000] {processor.py:161} INFO - Started process (PID=671) to work on /home/airflow/.local/lib/python3.12/site-packages/airflow/example_dags/example_params_ui_tutorial.py
[2024-05-18T22:48:16.669+0000] {processor.py:830} INFO - Processing file /home/airflow/.local/lib/python3.12/site-packages/airflow/example_dags/example_params_ui_tutorial.py for tasks to queue
[2024-05-18T22:48:16.675+0000] {logging_mixin.py:188} INFO - [2024-05-18T22:48:16.674+0000] {dagbag.py:545} INFO - Filling up the DagBag from /home/airflow/.local/lib/python3.12/site-packages/airflow/example_dags/example_params_ui_tutorial.py
[2024-05-18T22:48:16.722+0000] {processor.py:840} INFO - DAG(s) 'example_params_ui_tutorial' retrieved from /home/airflow/.local/lib/python3.12/site-packages/airflow/example_dags/example_params_ui_tutorial.py
[2024-05-18T22:48:17.064+0000] {logging_mixin.py:188} INFO - [2024-05-18T22:48:17.063+0000] {dag.py:3096} INFO - Sync 1 DAGs
[2024-05-18T22:48:17.130+0000] {logging_mixin.py:188} INFO - [2024-05-18T22:48:17.128+0000] {dag.py:3954} INFO - Setting next_dagrun for example_params_ui_tutorial to None, run_after=None
[2024-05-18T22:48:17.283+0000] {processor.py:183} INFO - Processing /home/airflow/.local/lib/python3.12/site-packages/airflow/example_dags/example_params_ui_tutorial.py took 0.642 seconds
[2024-05-18T22:48:50.453+0000] {processor.py:161} INFO - Started process (PID=731) to work on /home/airflow/.local/lib/python3.12/site-packages/airflow/example_dags/example_params_ui_tutorial.py
[2024-05-18T22:48:50.455+0000] {processor.py:830} INFO - Processing file /home/airflow/.local/lib/python3.12/site-packages/airflow/example_dags/example_params_ui_tutorial.py for tasks to queue
[2024-05-18T22:48:50.463+0000] {logging_mixin.py:188} INFO - [2024-05-18T22:48:50.462+0000] {dagbag.py:545} INFO - Filling up the DagBag from /home/airflow/.local/lib/python3.12/site-packages/airflow/example_dags/example_params_ui_tutorial.py
[2024-05-18T22:48:50.501+0000] {processor.py:840} INFO - DAG(s) 'example_params_ui_tutorial' retrieved from /home/airflow/.local/lib/python3.12/site-packages/airflow/example_dags/example_params_ui_tutorial.py
[2024-05-18T22:48:50.748+0000] {logging_mixin.py:188} INFO - [2024-05-18T22:48:50.747+0000] {dag.py:3096} INFO - Sync 1 DAGs
[2024-05-18T22:48:50.798+0000] {logging_mixin.py:188} INFO - [2024-05-18T22:48:50.797+0000] {dag.py:3954} INFO - Setting next_dagrun for example_params_ui_tutorial to None, run_after=None
[2024-05-18T22:48:50.877+0000] {processor.py:183} INFO - Processing /home/airflow/.local/lib/python3.12/site-packages/airflow/example_dags/example_params_ui_tutorial.py took 0.443 seconds
[2024-05-18T22:49:21.285+0000] {processor.py:161} INFO - Started process (PID=791) to work on /home/airflow/.local/lib/python3.12/site-packages/airflow/example_dags/example_params_ui_tutorial.py
[2024-05-18T22:49:21.287+0000] {processor.py:830} INFO - Processing file /home/airflow/.local/lib/python3.12/site-packages/airflow/example_dags/example_params_ui_tutorial.py for tasks to queue
[2024-05-18T22:49:21.292+0000] {logging_mixin.py:188} INFO - [2024-05-18T22:49:21.291+0000] {dagbag.py:545} INFO - Filling up the DagBag from /home/airflow/.local/lib/python3.12/site-packages/airflow/example_dags/example_params_ui_tutorial.py
[2024-05-18T22:49:21.319+0000] {processor.py:840} INFO - DAG(s) 'example_params_ui_tutorial' retrieved from /home/airflow/.local/lib/python3.12/site-packages/airflow/example_dags/example_params_ui_tutorial.py
[2024-05-18T22:49:21.424+0000] {logging_mixin.py:188} INFO - [2024-05-18T22:49:21.423+0000] {dag.py:3096} INFO - Sync 1 DAGs
[2024-05-18T22:49:21.450+0000] {logging_mixin.py:188} INFO - [2024-05-18T22:49:21.449+0000] {dag.py:3954} INFO - Setting next_dagrun for example_params_ui_tutorial to None, run_after=None
[2024-05-18T22:49:21.486+0000] {processor.py:183} INFO - Processing /home/airflow/.local/lib/python3.12/site-packages/airflow/example_dags/example_params_ui_tutorial.py took 0.208 seconds
[2024-05-18T22:49:51.610+0000] {processor.py:161} INFO - Started process (PID=851) to work on /home/airflow/.local/lib/python3.12/site-packages/airflow/example_dags/example_params_ui_tutorial.py
[2024-05-18T22:49:51.612+0000] {processor.py:830} INFO - Processing file /home/airflow/.local/lib/python3.12/site-packages/airflow/example_dags/example_params_ui_tutorial.py for tasks to queue
[2024-05-18T22:49:51.614+0000] {logging_mixin.py:188} INFO - [2024-05-18T22:49:51.614+0000] {dagbag.py:545} INFO - Filling up the DagBag from /home/airflow/.local/lib/python3.12/site-packages/airflow/example_dags/example_params_ui_tutorial.py
[2024-05-18T22:49:51.631+0000] {processor.py:840} INFO - DAG(s) 'example_params_ui_tutorial' retrieved from /home/airflow/.local/lib/python3.12/site-packages/airflow/example_dags/example_params_ui_tutorial.py
[2024-05-18T22:49:51.726+0000] {logging_mixin.py:188} INFO - [2024-05-18T22:49:51.725+0000] {dag.py:3096} INFO - Sync 1 DAGs
[2024-05-18T22:49:51.749+0000] {logging_mixin.py:188} INFO - [2024-05-18T22:49:51.748+0000] {dag.py:3954} INFO - Setting next_dagrun for example_params_ui_tutorial to None, run_after=None
[2024-05-18T22:49:51.785+0000] {processor.py:183} INFO - Processing /home/airflow/.local/lib/python3.12/site-packages/airflow/example_dags/example_params_ui_tutorial.py took 0.183 seconds
[2024-05-18T22:50:21.963+0000] {processor.py:161} INFO - Started process (PID=910) to work on /home/airflow/.local/lib/python3.12/site-packages/airflow/example_dags/example_params_ui_tutorial.py
[2024-05-18T22:50:21.965+0000] {processor.py:830} INFO - Processing file /home/airflow/.local/lib/python3.12/site-packages/airflow/example_dags/example_params_ui_tutorial.py for tasks to queue
[2024-05-18T22:50:21.968+0000] {logging_mixin.py:188} INFO - [2024-05-18T22:50:21.967+0000] {dagbag.py:545} INFO - Filling up the DagBag from /home/airflow/.local/lib/python3.12/site-packages/airflow/example_dags/example_params_ui_tutorial.py
[2024-05-18T22:50:21.994+0000] {processor.py:840} INFO - DAG(s) 'example_params_ui_tutorial' retrieved from /home/airflow/.local/lib/python3.12/site-packages/airflow/example_dags/example_params_ui_tutorial.py
[2024-05-18T22:50:22.112+0000] {logging_mixin.py:188} INFO - [2024-05-18T22:50:22.111+0000] {dag.py:3096} INFO - Sync 1 DAGs
[2024-05-18T22:50:22.134+0000] {logging_mixin.py:188} INFO - [2024-05-18T22:50:22.134+0000] {dag.py:3954} INFO - Setting next_dagrun for example_params_ui_tutorial to None, run_after=None
[2024-05-18T22:50:22.170+0000] {processor.py:183} INFO - Processing /home/airflow/.local/lib/python3.12/site-packages/airflow/example_dags/example_params_ui_tutorial.py took 0.218 seconds
[2024-05-18T22:50:53.448+0000] {processor.py:161} INFO - Started process (PID=971) to work on /home/airflow/.local/lib/python3.12/site-packages/airflow/example_dags/example_params_ui_tutorial.py
[2024-05-18T22:50:53.452+0000] {processor.py:830} INFO - Processing file /home/airflow/.local/lib/python3.12/site-packages/airflow/example_dags/example_params_ui_tutorial.py for tasks to queue
[2024-05-18T22:50:53.462+0000] {logging_mixin.py:188} INFO - [2024-05-18T22:50:53.461+0000] {dagbag.py:545} INFO - Filling up the DagBag from /home/airflow/.local/lib/python3.12/site-packages/airflow/example_dags/example_params_ui_tutorial.py
[2024-05-18T22:50:53.508+0000] {processor.py:840} INFO - DAG(s) 'example_params_ui_tutorial' retrieved from /home/airflow/.local/lib/python3.12/site-packages/airflow/example_dags/example_params_ui_tutorial.py
[2024-05-18T22:50:53.750+0000] {logging_mixin.py:188} INFO - [2024-05-18T22:50:53.749+0000] {dag.py:3096} INFO - Sync 1 DAGs
[2024-05-18T22:50:53.802+0000] {logging_mixin.py:188} INFO - [2024-05-18T22:50:53.801+0000] {dag.py:3954} INFO - Setting next_dagrun for example_params_ui_tutorial to None, run_after=None
[2024-05-18T22:50:53.872+0000] {processor.py:183} INFO - Processing /home/airflow/.local/lib/python3.12/site-packages/airflow/example_dags/example_params_ui_tutorial.py took 0.443 seconds
[2024-05-18T22:51:24.560+0000] {processor.py:161} INFO - Started process (PID=1031) to work on /home/airflow/.local/lib/python3.12/site-packages/airflow/example_dags/example_params_ui_tutorial.py
[2024-05-18T22:51:24.563+0000] {processor.py:830} INFO - Processing file /home/airflow/.local/lib/python3.12/site-packages/airflow/example_dags/example_params_ui_tutorial.py for tasks to queue
[2024-05-18T22:51:24.568+0000] {logging_mixin.py:188} INFO - [2024-05-18T22:51:24.567+0000] {dagbag.py:545} INFO - Filling up the DagBag from /home/airflow/.local/lib/python3.12/site-packages/airflow/example_dags/example_params_ui_tutorial.py
[2024-05-18T22:51:24.604+0000] {processor.py:840} INFO - DAG(s) 'example_params_ui_tutorial' retrieved from /home/airflow/.local/lib/python3.12/site-packages/airflow/example_dags/example_params_ui_tutorial.py
[2024-05-18T22:51:24.882+0000] {logging_mixin.py:188} INFO - [2024-05-18T22:51:24.881+0000] {dag.py:3096} INFO - Sync 1 DAGs
[2024-05-18T22:51:24.921+0000] {logging_mixin.py:188} INFO - [2024-05-18T22:51:24.921+0000] {dag.py:3954} INFO - Setting next_dagrun for example_params_ui_tutorial to None, run_after=None
[2024-05-18T22:51:24.976+0000] {processor.py:183} INFO - Processing /home/airflow/.local/lib/python3.12/site-packages/airflow/example_dags/example_params_ui_tutorial.py took 0.433 seconds
[2024-05-18T22:51:55.206+0000] {processor.py:161} INFO - Started process (PID=1091) to work on /home/airflow/.local/lib/python3.12/site-packages/airflow/example_dags/example_params_ui_tutorial.py
[2024-05-18T22:51:55.208+0000] {processor.py:830} INFO - Processing file /home/airflow/.local/lib/python3.12/site-packages/airflow/example_dags/example_params_ui_tutorial.py for tasks to queue
[2024-05-18T22:51:55.213+0000] {logging_mixin.py:188} INFO - [2024-05-18T22:51:55.212+0000] {dagbag.py:545} INFO - Filling up the DagBag from /home/airflow/.local/lib/python3.12/site-packages/airflow/example_dags/example_params_ui_tutorial.py
[2024-05-18T22:51:55.238+0000] {processor.py:840} INFO - DAG(s) 'example_params_ui_tutorial' retrieved from /home/airflow/.local/lib/python3.12/site-packages/airflow/example_dags/example_params_ui_tutorial.py
[2024-05-18T22:51:55.358+0000] {logging_mixin.py:188} INFO - [2024-05-18T22:51:55.357+0000] {dag.py:3096} INFO - Sync 1 DAGs
[2024-05-18T22:51:55.389+0000] {logging_mixin.py:188} INFO - [2024-05-18T22:51:55.388+0000] {dag.py:3954} INFO - Setting next_dagrun for example_params_ui_tutorial to None, run_after=None
[2024-05-18T22:51:55.436+0000] {processor.py:183} INFO - Processing /home/airflow/.local/lib/python3.12/site-packages/airflow/example_dags/example_params_ui_tutorial.py took 0.239 seconds
[2024-05-18T22:52:26.136+0000] {processor.py:161} INFO - Started process (PID=1151) to work on /home/airflow/.local/lib/python3.12/site-packages/airflow/example_dags/example_params_ui_tutorial.py
[2024-05-18T22:52:26.139+0000] {processor.py:830} INFO - Processing file /home/airflow/.local/lib/python3.12/site-packages/airflow/example_dags/example_params_ui_tutorial.py for tasks to queue
[2024-05-18T22:52:26.142+0000] {logging_mixin.py:188} INFO - [2024-05-18T22:52:26.142+0000] {dagbag.py:545} INFO - Filling up the DagBag from /home/airflow/.local/lib/python3.12/site-packages/airflow/example_dags/example_params_ui_tutorial.py
[2024-05-18T22:52:26.165+0000] {processor.py:840} INFO - DAG(s) 'example_params_ui_tutorial' retrieved from /home/airflow/.local/lib/python3.12/site-packages/airflow/example_dags/example_params_ui_tutorial.py
[2024-05-18T22:52:26.297+0000] {logging_mixin.py:188} INFO - [2024-05-18T22:52:26.297+0000] {dag.py:3096} INFO - Sync 1 DAGs
[2024-05-18T22:52:26.337+0000] {logging_mixin.py:188} INFO - [2024-05-18T22:52:26.337+0000] {dag.py:3954} INFO - Setting next_dagrun for example_params_ui_tutorial to None, run_after=None
[2024-05-18T22:52:26.386+0000] {processor.py:183} INFO - Processing /home/airflow/.local/lib/python3.12/site-packages/airflow/example_dags/example_params_ui_tutorial.py took 0.261 seconds
