[2024-05-18T22:42:59.762+0000] {processor.py:161} INFO - Started process (PID=70) to work on /home/airflow/.local/lib/python3.12/site-packages/airflow/example_dags/example_bash_decorator.py
[2024-05-18T22:42:59.765+0000] {processor.py:830} INFO - Processing file /home/airflow/.local/lib/python3.12/site-packages/airflow/example_dags/example_bash_decorator.py for tasks to queue
[2024-05-18T22:42:59.771+0000] {logging_mixin.py:188} INFO - [2024-05-18T22:42:59.769+0000] {dagbag.py:545} INFO - Filling up the DagBag from /home/airflow/.local/lib/python3.12/site-packages/airflow/example_dags/example_bash_decorator.py
[2024-05-18T22:42:59.846+0000] {processor.py:840} INFO - DAG(s) 'example_bash_decorator' retrieved from /home/airflow/.local/lib/python3.12/site-packages/airflow/example_dags/example_bash_decorator.py
[2024-05-18T22:43:00.469+0000] {logging_mixin.py:188} INFO - [2024-05-18T22:43:00.465+0000] {override.py:1829} INFO - Created Permission View: can read on DAG:example_bash_decorator
[2024-05-18T22:43:00.522+0000] {logging_mixin.py:188} INFO - [2024-05-18T22:43:00.520+0000] {override.py:1829} INFO - Created Permission View: can edit on DAG:example_bash_decorator
[2024-05-18T22:43:00.558+0000] {logging_mixin.py:188} INFO - [2024-05-18T22:43:00.557+0000] {override.py:1829} INFO - Created Permission View: can delete on DAG:example_bash_decorator
[2024-05-18T22:43:00.561+0000] {logging_mixin.py:188} INFO - [2024-05-18T22:43:00.560+0000] {dag.py:3096} INFO - Sync 1 DAGs
[2024-05-18T22:43:00.623+0000] {logging_mixin.py:188} INFO - [2024-05-18T22:43:00.622+0000] {dag.py:3118} INFO - Creating ORM DAG for example_bash_decorator
[2024-05-18T22:43:00.627+0000] {logging_mixin.py:188} INFO - [2024-05-18T22:43:00.626+0000] {dag.py:3954} INFO - Setting next_dagrun for example_bash_decorator to None, run_after=None
[2024-05-18T22:43:00.717+0000] {processor.py:183} INFO - Processing /home/airflow/.local/lib/python3.12/site-packages/airflow/example_dags/example_bash_decorator.py took 0.970 seconds
[2024-05-18T22:43:33.610+0000] {processor.py:161} INFO - Started process (PID=130) to work on /home/airflow/.local/lib/python3.12/site-packages/airflow/example_dags/example_bash_decorator.py
[2024-05-18T22:43:33.613+0000] {processor.py:830} INFO - Processing file /home/airflow/.local/lib/python3.12/site-packages/airflow/example_dags/example_bash_decorator.py for tasks to queue
[2024-05-18T22:43:33.620+0000] {logging_mixin.py:188} INFO - [2024-05-18T22:43:33.618+0000] {dagbag.py:545} INFO - Filling up the DagBag from /home/airflow/.local/lib/python3.12/site-packages/airflow/example_dags/example_bash_decorator.py
[2024-05-18T22:43:33.694+0000] {processor.py:840} INFO - DAG(s) 'example_bash_decorator' retrieved from /home/airflow/.local/lib/python3.12/site-packages/airflow/example_dags/example_bash_decorator.py
[2024-05-18T22:43:33.829+0000] {logging_mixin.py:188} INFO - [2024-05-18T22:43:33.828+0000] {dag.py:3096} INFO - Sync 1 DAGs
[2024-05-18T22:43:33.940+0000] {logging_mixin.py:188} INFO - [2024-05-18T22:43:33.939+0000] {dag.py:3954} INFO - Setting next_dagrun for example_bash_decorator to None, run_after=None
[2024-05-18T22:43:34.058+0000] {processor.py:183} INFO - Processing /home/airflow/.local/lib/python3.12/site-packages/airflow/example_dags/example_bash_decorator.py took 0.468 seconds
[2024-05-18T22:44:05.804+0000] {processor.py:161} INFO - Started process (PID=191) to work on /home/airflow/.local/lib/python3.12/site-packages/airflow/example_dags/example_bash_decorator.py
[2024-05-18T22:44:05.807+0000] {processor.py:830} INFO - Processing file /home/airflow/.local/lib/python3.12/site-packages/airflow/example_dags/example_bash_decorator.py for tasks to queue
[2024-05-18T22:44:05.811+0000] {logging_mixin.py:188} INFO - [2024-05-18T22:44:05.810+0000] {dagbag.py:545} INFO - Filling up the DagBag from /home/airflow/.local/lib/python3.12/site-packages/airflow/example_dags/example_bash_decorator.py
[2024-05-18T22:44:05.845+0000] {processor.py:840} INFO - DAG(s) 'example_bash_decorator' retrieved from /home/airflow/.local/lib/python3.12/site-packages/airflow/example_dags/example_bash_decorator.py
[2024-05-18T22:44:05.907+0000] {logging_mixin.py:188} INFO - [2024-05-18T22:44:05.907+0000] {dag.py:3096} INFO - Sync 1 DAGs
[2024-05-18T22:44:05.942+0000] {logging_mixin.py:188} INFO - [2024-05-18T22:44:05.942+0000] {dag.py:3954} INFO - Setting next_dagrun for example_bash_decorator to None, run_after=None
[2024-05-18T22:44:05.987+0000] {processor.py:183} INFO - Processing /home/airflow/.local/lib/python3.12/site-packages/airflow/example_dags/example_bash_decorator.py took 0.194 seconds
[2024-05-18T22:44:36.873+0000] {processor.py:161} INFO - Started process (PID=251) to work on /home/airflow/.local/lib/python3.12/site-packages/airflow/example_dags/example_bash_decorator.py
[2024-05-18T22:44:36.874+0000] {processor.py:830} INFO - Processing file /home/airflow/.local/lib/python3.12/site-packages/airflow/example_dags/example_bash_decorator.py for tasks to queue
[2024-05-18T22:44:36.877+0000] {logging_mixin.py:188} INFO - [2024-05-18T22:44:36.877+0000] {dagbag.py:545} INFO - Filling up the DagBag from /home/airflow/.local/lib/python3.12/site-packages/airflow/example_dags/example_bash_decorator.py
[2024-05-18T22:44:36.907+0000] {processor.py:840} INFO - DAG(s) 'example_bash_decorator' retrieved from /home/airflow/.local/lib/python3.12/site-packages/airflow/example_dags/example_bash_decorator.py
[2024-05-18T22:44:36.981+0000] {logging_mixin.py:188} INFO - [2024-05-18T22:44:36.980+0000] {dag.py:3096} INFO - Sync 1 DAGs
[2024-05-18T22:44:37.016+0000] {logging_mixin.py:188} INFO - [2024-05-18T22:44:37.015+0000] {dag.py:3954} INFO - Setting next_dagrun for example_bash_decorator to None, run_after=None
[2024-05-18T22:44:37.056+0000] {processor.py:183} INFO - Processing /home/airflow/.local/lib/python3.12/site-packages/airflow/example_dags/example_bash_decorator.py took 0.192 seconds
[2024-05-18T22:45:08.103+0000] {processor.py:161} INFO - Started process (PID=311) to work on /home/airflow/.local/lib/python3.12/site-packages/airflow/example_dags/example_bash_decorator.py
[2024-05-18T22:45:08.105+0000] {processor.py:830} INFO - Processing file /home/airflow/.local/lib/python3.12/site-packages/airflow/example_dags/example_bash_decorator.py for tasks to queue
[2024-05-18T22:45:08.108+0000] {logging_mixin.py:188} INFO - [2024-05-18T22:45:08.107+0000] {dagbag.py:545} INFO - Filling up the DagBag from /home/airflow/.local/lib/python3.12/site-packages/airflow/example_dags/example_bash_decorator.py
[2024-05-18T22:45:08.128+0000] {processor.py:840} INFO - DAG(s) 'example_bash_decorator' retrieved from /home/airflow/.local/lib/python3.12/site-packages/airflow/example_dags/example_bash_decorator.py
[2024-05-18T22:45:08.172+0000] {logging_mixin.py:188} INFO - [2024-05-18T22:45:08.171+0000] {dag.py:3096} INFO - Sync 1 DAGs
[2024-05-18T22:45:08.195+0000] {logging_mixin.py:188} INFO - [2024-05-18T22:45:08.195+0000] {dag.py:3954} INFO - Setting next_dagrun for example_bash_decorator to None, run_after=None
[2024-05-18T22:45:08.230+0000] {processor.py:183} INFO - Processing /home/airflow/.local/lib/python3.12/site-packages/airflow/example_dags/example_bash_decorator.py took 0.134 seconds
[2024-05-18T22:45:38.466+0000] {processor.py:161} INFO - Started process (PID=369) to work on /home/airflow/.local/lib/python3.12/site-packages/airflow/example_dags/example_bash_decorator.py
[2024-05-18T22:45:38.468+0000] {processor.py:830} INFO - Processing file /home/airflow/.local/lib/python3.12/site-packages/airflow/example_dags/example_bash_decorator.py for tasks to queue
[2024-05-18T22:45:38.471+0000] {logging_mixin.py:188} INFO - [2024-05-18T22:45:38.471+0000] {dagbag.py:545} INFO - Filling up the DagBag from /home/airflow/.local/lib/python3.12/site-packages/airflow/example_dags/example_bash_decorator.py
[2024-05-18T22:45:38.497+0000] {processor.py:840} INFO - DAG(s) 'example_bash_decorator' retrieved from /home/airflow/.local/lib/python3.12/site-packages/airflow/example_dags/example_bash_decorator.py
[2024-05-18T22:45:38.538+0000] {logging_mixin.py:188} INFO - [2024-05-18T22:45:38.537+0000] {dag.py:3096} INFO - Sync 1 DAGs
[2024-05-18T22:45:38.562+0000] {logging_mixin.py:188} INFO - [2024-05-18T22:45:38.562+0000] {dag.py:3954} INFO - Setting next_dagrun for example_bash_decorator to None, run_after=None
[2024-05-18T22:45:38.599+0000] {processor.py:183} INFO - Processing /home/airflow/.local/lib/python3.12/site-packages/airflow/example_dags/example_bash_decorator.py took 0.143 seconds
[2024-05-18T22:46:08.753+0000] {processor.py:161} INFO - Started process (PID=429) to work on /home/airflow/.local/lib/python3.12/site-packages/airflow/example_dags/example_bash_decorator.py
[2024-05-18T22:46:08.754+0000] {processor.py:830} INFO - Processing file /home/airflow/.local/lib/python3.12/site-packages/airflow/example_dags/example_bash_decorator.py for tasks to queue
[2024-05-18T22:46:08.757+0000] {logging_mixin.py:188} INFO - [2024-05-18T22:46:08.757+0000] {dagbag.py:545} INFO - Filling up the DagBag from /home/airflow/.local/lib/python3.12/site-packages/airflow/example_dags/example_bash_decorator.py
[2024-05-18T22:46:08.773+0000] {processor.py:840} INFO - DAG(s) 'example_bash_decorator' retrieved from /home/airflow/.local/lib/python3.12/site-packages/airflow/example_dags/example_bash_decorator.py
[2024-05-18T22:46:08.812+0000] {logging_mixin.py:188} INFO - [2024-05-18T22:46:08.812+0000] {dag.py:3096} INFO - Sync 1 DAGs
[2024-05-18T22:46:08.836+0000] {logging_mixin.py:188} INFO - [2024-05-18T22:46:08.836+0000] {dag.py:3954} INFO - Setting next_dagrun for example_bash_decorator to None, run_after=None
[2024-05-18T22:46:08.874+0000] {processor.py:183} INFO - Processing /home/airflow/.local/lib/python3.12/site-packages/airflow/example_dags/example_bash_decorator.py took 0.128 seconds
[2024-05-18T22:46:40.335+0000] {processor.py:161} INFO - Started process (PID=489) to work on /home/airflow/.local/lib/python3.12/site-packages/airflow/example_dags/example_bash_decorator.py
[2024-05-18T22:46:40.337+0000] {processor.py:830} INFO - Processing file /home/airflow/.local/lib/python3.12/site-packages/airflow/example_dags/example_bash_decorator.py for tasks to queue
[2024-05-18T22:46:40.340+0000] {logging_mixin.py:188} INFO - [2024-05-18T22:46:40.340+0000] {dagbag.py:545} INFO - Filling up the DagBag from /home/airflow/.local/lib/python3.12/site-packages/airflow/example_dags/example_bash_decorator.py
[2024-05-18T22:46:40.362+0000] {processor.py:840} INFO - DAG(s) 'example_bash_decorator' retrieved from /home/airflow/.local/lib/python3.12/site-packages/airflow/example_dags/example_bash_decorator.py
[2024-05-18T22:46:40.406+0000] {logging_mixin.py:188} INFO - [2024-05-18T22:46:40.406+0000] {dag.py:3096} INFO - Sync 1 DAGs
[2024-05-18T22:46:40.429+0000] {logging_mixin.py:188} INFO - [2024-05-18T22:46:40.428+0000] {dag.py:3954} INFO - Setting next_dagrun for example_bash_decorator to None, run_after=None
[2024-05-18T22:46:40.467+0000] {processor.py:183} INFO - Processing /home/airflow/.local/lib/python3.12/site-packages/airflow/example_dags/example_bash_decorator.py took 0.139 seconds
[2024-05-18T22:47:11.305+0000] {processor.py:161} INFO - Started process (PID=549) to work on /home/airflow/.local/lib/python3.12/site-packages/airflow/example_dags/example_bash_decorator.py
[2024-05-18T22:47:11.307+0000] {processor.py:830} INFO - Processing file /home/airflow/.local/lib/python3.12/site-packages/airflow/example_dags/example_bash_decorator.py for tasks to queue
[2024-05-18T22:47:11.311+0000] {logging_mixin.py:188} INFO - [2024-05-18T22:47:11.310+0000] {dagbag.py:545} INFO - Filling up the DagBag from /home/airflow/.local/lib/python3.12/site-packages/airflow/example_dags/example_bash_decorator.py
[2024-05-18T22:47:11.346+0000] {processor.py:840} INFO - DAG(s) 'example_bash_decorator' retrieved from /home/airflow/.local/lib/python3.12/site-packages/airflow/example_dags/example_bash_decorator.py
[2024-05-18T22:47:11.401+0000] {logging_mixin.py:188} INFO - [2024-05-18T22:47:11.401+0000] {dag.py:3096} INFO - Sync 1 DAGs
[2024-05-18T22:47:11.481+0000] {logging_mixin.py:188} INFO - [2024-05-18T22:47:11.479+0000] {dag.py:3954} INFO - Setting next_dagrun for example_bash_decorator to None, run_after=None
[2024-05-18T22:47:11.539+0000] {processor.py:183} INFO - Processing /home/airflow/.local/lib/python3.12/site-packages/airflow/example_dags/example_bash_decorator.py took 0.246 seconds
[2024-05-18T22:47:42.521+0000] {processor.py:161} INFO - Started process (PID=609) to work on /home/airflow/.local/lib/python3.12/site-packages/airflow/example_dags/example_bash_decorator.py
[2024-05-18T22:47:42.524+0000] {processor.py:830} INFO - Processing file /home/airflow/.local/lib/python3.12/site-packages/airflow/example_dags/example_bash_decorator.py for tasks to queue
[2024-05-18T22:47:42.528+0000] {logging_mixin.py:188} INFO - [2024-05-18T22:47:42.527+0000] {dagbag.py:545} INFO - Filling up the DagBag from /home/airflow/.local/lib/python3.12/site-packages/airflow/example_dags/example_bash_decorator.py
[2024-05-18T22:47:42.555+0000] {processor.py:840} INFO - DAG(s) 'example_bash_decorator' retrieved from /home/airflow/.local/lib/python3.12/site-packages/airflow/example_dags/example_bash_decorator.py
[2024-05-18T22:47:42.607+0000] {logging_mixin.py:188} INFO - [2024-05-18T22:47:42.607+0000] {dag.py:3096} INFO - Sync 1 DAGs
[2024-05-18T22:47:42.633+0000] {logging_mixin.py:188} INFO - [2024-05-18T22:47:42.632+0000] {dag.py:3954} INFO - Setting next_dagrun for example_bash_decorator to None, run_after=None
[2024-05-18T22:47:42.686+0000] {processor.py:183} INFO - Processing /home/airflow/.local/lib/python3.12/site-packages/airflow/example_dags/example_bash_decorator.py took 0.177 seconds
[2024-05-18T22:48:17.627+0000] {processor.py:161} INFO - Started process (PID=675) to work on /home/airflow/.local/lib/python3.12/site-packages/airflow/example_dags/example_bash_decorator.py
[2024-05-18T22:48:17.629+0000] {processor.py:830} INFO - Processing file /home/airflow/.local/lib/python3.12/site-packages/airflow/example_dags/example_bash_decorator.py for tasks to queue
[2024-05-18T22:48:17.633+0000] {logging_mixin.py:188} INFO - [2024-05-18T22:48:17.632+0000] {dagbag.py:545} INFO - Filling up the DagBag from /home/airflow/.local/lib/python3.12/site-packages/airflow/example_dags/example_bash_decorator.py
[2024-05-18T22:48:17.662+0000] {processor.py:840} INFO - DAG(s) 'example_bash_decorator' retrieved from /home/airflow/.local/lib/python3.12/site-packages/airflow/example_dags/example_bash_decorator.py
[2024-05-18T22:48:17.708+0000] {logging_mixin.py:188} INFO - [2024-05-18T22:48:17.707+0000] {dag.py:3096} INFO - Sync 1 DAGs
[2024-05-18T22:48:17.738+0000] {logging_mixin.py:188} INFO - [2024-05-18T22:48:17.738+0000] {dag.py:3954} INFO - Setting next_dagrun for example_bash_decorator to None, run_after=None
[2024-05-18T22:48:17.786+0000] {processor.py:183} INFO - Processing /home/airflow/.local/lib/python3.12/site-packages/airflow/example_dags/example_bash_decorator.py took 0.168 seconds
[2024-05-18T22:48:51.634+0000] {processor.py:161} INFO - Started process (PID=735) to work on /home/airflow/.local/lib/python3.12/site-packages/airflow/example_dags/example_bash_decorator.py
[2024-05-18T22:48:51.637+0000] {processor.py:830} INFO - Processing file /home/airflow/.local/lib/python3.12/site-packages/airflow/example_dags/example_bash_decorator.py for tasks to queue
[2024-05-18T22:48:51.642+0000] {logging_mixin.py:188} INFO - [2024-05-18T22:48:51.641+0000] {dagbag.py:545} INFO - Filling up the DagBag from /home/airflow/.local/lib/python3.12/site-packages/airflow/example_dags/example_bash_decorator.py
[2024-05-18T22:48:51.698+0000] {processor.py:840} INFO - DAG(s) 'example_bash_decorator' retrieved from /home/airflow/.local/lib/python3.12/site-packages/airflow/example_dags/example_bash_decorator.py
[2024-05-18T22:48:51.779+0000] {logging_mixin.py:188} INFO - [2024-05-18T22:48:51.778+0000] {dag.py:3096} INFO - Sync 1 DAGs
[2024-05-18T22:48:51.830+0000] {logging_mixin.py:188} INFO - [2024-05-18T22:48:51.829+0000] {dag.py:3954} INFO - Setting next_dagrun for example_bash_decorator to None, run_after=None
[2024-05-18T22:48:51.903+0000] {processor.py:183} INFO - Processing /home/airflow/.local/lib/python3.12/site-packages/airflow/example_dags/example_bash_decorator.py took 0.289 seconds
[2024-05-18T22:49:22.737+0000] {processor.py:161} INFO - Started process (PID=795) to work on /home/airflow/.local/lib/python3.12/site-packages/airflow/example_dags/example_bash_decorator.py
[2024-05-18T22:49:22.739+0000] {processor.py:830} INFO - Processing file /home/airflow/.local/lib/python3.12/site-packages/airflow/example_dags/example_bash_decorator.py for tasks to queue
[2024-05-18T22:49:22.742+0000] {logging_mixin.py:188} INFO - [2024-05-18T22:49:22.741+0000] {dagbag.py:545} INFO - Filling up the DagBag from /home/airflow/.local/lib/python3.12/site-packages/airflow/example_dags/example_bash_decorator.py
[2024-05-18T22:49:22.765+0000] {processor.py:840} INFO - DAG(s) 'example_bash_decorator' retrieved from /home/airflow/.local/lib/python3.12/site-packages/airflow/example_dags/example_bash_decorator.py
[2024-05-18T22:49:22.808+0000] {logging_mixin.py:188} INFO - [2024-05-18T22:49:22.807+0000] {dag.py:3096} INFO - Sync 1 DAGs
[2024-05-18T22:49:22.830+0000] {logging_mixin.py:188} INFO - [2024-05-18T22:49:22.829+0000] {dag.py:3954} INFO - Setting next_dagrun for example_bash_decorator to None, run_after=None
[2024-05-18T22:49:22.867+0000] {processor.py:183} INFO - Processing /home/airflow/.local/lib/python3.12/site-packages/airflow/example_dags/example_bash_decorator.py took 0.139 seconds
[2024-05-18T22:49:53.209+0000] {processor.py:161} INFO - Started process (PID=855) to work on /home/airflow/.local/lib/python3.12/site-packages/airflow/example_dags/example_bash_decorator.py
[2024-05-18T22:49:53.210+0000] {processor.py:830} INFO - Processing file /home/airflow/.local/lib/python3.12/site-packages/airflow/example_dags/example_bash_decorator.py for tasks to queue
[2024-05-18T22:49:53.214+0000] {logging_mixin.py:188} INFO - [2024-05-18T22:49:53.213+0000] {dagbag.py:545} INFO - Filling up the DagBag from /home/airflow/.local/lib/python3.12/site-packages/airflow/example_dags/example_bash_decorator.py
[2024-05-18T22:49:53.234+0000] {processor.py:840} INFO - DAG(s) 'example_bash_decorator' retrieved from /home/airflow/.local/lib/python3.12/site-packages/airflow/example_dags/example_bash_decorator.py
[2024-05-18T22:49:53.271+0000] {logging_mixin.py:188} INFO - [2024-05-18T22:49:53.270+0000] {dag.py:3096} INFO - Sync 1 DAGs
[2024-05-18T22:49:53.295+0000] {logging_mixin.py:188} INFO - [2024-05-18T22:49:53.295+0000] {dag.py:3954} INFO - Setting next_dagrun for example_bash_decorator to None, run_after=None
[2024-05-18T22:49:53.327+0000] {processor.py:183} INFO - Processing /home/airflow/.local/lib/python3.12/site-packages/airflow/example_dags/example_bash_decorator.py took 0.126 seconds
[2024-05-18T22:50:23.633+0000] {processor.py:161} INFO - Started process (PID=915) to work on /home/airflow/.local/lib/python3.12/site-packages/airflow/example_dags/example_bash_decorator.py
[2024-05-18T22:50:23.634+0000] {processor.py:830} INFO - Processing file /home/airflow/.local/lib/python3.12/site-packages/airflow/example_dags/example_bash_decorator.py for tasks to queue
[2024-05-18T22:50:23.639+0000] {logging_mixin.py:188} INFO - [2024-05-18T22:50:23.638+0000] {dagbag.py:545} INFO - Filling up the DagBag from /home/airflow/.local/lib/python3.12/site-packages/airflow/example_dags/example_bash_decorator.py
[2024-05-18T22:50:23.673+0000] {processor.py:840} INFO - DAG(s) 'example_bash_decorator' retrieved from /home/airflow/.local/lib/python3.12/site-packages/airflow/example_dags/example_bash_decorator.py
[2024-05-18T22:50:23.725+0000] {logging_mixin.py:188} INFO - [2024-05-18T22:50:23.724+0000] {dag.py:3096} INFO - Sync 1 DAGs
[2024-05-18T22:50:23.749+0000] {logging_mixin.py:188} INFO - [2024-05-18T22:50:23.748+0000] {dag.py:3954} INFO - Setting next_dagrun for example_bash_decorator to None, run_after=None
[2024-05-18T22:50:23.797+0000] {processor.py:183} INFO - Processing /home/airflow/.local/lib/python3.12/site-packages/airflow/example_dags/example_bash_decorator.py took 0.177 seconds
[2024-05-18T22:50:55.077+0000] {processor.py:161} INFO - Started process (PID=976) to work on /home/airflow/.local/lib/python3.12/site-packages/airflow/example_dags/example_bash_decorator.py
[2024-05-18T22:50:55.080+0000] {processor.py:830} INFO - Processing file /home/airflow/.local/lib/python3.12/site-packages/airflow/example_dags/example_bash_decorator.py for tasks to queue
[2024-05-18T22:50:55.083+0000] {logging_mixin.py:188} INFO - [2024-05-18T22:50:55.083+0000] {dagbag.py:545} INFO - Filling up the DagBag from /home/airflow/.local/lib/python3.12/site-packages/airflow/example_dags/example_bash_decorator.py
[2024-05-18T22:50:55.130+0000] {processor.py:840} INFO - DAG(s) 'example_bash_decorator' retrieved from /home/airflow/.local/lib/python3.12/site-packages/airflow/example_dags/example_bash_decorator.py
[2024-05-18T22:50:55.219+0000] {logging_mixin.py:188} INFO - [2024-05-18T22:50:55.219+0000] {dag.py:3096} INFO - Sync 1 DAGs
[2024-05-18T22:50:55.258+0000] {logging_mixin.py:188} INFO - [2024-05-18T22:50:55.257+0000] {dag.py:3954} INFO - Setting next_dagrun for example_bash_decorator to None, run_after=None
[2024-05-18T22:50:55.312+0000] {processor.py:183} INFO - Processing /home/airflow/.local/lib/python3.12/site-packages/airflow/example_dags/example_bash_decorator.py took 0.246 seconds
[2024-05-18T22:51:26.115+0000] {processor.py:161} INFO - Started process (PID=1036) to work on /home/airflow/.local/lib/python3.12/site-packages/airflow/example_dags/example_bash_decorator.py
[2024-05-18T22:51:26.117+0000] {processor.py:830} INFO - Processing file /home/airflow/.local/lib/python3.12/site-packages/airflow/example_dags/example_bash_decorator.py for tasks to queue
[2024-05-18T22:51:26.122+0000] {logging_mixin.py:188} INFO - [2024-05-18T22:51:26.121+0000] {dagbag.py:545} INFO - Filling up the DagBag from /home/airflow/.local/lib/python3.12/site-packages/airflow/example_dags/example_bash_decorator.py
[2024-05-18T22:51:26.155+0000] {processor.py:840} INFO - DAG(s) 'example_bash_decorator' retrieved from /home/airflow/.local/lib/python3.12/site-packages/airflow/example_dags/example_bash_decorator.py
[2024-05-18T22:51:26.226+0000] {logging_mixin.py:188} INFO - [2024-05-18T22:51:26.225+0000] {dag.py:3096} INFO - Sync 1 DAGs
[2024-05-18T22:51:26.261+0000] {logging_mixin.py:188} INFO - [2024-05-18T22:51:26.261+0000] {dag.py:3954} INFO - Setting next_dagrun for example_bash_decorator to None, run_after=None
[2024-05-18T22:51:26.330+0000] {processor.py:183} INFO - Processing /home/airflow/.local/lib/python3.12/site-packages/airflow/example_dags/example_bash_decorator.py took 0.231 seconds
[2024-05-18T22:51:57.335+0000] {processor.py:161} INFO - Started process (PID=1096) to work on /home/airflow/.local/lib/python3.12/site-packages/airflow/example_dags/example_bash_decorator.py
[2024-05-18T22:51:57.337+0000] {processor.py:830} INFO - Processing file /home/airflow/.local/lib/python3.12/site-packages/airflow/example_dags/example_bash_decorator.py for tasks to queue
[2024-05-18T22:51:57.341+0000] {logging_mixin.py:188} INFO - [2024-05-18T22:51:57.341+0000] {dagbag.py:545} INFO - Filling up the DagBag from /home/airflow/.local/lib/python3.12/site-packages/airflow/example_dags/example_bash_decorator.py
[2024-05-18T22:51:57.363+0000] {processor.py:840} INFO - DAG(s) 'example_bash_decorator' retrieved from /home/airflow/.local/lib/python3.12/site-packages/airflow/example_dags/example_bash_decorator.py
[2024-05-18T22:51:57.413+0000] {logging_mixin.py:188} INFO - [2024-05-18T22:51:57.412+0000] {dag.py:3096} INFO - Sync 1 DAGs
[2024-05-18T22:51:57.443+0000] {logging_mixin.py:188} INFO - [2024-05-18T22:51:57.443+0000] {dag.py:3954} INFO - Setting next_dagrun for example_bash_decorator to None, run_after=None
[2024-05-18T22:51:57.496+0000] {processor.py:183} INFO - Processing /home/airflow/.local/lib/python3.12/site-packages/airflow/example_dags/example_bash_decorator.py took 0.168 seconds
[2024-05-18T22:52:27.722+0000] {processor.py:161} INFO - Started process (PID=1156) to work on /home/airflow/.local/lib/python3.12/site-packages/airflow/example_dags/example_bash_decorator.py
[2024-05-18T22:52:27.724+0000] {processor.py:830} INFO - Processing file /home/airflow/.local/lib/python3.12/site-packages/airflow/example_dags/example_bash_decorator.py for tasks to queue
[2024-05-18T22:52:27.727+0000] {logging_mixin.py:188} INFO - [2024-05-18T22:52:27.726+0000] {dagbag.py:545} INFO - Filling up the DagBag from /home/airflow/.local/lib/python3.12/site-packages/airflow/example_dags/example_bash_decorator.py
[2024-05-18T22:52:27.750+0000] {processor.py:840} INFO - DAG(s) 'example_bash_decorator' retrieved from /home/airflow/.local/lib/python3.12/site-packages/airflow/example_dags/example_bash_decorator.py
[2024-05-18T22:52:27.802+0000] {logging_mixin.py:188} INFO - [2024-05-18T22:52:27.801+0000] {dag.py:3096} INFO - Sync 1 DAGs
[2024-05-18T22:52:27.825+0000] {logging_mixin.py:188} INFO - [2024-05-18T22:52:27.824+0000] {dag.py:3954} INFO - Setting next_dagrun for example_bash_decorator to None, run_after=None
[2024-05-18T22:52:27.865+0000] {processor.py:183} INFO - Processing /home/airflow/.local/lib/python3.12/site-packages/airflow/example_dags/example_bash_decorator.py took 0.151 seconds
