[2024-05-18 22:35:21,273] {processor.py:153} INFO - Started process (PID=92) to work on /home/airflow/.local/lib/python3.7/site-packages/airflow/example_dags/example_local_kubernetes_executor.py
[2024-05-18 22:35:21,278] {processor.py:641} INFO - Processing file /home/airflow/.local/lib/python3.7/site-packages/airflow/example_dags/example_local_kubernetes_executor.py for tasks to queue
[2024-05-18 22:35:21,285] {logging_mixin.py:115} INFO - [2024-05-18 22:35:21,284] {dagbag.py:507} INFO - Filling up the DagBag from /home/airflow/.local/lib/python3.7/site-packages/airflow/example_dags/example_local_kubernetes_executor.py
[2024-05-18 22:35:21,920] {processor.py:651} INFO - DAG(s) dict_keys(['example_local_kubernetes_executor']) retrieved from /home/airflow/.local/lib/python3.7/site-packages/airflow/example_dags/example_local_kubernetes_executor.py
[2024-05-18 22:35:24,863] {logging_mixin.py:115} INFO - [2024-05-18 22:35:24,863] {manager.py:508} INFO - Created Permission View: can delete on DAG:example_local_kubernetes_executor
[2024-05-18 22:35:25,033] {logging_mixin.py:115} INFO - [2024-05-18 22:35:25,033] {manager.py:508} INFO - Created Permission View: can read on DAG:example_local_kubernetes_executor
[2024-05-18 22:35:25,302] {logging_mixin.py:115} INFO - [2024-05-18 22:35:25,244] {manager.py:508} INFO - Created Permission View: can edit on DAG:example_local_kubernetes_executor
[2024-05-18 22:35:25,323] {logging_mixin.py:115} INFO - [2024-05-18 22:35:25,322] {dag.py:2371} INFO - Sync 1 DAGs
[2024-05-18 22:35:25,442] {logging_mixin.py:115} INFO - [2024-05-18 22:35:25,421] {dag.py:2390} INFO - Creating ORM DAG for example_local_kubernetes_executor
[2024-05-18 22:35:25,912] {logging_mixin.py:115} INFO - [2024-05-18 22:35:25,912] {dag.py:2919} INFO - Setting next_dagrun for example_local_kubernetes_executor to None, run_after=None
[2024-05-18 22:35:26,245] {processor.py:161} INFO - Processing /home/airflow/.local/lib/python3.7/site-packages/airflow/example_dags/example_local_kubernetes_executor.py took 5.003 seconds
[2024-05-18T22:42:36.117+0000] {processor.py:161} INFO - Started process (PID=46) to work on /home/airflow/.local/lib/python3.12/site-packages/airflow/example_dags/example_local_kubernetes_executor.py
[2024-05-18T22:42:36.124+0000] {processor.py:830} INFO - Processing file /home/airflow/.local/lib/python3.12/site-packages/airflow/example_dags/example_local_kubernetes_executor.py for tasks to queue
[2024-05-18T22:42:36.155+0000] {logging_mixin.py:188} INFO - [2024-05-18T22:42:36.154+0000] {dagbag.py:545} INFO - Filling up the DagBag from /home/airflow/.local/lib/python3.12/site-packages/airflow/example_dags/example_local_kubernetes_executor.py
[2024-05-18T22:42:36.236+0000] {processor.py:840} INFO - DAG(s) 'example_local_kubernetes_executor' retrieved from /home/airflow/.local/lib/python3.12/site-packages/airflow/example_dags/example_local_kubernetes_executor.py
[2024-05-18T22:42:37.281+0000] {logging_mixin.py:188} INFO - [2024-05-18T22:42:37.273+0000] {override.py:1829} INFO - Created Permission View: can read on DAG:example_local_kubernetes_executor
[2024-05-18T22:42:37.347+0000] {logging_mixin.py:188} INFO - [2024-05-18T22:42:37.346+0000] {override.py:1829} INFO - Created Permission View: can edit on DAG:example_local_kubernetes_executor
[2024-05-18T22:42:37.421+0000] {logging_mixin.py:188} INFO - [2024-05-18T22:42:37.417+0000] {override.py:1829} INFO - Created Permission View: can delete on DAG:example_local_kubernetes_executor
[2024-05-18T22:42:37.426+0000] {logging_mixin.py:188} INFO - [2024-05-18T22:42:37.425+0000] {dag.py:3096} INFO - Sync 1 DAGs
[2024-05-18T22:42:37.536+0000] {logging_mixin.py:188} INFO - [2024-05-18T22:42:37.535+0000] {dag.py:3118} INFO - Creating ORM DAG for example_local_kubernetes_executor
[2024-05-18T22:42:37.542+0000] {logging_mixin.py:188} INFO - [2024-05-18T22:42:37.541+0000] {dag.py:3954} INFO - Setting next_dagrun for example_local_kubernetes_executor to None, run_after=None
[2024-05-18T22:42:37.629+0000] {processor.py:183} INFO - Processing /home/airflow/.local/lib/python3.12/site-packages/airflow/example_dags/example_local_kubernetes_executor.py took 1.536 seconds
[2024-05-18T22:43:27.961+0000] {processor.py:161} INFO - Started process (PID=111) to work on /home/airflow/.local/lib/python3.12/site-packages/airflow/example_dags/example_local_kubernetes_executor.py
[2024-05-18T22:43:27.964+0000] {processor.py:830} INFO - Processing file /home/airflow/.local/lib/python3.12/site-packages/airflow/example_dags/example_local_kubernetes_executor.py for tasks to queue
[2024-05-18T22:43:27.970+0000] {logging_mixin.py:188} INFO - [2024-05-18T22:43:27.969+0000] {dagbag.py:545} INFO - Filling up the DagBag from /home/airflow/.local/lib/python3.12/site-packages/airflow/example_dags/example_local_kubernetes_executor.py
[2024-05-18T22:43:27.996+0000] {processor.py:840} INFO - DAG(s) 'example_local_kubernetes_executor' retrieved from /home/airflow/.local/lib/python3.12/site-packages/airflow/example_dags/example_local_kubernetes_executor.py
[2024-05-18T22:43:28.142+0000] {logging_mixin.py:188} INFO - [2024-05-18T22:43:28.141+0000] {dag.py:3096} INFO - Sync 1 DAGs
[2024-05-18T22:43:28.220+0000] {logging_mixin.py:188} INFO - [2024-05-18T22:43:28.220+0000] {dag.py:3954} INFO - Setting next_dagrun for example_local_kubernetes_executor to None, run_after=None
[2024-05-18T22:43:28.315+0000] {processor.py:183} INFO - Processing /home/airflow/.local/lib/python3.12/site-packages/airflow/example_dags/example_local_kubernetes_executor.py took 0.371 seconds
[2024-05-18T22:43:59.383+0000] {processor.py:161} INFO - Started process (PID=170) to work on /home/airflow/.local/lib/python3.12/site-packages/airflow/example_dags/example_local_kubernetes_executor.py
[2024-05-18T22:43:59.409+0000] {processor.py:830} INFO - Processing file /home/airflow/.local/lib/python3.12/site-packages/airflow/example_dags/example_local_kubernetes_executor.py for tasks to queue
[2024-05-18T22:43:59.419+0000] {logging_mixin.py:188} INFO - [2024-05-18T22:43:59.418+0000] {dagbag.py:545} INFO - Filling up the DagBag from /home/airflow/.local/lib/python3.12/site-packages/airflow/example_dags/example_local_kubernetes_executor.py
[2024-05-18T22:43:59.452+0000] {processor.py:840} INFO - DAG(s) 'example_local_kubernetes_executor' retrieved from /home/airflow/.local/lib/python3.12/site-packages/airflow/example_dags/example_local_kubernetes_executor.py
[2024-05-18T22:43:59.629+0000] {logging_mixin.py:188} INFO - [2024-05-18T22:43:59.628+0000] {dag.py:3096} INFO - Sync 1 DAGs
[2024-05-18T22:43:59.703+0000] {logging_mixin.py:188} INFO - [2024-05-18T22:43:59.702+0000] {dag.py:3954} INFO - Setting next_dagrun for example_local_kubernetes_executor to None, run_after=None
[2024-05-18T22:43:59.781+0000] {processor.py:183} INFO - Processing /home/airflow/.local/lib/python3.12/site-packages/airflow/example_dags/example_local_kubernetes_executor.py took 0.439 seconds
[2024-05-18T22:44:30.445+0000] {processor.py:161} INFO - Started process (PID=230) to work on /home/airflow/.local/lib/python3.12/site-packages/airflow/example_dags/example_local_kubernetes_executor.py
[2024-05-18T22:44:30.446+0000] {processor.py:830} INFO - Processing file /home/airflow/.local/lib/python3.12/site-packages/airflow/example_dags/example_local_kubernetes_executor.py for tasks to queue
[2024-05-18T22:44:30.452+0000] {logging_mixin.py:188} INFO - [2024-05-18T22:44:30.451+0000] {dagbag.py:545} INFO - Filling up the DagBag from /home/airflow/.local/lib/python3.12/site-packages/airflow/example_dags/example_local_kubernetes_executor.py
[2024-05-18T22:44:30.471+0000] {processor.py:840} INFO - DAG(s) 'example_local_kubernetes_executor' retrieved from /home/airflow/.local/lib/python3.12/site-packages/airflow/example_dags/example_local_kubernetes_executor.py
[2024-05-18T22:44:30.541+0000] {logging_mixin.py:188} INFO - [2024-05-18T22:44:30.541+0000] {dag.py:3096} INFO - Sync 1 DAGs
[2024-05-18T22:44:30.574+0000] {logging_mixin.py:188} INFO - [2024-05-18T22:44:30.573+0000] {dag.py:3954} INFO - Setting next_dagrun for example_local_kubernetes_executor to None, run_after=None
[2024-05-18T22:44:30.621+0000] {processor.py:183} INFO - Processing /home/airflow/.local/lib/python3.12/site-packages/airflow/example_dags/example_local_kubernetes_executor.py took 0.186 seconds
[2024-05-18T22:45:01.035+0000] {processor.py:161} INFO - Started process (PID=290) to work on /home/airflow/.local/lib/python3.12/site-packages/airflow/example_dags/example_local_kubernetes_executor.py
[2024-05-18T22:45:01.037+0000] {processor.py:830} INFO - Processing file /home/airflow/.local/lib/python3.12/site-packages/airflow/example_dags/example_local_kubernetes_executor.py for tasks to queue
[2024-05-18T22:45:01.039+0000] {logging_mixin.py:188} INFO - [2024-05-18T22:45:01.039+0000] {dagbag.py:545} INFO - Filling up the DagBag from /home/airflow/.local/lib/python3.12/site-packages/airflow/example_dags/example_local_kubernetes_executor.py
[2024-05-18T22:45:01.047+0000] {processor.py:840} INFO - DAG(s) 'example_local_kubernetes_executor' retrieved from /home/airflow/.local/lib/python3.12/site-packages/airflow/example_dags/example_local_kubernetes_executor.py
[2024-05-18T22:45:01.096+0000] {logging_mixin.py:188} INFO - [2024-05-18T22:45:01.095+0000] {dag.py:3096} INFO - Sync 1 DAGs
[2024-05-18T22:45:01.118+0000] {logging_mixin.py:188} INFO - [2024-05-18T22:45:01.117+0000] {dag.py:3954} INFO - Setting next_dagrun for example_local_kubernetes_executor to None, run_after=None
[2024-05-18T22:45:01.151+0000] {processor.py:183} INFO - Processing /home/airflow/.local/lib/python3.12/site-packages/airflow/example_dags/example_local_kubernetes_executor.py took 0.122 seconds
[2024-05-18T22:45:31.222+0000] {processor.py:161} INFO - Started process (PID=350) to work on /home/airflow/.local/lib/python3.12/site-packages/airflow/example_dags/example_local_kubernetes_executor.py
[2024-05-18T22:45:31.224+0000] {processor.py:830} INFO - Processing file /home/airflow/.local/lib/python3.12/site-packages/airflow/example_dags/example_local_kubernetes_executor.py for tasks to queue
[2024-05-18T22:45:31.226+0000] {logging_mixin.py:188} INFO - [2024-05-18T22:45:31.226+0000] {dagbag.py:545} INFO - Filling up the DagBag from /home/airflow/.local/lib/python3.12/site-packages/airflow/example_dags/example_local_kubernetes_executor.py
[2024-05-18T22:45:31.236+0000] {processor.py:840} INFO - DAG(s) 'example_local_kubernetes_executor' retrieved from /home/airflow/.local/lib/python3.12/site-packages/airflow/example_dags/example_local_kubernetes_executor.py
[2024-05-18T22:45:31.291+0000] {logging_mixin.py:188} INFO - [2024-05-18T22:45:31.291+0000] {dag.py:3096} INFO - Sync 1 DAGs
[2024-05-18T22:45:31.312+0000] {logging_mixin.py:188} INFO - [2024-05-18T22:45:31.311+0000] {dag.py:3954} INFO - Setting next_dagrun for example_local_kubernetes_executor to None, run_after=None
[2024-05-18T22:45:31.341+0000] {processor.py:183} INFO - Processing /home/airflow/.local/lib/python3.12/site-packages/airflow/example_dags/example_local_kubernetes_executor.py took 0.126 seconds
[2024-05-18T22:46:01.506+0000] {processor.py:161} INFO - Started process (PID=410) to work on /home/airflow/.local/lib/python3.12/site-packages/airflow/example_dags/example_local_kubernetes_executor.py
[2024-05-18T22:46:01.508+0000] {processor.py:830} INFO - Processing file /home/airflow/.local/lib/python3.12/site-packages/airflow/example_dags/example_local_kubernetes_executor.py for tasks to queue
[2024-05-18T22:46:01.511+0000] {logging_mixin.py:188} INFO - [2024-05-18T22:46:01.511+0000] {dagbag.py:545} INFO - Filling up the DagBag from /home/airflow/.local/lib/python3.12/site-packages/airflow/example_dags/example_local_kubernetes_executor.py
[2024-05-18T22:46:01.523+0000] {processor.py:840} INFO - DAG(s) 'example_local_kubernetes_executor' retrieved from /home/airflow/.local/lib/python3.12/site-packages/airflow/example_dags/example_local_kubernetes_executor.py
[2024-05-18T22:46:01.587+0000] {logging_mixin.py:188} INFO - [2024-05-18T22:46:01.587+0000] {dag.py:3096} INFO - Sync 1 DAGs
[2024-05-18T22:46:01.621+0000] {logging_mixin.py:188} INFO - [2024-05-18T22:46:01.621+0000] {dag.py:3954} INFO - Setting next_dagrun for example_local_kubernetes_executor to None, run_after=None
[2024-05-18T22:46:01.661+0000] {processor.py:183} INFO - Processing /home/airflow/.local/lib/python3.12/site-packages/airflow/example_dags/example_local_kubernetes_executor.py took 0.164 seconds
[2024-05-18T22:46:32.286+0000] {processor.py:161} INFO - Started process (PID=470) to work on /home/airflow/.local/lib/python3.12/site-packages/airflow/example_dags/example_local_kubernetes_executor.py
[2024-05-18T22:46:32.288+0000] {processor.py:830} INFO - Processing file /home/airflow/.local/lib/python3.12/site-packages/airflow/example_dags/example_local_kubernetes_executor.py for tasks to queue
[2024-05-18T22:46:32.291+0000] {logging_mixin.py:188} INFO - [2024-05-18T22:46:32.291+0000] {dagbag.py:545} INFO - Filling up the DagBag from /home/airflow/.local/lib/python3.12/site-packages/airflow/example_dags/example_local_kubernetes_executor.py
[2024-05-18T22:46:32.300+0000] {processor.py:840} INFO - DAG(s) 'example_local_kubernetes_executor' retrieved from /home/airflow/.local/lib/python3.12/site-packages/airflow/example_dags/example_local_kubernetes_executor.py
[2024-05-18T22:46:32.354+0000] {logging_mixin.py:188} INFO - [2024-05-18T22:46:32.353+0000] {dag.py:3096} INFO - Sync 1 DAGs
[2024-05-18T22:46:32.376+0000] {logging_mixin.py:188} INFO - [2024-05-18T22:46:32.376+0000] {dag.py:3954} INFO - Setting next_dagrun for example_local_kubernetes_executor to None, run_after=None
[2024-05-18T22:46:32.411+0000] {processor.py:183} INFO - Processing /home/airflow/.local/lib/python3.12/site-packages/airflow/example_dags/example_local_kubernetes_executor.py took 0.132 seconds
[2024-05-18T22:47:02.718+0000] {processor.py:161} INFO - Started process (PID=530) to work on /home/airflow/.local/lib/python3.12/site-packages/airflow/example_dags/example_local_kubernetes_executor.py
[2024-05-18T22:47:02.720+0000] {processor.py:830} INFO - Processing file /home/airflow/.local/lib/python3.12/site-packages/airflow/example_dags/example_local_kubernetes_executor.py for tasks to queue
[2024-05-18T22:47:02.723+0000] {logging_mixin.py:188} INFO - [2024-05-18T22:47:02.723+0000] {dagbag.py:545} INFO - Filling up the DagBag from /home/airflow/.local/lib/python3.12/site-packages/airflow/example_dags/example_local_kubernetes_executor.py
[2024-05-18T22:47:02.737+0000] {processor.py:840} INFO - DAG(s) 'example_local_kubernetes_executor' retrieved from /home/airflow/.local/lib/python3.12/site-packages/airflow/example_dags/example_local_kubernetes_executor.py
[2024-05-18T22:47:02.790+0000] {logging_mixin.py:188} INFO - [2024-05-18T22:47:02.790+0000] {dag.py:3096} INFO - Sync 1 DAGs
[2024-05-18T22:47:02.814+0000] {logging_mixin.py:188} INFO - [2024-05-18T22:47:02.813+0000] {dag.py:3954} INFO - Setting next_dagrun for example_local_kubernetes_executor to None, run_after=None
[2024-05-18T22:47:02.848+0000] {processor.py:183} INFO - Processing /home/airflow/.local/lib/python3.12/site-packages/airflow/example_dags/example_local_kubernetes_executor.py took 0.139 seconds
[2024-05-18T22:47:33.375+0000] {processor.py:161} INFO - Started process (PID=590) to work on /home/airflow/.local/lib/python3.12/site-packages/airflow/example_dags/example_local_kubernetes_executor.py
[2024-05-18T22:47:33.377+0000] {processor.py:830} INFO - Processing file /home/airflow/.local/lib/python3.12/site-packages/airflow/example_dags/example_local_kubernetes_executor.py for tasks to queue
[2024-05-18T22:47:33.381+0000] {logging_mixin.py:188} INFO - [2024-05-18T22:47:33.380+0000] {dagbag.py:545} INFO - Filling up the DagBag from /home/airflow/.local/lib/python3.12/site-packages/airflow/example_dags/example_local_kubernetes_executor.py
[2024-05-18T22:47:33.397+0000] {processor.py:840} INFO - DAG(s) 'example_local_kubernetes_executor' retrieved from /home/airflow/.local/lib/python3.12/site-packages/airflow/example_dags/example_local_kubernetes_executor.py
[2024-05-18T22:47:33.459+0000] {logging_mixin.py:188} INFO - [2024-05-18T22:47:33.459+0000] {dag.py:3096} INFO - Sync 1 DAGs
[2024-05-18T22:47:33.483+0000] {logging_mixin.py:188} INFO - [2024-05-18T22:47:33.482+0000] {dag.py:3954} INFO - Setting next_dagrun for example_local_kubernetes_executor to None, run_after=None
[2024-05-18T22:47:33.522+0000] {processor.py:183} INFO - Processing /home/airflow/.local/lib/python3.12/site-packages/airflow/example_dags/example_local_kubernetes_executor.py took 0.163 seconds
[2024-05-18T22:48:04.823+0000] {processor.py:161} INFO - Started process (PID=650) to work on /home/airflow/.local/lib/python3.12/site-packages/airflow/example_dags/example_local_kubernetes_executor.py
[2024-05-18T22:48:04.837+0000] {processor.py:830} INFO - Processing file /home/airflow/.local/lib/python3.12/site-packages/airflow/example_dags/example_local_kubernetes_executor.py for tasks to queue
[2024-05-18T22:48:04.847+0000] {logging_mixin.py:188} INFO - [2024-05-18T22:48:04.846+0000] {dagbag.py:545} INFO - Filling up the DagBag from /home/airflow/.local/lib/python3.12/site-packages/airflow/example_dags/example_local_kubernetes_executor.py
[2024-05-18T22:48:04.897+0000] {processor.py:840} INFO - DAG(s) 'example_local_kubernetes_executor' retrieved from /home/airflow/.local/lib/python3.12/site-packages/airflow/example_dags/example_local_kubernetes_executor.py
[2024-05-18T22:48:05.018+0000] {logging_mixin.py:188} INFO - [2024-05-18T22:48:05.017+0000] {dag.py:3096} INFO - Sync 1 DAGs
[2024-05-18T22:48:05.084+0000] {logging_mixin.py:188} INFO - [2024-05-18T22:48:05.083+0000] {dag.py:3954} INFO - Setting next_dagrun for example_local_kubernetes_executor to None, run_after=None
[2024-05-18T22:48:05.150+0000] {processor.py:183} INFO - Processing /home/airflow/.local/lib/python3.12/site-packages/airflow/example_dags/example_local_kubernetes_executor.py took 0.346 seconds
[2024-05-18T22:48:35.831+0000] {processor.py:161} INFO - Started process (PID=710) to work on /home/airflow/.local/lib/python3.12/site-packages/airflow/example_dags/example_local_kubernetes_executor.py
[2024-05-18T22:48:35.833+0000] {processor.py:830} INFO - Processing file /home/airflow/.local/lib/python3.12/site-packages/airflow/example_dags/example_local_kubernetes_executor.py for tasks to queue
[2024-05-18T22:48:35.837+0000] {logging_mixin.py:188} INFO - [2024-05-18T22:48:35.836+0000] {dagbag.py:545} INFO - Filling up the DagBag from /home/airflow/.local/lib/python3.12/site-packages/airflow/example_dags/example_local_kubernetes_executor.py
[2024-05-18T22:48:35.853+0000] {processor.py:840} INFO - DAG(s) 'example_local_kubernetes_executor' retrieved from /home/airflow/.local/lib/python3.12/site-packages/airflow/example_dags/example_local_kubernetes_executor.py
[2024-05-18T22:48:35.963+0000] {logging_mixin.py:188} INFO - [2024-05-18T22:48:35.962+0000] {dag.py:3096} INFO - Sync 1 DAGs
[2024-05-18T22:48:35.989+0000] {logging_mixin.py:188} INFO - [2024-05-18T22:48:35.989+0000] {dag.py:3954} INFO - Setting next_dagrun for example_local_kubernetes_executor to None, run_after=None
[2024-05-18T22:48:36.031+0000] {processor.py:183} INFO - Processing /home/airflow/.local/lib/python3.12/site-packages/airflow/example_dags/example_local_kubernetes_executor.py took 0.211 seconds
[2024-05-18T22:49:06.236+0000] {processor.py:161} INFO - Started process (PID=770) to work on /home/airflow/.local/lib/python3.12/site-packages/airflow/example_dags/example_local_kubernetes_executor.py
[2024-05-18T22:49:06.238+0000] {processor.py:830} INFO - Processing file /home/airflow/.local/lib/python3.12/site-packages/airflow/example_dags/example_local_kubernetes_executor.py for tasks to queue
[2024-05-18T22:49:06.244+0000] {logging_mixin.py:188} INFO - [2024-05-18T22:49:06.242+0000] {dagbag.py:545} INFO - Filling up the DagBag from /home/airflow/.local/lib/python3.12/site-packages/airflow/example_dags/example_local_kubernetes_executor.py
[2024-05-18T22:49:06.257+0000] {processor.py:840} INFO - DAG(s) 'example_local_kubernetes_executor' retrieved from /home/airflow/.local/lib/python3.12/site-packages/airflow/example_dags/example_local_kubernetes_executor.py
[2024-05-18T22:49:06.321+0000] {logging_mixin.py:188} INFO - [2024-05-18T22:49:06.320+0000] {dag.py:3096} INFO - Sync 1 DAGs
[2024-05-18T22:49:06.344+0000] {logging_mixin.py:188} INFO - [2024-05-18T22:49:06.343+0000] {dag.py:3954} INFO - Setting next_dagrun for example_local_kubernetes_executor to None, run_after=None
[2024-05-18T22:49:06.390+0000] {processor.py:183} INFO - Processing /home/airflow/.local/lib/python3.12/site-packages/airflow/example_dags/example_local_kubernetes_executor.py took 0.161 seconds
[2024-05-18T22:49:37.139+0000] {processor.py:161} INFO - Started process (PID=830) to work on /home/airflow/.local/lib/python3.12/site-packages/airflow/example_dags/example_local_kubernetes_executor.py
[2024-05-18T22:49:37.141+0000] {processor.py:830} INFO - Processing file /home/airflow/.local/lib/python3.12/site-packages/airflow/example_dags/example_local_kubernetes_executor.py for tasks to queue
[2024-05-18T22:49:37.145+0000] {logging_mixin.py:188} INFO - [2024-05-18T22:49:37.144+0000] {dagbag.py:545} INFO - Filling up the DagBag from /home/airflow/.local/lib/python3.12/site-packages/airflow/example_dags/example_local_kubernetes_executor.py
[2024-05-18T22:49:37.158+0000] {processor.py:840} INFO - DAG(s) 'example_local_kubernetes_executor' retrieved from /home/airflow/.local/lib/python3.12/site-packages/airflow/example_dags/example_local_kubernetes_executor.py
[2024-05-18T22:49:37.235+0000] {logging_mixin.py:188} INFO - [2024-05-18T22:49:37.235+0000] {dag.py:3096} INFO - Sync 1 DAGs
[2024-05-18T22:49:37.265+0000] {logging_mixin.py:188} INFO - [2024-05-18T22:49:37.264+0000] {dag.py:3954} INFO - Setting next_dagrun for example_local_kubernetes_executor to None, run_after=None
[2024-05-18T22:49:37.304+0000] {processor.py:183} INFO - Processing /home/airflow/.local/lib/python3.12/site-packages/airflow/example_dags/example_local_kubernetes_executor.py took 0.173 seconds
[2024-05-18T22:50:07.856+0000] {processor.py:161} INFO - Started process (PID=890) to work on /home/airflow/.local/lib/python3.12/site-packages/airflow/example_dags/example_local_kubernetes_executor.py
[2024-05-18T22:50:07.866+0000] {processor.py:830} INFO - Processing file /home/airflow/.local/lib/python3.12/site-packages/airflow/example_dags/example_local_kubernetes_executor.py for tasks to queue
[2024-05-18T22:50:07.879+0000] {logging_mixin.py:188} INFO - [2024-05-18T22:50:07.878+0000] {dagbag.py:545} INFO - Filling up the DagBag from /home/airflow/.local/lib/python3.12/site-packages/airflow/example_dags/example_local_kubernetes_executor.py
[2024-05-18T22:50:07.911+0000] {processor.py:840} INFO - DAG(s) 'example_local_kubernetes_executor' retrieved from /home/airflow/.local/lib/python3.12/site-packages/airflow/example_dags/example_local_kubernetes_executor.py
[2024-05-18T22:50:08.003+0000] {logging_mixin.py:188} INFO - [2024-05-18T22:50:08.003+0000] {dag.py:3096} INFO - Sync 1 DAGs
[2024-05-18T22:50:08.036+0000] {logging_mixin.py:188} INFO - [2024-05-18T22:50:08.036+0000] {dag.py:3954} INFO - Setting next_dagrun for example_local_kubernetes_executor to None, run_after=None
[2024-05-18T22:50:08.093+0000] {processor.py:183} INFO - Processing /home/airflow/.local/lib/python3.12/site-packages/airflow/example_dags/example_local_kubernetes_executor.py took 0.281 seconds
[2024-05-18T22:50:38.271+0000] {processor.py:161} INFO - Started process (PID=950) to work on /home/airflow/.local/lib/python3.12/site-packages/airflow/example_dags/example_local_kubernetes_executor.py
[2024-05-18T22:50:38.274+0000] {processor.py:830} INFO - Processing file /home/airflow/.local/lib/python3.12/site-packages/airflow/example_dags/example_local_kubernetes_executor.py for tasks to queue
[2024-05-18T22:50:38.280+0000] {logging_mixin.py:188} INFO - [2024-05-18T22:50:38.279+0000] {dagbag.py:545} INFO - Filling up the DagBag from /home/airflow/.local/lib/python3.12/site-packages/airflow/example_dags/example_local_kubernetes_executor.py
[2024-05-18T22:50:38.299+0000] {processor.py:840} INFO - DAG(s) 'example_local_kubernetes_executor' retrieved from /home/airflow/.local/lib/python3.12/site-packages/airflow/example_dags/example_local_kubernetes_executor.py
[2024-05-18T22:50:38.401+0000] {logging_mixin.py:188} INFO - [2024-05-18T22:50:38.400+0000] {dag.py:3096} INFO - Sync 1 DAGs
[2024-05-18T22:50:38.443+0000] {logging_mixin.py:188} INFO - [2024-05-18T22:50:38.442+0000] {dag.py:3954} INFO - Setting next_dagrun for example_local_kubernetes_executor to None, run_after=None
[2024-05-18T22:50:38.488+0000] {processor.py:183} INFO - Processing /home/airflow/.local/lib/python3.12/site-packages/airflow/example_dags/example_local_kubernetes_executor.py took 0.234 seconds
[2024-05-18T22:51:09.076+0000] {processor.py:161} INFO - Started process (PID=1011) to work on /home/airflow/.local/lib/python3.12/site-packages/airflow/example_dags/example_local_kubernetes_executor.py
[2024-05-18T22:51:09.080+0000] {processor.py:830} INFO - Processing file /home/airflow/.local/lib/python3.12/site-packages/airflow/example_dags/example_local_kubernetes_executor.py for tasks to queue
[2024-05-18T22:51:09.085+0000] {logging_mixin.py:188} INFO - [2024-05-18T22:51:09.084+0000] {dagbag.py:545} INFO - Filling up the DagBag from /home/airflow/.local/lib/python3.12/site-packages/airflow/example_dags/example_local_kubernetes_executor.py
[2024-05-18T22:51:09.106+0000] {processor.py:840} INFO - DAG(s) 'example_local_kubernetes_executor' retrieved from /home/airflow/.local/lib/python3.12/site-packages/airflow/example_dags/example_local_kubernetes_executor.py
[2024-05-18T22:51:09.222+0000] {logging_mixin.py:188} INFO - [2024-05-18T22:51:09.221+0000] {dag.py:3096} INFO - Sync 1 DAGs
[2024-05-18T22:51:09.284+0000] {logging_mixin.py:188} INFO - [2024-05-18T22:51:09.283+0000] {dag.py:3954} INFO - Setting next_dagrun for example_local_kubernetes_executor to None, run_after=None
[2024-05-18T22:51:09.356+0000] {processor.py:183} INFO - Processing /home/airflow/.local/lib/python3.12/site-packages/airflow/example_dags/example_local_kubernetes_executor.py took 0.298 seconds
[2024-05-18T22:51:39.975+0000] {processor.py:161} INFO - Started process (PID=1071) to work on /home/airflow/.local/lib/python3.12/site-packages/airflow/example_dags/example_local_kubernetes_executor.py
[2024-05-18T22:51:39.977+0000] {processor.py:830} INFO - Processing file /home/airflow/.local/lib/python3.12/site-packages/airflow/example_dags/example_local_kubernetes_executor.py for tasks to queue
[2024-05-18T22:51:39.979+0000] {logging_mixin.py:188} INFO - [2024-05-18T22:51:39.979+0000] {dagbag.py:545} INFO - Filling up the DagBag from /home/airflow/.local/lib/python3.12/site-packages/airflow/example_dags/example_local_kubernetes_executor.py
[2024-05-18T22:51:39.989+0000] {processor.py:840} INFO - DAG(s) 'example_local_kubernetes_executor' retrieved from /home/airflow/.local/lib/python3.12/site-packages/airflow/example_dags/example_local_kubernetes_executor.py
[2024-05-18T22:51:40.038+0000] {logging_mixin.py:188} INFO - [2024-05-18T22:51:40.037+0000] {dag.py:3096} INFO - Sync 1 DAGs
[2024-05-18T22:51:40.058+0000] {logging_mixin.py:188} INFO - [2024-05-18T22:51:40.058+0000] {dag.py:3954} INFO - Setting next_dagrun for example_local_kubernetes_executor to None, run_after=None
[2024-05-18T22:51:40.090+0000] {processor.py:183} INFO - Processing /home/airflow/.local/lib/python3.12/site-packages/airflow/example_dags/example_local_kubernetes_executor.py took 0.124 seconds
[2024-05-18T22:52:10.882+0000] {processor.py:161} INFO - Started process (PID=1131) to work on /home/airflow/.local/lib/python3.12/site-packages/airflow/example_dags/example_local_kubernetes_executor.py
[2024-05-18T22:52:10.885+0000] {processor.py:830} INFO - Processing file /home/airflow/.local/lib/python3.12/site-packages/airflow/example_dags/example_local_kubernetes_executor.py for tasks to queue
[2024-05-18T22:52:10.902+0000] {logging_mixin.py:188} INFO - [2024-05-18T22:52:10.901+0000] {dagbag.py:545} INFO - Filling up the DagBag from /home/airflow/.local/lib/python3.12/site-packages/airflow/example_dags/example_local_kubernetes_executor.py
[2024-05-18T22:52:10.927+0000] {processor.py:840} INFO - DAG(s) 'example_local_kubernetes_executor' retrieved from /home/airflow/.local/lib/python3.12/site-packages/airflow/example_dags/example_local_kubernetes_executor.py
[2024-05-18T22:52:11.136+0000] {logging_mixin.py:188} INFO - [2024-05-18T22:52:11.135+0000] {dag.py:3096} INFO - Sync 1 DAGs
[2024-05-18T22:52:11.218+0000] {logging_mixin.py:188} INFO - [2024-05-18T22:52:11.217+0000] {dag.py:3954} INFO - Setting next_dagrun for example_local_kubernetes_executor to None, run_after=None
[2024-05-18T22:52:11.345+0000] {processor.py:183} INFO - Processing /home/airflow/.local/lib/python3.12/site-packages/airflow/example_dags/example_local_kubernetes_executor.py took 0.486 seconds
