[2024-05-18T22:43:20.828+0000] {processor.py:161} INFO - Started process (PID=100) to work on /home/airflow/.local/lib/python3.12/site-packages/airflow/example_dags/example_setup_teardown_taskflow.py
[2024-05-18T22:43:20.837+0000] {processor.py:830} INFO - Processing file /home/airflow/.local/lib/python3.12/site-packages/airflow/example_dags/example_setup_teardown_taskflow.py for tasks to queue
[2024-05-18T22:43:20.846+0000] {logging_mixin.py:188} INFO - [2024-05-18T22:43:20.844+0000] {dagbag.py:545} INFO - Filling up the DagBag from /home/airflow/.local/lib/python3.12/site-packages/airflow/example_dags/example_setup_teardown_taskflow.py
[2024-05-18T22:43:20.935+0000] {processor.py:840} INFO - DAG(s) 'example_setup_teardown_taskflow' retrieved from /home/airflow/.local/lib/python3.12/site-packages/airflow/example_dags/example_setup_teardown_taskflow.py
[2024-05-18T22:43:21.999+0000] {logging_mixin.py:188} INFO - [2024-05-18T22:43:21.997+0000] {override.py:1829} INFO - Created Permission View: can read on DAG:example_setup_teardown_taskflow
[2024-05-18T22:43:22.102+0000] {logging_mixin.py:188} INFO - [2024-05-18T22:43:22.101+0000] {override.py:1829} INFO - Created Permission View: can edit on DAG:example_setup_teardown_taskflow
[2024-05-18T22:43:22.161+0000] {logging_mixin.py:188} INFO - [2024-05-18T22:43:22.159+0000] {override.py:1829} INFO - Created Permission View: can delete on DAG:example_setup_teardown_taskflow
[2024-05-18T22:43:22.171+0000] {logging_mixin.py:188} INFO - [2024-05-18T22:43:22.170+0000] {dag.py:3096} INFO - Sync 1 DAGs
[2024-05-18T22:43:22.307+0000] {logging_mixin.py:188} INFO - [2024-05-18T22:43:22.306+0000] {dag.py:3118} INFO - Creating ORM DAG for example_setup_teardown_taskflow
[2024-05-18T22:43:22.385+0000] {logging_mixin.py:188} INFO - [2024-05-18T22:43:22.377+0000] {dag.py:3954} INFO - Setting next_dagrun for example_setup_teardown_taskflow to 2024-05-17 00:00:00+00:00, run_after=2024-05-18 00:00:00+00:00
[2024-05-18T22:43:22.580+0000] {processor.py:183} INFO - Processing /home/airflow/.local/lib/python3.12/site-packages/airflow/example_dags/example_setup_teardown_taskflow.py took 1.791 seconds
[2024-05-18T22:43:53.254+0000] {processor.py:161} INFO - Started process (PID=161) to work on /home/airflow/.local/lib/python3.12/site-packages/airflow/example_dags/example_setup_teardown_taskflow.py
[2024-05-18T22:43:53.256+0000] {processor.py:830} INFO - Processing file /home/airflow/.local/lib/python3.12/site-packages/airflow/example_dags/example_setup_teardown_taskflow.py for tasks to queue
[2024-05-18T22:43:53.261+0000] {logging_mixin.py:188} INFO - [2024-05-18T22:43:53.260+0000] {dagbag.py:545} INFO - Filling up the DagBag from /home/airflow/.local/lib/python3.12/site-packages/airflow/example_dags/example_setup_teardown_taskflow.py
[2024-05-18T22:43:53.297+0000] {processor.py:840} INFO - DAG(s) 'example_setup_teardown_taskflow' retrieved from /home/airflow/.local/lib/python3.12/site-packages/airflow/example_dags/example_setup_teardown_taskflow.py
[2024-05-18T22:43:53.356+0000] {logging_mixin.py:188} INFO - [2024-05-18T22:43:53.355+0000] {dag.py:3096} INFO - Sync 1 DAGs
[2024-05-18T22:43:53.433+0000] {logging_mixin.py:188} INFO - [2024-05-18T22:43:53.432+0000] {dag.py:3954} INFO - Setting next_dagrun for example_setup_teardown_taskflow to 2024-05-17 00:00:00+00:00, run_after=2024-05-18 00:00:00+00:00
[2024-05-18T22:43:53.684+0000] {processor.py:183} INFO - Processing /home/airflow/.local/lib/python3.12/site-packages/airflow/example_dags/example_setup_teardown_taskflow.py took 0.443 seconds
[2024-05-18T22:44:24.532+0000] {processor.py:161} INFO - Started process (PID=221) to work on /home/airflow/.local/lib/python3.12/site-packages/airflow/example_dags/example_setup_teardown_taskflow.py
[2024-05-18T22:44:24.534+0000] {processor.py:830} INFO - Processing file /home/airflow/.local/lib/python3.12/site-packages/airflow/example_dags/example_setup_teardown_taskflow.py for tasks to queue
[2024-05-18T22:44:24.537+0000] {logging_mixin.py:188} INFO - [2024-05-18T22:44:24.537+0000] {dagbag.py:545} INFO - Filling up the DagBag from /home/airflow/.local/lib/python3.12/site-packages/airflow/example_dags/example_setup_teardown_taskflow.py
[2024-05-18T22:44:24.554+0000] {processor.py:840} INFO - DAG(s) 'example_setup_teardown_taskflow' retrieved from /home/airflow/.local/lib/python3.12/site-packages/airflow/example_dags/example_setup_teardown_taskflow.py
[2024-05-18T22:44:24.612+0000] {logging_mixin.py:188} INFO - [2024-05-18T22:44:24.611+0000] {dag.py:3096} INFO - Sync 1 DAGs
[2024-05-18T22:44:24.667+0000] {logging_mixin.py:188} INFO - [2024-05-18T22:44:24.666+0000] {dag.py:3954} INFO - Setting next_dagrun for example_setup_teardown_taskflow to 2024-05-17 00:00:00+00:00, run_after=2024-05-18 00:00:00+00:00
[2024-05-18T22:44:24.748+0000] {processor.py:183} INFO - Processing /home/airflow/.local/lib/python3.12/site-packages/airflow/example_dags/example_setup_teardown_taskflow.py took 0.228 seconds
[2024-05-18T22:44:55.468+0000] {processor.py:161} INFO - Started process (PID=281) to work on /home/airflow/.local/lib/python3.12/site-packages/airflow/example_dags/example_setup_teardown_taskflow.py
[2024-05-18T22:44:55.470+0000] {processor.py:830} INFO - Processing file /home/airflow/.local/lib/python3.12/site-packages/airflow/example_dags/example_setup_teardown_taskflow.py for tasks to queue
[2024-05-18T22:44:55.472+0000] {logging_mixin.py:188} INFO - [2024-05-18T22:44:55.472+0000] {dagbag.py:545} INFO - Filling up the DagBag from /home/airflow/.local/lib/python3.12/site-packages/airflow/example_dags/example_setup_teardown_taskflow.py
[2024-05-18T22:44:55.487+0000] {processor.py:840} INFO - DAG(s) 'example_setup_teardown_taskflow' retrieved from /home/airflow/.local/lib/python3.12/site-packages/airflow/example_dags/example_setup_teardown_taskflow.py
[2024-05-18T22:44:55.519+0000] {logging_mixin.py:188} INFO - [2024-05-18T22:44:55.519+0000] {dag.py:3096} INFO - Sync 1 DAGs
[2024-05-18T22:44:55.551+0000] {logging_mixin.py:188} INFO - [2024-05-18T22:44:55.550+0000] {dag.py:3954} INFO - Setting next_dagrun for example_setup_teardown_taskflow to 2024-05-17 00:00:00+00:00, run_after=2024-05-18 00:00:00+00:00
[2024-05-18T22:44:55.582+0000] {processor.py:183} INFO - Processing /home/airflow/.local/lib/python3.12/site-packages/airflow/example_dags/example_setup_teardown_taskflow.py took 0.120 seconds
[2024-05-18T22:45:25.721+0000] {processor.py:161} INFO - Started process (PID=341) to work on /home/airflow/.local/lib/python3.12/site-packages/airflow/example_dags/example_setup_teardown_taskflow.py
[2024-05-18T22:45:25.723+0000] {processor.py:830} INFO - Processing file /home/airflow/.local/lib/python3.12/site-packages/airflow/example_dags/example_setup_teardown_taskflow.py for tasks to queue
[2024-05-18T22:45:25.725+0000] {logging_mixin.py:188} INFO - [2024-05-18T22:45:25.725+0000] {dagbag.py:545} INFO - Filling up the DagBag from /home/airflow/.local/lib/python3.12/site-packages/airflow/example_dags/example_setup_teardown_taskflow.py
[2024-05-18T22:45:25.736+0000] {processor.py:840} INFO - DAG(s) 'example_setup_teardown_taskflow' retrieved from /home/airflow/.local/lib/python3.12/site-packages/airflow/example_dags/example_setup_teardown_taskflow.py
[2024-05-18T22:45:25.769+0000] {logging_mixin.py:188} INFO - [2024-05-18T22:45:25.769+0000] {dag.py:3096} INFO - Sync 1 DAGs
[2024-05-18T22:45:25.802+0000] {logging_mixin.py:188} INFO - [2024-05-18T22:45:25.802+0000] {dag.py:3954} INFO - Setting next_dagrun for example_setup_teardown_taskflow to 2024-05-17 00:00:00+00:00, run_after=2024-05-18 00:00:00+00:00
[2024-05-18T22:45:25.831+0000] {processor.py:183} INFO - Processing /home/airflow/.local/lib/python3.12/site-packages/airflow/example_dags/example_setup_teardown_taskflow.py took 0.116 seconds
[2024-05-18T22:45:55.960+0000] {processor.py:161} INFO - Started process (PID=401) to work on /home/airflow/.local/lib/python3.12/site-packages/airflow/example_dags/example_setup_teardown_taskflow.py
[2024-05-18T22:45:55.961+0000] {processor.py:830} INFO - Processing file /home/airflow/.local/lib/python3.12/site-packages/airflow/example_dags/example_setup_teardown_taskflow.py for tasks to queue
[2024-05-18T22:45:55.964+0000] {logging_mixin.py:188} INFO - [2024-05-18T22:45:55.963+0000] {dagbag.py:545} INFO - Filling up the DagBag from /home/airflow/.local/lib/python3.12/site-packages/airflow/example_dags/example_setup_teardown_taskflow.py
[2024-05-18T22:45:55.975+0000] {processor.py:840} INFO - DAG(s) 'example_setup_teardown_taskflow' retrieved from /home/airflow/.local/lib/python3.12/site-packages/airflow/example_dags/example_setup_teardown_taskflow.py
[2024-05-18T22:45:56.009+0000] {logging_mixin.py:188} INFO - [2024-05-18T22:45:56.009+0000] {dag.py:3096} INFO - Sync 1 DAGs
[2024-05-18T22:45:56.042+0000] {logging_mixin.py:188} INFO - [2024-05-18T22:45:56.042+0000] {dag.py:3954} INFO - Setting next_dagrun for example_setup_teardown_taskflow to 2024-05-17 00:00:00+00:00, run_after=2024-05-18 00:00:00+00:00
[2024-05-18T22:45:56.074+0000] {processor.py:183} INFO - Processing /home/airflow/.local/lib/python3.12/site-packages/airflow/example_dags/example_setup_teardown_taskflow.py took 0.120 seconds
[2024-05-18T22:46:26.681+0000] {processor.py:161} INFO - Started process (PID=461) to work on /home/airflow/.local/lib/python3.12/site-packages/airflow/example_dags/example_setup_teardown_taskflow.py
[2024-05-18T22:46:26.687+0000] {processor.py:830} INFO - Processing file /home/airflow/.local/lib/python3.12/site-packages/airflow/example_dags/example_setup_teardown_taskflow.py for tasks to queue
[2024-05-18T22:46:26.692+0000] {logging_mixin.py:188} INFO - [2024-05-18T22:46:26.691+0000] {dagbag.py:545} INFO - Filling up the DagBag from /home/airflow/.local/lib/python3.12/site-packages/airflow/example_dags/example_setup_teardown_taskflow.py
[2024-05-18T22:46:26.720+0000] {processor.py:840} INFO - DAG(s) 'example_setup_teardown_taskflow' retrieved from /home/airflow/.local/lib/python3.12/site-packages/airflow/example_dags/example_setup_teardown_taskflow.py
[2024-05-18T22:46:26.784+0000] {logging_mixin.py:188} INFO - [2024-05-18T22:46:26.784+0000] {dag.py:3096} INFO - Sync 1 DAGs
[2024-05-18T22:46:26.887+0000] {logging_mixin.py:188} INFO - [2024-05-18T22:46:26.887+0000] {dag.py:3954} INFO - Setting next_dagrun for example_setup_teardown_taskflow to 2024-05-17 00:00:00+00:00, run_after=2024-05-18 00:00:00+00:00
[2024-05-18T22:46:26.955+0000] {processor.py:183} INFO - Processing /home/airflow/.local/lib/python3.12/site-packages/airflow/example_dags/example_setup_teardown_taskflow.py took 0.292 seconds
[2024-05-18T22:46:57.982+0000] {processor.py:161} INFO - Started process (PID=521) to work on /home/airflow/.local/lib/python3.12/site-packages/airflow/example_dags/example_setup_teardown_taskflow.py
[2024-05-18T22:46:57.984+0000] {processor.py:830} INFO - Processing file /home/airflow/.local/lib/python3.12/site-packages/airflow/example_dags/example_setup_teardown_taskflow.py for tasks to queue
[2024-05-18T22:46:57.988+0000] {logging_mixin.py:188} INFO - [2024-05-18T22:46:57.988+0000] {dagbag.py:545} INFO - Filling up the DagBag from /home/airflow/.local/lib/python3.12/site-packages/airflow/example_dags/example_setup_teardown_taskflow.py
[2024-05-18T22:46:58.011+0000] {processor.py:840} INFO - DAG(s) 'example_setup_teardown_taskflow' retrieved from /home/airflow/.local/lib/python3.12/site-packages/airflow/example_dags/example_setup_teardown_taskflow.py
[2024-05-18T22:46:58.066+0000] {logging_mixin.py:188} INFO - [2024-05-18T22:46:58.065+0000] {dag.py:3096} INFO - Sync 1 DAGs
[2024-05-18T22:46:58.119+0000] {logging_mixin.py:188} INFO - [2024-05-18T22:46:58.119+0000] {dag.py:3954} INFO - Setting next_dagrun for example_setup_teardown_taskflow to 2024-05-17 00:00:00+00:00, run_after=2024-05-18 00:00:00+00:00
[2024-05-18T22:46:58.171+0000] {processor.py:183} INFO - Processing /home/airflow/.local/lib/python3.12/site-packages/airflow/example_dags/example_setup_teardown_taskflow.py took 0.196 seconds
[2024-05-18T22:47:28.461+0000] {processor.py:161} INFO - Started process (PID=581) to work on /home/airflow/.local/lib/python3.12/site-packages/airflow/example_dags/example_setup_teardown_taskflow.py
[2024-05-18T22:47:28.463+0000] {processor.py:830} INFO - Processing file /home/airflow/.local/lib/python3.12/site-packages/airflow/example_dags/example_setup_teardown_taskflow.py for tasks to queue
[2024-05-18T22:47:28.467+0000] {logging_mixin.py:188} INFO - [2024-05-18T22:47:28.466+0000] {dagbag.py:545} INFO - Filling up the DagBag from /home/airflow/.local/lib/python3.12/site-packages/airflow/example_dags/example_setup_teardown_taskflow.py
[2024-05-18T22:47:28.489+0000] {processor.py:840} INFO - DAG(s) 'example_setup_teardown_taskflow' retrieved from /home/airflow/.local/lib/python3.12/site-packages/airflow/example_dags/example_setup_teardown_taskflow.py
[2024-05-18T22:47:28.539+0000] {logging_mixin.py:188} INFO - [2024-05-18T22:47:28.539+0000] {dag.py:3096} INFO - Sync 1 DAGs
[2024-05-18T22:47:28.584+0000] {logging_mixin.py:188} INFO - [2024-05-18T22:47:28.583+0000] {dag.py:3954} INFO - Setting next_dagrun for example_setup_teardown_taskflow to 2024-05-17 00:00:00+00:00, run_after=2024-05-18 00:00:00+00:00
[2024-05-18T22:47:28.632+0000] {processor.py:183} INFO - Processing /home/airflow/.local/lib/python3.12/site-packages/airflow/example_dags/example_setup_teardown_taskflow.py took 0.182 seconds
[2024-05-18T22:47:59.379+0000] {processor.py:161} INFO - Started process (PID=641) to work on /home/airflow/.local/lib/python3.12/site-packages/airflow/example_dags/example_setup_teardown_taskflow.py
[2024-05-18T22:47:59.381+0000] {processor.py:830} INFO - Processing file /home/airflow/.local/lib/python3.12/site-packages/airflow/example_dags/example_setup_teardown_taskflow.py for tasks to queue
[2024-05-18T22:47:59.385+0000] {logging_mixin.py:188} INFO - [2024-05-18T22:47:59.384+0000] {dagbag.py:545} INFO - Filling up the DagBag from /home/airflow/.local/lib/python3.12/site-packages/airflow/example_dags/example_setup_teardown_taskflow.py
[2024-05-18T22:47:59.405+0000] {processor.py:840} INFO - DAG(s) 'example_setup_teardown_taskflow' retrieved from /home/airflow/.local/lib/python3.12/site-packages/airflow/example_dags/example_setup_teardown_taskflow.py
[2024-05-18T22:47:59.474+0000] {logging_mixin.py:188} INFO - [2024-05-18T22:47:59.473+0000] {dag.py:3096} INFO - Sync 1 DAGs
[2024-05-18T22:47:59.571+0000] {logging_mixin.py:188} INFO - [2024-05-18T22:47:59.569+0000] {dag.py:3954} INFO - Setting next_dagrun for example_setup_teardown_taskflow to 2024-05-17 00:00:00+00:00, run_after=2024-05-18 00:00:00+00:00
[2024-05-18T22:47:59.642+0000] {processor.py:183} INFO - Processing /home/airflow/.local/lib/python3.12/site-packages/airflow/example_dags/example_setup_teardown_taskflow.py took 0.272 seconds
[2024-05-18T22:48:30.151+0000] {processor.py:161} INFO - Started process (PID=701) to work on /home/airflow/.local/lib/python3.12/site-packages/airflow/example_dags/example_setup_teardown_taskflow.py
[2024-05-18T22:48:30.153+0000] {processor.py:830} INFO - Processing file /home/airflow/.local/lib/python3.12/site-packages/airflow/example_dags/example_setup_teardown_taskflow.py for tasks to queue
[2024-05-18T22:48:30.157+0000] {logging_mixin.py:188} INFO - [2024-05-18T22:48:30.156+0000] {dagbag.py:545} INFO - Filling up the DagBag from /home/airflow/.local/lib/python3.12/site-packages/airflow/example_dags/example_setup_teardown_taskflow.py
[2024-05-18T22:48:30.177+0000] {processor.py:840} INFO - DAG(s) 'example_setup_teardown_taskflow' retrieved from /home/airflow/.local/lib/python3.12/site-packages/airflow/example_dags/example_setup_teardown_taskflow.py
[2024-05-18T22:48:30.225+0000] {logging_mixin.py:188} INFO - [2024-05-18T22:48:30.224+0000] {dag.py:3096} INFO - Sync 1 DAGs
[2024-05-18T22:48:30.283+0000] {logging_mixin.py:188} INFO - [2024-05-18T22:48:30.282+0000] {dag.py:3954} INFO - Setting next_dagrun for example_setup_teardown_taskflow to 2024-05-17 00:00:00+00:00, run_after=2024-05-18 00:00:00+00:00
[2024-05-18T22:48:30.338+0000] {processor.py:183} INFO - Processing /home/airflow/.local/lib/python3.12/site-packages/airflow/example_dags/example_setup_teardown_taskflow.py took 0.196 seconds
[2024-05-18T22:49:00.981+0000] {processor.py:161} INFO - Started process (PID=761) to work on /home/airflow/.local/lib/python3.12/site-packages/airflow/example_dags/example_setup_teardown_taskflow.py
[2024-05-18T22:49:00.984+0000] {processor.py:830} INFO - Processing file /home/airflow/.local/lib/python3.12/site-packages/airflow/example_dags/example_setup_teardown_taskflow.py for tasks to queue
[2024-05-18T22:49:00.988+0000] {logging_mixin.py:188} INFO - [2024-05-18T22:49:00.987+0000] {dagbag.py:545} INFO - Filling up the DagBag from /home/airflow/.local/lib/python3.12/site-packages/airflow/example_dags/example_setup_teardown_taskflow.py
[2024-05-18T22:49:01.013+0000] {processor.py:840} INFO - DAG(s) 'example_setup_teardown_taskflow' retrieved from /home/airflow/.local/lib/python3.12/site-packages/airflow/example_dags/example_setup_teardown_taskflow.py
[2024-05-18T22:49:01.080+0000] {logging_mixin.py:188} INFO - [2024-05-18T22:49:01.079+0000] {dag.py:3096} INFO - Sync 1 DAGs
[2024-05-18T22:49:01.137+0000] {logging_mixin.py:188} INFO - [2024-05-18T22:49:01.137+0000] {dag.py:3954} INFO - Setting next_dagrun for example_setup_teardown_taskflow to 2024-05-17 00:00:00+00:00, run_after=2024-05-18 00:00:00+00:00
[2024-05-18T22:49:01.238+0000] {processor.py:183} INFO - Processing /home/airflow/.local/lib/python3.12/site-packages/airflow/example_dags/example_setup_teardown_taskflow.py took 0.270 seconds
[2024-05-18T22:49:32.244+0000] {processor.py:161} INFO - Started process (PID=821) to work on /home/airflow/.local/lib/python3.12/site-packages/airflow/example_dags/example_setup_teardown_taskflow.py
[2024-05-18T22:49:32.254+0000] {processor.py:830} INFO - Processing file /home/airflow/.local/lib/python3.12/site-packages/airflow/example_dags/example_setup_teardown_taskflow.py for tasks to queue
[2024-05-18T22:49:32.275+0000] {logging_mixin.py:188} INFO - [2024-05-18T22:49:32.272+0000] {dagbag.py:545} INFO - Filling up the DagBag from /home/airflow/.local/lib/python3.12/site-packages/airflow/example_dags/example_setup_teardown_taskflow.py
[2024-05-18T22:49:32.418+0000] {processor.py:840} INFO - DAG(s) 'example_setup_teardown_taskflow' retrieved from /home/airflow/.local/lib/python3.12/site-packages/airflow/example_dags/example_setup_teardown_taskflow.py
[2024-05-18T22:49:32.494+0000] {logging_mixin.py:188} INFO - [2024-05-18T22:49:32.493+0000] {dag.py:3096} INFO - Sync 1 DAGs
[2024-05-18T22:49:32.541+0000] {logging_mixin.py:188} INFO - [2024-05-18T22:49:32.541+0000] {dag.py:3954} INFO - Setting next_dagrun for example_setup_teardown_taskflow to 2024-05-17 00:00:00+00:00, run_after=2024-05-18 00:00:00+00:00
[2024-05-18T22:49:32.588+0000] {processor.py:183} INFO - Processing /home/airflow/.local/lib/python3.12/site-packages/airflow/example_dags/example_setup_teardown_taskflow.py took 0.422 seconds
[2024-05-18T22:50:02.849+0000] {processor.py:161} INFO - Started process (PID=881) to work on /home/airflow/.local/lib/python3.12/site-packages/airflow/example_dags/example_setup_teardown_taskflow.py
[2024-05-18T22:50:02.851+0000] {processor.py:830} INFO - Processing file /home/airflow/.local/lib/python3.12/site-packages/airflow/example_dags/example_setup_teardown_taskflow.py for tasks to queue
[2024-05-18T22:50:02.854+0000] {logging_mixin.py:188} INFO - [2024-05-18T22:50:02.853+0000] {dagbag.py:545} INFO - Filling up the DagBag from /home/airflow/.local/lib/python3.12/site-packages/airflow/example_dags/example_setup_teardown_taskflow.py
[2024-05-18T22:50:02.869+0000] {processor.py:840} INFO - DAG(s) 'example_setup_teardown_taskflow' retrieved from /home/airflow/.local/lib/python3.12/site-packages/airflow/example_dags/example_setup_teardown_taskflow.py
[2024-05-18T22:50:02.910+0000] {logging_mixin.py:188} INFO - [2024-05-18T22:50:02.909+0000] {dag.py:3096} INFO - Sync 1 DAGs
[2024-05-18T22:50:02.950+0000] {logging_mixin.py:188} INFO - [2024-05-18T22:50:02.949+0000] {dag.py:3954} INFO - Setting next_dagrun for example_setup_teardown_taskflow to 2024-05-17 00:00:00+00:00, run_after=2024-05-18 00:00:00+00:00
[2024-05-18T22:50:02.993+0000] {processor.py:183} INFO - Processing /home/airflow/.local/lib/python3.12/site-packages/airflow/example_dags/example_setup_teardown_taskflow.py took 0.153 seconds
[2024-05-18T22:50:34.573+0000] {processor.py:161} INFO - Started process (PID=942) to work on /home/airflow/.local/lib/python3.12/site-packages/airflow/example_dags/example_setup_teardown_taskflow.py
[2024-05-18T22:50:34.578+0000] {processor.py:830} INFO - Processing file /home/airflow/.local/lib/python3.12/site-packages/airflow/example_dags/example_setup_teardown_taskflow.py for tasks to queue
[2024-05-18T22:50:34.583+0000] {logging_mixin.py:188} INFO - [2024-05-18T22:50:34.582+0000] {dagbag.py:545} INFO - Filling up the DagBag from /home/airflow/.local/lib/python3.12/site-packages/airflow/example_dags/example_setup_teardown_taskflow.py
[2024-05-18T22:50:34.620+0000] {processor.py:840} INFO - DAG(s) 'example_setup_teardown_taskflow' retrieved from /home/airflow/.local/lib/python3.12/site-packages/airflow/example_dags/example_setup_teardown_taskflow.py
[2024-05-18T22:50:34.743+0000] {logging_mixin.py:188} INFO - [2024-05-18T22:50:34.735+0000] {dag.py:3096} INFO - Sync 1 DAGs
[2024-05-18T22:50:34.880+0000] {logging_mixin.py:188} INFO - [2024-05-18T22:50:34.879+0000] {dag.py:3954} INFO - Setting next_dagrun for example_setup_teardown_taskflow to 2024-05-17 00:00:00+00:00, run_after=2024-05-18 00:00:00+00:00
[2024-05-18T22:50:35.000+0000] {processor.py:183} INFO - Processing /home/airflow/.local/lib/python3.12/site-packages/airflow/example_dags/example_setup_teardown_taskflow.py took 0.447 seconds
[2024-05-18T22:51:06.632+0000] {processor.py:161} INFO - Started process (PID=1004) to work on /home/airflow/.local/lib/python3.12/site-packages/airflow/example_dags/example_setup_teardown_taskflow.py
[2024-05-18T22:51:06.635+0000] {processor.py:830} INFO - Processing file /home/airflow/.local/lib/python3.12/site-packages/airflow/example_dags/example_setup_teardown_taskflow.py for tasks to queue
[2024-05-18T22:51:06.643+0000] {logging_mixin.py:188} INFO - [2024-05-18T22:51:06.642+0000] {dagbag.py:545} INFO - Filling up the DagBag from /home/airflow/.local/lib/python3.12/site-packages/airflow/example_dags/example_setup_teardown_taskflow.py
[2024-05-18T22:51:06.697+0000] {processor.py:840} INFO - DAG(s) 'example_setup_teardown_taskflow' retrieved from /home/airflow/.local/lib/python3.12/site-packages/airflow/example_dags/example_setup_teardown_taskflow.py
[2024-05-18T22:51:06.817+0000] {logging_mixin.py:188} INFO - [2024-05-18T22:51:06.817+0000] {dag.py:3096} INFO - Sync 1 DAGs
[2024-05-18T22:51:06.907+0000] {logging_mixin.py:188} INFO - [2024-05-18T22:51:06.906+0000] {dag.py:3954} INFO - Setting next_dagrun for example_setup_teardown_taskflow to 2024-05-17 00:00:00+00:00, run_after=2024-05-18 00:00:00+00:00
[2024-05-18T22:51:06.973+0000] {processor.py:183} INFO - Processing /home/airflow/.local/lib/python3.12/site-packages/airflow/example_dags/example_setup_teardown_taskflow.py took 0.357 seconds
[2024-05-18T22:51:37.268+0000] {processor.py:161} INFO - Started process (PID=1063) to work on /home/airflow/.local/lib/python3.12/site-packages/airflow/example_dags/example_setup_teardown_taskflow.py
[2024-05-18T22:51:37.270+0000] {processor.py:830} INFO - Processing file /home/airflow/.local/lib/python3.12/site-packages/airflow/example_dags/example_setup_teardown_taskflow.py for tasks to queue
[2024-05-18T22:51:37.273+0000] {logging_mixin.py:188} INFO - [2024-05-18T22:51:37.272+0000] {dagbag.py:545} INFO - Filling up the DagBag from /home/airflow/.local/lib/python3.12/site-packages/airflow/example_dags/example_setup_teardown_taskflow.py
[2024-05-18T22:51:37.289+0000] {processor.py:840} INFO - DAG(s) 'example_setup_teardown_taskflow' retrieved from /home/airflow/.local/lib/python3.12/site-packages/airflow/example_dags/example_setup_teardown_taskflow.py
[2024-05-18T22:51:37.323+0000] {logging_mixin.py:188} INFO - [2024-05-18T22:51:37.322+0000] {dag.py:3096} INFO - Sync 1 DAGs
[2024-05-18T22:51:37.366+0000] {logging_mixin.py:188} INFO - [2024-05-18T22:51:37.366+0000] {dag.py:3954} INFO - Setting next_dagrun for example_setup_teardown_taskflow to 2024-05-17 00:00:00+00:00, run_after=2024-05-18 00:00:00+00:00
[2024-05-18T22:51:37.408+0000] {processor.py:183} INFO - Processing /home/airflow/.local/lib/python3.12/site-packages/airflow/example_dags/example_setup_teardown_taskflow.py took 0.147 seconds
[2024-05-18T22:52:07.666+0000] {processor.py:161} INFO - Started process (PID=1123) to work on /home/airflow/.local/lib/python3.12/site-packages/airflow/example_dags/example_setup_teardown_taskflow.py
[2024-05-18T22:52:07.669+0000] {processor.py:830} INFO - Processing file /home/airflow/.local/lib/python3.12/site-packages/airflow/example_dags/example_setup_teardown_taskflow.py for tasks to queue
[2024-05-18T22:52:07.673+0000] {logging_mixin.py:188} INFO - [2024-05-18T22:52:07.673+0000] {dagbag.py:545} INFO - Filling up the DagBag from /home/airflow/.local/lib/python3.12/site-packages/airflow/example_dags/example_setup_teardown_taskflow.py
[2024-05-18T22:52:07.698+0000] {processor.py:840} INFO - DAG(s) 'example_setup_teardown_taskflow' retrieved from /home/airflow/.local/lib/python3.12/site-packages/airflow/example_dags/example_setup_teardown_taskflow.py
[2024-05-18T22:52:07.763+0000] {logging_mixin.py:188} INFO - [2024-05-18T22:52:07.762+0000] {dag.py:3096} INFO - Sync 1 DAGs
[2024-05-18T22:52:07.817+0000] {logging_mixin.py:188} INFO - [2024-05-18T22:52:07.816+0000] {dag.py:3954} INFO - Setting next_dagrun for example_setup_teardown_taskflow to 2024-05-17 00:00:00+00:00, run_after=2024-05-18 00:00:00+00:00
[2024-05-18T22:52:07.872+0000] {processor.py:183} INFO - Processing /home/airflow/.local/lib/python3.12/site-packages/airflow/example_dags/example_setup_teardown_taskflow.py took 0.218 seconds
