[2024-05-18T22:43:16.444+0000] {processor.py:161} INFO - Started process (PID=96) to work on /home/airflow/.local/lib/python3.12/site-packages/airflow/example_dags/example_xcomargs.py
[2024-05-18T22:43:16.448+0000] {processor.py:830} INFO - Processing file /home/airflow/.local/lib/python3.12/site-packages/airflow/example_dags/example_xcomargs.py for tasks to queue
[2024-05-18T22:43:16.457+0000] {logging_mixin.py:188} INFO - [2024-05-18T22:43:16.454+0000] {dagbag.py:545} INFO - Filling up the DagBag from /home/airflow/.local/lib/python3.12/site-packages/airflow/example_dags/example_xcomargs.py
[2024-05-18T22:43:16.509+0000] {processor.py:840} INFO - DAG(s) 'example_xcom_args', 'example_xcom_args_with_operators' retrieved from /home/airflow/.local/lib/python3.12/site-packages/airflow/example_dags/example_xcomargs.py
[2024-05-18T22:43:17.414+0000] {logging_mixin.py:188} INFO - [2024-05-18T22:43:17.403+0000] {override.py:1829} INFO - Created Permission View: can read on DAG:example_xcom_args
[2024-05-18T22:43:17.491+0000] {logging_mixin.py:188} INFO - [2024-05-18T22:43:17.490+0000] {override.py:1829} INFO - Created Permission View: can edit on DAG:example_xcom_args
[2024-05-18T22:43:17.552+0000] {logging_mixin.py:188} INFO - [2024-05-18T22:43:17.551+0000] {override.py:1829} INFO - Created Permission View: can delete on DAG:example_xcom_args
[2024-05-18T22:43:17.618+0000] {logging_mixin.py:188} INFO - [2024-05-18T22:43:17.617+0000] {override.py:1829} INFO - Created Permission View: can read on DAG:example_xcom_args_with_operators
[2024-05-18T22:43:17.673+0000] {logging_mixin.py:188} INFO - [2024-05-18T22:43:17.672+0000] {override.py:1829} INFO - Created Permission View: can edit on DAG:example_xcom_args_with_operators
[2024-05-18T22:43:17.722+0000] {logging_mixin.py:188} INFO - [2024-05-18T22:43:17.721+0000] {override.py:1829} INFO - Created Permission View: can delete on DAG:example_xcom_args_with_operators
[2024-05-18T22:43:17.734+0000] {logging_mixin.py:188} INFO - [2024-05-18T22:43:17.733+0000] {dag.py:3096} INFO - Sync 2 DAGs
[2024-05-18T22:43:17.890+0000] {logging_mixin.py:188} INFO - [2024-05-18T22:43:17.889+0000] {dag.py:3118} INFO - Creating ORM DAG for example_xcom_args_with_operators
[2024-05-18T22:43:17.921+0000] {logging_mixin.py:188} INFO - [2024-05-18T22:43:17.920+0000] {dag.py:3118} INFO - Creating ORM DAG for example_xcom_args
[2024-05-18T22:43:17.941+0000] {logging_mixin.py:188} INFO - [2024-05-18T22:43:17.940+0000] {dag.py:3954} INFO - Setting next_dagrun for example_xcom_args to None, run_after=None
[2024-05-18T22:43:17.961+0000] {logging_mixin.py:188} INFO - [2024-05-18T22:43:17.961+0000] {dag.py:3954} INFO - Setting next_dagrun for example_xcom_args_with_operators to None, run_after=None
[2024-05-18T22:43:18.186+0000] {processor.py:183} INFO - Processing /home/airflow/.local/lib/python3.12/site-packages/airflow/example_dags/example_xcomargs.py took 1.765 seconds
[2024-05-18T22:43:49.072+0000] {processor.py:161} INFO - Started process (PID=157) to work on /home/airflow/.local/lib/python3.12/site-packages/airflow/example_dags/example_xcomargs.py
[2024-05-18T22:43:49.077+0000] {processor.py:830} INFO - Processing file /home/airflow/.local/lib/python3.12/site-packages/airflow/example_dags/example_xcomargs.py for tasks to queue
[2024-05-18T22:43:49.090+0000] {logging_mixin.py:188} INFO - [2024-05-18T22:43:49.083+0000] {dagbag.py:545} INFO - Filling up the DagBag from /home/airflow/.local/lib/python3.12/site-packages/airflow/example_dags/example_xcomargs.py
[2024-05-18T22:43:49.167+0000] {processor.py:840} INFO - DAG(s) 'example_xcom_args_with_operators', 'example_xcom_args' retrieved from /home/airflow/.local/lib/python3.12/site-packages/airflow/example_dags/example_xcomargs.py
[2024-05-18T22:43:49.347+0000] {logging_mixin.py:188} INFO - [2024-05-18T22:43:49.345+0000] {dag.py:3096} INFO - Sync 2 DAGs
[2024-05-18T22:43:49.421+0000] {logging_mixin.py:188} INFO - [2024-05-18T22:43:49.418+0000] {dag.py:3954} INFO - Setting next_dagrun for example_xcom_args to None, run_after=None
[2024-05-18T22:43:49.439+0000] {logging_mixin.py:188} INFO - [2024-05-18T22:43:49.438+0000] {dag.py:3954} INFO - Setting next_dagrun for example_xcom_args_with_operators to None, run_after=None
[2024-05-18T22:43:49.521+0000] {processor.py:183} INFO - Processing /home/airflow/.local/lib/python3.12/site-packages/airflow/example_dags/example_xcomargs.py took 0.482 seconds
[2024-05-18T22:44:20.550+0000] {processor.py:161} INFO - Started process (PID=217) to work on /home/airflow/.local/lib/python3.12/site-packages/airflow/example_dags/example_xcomargs.py
[2024-05-18T22:44:20.551+0000] {processor.py:830} INFO - Processing file /home/airflow/.local/lib/python3.12/site-packages/airflow/example_dags/example_xcomargs.py for tasks to queue
[2024-05-18T22:44:20.554+0000] {logging_mixin.py:188} INFO - [2024-05-18T22:44:20.554+0000] {dagbag.py:545} INFO - Filling up the DagBag from /home/airflow/.local/lib/python3.12/site-packages/airflow/example_dags/example_xcomargs.py
[2024-05-18T22:44:20.570+0000] {processor.py:840} INFO - DAG(s) 'example_xcom_args', 'example_xcom_args_with_operators' retrieved from /home/airflow/.local/lib/python3.12/site-packages/airflow/example_dags/example_xcomargs.py
[2024-05-18T22:44:20.620+0000] {logging_mixin.py:188} INFO - [2024-05-18T22:44:20.619+0000] {dag.py:3096} INFO - Sync 2 DAGs
[2024-05-18T22:44:20.649+0000] {logging_mixin.py:188} INFO - [2024-05-18T22:44:20.649+0000] {dag.py:3954} INFO - Setting next_dagrun for example_xcom_args to None, run_after=None
[2024-05-18T22:44:20.656+0000] {logging_mixin.py:188} INFO - [2024-05-18T22:44:20.655+0000] {dag.py:3954} INFO - Setting next_dagrun for example_xcom_args_with_operators to None, run_after=None
[2024-05-18T22:44:20.684+0000] {processor.py:183} INFO - Processing /home/airflow/.local/lib/python3.12/site-packages/airflow/example_dags/example_xcomargs.py took 0.144 seconds
[2024-05-18T22:44:51.114+0000] {processor.py:161} INFO - Started process (PID=277) to work on /home/airflow/.local/lib/python3.12/site-packages/airflow/example_dags/example_xcomargs.py
[2024-05-18T22:44:51.116+0000] {processor.py:830} INFO - Processing file /home/airflow/.local/lib/python3.12/site-packages/airflow/example_dags/example_xcomargs.py for tasks to queue
[2024-05-18T22:44:51.118+0000] {logging_mixin.py:188} INFO - [2024-05-18T22:44:51.118+0000] {dagbag.py:545} INFO - Filling up the DagBag from /home/airflow/.local/lib/python3.12/site-packages/airflow/example_dags/example_xcomargs.py
[2024-05-18T22:44:51.128+0000] {processor.py:840} INFO - DAG(s) 'example_xcom_args_with_operators', 'example_xcom_args' retrieved from /home/airflow/.local/lib/python3.12/site-packages/airflow/example_dags/example_xcomargs.py
[2024-05-18T22:44:51.161+0000] {logging_mixin.py:188} INFO - [2024-05-18T22:44:51.160+0000] {dag.py:3096} INFO - Sync 2 DAGs
[2024-05-18T22:44:51.179+0000] {logging_mixin.py:188} INFO - [2024-05-18T22:44:51.179+0000] {dag.py:3954} INFO - Setting next_dagrun for example_xcom_args to None, run_after=None
[2024-05-18T22:44:51.185+0000] {logging_mixin.py:188} INFO - [2024-05-18T22:44:51.185+0000] {dag.py:3954} INFO - Setting next_dagrun for example_xcom_args_with_operators to None, run_after=None
[2024-05-18T22:44:51.212+0000] {processor.py:183} INFO - Processing /home/airflow/.local/lib/python3.12/site-packages/airflow/example_dags/example_xcomargs.py took 0.104 seconds
[2024-05-18T22:45:22.196+0000] {processor.py:161} INFO - Started process (PID=337) to work on /home/airflow/.local/lib/python3.12/site-packages/airflow/example_dags/example_xcomargs.py
[2024-05-18T22:45:22.197+0000] {processor.py:830} INFO - Processing file /home/airflow/.local/lib/python3.12/site-packages/airflow/example_dags/example_xcomargs.py for tasks to queue
[2024-05-18T22:45:22.201+0000] {logging_mixin.py:188} INFO - [2024-05-18T22:45:22.200+0000] {dagbag.py:545} INFO - Filling up the DagBag from /home/airflow/.local/lib/python3.12/site-packages/airflow/example_dags/example_xcomargs.py
[2024-05-18T22:45:22.213+0000] {processor.py:840} INFO - DAG(s) 'example_xcom_args', 'example_xcom_args_with_operators' retrieved from /home/airflow/.local/lib/python3.12/site-packages/airflow/example_dags/example_xcomargs.py
[2024-05-18T22:45:22.254+0000] {logging_mixin.py:188} INFO - [2024-05-18T22:45:22.254+0000] {dag.py:3096} INFO - Sync 2 DAGs
[2024-05-18T22:45:22.274+0000] {logging_mixin.py:188} INFO - [2024-05-18T22:45:22.273+0000] {dag.py:3954} INFO - Setting next_dagrun for example_xcom_args to None, run_after=None
[2024-05-18T22:45:22.280+0000] {logging_mixin.py:188} INFO - [2024-05-18T22:45:22.279+0000] {dag.py:3954} INFO - Setting next_dagrun for example_xcom_args_with_operators to None, run_after=None
[2024-05-18T22:45:22.309+0000] {processor.py:183} INFO - Processing /home/airflow/.local/lib/python3.12/site-packages/airflow/example_dags/example_xcomargs.py took 0.120 seconds
[2024-05-18T22:45:52.580+0000] {processor.py:161} INFO - Started process (PID=397) to work on /home/airflow/.local/lib/python3.12/site-packages/airflow/example_dags/example_xcomargs.py
[2024-05-18T22:45:52.581+0000] {processor.py:830} INFO - Processing file /home/airflow/.local/lib/python3.12/site-packages/airflow/example_dags/example_xcomargs.py for tasks to queue
[2024-05-18T22:45:52.583+0000] {logging_mixin.py:188} INFO - [2024-05-18T22:45:52.583+0000] {dagbag.py:545} INFO - Filling up the DagBag from /home/airflow/.local/lib/python3.12/site-packages/airflow/example_dags/example_xcomargs.py
[2024-05-18T22:45:52.592+0000] {processor.py:840} INFO - DAG(s) 'example_xcom_args', 'example_xcom_args_with_operators' retrieved from /home/airflow/.local/lib/python3.12/site-packages/airflow/example_dags/example_xcomargs.py
[2024-05-18T22:45:52.628+0000] {logging_mixin.py:188} INFO - [2024-05-18T22:45:52.627+0000] {dag.py:3096} INFO - Sync 2 DAGs
[2024-05-18T22:45:52.646+0000] {logging_mixin.py:188} INFO - [2024-05-18T22:45:52.646+0000] {dag.py:3954} INFO - Setting next_dagrun for example_xcom_args to None, run_after=None
[2024-05-18T22:45:52.652+0000] {logging_mixin.py:188} INFO - [2024-05-18T22:45:52.652+0000] {dag.py:3954} INFO - Setting next_dagrun for example_xcom_args_with_operators to None, run_after=None
[2024-05-18T22:45:52.694+0000] {processor.py:183} INFO - Processing /home/airflow/.local/lib/python3.12/site-packages/airflow/example_dags/example_xcomargs.py took 0.121 seconds
[2024-05-18T22:46:23.124+0000] {processor.py:161} INFO - Started process (PID=457) to work on /home/airflow/.local/lib/python3.12/site-packages/airflow/example_dags/example_xcomargs.py
[2024-05-18T22:46:23.126+0000] {processor.py:830} INFO - Processing file /home/airflow/.local/lib/python3.12/site-packages/airflow/example_dags/example_xcomargs.py for tasks to queue
[2024-05-18T22:46:23.129+0000] {logging_mixin.py:188} INFO - [2024-05-18T22:46:23.128+0000] {dagbag.py:545} INFO - Filling up the DagBag from /home/airflow/.local/lib/python3.12/site-packages/airflow/example_dags/example_xcomargs.py
[2024-05-18T22:46:23.142+0000] {processor.py:840} INFO - DAG(s) 'example_xcom_args', 'example_xcom_args_with_operators' retrieved from /home/airflow/.local/lib/python3.12/site-packages/airflow/example_dags/example_xcomargs.py
[2024-05-18T22:46:23.185+0000] {logging_mixin.py:188} INFO - [2024-05-18T22:46:23.184+0000] {dag.py:3096} INFO - Sync 2 DAGs
[2024-05-18T22:46:23.210+0000] {logging_mixin.py:188} INFO - [2024-05-18T22:46:23.209+0000] {dag.py:3954} INFO - Setting next_dagrun for example_xcom_args to None, run_after=None
[2024-05-18T22:46:23.218+0000] {logging_mixin.py:188} INFO - [2024-05-18T22:46:23.218+0000] {dag.py:3954} INFO - Setting next_dagrun for example_xcom_args_with_operators to None, run_after=None
[2024-05-18T22:46:23.256+0000] {processor.py:183} INFO - Processing /home/airflow/.local/lib/python3.12/site-packages/airflow/example_dags/example_xcomargs.py took 0.139 seconds
[2024-05-18T22:46:53.407+0000] {processor.py:161} INFO - Started process (PID=517) to work on /home/airflow/.local/lib/python3.12/site-packages/airflow/example_dags/example_xcomargs.py
[2024-05-18T22:46:53.409+0000] {processor.py:830} INFO - Processing file /home/airflow/.local/lib/python3.12/site-packages/airflow/example_dags/example_xcomargs.py for tasks to queue
[2024-05-18T22:46:53.412+0000] {logging_mixin.py:188} INFO - [2024-05-18T22:46:53.412+0000] {dagbag.py:545} INFO - Filling up the DagBag from /home/airflow/.local/lib/python3.12/site-packages/airflow/example_dags/example_xcomargs.py
[2024-05-18T22:46:53.427+0000] {processor.py:840} INFO - DAG(s) 'example_xcom_args', 'example_xcom_args_with_operators' retrieved from /home/airflow/.local/lib/python3.12/site-packages/airflow/example_dags/example_xcomargs.py
[2024-05-18T22:46:53.476+0000] {logging_mixin.py:188} INFO - [2024-05-18T22:46:53.476+0000] {dag.py:3096} INFO - Sync 2 DAGs
[2024-05-18T22:46:53.502+0000] {logging_mixin.py:188} INFO - [2024-05-18T22:46:53.502+0000] {dag.py:3954} INFO - Setting next_dagrun for example_xcom_args to None, run_after=None
[2024-05-18T22:46:53.511+0000] {logging_mixin.py:188} INFO - [2024-05-18T22:46:53.510+0000] {dag.py:3954} INFO - Setting next_dagrun for example_xcom_args_with_operators to None, run_after=None
[2024-05-18T22:46:53.556+0000] {processor.py:183} INFO - Processing /home/airflow/.local/lib/python3.12/site-packages/airflow/example_dags/example_xcomargs.py took 0.157 seconds
[2024-05-18T22:47:23.804+0000] {processor.py:161} INFO - Started process (PID=577) to work on /home/airflow/.local/lib/python3.12/site-packages/airflow/example_dags/example_xcomargs.py
[2024-05-18T22:47:23.806+0000] {processor.py:830} INFO - Processing file /home/airflow/.local/lib/python3.12/site-packages/airflow/example_dags/example_xcomargs.py for tasks to queue
[2024-05-18T22:47:23.808+0000] {logging_mixin.py:188} INFO - [2024-05-18T22:47:23.807+0000] {dagbag.py:545} INFO - Filling up the DagBag from /home/airflow/.local/lib/python3.12/site-packages/airflow/example_dags/example_xcomargs.py
[2024-05-18T22:47:23.819+0000] {processor.py:840} INFO - DAG(s) 'example_xcom_args_with_operators', 'example_xcom_args' retrieved from /home/airflow/.local/lib/python3.12/site-packages/airflow/example_dags/example_xcomargs.py
[2024-05-18T22:47:23.855+0000] {logging_mixin.py:188} INFO - [2024-05-18T22:47:23.854+0000] {dag.py:3096} INFO - Sync 2 DAGs
[2024-05-18T22:47:23.877+0000] {logging_mixin.py:188} INFO - [2024-05-18T22:47:23.876+0000] {dag.py:3954} INFO - Setting next_dagrun for example_xcom_args to None, run_after=None
[2024-05-18T22:47:23.884+0000] {logging_mixin.py:188} INFO - [2024-05-18T22:47:23.884+0000] {dag.py:3954} INFO - Setting next_dagrun for example_xcom_args_with_operators to None, run_after=None
[2024-05-18T22:47:23.922+0000] {processor.py:183} INFO - Processing /home/airflow/.local/lib/python3.12/site-packages/airflow/example_dags/example_xcomargs.py took 0.124 seconds
[2024-05-18T22:47:54.347+0000] {processor.py:161} INFO - Started process (PID=637) to work on /home/airflow/.local/lib/python3.12/site-packages/airflow/example_dags/example_xcomargs.py
[2024-05-18T22:47:54.350+0000] {processor.py:830} INFO - Processing file /home/airflow/.local/lib/python3.12/site-packages/airflow/example_dags/example_xcomargs.py for tasks to queue
[2024-05-18T22:47:54.355+0000] {logging_mixin.py:188} INFO - [2024-05-18T22:47:54.354+0000] {dagbag.py:545} INFO - Filling up the DagBag from /home/airflow/.local/lib/python3.12/site-packages/airflow/example_dags/example_xcomargs.py
[2024-05-18T22:47:54.379+0000] {processor.py:840} INFO - DAG(s) 'example_xcom_args', 'example_xcom_args_with_operators' retrieved from /home/airflow/.local/lib/python3.12/site-packages/airflow/example_dags/example_xcomargs.py
[2024-05-18T22:47:54.454+0000] {logging_mixin.py:188} INFO - [2024-05-18T22:47:54.452+0000] {dag.py:3096} INFO - Sync 2 DAGs
[2024-05-18T22:47:54.515+0000] {logging_mixin.py:188} INFO - [2024-05-18T22:47:54.514+0000] {dag.py:3954} INFO - Setting next_dagrun for example_xcom_args to None, run_after=None
[2024-05-18T22:47:54.528+0000] {logging_mixin.py:188} INFO - [2024-05-18T22:47:54.528+0000] {dag.py:3954} INFO - Setting next_dagrun for example_xcom_args_with_operators to None, run_after=None
[2024-05-18T22:47:54.572+0000] {processor.py:183} INFO - Processing /home/airflow/.local/lib/python3.12/site-packages/airflow/example_dags/example_xcomargs.py took 0.244 seconds
[2024-05-18T22:48:24.902+0000] {processor.py:161} INFO - Started process (PID=697) to work on /home/airflow/.local/lib/python3.12/site-packages/airflow/example_dags/example_xcomargs.py
[2024-05-18T22:48:24.904+0000] {processor.py:830} INFO - Processing file /home/airflow/.local/lib/python3.12/site-packages/airflow/example_dags/example_xcomargs.py for tasks to queue
[2024-05-18T22:48:24.907+0000] {logging_mixin.py:188} INFO - [2024-05-18T22:48:24.907+0000] {dagbag.py:545} INFO - Filling up the DagBag from /home/airflow/.local/lib/python3.12/site-packages/airflow/example_dags/example_xcomargs.py
[2024-05-18T22:48:24.926+0000] {processor.py:840} INFO - DAG(s) 'example_xcom_args', 'example_xcom_args_with_operators' retrieved from /home/airflow/.local/lib/python3.12/site-packages/airflow/example_dags/example_xcomargs.py
[2024-05-18T22:48:24.986+0000] {logging_mixin.py:188} INFO - [2024-05-18T22:48:24.985+0000] {dag.py:3096} INFO - Sync 2 DAGs
[2024-05-18T22:48:25.029+0000] {logging_mixin.py:188} INFO - [2024-05-18T22:48:25.028+0000] {dag.py:3954} INFO - Setting next_dagrun for example_xcom_args to None, run_after=None
[2024-05-18T22:48:25.039+0000] {logging_mixin.py:188} INFO - [2024-05-18T22:48:25.038+0000] {dag.py:3954} INFO - Setting next_dagrun for example_xcom_args_with_operators to None, run_after=None
[2024-05-18T22:48:25.091+0000] {processor.py:183} INFO - Processing /home/airflow/.local/lib/python3.12/site-packages/airflow/example_dags/example_xcomargs.py took 0.198 seconds
[2024-05-18T22:48:56.367+0000] {processor.py:161} INFO - Started process (PID=757) to work on /home/airflow/.local/lib/python3.12/site-packages/airflow/example_dags/example_xcomargs.py
[2024-05-18T22:48:56.370+0000] {processor.py:830} INFO - Processing file /home/airflow/.local/lib/python3.12/site-packages/airflow/example_dags/example_xcomargs.py for tasks to queue
[2024-05-18T22:48:56.375+0000] {logging_mixin.py:188} INFO - [2024-05-18T22:48:56.374+0000] {dagbag.py:545} INFO - Filling up the DagBag from /home/airflow/.local/lib/python3.12/site-packages/airflow/example_dags/example_xcomargs.py
[2024-05-18T22:48:56.399+0000] {processor.py:840} INFO - DAG(s) 'example_xcom_args_with_operators', 'example_xcom_args' retrieved from /home/airflow/.local/lib/python3.12/site-packages/airflow/example_dags/example_xcomargs.py
[2024-05-18T22:48:56.458+0000] {logging_mixin.py:188} INFO - [2024-05-18T22:48:56.458+0000] {dag.py:3096} INFO - Sync 2 DAGs
[2024-05-18T22:48:56.498+0000] {logging_mixin.py:188} INFO - [2024-05-18T22:48:56.497+0000] {dag.py:3954} INFO - Setting next_dagrun for example_xcom_args to None, run_after=None
[2024-05-18T22:48:56.510+0000] {logging_mixin.py:188} INFO - [2024-05-18T22:48:56.509+0000] {dag.py:3954} INFO - Setting next_dagrun for example_xcom_args_with_operators to None, run_after=None
[2024-05-18T22:48:56.569+0000] {processor.py:183} INFO - Processing /home/airflow/.local/lib/python3.12/site-packages/airflow/example_dags/example_xcomargs.py took 0.217 seconds
[2024-05-18T22:49:26.923+0000] {processor.py:161} INFO - Started process (PID=815) to work on /home/airflow/.local/lib/python3.12/site-packages/airflow/example_dags/example_xcomargs.py
[2024-05-18T22:49:26.924+0000] {processor.py:830} INFO - Processing file /home/airflow/.local/lib/python3.12/site-packages/airflow/example_dags/example_xcomargs.py for tasks to queue
[2024-05-18T22:49:26.927+0000] {logging_mixin.py:188} INFO - [2024-05-18T22:49:26.926+0000] {dagbag.py:545} INFO - Filling up the DagBag from /home/airflow/.local/lib/python3.12/site-packages/airflow/example_dags/example_xcomargs.py
[2024-05-18T22:49:26.939+0000] {processor.py:840} INFO - DAG(s) 'example_xcom_args_with_operators', 'example_xcom_args' retrieved from /home/airflow/.local/lib/python3.12/site-packages/airflow/example_dags/example_xcomargs.py
[2024-05-18T22:49:26.978+0000] {logging_mixin.py:188} INFO - [2024-05-18T22:49:26.978+0000] {dag.py:3096} INFO - Sync 2 DAGs
[2024-05-18T22:49:26.999+0000] {logging_mixin.py:188} INFO - [2024-05-18T22:49:26.998+0000] {dag.py:3954} INFO - Setting next_dagrun for example_xcom_args to None, run_after=None
[2024-05-18T22:49:27.005+0000] {logging_mixin.py:188} INFO - [2024-05-18T22:49:27.005+0000] {dag.py:3954} INFO - Setting next_dagrun for example_xcom_args_with_operators to None, run_after=None
[2024-05-18T22:49:27.044+0000] {processor.py:183} INFO - Processing /home/airflow/.local/lib/python3.12/site-packages/airflow/example_dags/example_xcomargs.py took 0.129 seconds
[2024-05-18T22:49:57.571+0000] {processor.py:161} INFO - Started process (PID=875) to work on /home/airflow/.local/lib/python3.12/site-packages/airflow/example_dags/example_xcomargs.py
[2024-05-18T22:49:57.574+0000] {processor.py:830} INFO - Processing file /home/airflow/.local/lib/python3.12/site-packages/airflow/example_dags/example_xcomargs.py for tasks to queue
[2024-05-18T22:49:57.591+0000] {logging_mixin.py:188} INFO - [2024-05-18T22:49:57.590+0000] {dagbag.py:545} INFO - Filling up the DagBag from /home/airflow/.local/lib/python3.12/site-packages/airflow/example_dags/example_xcomargs.py
[2024-05-18T22:49:57.678+0000] {processor.py:840} INFO - DAG(s) 'example_xcom_args', 'example_xcom_args_with_operators' retrieved from /home/airflow/.local/lib/python3.12/site-packages/airflow/example_dags/example_xcomargs.py
[2024-05-18T22:49:57.778+0000] {logging_mixin.py:188} INFO - [2024-05-18T22:49:57.776+0000] {dag.py:3096} INFO - Sync 2 DAGs
[2024-05-18T22:49:57.815+0000] {logging_mixin.py:188} INFO - [2024-05-18T22:49:57.815+0000] {dag.py:3954} INFO - Setting next_dagrun for example_xcom_args to None, run_after=None
[2024-05-18T22:49:57.827+0000] {logging_mixin.py:188} INFO - [2024-05-18T22:49:57.826+0000] {dag.py:3954} INFO - Setting next_dagrun for example_xcom_args_with_operators to None, run_after=None
[2024-05-18T22:49:57.872+0000] {processor.py:183} INFO - Processing /home/airflow/.local/lib/python3.12/site-packages/airflow/example_dags/example_xcomargs.py took 0.343 seconds
[2024-05-18T22:50:28.407+0000] {processor.py:161} INFO - Started process (PID=935) to work on /home/airflow/.local/lib/python3.12/site-packages/airflow/example_dags/example_xcomargs.py
[2024-05-18T22:50:28.409+0000] {processor.py:830} INFO - Processing file /home/airflow/.local/lib/python3.12/site-packages/airflow/example_dags/example_xcomargs.py for tasks to queue
[2024-05-18T22:50:28.414+0000] {logging_mixin.py:188} INFO - [2024-05-18T22:50:28.413+0000] {dagbag.py:545} INFO - Filling up the DagBag from /home/airflow/.local/lib/python3.12/site-packages/airflow/example_dags/example_xcomargs.py
[2024-05-18T22:50:28.438+0000] {processor.py:840} INFO - DAG(s) 'example_xcom_args_with_operators', 'example_xcom_args' retrieved from /home/airflow/.local/lib/python3.12/site-packages/airflow/example_dags/example_xcomargs.py
[2024-05-18T22:50:28.505+0000] {logging_mixin.py:188} INFO - [2024-05-18T22:50:28.504+0000] {dag.py:3096} INFO - Sync 2 DAGs
[2024-05-18T22:50:28.537+0000] {logging_mixin.py:188} INFO - [2024-05-18T22:50:28.536+0000] {dag.py:3954} INFO - Setting next_dagrun for example_xcom_args to None, run_after=None
[2024-05-18T22:50:28.548+0000] {logging_mixin.py:188} INFO - [2024-05-18T22:50:28.547+0000] {dag.py:3954} INFO - Setting next_dagrun for example_xcom_args_with_operators to None, run_after=None
[2024-05-18T22:50:28.621+0000] {processor.py:183} INFO - Processing /home/airflow/.local/lib/python3.12/site-packages/airflow/example_dags/example_xcomargs.py took 0.230 seconds
[2024-05-18T22:51:01.984+0000] {processor.py:161} INFO - Started process (PID=996) to work on /home/airflow/.local/lib/python3.12/site-packages/airflow/example_dags/example_xcomargs.py
[2024-05-18T22:51:01.986+0000] {processor.py:830} INFO - Processing file /home/airflow/.local/lib/python3.12/site-packages/airflow/example_dags/example_xcomargs.py for tasks to queue
[2024-05-18T22:51:01.989+0000] {logging_mixin.py:188} INFO - [2024-05-18T22:51:01.988+0000] {dagbag.py:545} INFO - Filling up the DagBag from /home/airflow/.local/lib/python3.12/site-packages/airflow/example_dags/example_xcomargs.py
[2024-05-18T22:51:02.002+0000] {processor.py:840} INFO - DAG(s) 'example_xcom_args', 'example_xcom_args_with_operators' retrieved from /home/airflow/.local/lib/python3.12/site-packages/airflow/example_dags/example_xcomargs.py
[2024-05-18T22:51:02.042+0000] {logging_mixin.py:188} INFO - [2024-05-18T22:51:02.041+0000] {dag.py:3096} INFO - Sync 2 DAGs
[2024-05-18T22:51:02.067+0000] {logging_mixin.py:188} INFO - [2024-05-18T22:51:02.067+0000] {dag.py:3954} INFO - Setting next_dagrun for example_xcom_args to None, run_after=None
[2024-05-18T22:51:02.077+0000] {logging_mixin.py:188} INFO - [2024-05-18T22:51:02.076+0000] {dag.py:3954} INFO - Setting next_dagrun for example_xcom_args_with_operators to None, run_after=None
[2024-05-18T22:51:02.110+0000] {processor.py:183} INFO - Processing /home/airflow/.local/lib/python3.12/site-packages/airflow/example_dags/example_xcomargs.py took 0.134 seconds
[2024-05-18T22:51:32.492+0000] {processor.py:161} INFO - Started process (PID=1056) to work on /home/airflow/.local/lib/python3.12/site-packages/airflow/example_dags/example_xcomargs.py
[2024-05-18T22:51:32.495+0000] {processor.py:830} INFO - Processing file /home/airflow/.local/lib/python3.12/site-packages/airflow/example_dags/example_xcomargs.py for tasks to queue
[2024-05-18T22:51:32.501+0000] {logging_mixin.py:188} INFO - [2024-05-18T22:51:32.499+0000] {dagbag.py:545} INFO - Filling up the DagBag from /home/airflow/.local/lib/python3.12/site-packages/airflow/example_dags/example_xcomargs.py
[2024-05-18T22:51:32.534+0000] {processor.py:840} INFO - DAG(s) 'example_xcom_args', 'example_xcom_args_with_operators' retrieved from /home/airflow/.local/lib/python3.12/site-packages/airflow/example_dags/example_xcomargs.py
[2024-05-18T22:51:32.663+0000] {logging_mixin.py:188} INFO - [2024-05-18T22:51:32.662+0000] {dag.py:3096} INFO - Sync 2 DAGs
[2024-05-18T22:51:32.711+0000] {logging_mixin.py:188} INFO - [2024-05-18T22:51:32.710+0000] {dag.py:3954} INFO - Setting next_dagrun for example_xcom_args to None, run_after=None
[2024-05-18T22:51:32.727+0000] {logging_mixin.py:188} INFO - [2024-05-18T22:51:32.727+0000] {dag.py:3954} INFO - Setting next_dagrun for example_xcom_args_with_operators to None, run_after=None
[2024-05-18T22:51:32.793+0000] {processor.py:183} INFO - Processing /home/airflow/.local/lib/python3.12/site-packages/airflow/example_dags/example_xcomargs.py took 0.323 seconds
[2024-05-18T22:52:05.921+0000] {processor.py:161} INFO - Started process (PID=1116) to work on /home/airflow/.local/lib/python3.12/site-packages/airflow/example_dags/example_xcomargs.py
[2024-05-18T22:52:05.924+0000] {processor.py:830} INFO - Processing file /home/airflow/.local/lib/python3.12/site-packages/airflow/example_dags/example_xcomargs.py for tasks to queue
[2024-05-18T22:52:05.928+0000] {logging_mixin.py:188} INFO - [2024-05-18T22:52:05.927+0000] {dagbag.py:545} INFO - Filling up the DagBag from /home/airflow/.local/lib/python3.12/site-packages/airflow/example_dags/example_xcomargs.py
[2024-05-18T22:52:05.948+0000] {processor.py:840} INFO - DAG(s) 'example_xcom_args', 'example_xcom_args_with_operators' retrieved from /home/airflow/.local/lib/python3.12/site-packages/airflow/example_dags/example_xcomargs.py
[2024-05-18T22:52:06.017+0000] {logging_mixin.py:188} INFO - [2024-05-18T22:52:06.016+0000] {dag.py:3096} INFO - Sync 2 DAGs
[2024-05-18T22:52:06.062+0000] {logging_mixin.py:188} INFO - [2024-05-18T22:52:06.062+0000] {dag.py:3954} INFO - Setting next_dagrun for example_xcom_args to None, run_after=None
[2024-05-18T22:52:06.076+0000] {logging_mixin.py:188} INFO - [2024-05-18T22:52:06.075+0000] {dag.py:3954} INFO - Setting next_dagrun for example_xcom_args_with_operators to None, run_after=None
[2024-05-18T22:52:06.123+0000] {processor.py:183} INFO - Processing /home/airflow/.local/lib/python3.12/site-packages/airflow/example_dags/example_xcomargs.py took 0.219 seconds
