[2024-05-18T22:42:36.049+0000] {processor.py:161} INFO - Started process (PID=45) to work on /home/airflow/.local/lib/python3.12/site-packages/airflow/example_dags/example_dynamic_task_mapping_with_no_taskflow_operators.py
[2024-05-18T22:42:36.064+0000] {processor.py:830} INFO - Processing file /home/airflow/.local/lib/python3.12/site-packages/airflow/example_dags/example_dynamic_task_mapping_with_no_taskflow_operators.py for tasks to queue
[2024-05-18T22:42:36.082+0000] {logging_mixin.py:188} INFO - [2024-05-18T22:42:36.081+0000] {dagbag.py:545} INFO - Filling up the DagBag from /home/airflow/.local/lib/python3.12/site-packages/airflow/example_dags/example_dynamic_task_mapping_with_no_taskflow_operators.py
[2024-05-18T22:42:36.153+0000] {processor.py:840} INFO - DAG(s) 'example_dynamic_task_mapping_with_no_taskflow_operators' retrieved from /home/airflow/.local/lib/python3.12/site-packages/airflow/example_dags/example_dynamic_task_mapping_with_no_taskflow_operators.py
[2024-05-18T22:42:36.908+0000] {logging_mixin.py:188} INFO - [2024-05-18T22:42:36.903+0000] {override.py:1829} INFO - Created Permission View: can read on DAG:example_dynamic_task_mapping_with_no_taskflow_operators
[2024-05-18T22:42:36.976+0000] {logging_mixin.py:188} INFO - [2024-05-18T22:42:36.975+0000] {override.py:1829} INFO - Created Permission View: can edit on DAG:example_dynamic_task_mapping_with_no_taskflow_operators
[2024-05-18T22:42:37.009+0000] {logging_mixin.py:188} INFO - [2024-05-18T22:42:37.008+0000] {override.py:1829} INFO - Created Permission View: can delete on DAG:example_dynamic_task_mapping_with_no_taskflow_operators
[2024-05-18T22:42:37.012+0000] {logging_mixin.py:188} INFO - [2024-05-18T22:42:37.011+0000] {dag.py:3096} INFO - Sync 1 DAGs
[2024-05-18T22:42:37.100+0000] {logging_mixin.py:188} INFO - [2024-05-18T22:42:37.099+0000] {dag.py:3118} INFO - Creating ORM DAG for example_dynamic_task_mapping_with_no_taskflow_operators
[2024-05-18T22:42:37.199+0000] {logging_mixin.py:188} INFO - [2024-05-18T22:42:37.198+0000] {dag.py:3954} INFO - Setting next_dagrun for example_dynamic_task_mapping_with_no_taskflow_operators to 2024-05-17 00:00:00+00:00, run_after=2024-05-18 00:00:00+00:00
[2024-05-18T22:42:37.301+0000] {processor.py:183} INFO - Processing /home/airflow/.local/lib/python3.12/site-packages/airflow/example_dags/example_dynamic_task_mapping_with_no_taskflow_operators.py took 1.282 seconds
[2024-05-18T22:43:27.644+0000] {processor.py:161} INFO - Started process (PID=110) to work on /home/airflow/.local/lib/python3.12/site-packages/airflow/example_dags/example_dynamic_task_mapping_with_no_taskflow_operators.py
[2024-05-18T22:43:27.646+0000] {processor.py:830} INFO - Processing file /home/airflow/.local/lib/python3.12/site-packages/airflow/example_dags/example_dynamic_task_mapping_with_no_taskflow_operators.py for tasks to queue
[2024-05-18T22:43:27.651+0000] {logging_mixin.py:188} INFO - [2024-05-18T22:43:27.650+0000] {dagbag.py:545} INFO - Filling up the DagBag from /home/airflow/.local/lib/python3.12/site-packages/airflow/example_dags/example_dynamic_task_mapping_with_no_taskflow_operators.py
[2024-05-18T22:43:27.665+0000] {processor.py:840} INFO - DAG(s) 'example_dynamic_task_mapping_with_no_taskflow_operators' retrieved from /home/airflow/.local/lib/python3.12/site-packages/airflow/example_dags/example_dynamic_task_mapping_with_no_taskflow_operators.py
[2024-05-18T22:43:27.716+0000] {logging_mixin.py:188} INFO - [2024-05-18T22:43:27.715+0000] {dag.py:3096} INFO - Sync 1 DAGs
[2024-05-18T22:43:27.799+0000] {logging_mixin.py:188} INFO - [2024-05-18T22:43:27.798+0000] {dag.py:3954} INFO - Setting next_dagrun for example_dynamic_task_mapping_with_no_taskflow_operators to 2024-05-17 00:00:00+00:00, run_after=2024-05-18 00:00:00+00:00
[2024-05-18T22:43:27.870+0000] {processor.py:183} INFO - Processing /home/airflow/.local/lib/python3.12/site-packages/airflow/example_dags/example_dynamic_task_mapping_with_no_taskflow_operators.py took 0.238 seconds
[2024-05-18T22:43:58.772+0000] {processor.py:161} INFO - Started process (PID=169) to work on /home/airflow/.local/lib/python3.12/site-packages/airflow/example_dags/example_dynamic_task_mapping_with_no_taskflow_operators.py
[2024-05-18T22:43:58.777+0000] {processor.py:830} INFO - Processing file /home/airflow/.local/lib/python3.12/site-packages/airflow/example_dags/example_dynamic_task_mapping_with_no_taskflow_operators.py for tasks to queue
[2024-05-18T22:43:58.792+0000] {logging_mixin.py:188} INFO - [2024-05-18T22:43:58.790+0000] {dagbag.py:545} INFO - Filling up the DagBag from /home/airflow/.local/lib/python3.12/site-packages/airflow/example_dags/example_dynamic_task_mapping_with_no_taskflow_operators.py
[2024-05-18T22:43:58.847+0000] {processor.py:840} INFO - DAG(s) 'example_dynamic_task_mapping_with_no_taskflow_operators' retrieved from /home/airflow/.local/lib/python3.12/site-packages/airflow/example_dags/example_dynamic_task_mapping_with_no_taskflow_operators.py
[2024-05-18T22:43:58.988+0000] {logging_mixin.py:188} INFO - [2024-05-18T22:43:58.987+0000] {dag.py:3096} INFO - Sync 1 DAGs
[2024-05-18T22:43:59.120+0000] {logging_mixin.py:188} INFO - [2024-05-18T22:43:59.119+0000] {dag.py:3954} INFO - Setting next_dagrun for example_dynamic_task_mapping_with_no_taskflow_operators to 2024-05-17 00:00:00+00:00, run_after=2024-05-18 00:00:00+00:00
[2024-05-18T22:43:59.229+0000] {processor.py:183} INFO - Processing /home/airflow/.local/lib/python3.12/site-packages/airflow/example_dags/example_dynamic_task_mapping_with_no_taskflow_operators.py took 0.477 seconds
[2024-05-18T22:44:30.178+0000] {processor.py:161} INFO - Started process (PID=229) to work on /home/airflow/.local/lib/python3.12/site-packages/airflow/example_dags/example_dynamic_task_mapping_with_no_taskflow_operators.py
[2024-05-18T22:44:30.180+0000] {processor.py:830} INFO - Processing file /home/airflow/.local/lib/python3.12/site-packages/airflow/example_dags/example_dynamic_task_mapping_with_no_taskflow_operators.py for tasks to queue
[2024-05-18T22:44:30.184+0000] {logging_mixin.py:188} INFO - [2024-05-18T22:44:30.184+0000] {dagbag.py:545} INFO - Filling up the DagBag from /home/airflow/.local/lib/python3.12/site-packages/airflow/example_dags/example_dynamic_task_mapping_with_no_taskflow_operators.py
[2024-05-18T22:44:30.196+0000] {processor.py:840} INFO - DAG(s) 'example_dynamic_task_mapping_with_no_taskflow_operators' retrieved from /home/airflow/.local/lib/python3.12/site-packages/airflow/example_dags/example_dynamic_task_mapping_with_no_taskflow_operators.py
[2024-05-18T22:44:30.254+0000] {logging_mixin.py:188} INFO - [2024-05-18T22:44:30.252+0000] {dag.py:3096} INFO - Sync 1 DAGs
[2024-05-18T22:44:30.307+0000] {logging_mixin.py:188} INFO - [2024-05-18T22:44:30.306+0000] {dag.py:3954} INFO - Setting next_dagrun for example_dynamic_task_mapping_with_no_taskflow_operators to 2024-05-17 00:00:00+00:00, run_after=2024-05-18 00:00:00+00:00
[2024-05-18T22:44:30.349+0000] {processor.py:183} INFO - Processing /home/airflow/.local/lib/python3.12/site-packages/airflow/example_dags/example_dynamic_task_mapping_with_no_taskflow_operators.py took 0.181 seconds
[2024-05-18T22:45:00.862+0000] {processor.py:161} INFO - Started process (PID=289) to work on /home/airflow/.local/lib/python3.12/site-packages/airflow/example_dags/example_dynamic_task_mapping_with_no_taskflow_operators.py
[2024-05-18T22:45:00.863+0000] {processor.py:830} INFO - Processing file /home/airflow/.local/lib/python3.12/site-packages/airflow/example_dags/example_dynamic_task_mapping_with_no_taskflow_operators.py for tasks to queue
[2024-05-18T22:45:00.866+0000] {logging_mixin.py:188} INFO - [2024-05-18T22:45:00.865+0000] {dagbag.py:545} INFO - Filling up the DagBag from /home/airflow/.local/lib/python3.12/site-packages/airflow/example_dags/example_dynamic_task_mapping_with_no_taskflow_operators.py
[2024-05-18T22:45:00.874+0000] {processor.py:840} INFO - DAG(s) 'example_dynamic_task_mapping_with_no_taskflow_operators' retrieved from /home/airflow/.local/lib/python3.12/site-packages/airflow/example_dags/example_dynamic_task_mapping_with_no_taskflow_operators.py
[2024-05-18T22:45:00.903+0000] {logging_mixin.py:188} INFO - [2024-05-18T22:45:00.903+0000] {dag.py:3096} INFO - Sync 1 DAGs
[2024-05-18T22:45:00.941+0000] {logging_mixin.py:188} INFO - [2024-05-18T22:45:00.940+0000] {dag.py:3954} INFO - Setting next_dagrun for example_dynamic_task_mapping_with_no_taskflow_operators to 2024-05-17 00:00:00+00:00, run_after=2024-05-18 00:00:00+00:00
[2024-05-18T22:45:00.977+0000] {processor.py:183} INFO - Processing /home/airflow/.local/lib/python3.12/site-packages/airflow/example_dags/example_dynamic_task_mapping_with_no_taskflow_operators.py took 0.122 seconds
[2024-05-18T22:45:31.050+0000] {processor.py:161} INFO - Started process (PID=348) to work on /home/airflow/.local/lib/python3.12/site-packages/airflow/example_dags/example_dynamic_task_mapping_with_no_taskflow_operators.py
[2024-05-18T22:45:31.051+0000] {processor.py:830} INFO - Processing file /home/airflow/.local/lib/python3.12/site-packages/airflow/example_dags/example_dynamic_task_mapping_with_no_taskflow_operators.py for tasks to queue
[2024-05-18T22:45:31.055+0000] {logging_mixin.py:188} INFO - [2024-05-18T22:45:31.054+0000] {dagbag.py:545} INFO - Filling up the DagBag from /home/airflow/.local/lib/python3.12/site-packages/airflow/example_dags/example_dynamic_task_mapping_with_no_taskflow_operators.py
[2024-05-18T22:45:31.064+0000] {processor.py:840} INFO - DAG(s) 'example_dynamic_task_mapping_with_no_taskflow_operators' retrieved from /home/airflow/.local/lib/python3.12/site-packages/airflow/example_dags/example_dynamic_task_mapping_with_no_taskflow_operators.py
[2024-05-18T22:45:31.096+0000] {logging_mixin.py:188} INFO - [2024-05-18T22:45:31.095+0000] {dag.py:3096} INFO - Sync 1 DAGs
[2024-05-18T22:45:31.133+0000] {logging_mixin.py:188} INFO - [2024-05-18T22:45:31.132+0000] {dag.py:3954} INFO - Setting next_dagrun for example_dynamic_task_mapping_with_no_taskflow_operators to 2024-05-17 00:00:00+00:00, run_after=2024-05-18 00:00:00+00:00
[2024-05-18T22:45:31.169+0000] {processor.py:183} INFO - Processing /home/airflow/.local/lib/python3.12/site-packages/airflow/example_dags/example_dynamic_task_mapping_with_no_taskflow_operators.py took 0.128 seconds
[2024-05-18T22:46:01.315+0000] {processor.py:161} INFO - Started process (PID=409) to work on /home/airflow/.local/lib/python3.12/site-packages/airflow/example_dags/example_dynamic_task_mapping_with_no_taskflow_operators.py
[2024-05-18T22:46:01.317+0000] {processor.py:830} INFO - Processing file /home/airflow/.local/lib/python3.12/site-packages/airflow/example_dags/example_dynamic_task_mapping_with_no_taskflow_operators.py for tasks to queue
[2024-05-18T22:46:01.320+0000] {logging_mixin.py:188} INFO - [2024-05-18T22:46:01.320+0000] {dagbag.py:545} INFO - Filling up the DagBag from /home/airflow/.local/lib/python3.12/site-packages/airflow/example_dags/example_dynamic_task_mapping_with_no_taskflow_operators.py
[2024-05-18T22:46:01.329+0000] {processor.py:840} INFO - DAG(s) 'example_dynamic_task_mapping_with_no_taskflow_operators' retrieved from /home/airflow/.local/lib/python3.12/site-packages/airflow/example_dags/example_dynamic_task_mapping_with_no_taskflow_operators.py
[2024-05-18T22:46:01.358+0000] {logging_mixin.py:188} INFO - [2024-05-18T22:46:01.358+0000] {dag.py:3096} INFO - Sync 1 DAGs
[2024-05-18T22:46:01.397+0000] {logging_mixin.py:188} INFO - [2024-05-18T22:46:01.397+0000] {dag.py:3954} INFO - Setting next_dagrun for example_dynamic_task_mapping_with_no_taskflow_operators to 2024-05-17 00:00:00+00:00, run_after=2024-05-18 00:00:00+00:00
[2024-05-18T22:46:01.435+0000] {processor.py:183} INFO - Processing /home/airflow/.local/lib/python3.12/site-packages/airflow/example_dags/example_dynamic_task_mapping_with_no_taskflow_operators.py took 0.127 seconds
[2024-05-18T22:46:32.086+0000] {processor.py:161} INFO - Started process (PID=469) to work on /home/airflow/.local/lib/python3.12/site-packages/airflow/example_dags/example_dynamic_task_mapping_with_no_taskflow_operators.py
[2024-05-18T22:46:32.088+0000] {processor.py:830} INFO - Processing file /home/airflow/.local/lib/python3.12/site-packages/airflow/example_dags/example_dynamic_task_mapping_with_no_taskflow_operators.py for tasks to queue
[2024-05-18T22:46:32.091+0000] {logging_mixin.py:188} INFO - [2024-05-18T22:46:32.090+0000] {dagbag.py:545} INFO - Filling up the DagBag from /home/airflow/.local/lib/python3.12/site-packages/airflow/example_dags/example_dynamic_task_mapping_with_no_taskflow_operators.py
[2024-05-18T22:46:32.101+0000] {processor.py:840} INFO - DAG(s) 'example_dynamic_task_mapping_with_no_taskflow_operators' retrieved from /home/airflow/.local/lib/python3.12/site-packages/airflow/example_dags/example_dynamic_task_mapping_with_no_taskflow_operators.py
[2024-05-18T22:46:32.137+0000] {logging_mixin.py:188} INFO - [2024-05-18T22:46:32.137+0000] {dag.py:3096} INFO - Sync 1 DAGs
[2024-05-18T22:46:32.180+0000] {logging_mixin.py:188} INFO - [2024-05-18T22:46:32.180+0000] {dag.py:3954} INFO - Setting next_dagrun for example_dynamic_task_mapping_with_no_taskflow_operators to 2024-05-17 00:00:00+00:00, run_after=2024-05-18 00:00:00+00:00
[2024-05-18T22:46:32.216+0000] {processor.py:183} INFO - Processing /home/airflow/.local/lib/python3.12/site-packages/airflow/example_dags/example_dynamic_task_mapping_with_no_taskflow_operators.py took 0.138 seconds
[2024-05-18T22:47:02.519+0000] {processor.py:161} INFO - Started process (PID=529) to work on /home/airflow/.local/lib/python3.12/site-packages/airflow/example_dags/example_dynamic_task_mapping_with_no_taskflow_operators.py
[2024-05-18T22:47:02.522+0000] {processor.py:830} INFO - Processing file /home/airflow/.local/lib/python3.12/site-packages/airflow/example_dags/example_dynamic_task_mapping_with_no_taskflow_operators.py for tasks to queue
[2024-05-18T22:47:02.525+0000] {logging_mixin.py:188} INFO - [2024-05-18T22:47:02.525+0000] {dagbag.py:545} INFO - Filling up the DagBag from /home/airflow/.local/lib/python3.12/site-packages/airflow/example_dags/example_dynamic_task_mapping_with_no_taskflow_operators.py
[2024-05-18T22:47:02.539+0000] {processor.py:840} INFO - DAG(s) 'example_dynamic_task_mapping_with_no_taskflow_operators' retrieved from /home/airflow/.local/lib/python3.12/site-packages/airflow/example_dags/example_dynamic_task_mapping_with_no_taskflow_operators.py
[2024-05-18T22:47:02.579+0000] {logging_mixin.py:188} INFO - [2024-05-18T22:47:02.578+0000] {dag.py:3096} INFO - Sync 1 DAGs
[2024-05-18T22:47:02.626+0000] {logging_mixin.py:188} INFO - [2024-05-18T22:47:02.626+0000] {dag.py:3954} INFO - Setting next_dagrun for example_dynamic_task_mapping_with_no_taskflow_operators to 2024-05-17 00:00:00+00:00, run_after=2024-05-18 00:00:00+00:00
[2024-05-18T22:47:02.664+0000] {processor.py:183} INFO - Processing /home/airflow/.local/lib/python3.12/site-packages/airflow/example_dags/example_dynamic_task_mapping_with_no_taskflow_operators.py took 0.154 seconds
[2024-05-18T22:47:33.025+0000] {processor.py:161} INFO - Started process (PID=589) to work on /home/airflow/.local/lib/python3.12/site-packages/airflow/example_dags/example_dynamic_task_mapping_with_no_taskflow_operators.py
[2024-05-18T22:47:33.027+0000] {processor.py:830} INFO - Processing file /home/airflow/.local/lib/python3.12/site-packages/airflow/example_dags/example_dynamic_task_mapping_with_no_taskflow_operators.py for tasks to queue
[2024-05-18T22:47:33.030+0000] {logging_mixin.py:188} INFO - [2024-05-18T22:47:33.029+0000] {dagbag.py:545} INFO - Filling up the DagBag from /home/airflow/.local/lib/python3.12/site-packages/airflow/example_dags/example_dynamic_task_mapping_with_no_taskflow_operators.py
[2024-05-18T22:47:33.046+0000] {processor.py:840} INFO - DAG(s) 'example_dynamic_task_mapping_with_no_taskflow_operators' retrieved from /home/airflow/.local/lib/python3.12/site-packages/airflow/example_dags/example_dynamic_task_mapping_with_no_taskflow_operators.py
[2024-05-18T22:47:33.108+0000] {logging_mixin.py:188} INFO - [2024-05-18T22:47:33.107+0000] {dag.py:3096} INFO - Sync 1 DAGs
[2024-05-18T22:47:33.240+0000] {logging_mixin.py:188} INFO - [2024-05-18T22:47:33.239+0000] {dag.py:3954} INFO - Setting next_dagrun for example_dynamic_task_mapping_with_no_taskflow_operators to 2024-05-17 00:00:00+00:00, run_after=2024-05-18 00:00:00+00:00
[2024-05-18T22:47:33.304+0000] {processor.py:183} INFO - Processing /home/airflow/.local/lib/python3.12/site-packages/airflow/example_dags/example_dynamic_task_mapping_with_no_taskflow_operators.py took 0.291 seconds
[2024-05-18T22:48:04.285+0000] {processor.py:161} INFO - Started process (PID=649) to work on /home/airflow/.local/lib/python3.12/site-packages/airflow/example_dags/example_dynamic_task_mapping_with_no_taskflow_operators.py
[2024-05-18T22:48:04.291+0000] {processor.py:830} INFO - Processing file /home/airflow/.local/lib/python3.12/site-packages/airflow/example_dags/example_dynamic_task_mapping_with_no_taskflow_operators.py for tasks to queue
[2024-05-18T22:48:04.306+0000] {logging_mixin.py:188} INFO - [2024-05-18T22:48:04.305+0000] {dagbag.py:545} INFO - Filling up the DagBag from /home/airflow/.local/lib/python3.12/site-packages/airflow/example_dags/example_dynamic_task_mapping_with_no_taskflow_operators.py
[2024-05-18T22:48:04.331+0000] {processor.py:840} INFO - DAG(s) 'example_dynamic_task_mapping_with_no_taskflow_operators' retrieved from /home/airflow/.local/lib/python3.12/site-packages/airflow/example_dags/example_dynamic_task_mapping_with_no_taskflow_operators.py
[2024-05-18T22:48:04.410+0000] {logging_mixin.py:188} INFO - [2024-05-18T22:48:04.408+0000] {dag.py:3096} INFO - Sync 1 DAGs
[2024-05-18T22:48:04.546+0000] {logging_mixin.py:188} INFO - [2024-05-18T22:48:04.546+0000] {dag.py:3954} INFO - Setting next_dagrun for example_dynamic_task_mapping_with_no_taskflow_operators to 2024-05-17 00:00:00+00:00, run_after=2024-05-18 00:00:00+00:00
[2024-05-18T22:48:04.638+0000] {processor.py:183} INFO - Processing /home/airflow/.local/lib/python3.12/site-packages/airflow/example_dags/example_dynamic_task_mapping_with_no_taskflow_operators.py took 0.386 seconds
[2024-05-18T22:48:35.586+0000] {processor.py:161} INFO - Started process (PID=709) to work on /home/airflow/.local/lib/python3.12/site-packages/airflow/example_dags/example_dynamic_task_mapping_with_no_taskflow_operators.py
[2024-05-18T22:48:35.588+0000] {processor.py:830} INFO - Processing file /home/airflow/.local/lib/python3.12/site-packages/airflow/example_dags/example_dynamic_task_mapping_with_no_taskflow_operators.py for tasks to queue
[2024-05-18T22:48:35.592+0000] {logging_mixin.py:188} INFO - [2024-05-18T22:48:35.591+0000] {dagbag.py:545} INFO - Filling up the DagBag from /home/airflow/.local/lib/python3.12/site-packages/airflow/example_dags/example_dynamic_task_mapping_with_no_taskflow_operators.py
[2024-05-18T22:48:35.603+0000] {processor.py:840} INFO - DAG(s) 'example_dynamic_task_mapping_with_no_taskflow_operators' retrieved from /home/airflow/.local/lib/python3.12/site-packages/airflow/example_dags/example_dynamic_task_mapping_with_no_taskflow_operators.py
[2024-05-18T22:48:35.644+0000] {logging_mixin.py:188} INFO - [2024-05-18T22:48:35.643+0000] {dag.py:3096} INFO - Sync 1 DAGs
[2024-05-18T22:48:35.700+0000] {logging_mixin.py:188} INFO - [2024-05-18T22:48:35.700+0000] {dag.py:3954} INFO - Setting next_dagrun for example_dynamic_task_mapping_with_no_taskflow_operators to 2024-05-17 00:00:00+00:00, run_after=2024-05-18 00:00:00+00:00
[2024-05-18T22:48:35.747+0000] {processor.py:183} INFO - Processing /home/airflow/.local/lib/python3.12/site-packages/airflow/example_dags/example_dynamic_task_mapping_with_no_taskflow_operators.py took 0.172 seconds
[2024-05-18T22:49:05.969+0000] {processor.py:161} INFO - Started process (PID=769) to work on /home/airflow/.local/lib/python3.12/site-packages/airflow/example_dags/example_dynamic_task_mapping_with_no_taskflow_operators.py
[2024-05-18T22:49:05.971+0000] {processor.py:830} INFO - Processing file /home/airflow/.local/lib/python3.12/site-packages/airflow/example_dags/example_dynamic_task_mapping_with_no_taskflow_operators.py for tasks to queue
[2024-05-18T22:49:05.979+0000] {logging_mixin.py:188} INFO - [2024-05-18T22:49:05.977+0000] {dagbag.py:545} INFO - Filling up the DagBag from /home/airflow/.local/lib/python3.12/site-packages/airflow/example_dags/example_dynamic_task_mapping_with_no_taskflow_operators.py
[2024-05-18T22:49:05.996+0000] {processor.py:840} INFO - DAG(s) 'example_dynamic_task_mapping_with_no_taskflow_operators' retrieved from /home/airflow/.local/lib/python3.12/site-packages/airflow/example_dags/example_dynamic_task_mapping_with_no_taskflow_operators.py
[2024-05-18T22:49:06.043+0000] {logging_mixin.py:188} INFO - [2024-05-18T22:49:06.042+0000] {dag.py:3096} INFO - Sync 1 DAGs
[2024-05-18T22:49:06.094+0000] {logging_mixin.py:188} INFO - [2024-05-18T22:49:06.093+0000] {dag.py:3954} INFO - Setting next_dagrun for example_dynamic_task_mapping_with_no_taskflow_operators to 2024-05-17 00:00:00+00:00, run_after=2024-05-18 00:00:00+00:00
[2024-05-18T22:49:06.149+0000] {processor.py:183} INFO - Processing /home/airflow/.local/lib/python3.12/site-packages/airflow/example_dags/example_dynamic_task_mapping_with_no_taskflow_operators.py took 0.192 seconds
[2024-05-18T22:49:36.936+0000] {processor.py:161} INFO - Started process (PID=829) to work on /home/airflow/.local/lib/python3.12/site-packages/airflow/example_dags/example_dynamic_task_mapping_with_no_taskflow_operators.py
[2024-05-18T22:49:36.938+0000] {processor.py:830} INFO - Processing file /home/airflow/.local/lib/python3.12/site-packages/airflow/example_dags/example_dynamic_task_mapping_with_no_taskflow_operators.py for tasks to queue
[2024-05-18T22:49:36.941+0000] {logging_mixin.py:188} INFO - [2024-05-18T22:49:36.941+0000] {dagbag.py:545} INFO - Filling up the DagBag from /home/airflow/.local/lib/python3.12/site-packages/airflow/example_dags/example_dynamic_task_mapping_with_no_taskflow_operators.py
[2024-05-18T22:49:36.950+0000] {processor.py:840} INFO - DAG(s) 'example_dynamic_task_mapping_with_no_taskflow_operators' retrieved from /home/airflow/.local/lib/python3.12/site-packages/airflow/example_dags/example_dynamic_task_mapping_with_no_taskflow_operators.py
[2024-05-18T22:49:36.984+0000] {logging_mixin.py:188} INFO - [2024-05-18T22:49:36.984+0000] {dag.py:3096} INFO - Sync 1 DAGs
[2024-05-18T22:49:37.033+0000] {logging_mixin.py:188} INFO - [2024-05-18T22:49:37.032+0000] {dag.py:3954} INFO - Setting next_dagrun for example_dynamic_task_mapping_with_no_taskflow_operators to 2024-05-17 00:00:00+00:00, run_after=2024-05-18 00:00:00+00:00
[2024-05-18T22:49:37.072+0000] {processor.py:183} INFO - Processing /home/airflow/.local/lib/python3.12/site-packages/airflow/example_dags/example_dynamic_task_mapping_with_no_taskflow_operators.py took 0.143 seconds
[2024-05-18T22:50:07.424+0000] {processor.py:161} INFO - Started process (PID=889) to work on /home/airflow/.local/lib/python3.12/site-packages/airflow/example_dags/example_dynamic_task_mapping_with_no_taskflow_operators.py
[2024-05-18T22:50:07.427+0000] {processor.py:830} INFO - Processing file /home/airflow/.local/lib/python3.12/site-packages/airflow/example_dags/example_dynamic_task_mapping_with_no_taskflow_operators.py for tasks to queue
[2024-05-18T22:50:07.434+0000] {logging_mixin.py:188} INFO - [2024-05-18T22:50:07.434+0000] {dagbag.py:545} INFO - Filling up the DagBag from /home/airflow/.local/lib/python3.12/site-packages/airflow/example_dags/example_dynamic_task_mapping_with_no_taskflow_operators.py
[2024-05-18T22:50:07.450+0000] {processor.py:840} INFO - DAG(s) 'example_dynamic_task_mapping_with_no_taskflow_operators' retrieved from /home/airflow/.local/lib/python3.12/site-packages/airflow/example_dags/example_dynamic_task_mapping_with_no_taskflow_operators.py
[2024-05-18T22:50:07.498+0000] {logging_mixin.py:188} INFO - [2024-05-18T22:50:07.498+0000] {dag.py:3096} INFO - Sync 1 DAGs
[2024-05-18T22:50:07.604+0000] {logging_mixin.py:188} INFO - [2024-05-18T22:50:07.604+0000] {dag.py:3954} INFO - Setting next_dagrun for example_dynamic_task_mapping_with_no_taskflow_operators to 2024-05-17 00:00:00+00:00, run_after=2024-05-18 00:00:00+00:00
[2024-05-18T22:50:07.694+0000] {processor.py:183} INFO - Processing /home/airflow/.local/lib/python3.12/site-packages/airflow/example_dags/example_dynamic_task_mapping_with_no_taskflow_operators.py took 0.281 seconds
[2024-05-18T22:50:37.896+0000] {processor.py:161} INFO - Started process (PID=949) to work on /home/airflow/.local/lib/python3.12/site-packages/airflow/example_dags/example_dynamic_task_mapping_with_no_taskflow_operators.py
[2024-05-18T22:50:37.899+0000] {processor.py:830} INFO - Processing file /home/airflow/.local/lib/python3.12/site-packages/airflow/example_dags/example_dynamic_task_mapping_with_no_taskflow_operators.py for tasks to queue
[2024-05-18T22:50:37.903+0000] {logging_mixin.py:188} INFO - [2024-05-18T22:50:37.902+0000] {dagbag.py:545} INFO - Filling up the DagBag from /home/airflow/.local/lib/python3.12/site-packages/airflow/example_dags/example_dynamic_task_mapping_with_no_taskflow_operators.py
[2024-05-18T22:50:37.918+0000] {processor.py:840} INFO - DAG(s) 'example_dynamic_task_mapping_with_no_taskflow_operators' retrieved from /home/airflow/.local/lib/python3.12/site-packages/airflow/example_dags/example_dynamic_task_mapping_with_no_taskflow_operators.py
[2024-05-18T22:50:37.973+0000] {logging_mixin.py:188} INFO - [2024-05-18T22:50:37.972+0000] {dag.py:3096} INFO - Sync 1 DAGs
[2024-05-18T22:50:38.064+0000] {logging_mixin.py:188} INFO - [2024-05-18T22:50:38.054+0000] {dag.py:3954} INFO - Setting next_dagrun for example_dynamic_task_mapping_with_no_taskflow_operators to 2024-05-17 00:00:00+00:00, run_after=2024-05-18 00:00:00+00:00
[2024-05-18T22:50:38.160+0000] {processor.py:183} INFO - Processing /home/airflow/.local/lib/python3.12/site-packages/airflow/example_dags/example_dynamic_task_mapping_with_no_taskflow_operators.py took 0.277 seconds
[2024-05-18T22:51:08.484+0000] {processor.py:161} INFO - Started process (PID=1010) to work on /home/airflow/.local/lib/python3.12/site-packages/airflow/example_dags/example_dynamic_task_mapping_with_no_taskflow_operators.py
[2024-05-18T22:51:08.488+0000] {processor.py:830} INFO - Processing file /home/airflow/.local/lib/python3.12/site-packages/airflow/example_dags/example_dynamic_task_mapping_with_no_taskflow_operators.py for tasks to queue
[2024-05-18T22:51:08.497+0000] {logging_mixin.py:188} INFO - [2024-05-18T22:51:08.496+0000] {dagbag.py:545} INFO - Filling up the DagBag from /home/airflow/.local/lib/python3.12/site-packages/airflow/example_dags/example_dynamic_task_mapping_with_no_taskflow_operators.py
[2024-05-18T22:51:08.533+0000] {processor.py:840} INFO - DAG(s) 'example_dynamic_task_mapping_with_no_taskflow_operators' retrieved from /home/airflow/.local/lib/python3.12/site-packages/airflow/example_dags/example_dynamic_task_mapping_with_no_taskflow_operators.py
[2024-05-18T22:51:08.634+0000] {logging_mixin.py:188} INFO - [2024-05-18T22:51:08.633+0000] {dag.py:3096} INFO - Sync 1 DAGs
[2024-05-18T22:51:08.862+0000] {logging_mixin.py:188} INFO - [2024-05-18T22:51:08.861+0000] {dag.py:3954} INFO - Setting next_dagrun for example_dynamic_task_mapping_with_no_taskflow_operators to 2024-05-17 00:00:00+00:00, run_after=2024-05-18 00:00:00+00:00
[2024-05-18T22:51:08.961+0000] {processor.py:183} INFO - Processing /home/airflow/.local/lib/python3.12/site-packages/airflow/example_dags/example_dynamic_task_mapping_with_no_taskflow_operators.py took 0.497 seconds
[2024-05-18T22:51:39.795+0000] {processor.py:161} INFO - Started process (PID=1070) to work on /home/airflow/.local/lib/python3.12/site-packages/airflow/example_dags/example_dynamic_task_mapping_with_no_taskflow_operators.py
[2024-05-18T22:51:39.797+0000] {processor.py:830} INFO - Processing file /home/airflow/.local/lib/python3.12/site-packages/airflow/example_dags/example_dynamic_task_mapping_with_no_taskflow_operators.py for tasks to queue
[2024-05-18T22:51:39.800+0000] {logging_mixin.py:188} INFO - [2024-05-18T22:51:39.799+0000] {dagbag.py:545} INFO - Filling up the DagBag from /home/airflow/.local/lib/python3.12/site-packages/airflow/example_dags/example_dynamic_task_mapping_with_no_taskflow_operators.py
[2024-05-18T22:51:39.809+0000] {processor.py:840} INFO - DAG(s) 'example_dynamic_task_mapping_with_no_taskflow_operators' retrieved from /home/airflow/.local/lib/python3.12/site-packages/airflow/example_dags/example_dynamic_task_mapping_with_no_taskflow_operators.py
[2024-05-18T22:51:39.840+0000] {logging_mixin.py:188} INFO - [2024-05-18T22:51:39.839+0000] {dag.py:3096} INFO - Sync 1 DAGs
[2024-05-18T22:51:39.877+0000] {logging_mixin.py:188} INFO - [2024-05-18T22:51:39.877+0000] {dag.py:3954} INFO - Setting next_dagrun for example_dynamic_task_mapping_with_no_taskflow_operators to 2024-05-17 00:00:00+00:00, run_after=2024-05-18 00:00:00+00:00
[2024-05-18T22:51:39.913+0000] {processor.py:183} INFO - Processing /home/airflow/.local/lib/python3.12/site-packages/airflow/example_dags/example_dynamic_task_mapping_with_no_taskflow_operators.py took 0.126 seconds
[2024-05-18T22:52:10.268+0000] {processor.py:161} INFO - Started process (PID=1130) to work on /home/airflow/.local/lib/python3.12/site-packages/airflow/example_dags/example_dynamic_task_mapping_with_no_taskflow_operators.py
[2024-05-18T22:52:10.270+0000] {processor.py:830} INFO - Processing file /home/airflow/.local/lib/python3.12/site-packages/airflow/example_dags/example_dynamic_task_mapping_with_no_taskflow_operators.py for tasks to queue
[2024-05-18T22:52:10.275+0000] {logging_mixin.py:188} INFO - [2024-05-18T22:52:10.275+0000] {dagbag.py:545} INFO - Filling up the DagBag from /home/airflow/.local/lib/python3.12/site-packages/airflow/example_dags/example_dynamic_task_mapping_with_no_taskflow_operators.py
[2024-05-18T22:52:10.292+0000] {processor.py:840} INFO - DAG(s) 'example_dynamic_task_mapping_with_no_taskflow_operators' retrieved from /home/airflow/.local/lib/python3.12/site-packages/airflow/example_dags/example_dynamic_task_mapping_with_no_taskflow_operators.py
[2024-05-18T22:52:10.349+0000] {logging_mixin.py:188} INFO - [2024-05-18T22:52:10.349+0000] {dag.py:3096} INFO - Sync 1 DAGs
[2024-05-18T22:52:10.487+0000] {logging_mixin.py:188} INFO - [2024-05-18T22:52:10.486+0000] {dag.py:3954} INFO - Setting next_dagrun for example_dynamic_task_mapping_with_no_taskflow_operators to 2024-05-17 00:00:00+00:00, run_after=2024-05-18 00:00:00+00:00
[2024-05-18T22:52:10.595+0000] {processor.py:183} INFO - Processing /home/airflow/.local/lib/python3.12/site-packages/airflow/example_dags/example_dynamic_task_mapping_with_no_taskflow_operators.py took 0.341 seconds
