[2024-05-18T22:43:08.961+0000] {processor.py:161} INFO - Started process (PID=84) to work on /home/airflow/.local/lib/python3.12/site-packages/airflow/example_dags/example_sensor_decorator.py
[2024-05-18T22:43:08.964+0000] {processor.py:830} INFO - Processing file /home/airflow/.local/lib/python3.12/site-packages/airflow/example_dags/example_sensor_decorator.py for tasks to queue
[2024-05-18T22:43:08.973+0000] {logging_mixin.py:188} INFO - [2024-05-18T22:43:08.972+0000] {dagbag.py:545} INFO - Filling up the DagBag from /home/airflow/.local/lib/python3.12/site-packages/airflow/example_dags/example_sensor_decorator.py
[2024-05-18T22:43:08.998+0000] {processor.py:840} INFO - DAG(s) 'example_sensor_decorator' retrieved from /home/airflow/.local/lib/python3.12/site-packages/airflow/example_dags/example_sensor_decorator.py
[2024-05-18T22:43:09.559+0000] {logging_mixin.py:188} INFO - [2024-05-18T22:43:09.558+0000] {override.py:1829} INFO - Created Permission View: can read on DAG:example_sensor_decorator
[2024-05-18T22:43:09.599+0000] {logging_mixin.py:188} INFO - [2024-05-18T22:43:09.598+0000] {override.py:1829} INFO - Created Permission View: can edit on DAG:example_sensor_decorator
[2024-05-18T22:43:09.627+0000] {logging_mixin.py:188} INFO - [2024-05-18T22:43:09.627+0000] {override.py:1829} INFO - Created Permission View: can delete on DAG:example_sensor_decorator
[2024-05-18T22:43:09.630+0000] {logging_mixin.py:188} INFO - [2024-05-18T22:43:09.629+0000] {dag.py:3096} INFO - Sync 1 DAGs
[2024-05-18T22:43:09.668+0000] {logging_mixin.py:188} INFO - [2024-05-18T22:43:09.667+0000] {dag.py:3118} INFO - Creating ORM DAG for example_sensor_decorator
[2024-05-18T22:43:09.671+0000] {logging_mixin.py:188} INFO - [2024-05-18T22:43:09.670+0000] {dag.py:3954} INFO - Setting next_dagrun for example_sensor_decorator to None, run_after=None
[2024-05-18T22:43:09.732+0000] {processor.py:183} INFO - Processing /home/airflow/.local/lib/python3.12/site-packages/airflow/example_dags/example_sensor_decorator.py took 0.791 seconds
[2024-05-18T22:43:40.773+0000] {processor.py:161} INFO - Started process (PID=144) to work on /home/airflow/.local/lib/python3.12/site-packages/airflow/example_dags/example_sensor_decorator.py
[2024-05-18T22:43:40.785+0000] {processor.py:830} INFO - Processing file /home/airflow/.local/lib/python3.12/site-packages/airflow/example_dags/example_sensor_decorator.py for tasks to queue
[2024-05-18T22:43:40.808+0000] {logging_mixin.py:188} INFO - [2024-05-18T22:43:40.804+0000] {dagbag.py:545} INFO - Filling up the DagBag from /home/airflow/.local/lib/python3.12/site-packages/airflow/example_dags/example_sensor_decorator.py
[2024-05-18T22:43:40.931+0000] {processor.py:840} INFO - DAG(s) 'example_sensor_decorator' retrieved from /home/airflow/.local/lib/python3.12/site-packages/airflow/example_dags/example_sensor_decorator.py
[2024-05-18T22:43:41.327+0000] {logging_mixin.py:188} INFO - [2024-05-18T22:43:41.323+0000] {dag.py:3096} INFO - Sync 1 DAGs
[2024-05-18T22:43:41.512+0000] {logging_mixin.py:188} INFO - [2024-05-18T22:43:41.512+0000] {dag.py:3954} INFO - Setting next_dagrun for example_sensor_decorator to None, run_after=None
[2024-05-18T22:43:41.571+0000] {processor.py:183} INFO - Processing /home/airflow/.local/lib/python3.12/site-packages/airflow/example_dags/example_sensor_decorator.py took 0.867 seconds
[2024-05-18T22:44:11.712+0000] {processor.py:161} INFO - Started process (PID=204) to work on /home/airflow/.local/lib/python3.12/site-packages/airflow/example_dags/example_sensor_decorator.py
[2024-05-18T22:44:11.714+0000] {processor.py:830} INFO - Processing file /home/airflow/.local/lib/python3.12/site-packages/airflow/example_dags/example_sensor_decorator.py for tasks to queue
[2024-05-18T22:44:11.717+0000] {logging_mixin.py:188} INFO - [2024-05-18T22:44:11.716+0000] {dagbag.py:545} INFO - Filling up the DagBag from /home/airflow/.local/lib/python3.12/site-packages/airflow/example_dags/example_sensor_decorator.py
[2024-05-18T22:44:11.730+0000] {processor.py:840} INFO - DAG(s) 'example_sensor_decorator' retrieved from /home/airflow/.local/lib/python3.12/site-packages/airflow/example_dags/example_sensor_decorator.py
[2024-05-18T22:44:11.768+0000] {logging_mixin.py:188} INFO - [2024-05-18T22:44:11.767+0000] {dag.py:3096} INFO - Sync 1 DAGs
[2024-05-18T22:44:11.803+0000] {logging_mixin.py:188} INFO - [2024-05-18T22:44:11.802+0000] {dag.py:3954} INFO - Setting next_dagrun for example_sensor_decorator to None, run_after=None
[2024-05-18T22:44:11.848+0000] {processor.py:183} INFO - Processing /home/airflow/.local/lib/python3.12/site-packages/airflow/example_dags/example_sensor_decorator.py took 0.145 seconds
[2024-05-18T22:44:42.223+0000] {processor.py:161} INFO - Started process (PID=265) to work on /home/airflow/.local/lib/python3.12/site-packages/airflow/example_dags/example_sensor_decorator.py
[2024-05-18T22:44:42.225+0000] {processor.py:830} INFO - Processing file /home/airflow/.local/lib/python3.12/site-packages/airflow/example_dags/example_sensor_decorator.py for tasks to queue
[2024-05-18T22:44:42.228+0000] {logging_mixin.py:188} INFO - [2024-05-18T22:44:42.228+0000] {dagbag.py:545} INFO - Filling up the DagBag from /home/airflow/.local/lib/python3.12/site-packages/airflow/example_dags/example_sensor_decorator.py
[2024-05-18T22:44:42.237+0000] {processor.py:840} INFO - DAG(s) 'example_sensor_decorator' retrieved from /home/airflow/.local/lib/python3.12/site-packages/airflow/example_dags/example_sensor_decorator.py
[2024-05-18T22:44:42.272+0000] {logging_mixin.py:188} INFO - [2024-05-18T22:44:42.271+0000] {dag.py:3096} INFO - Sync 1 DAGs
[2024-05-18T22:44:42.300+0000] {logging_mixin.py:188} INFO - [2024-05-18T22:44:42.299+0000] {dag.py:3954} INFO - Setting next_dagrun for example_sensor_decorator to None, run_after=None
[2024-05-18T22:44:42.342+0000] {processor.py:183} INFO - Processing /home/airflow/.local/lib/python3.12/site-packages/airflow/example_dags/example_sensor_decorator.py took 0.126 seconds
[2024-05-18T22:45:12.600+0000] {processor.py:161} INFO - Started process (PID=325) to work on /home/airflow/.local/lib/python3.12/site-packages/airflow/example_dags/example_sensor_decorator.py
[2024-05-18T22:45:12.602+0000] {processor.py:830} INFO - Processing file /home/airflow/.local/lib/python3.12/site-packages/airflow/example_dags/example_sensor_decorator.py for tasks to queue
[2024-05-18T22:45:12.605+0000] {logging_mixin.py:188} INFO - [2024-05-18T22:45:12.604+0000] {dagbag.py:545} INFO - Filling up the DagBag from /home/airflow/.local/lib/python3.12/site-packages/airflow/example_dags/example_sensor_decorator.py
[2024-05-18T22:45:12.613+0000] {processor.py:840} INFO - DAG(s) 'example_sensor_decorator' retrieved from /home/airflow/.local/lib/python3.12/site-packages/airflow/example_dags/example_sensor_decorator.py
[2024-05-18T22:45:12.643+0000] {logging_mixin.py:188} INFO - [2024-05-18T22:45:12.643+0000] {dag.py:3096} INFO - Sync 1 DAGs
[2024-05-18T22:45:12.664+0000] {logging_mixin.py:188} INFO - [2024-05-18T22:45:12.664+0000] {dag.py:3954} INFO - Setting next_dagrun for example_sensor_decorator to None, run_after=None
[2024-05-18T22:45:12.702+0000] {processor.py:183} INFO - Processing /home/airflow/.local/lib/python3.12/site-packages/airflow/example_dags/example_sensor_decorator.py took 0.109 seconds
[2024-05-18T22:45:42.847+0000] {processor.py:161} INFO - Started process (PID=384) to work on /home/airflow/.local/lib/python3.12/site-packages/airflow/example_dags/example_sensor_decorator.py
[2024-05-18T22:45:42.848+0000] {processor.py:830} INFO - Processing file /home/airflow/.local/lib/python3.12/site-packages/airflow/example_dags/example_sensor_decorator.py for tasks to queue
[2024-05-18T22:45:42.852+0000] {logging_mixin.py:188} INFO - [2024-05-18T22:45:42.851+0000] {dagbag.py:545} INFO - Filling up the DagBag from /home/airflow/.local/lib/python3.12/site-packages/airflow/example_dags/example_sensor_decorator.py
[2024-05-18T22:45:42.862+0000] {processor.py:840} INFO - DAG(s) 'example_sensor_decorator' retrieved from /home/airflow/.local/lib/python3.12/site-packages/airflow/example_dags/example_sensor_decorator.py
[2024-05-18T22:45:42.902+0000] {logging_mixin.py:188} INFO - [2024-05-18T22:45:42.902+0000] {dag.py:3096} INFO - Sync 1 DAGs
[2024-05-18T22:45:42.928+0000] {logging_mixin.py:188} INFO - [2024-05-18T22:45:42.927+0000] {dag.py:3954} INFO - Setting next_dagrun for example_sensor_decorator to None, run_after=None
[2024-05-18T22:45:42.967+0000] {processor.py:183} INFO - Processing /home/airflow/.local/lib/python3.12/site-packages/airflow/example_dags/example_sensor_decorator.py took 0.127 seconds
[2024-05-18T22:46:13.077+0000] {processor.py:161} INFO - Started process (PID=444) to work on /home/airflow/.local/lib/python3.12/site-packages/airflow/example_dags/example_sensor_decorator.py
[2024-05-18T22:46:13.078+0000] {processor.py:830} INFO - Processing file /home/airflow/.local/lib/python3.12/site-packages/airflow/example_dags/example_sensor_decorator.py for tasks to queue
[2024-05-18T22:46:13.080+0000] {logging_mixin.py:188} INFO - [2024-05-18T22:46:13.080+0000] {dagbag.py:545} INFO - Filling up the DagBag from /home/airflow/.local/lib/python3.12/site-packages/airflow/example_dags/example_sensor_decorator.py
[2024-05-18T22:46:13.087+0000] {processor.py:840} INFO - DAG(s) 'example_sensor_decorator' retrieved from /home/airflow/.local/lib/python3.12/site-packages/airflow/example_dags/example_sensor_decorator.py
[2024-05-18T22:46:13.113+0000] {logging_mixin.py:188} INFO - [2024-05-18T22:46:13.113+0000] {dag.py:3096} INFO - Sync 1 DAGs
[2024-05-18T22:46:13.130+0000] {logging_mixin.py:188} INFO - [2024-05-18T22:46:13.130+0000] {dag.py:3954} INFO - Setting next_dagrun for example_sensor_decorator to None, run_after=None
[2024-05-18T22:46:13.179+0000] {processor.py:183} INFO - Processing /home/airflow/.local/lib/python3.12/site-packages/airflow/example_dags/example_sensor_decorator.py took 0.108 seconds
[2024-05-18T22:46:43.449+0000] {processor.py:161} INFO - Started process (PID=504) to work on /home/airflow/.local/lib/python3.12/site-packages/airflow/example_dags/example_sensor_decorator.py
[2024-05-18T22:46:43.451+0000] {processor.py:830} INFO - Processing file /home/airflow/.local/lib/python3.12/site-packages/airflow/example_dags/example_sensor_decorator.py for tasks to queue
[2024-05-18T22:46:43.454+0000] {logging_mixin.py:188} INFO - [2024-05-18T22:46:43.453+0000] {dagbag.py:545} INFO - Filling up the DagBag from /home/airflow/.local/lib/python3.12/site-packages/airflow/example_dags/example_sensor_decorator.py
[2024-05-18T22:46:43.463+0000] {processor.py:840} INFO - DAG(s) 'example_sensor_decorator' retrieved from /home/airflow/.local/lib/python3.12/site-packages/airflow/example_dags/example_sensor_decorator.py
[2024-05-18T22:46:43.494+0000] {logging_mixin.py:188} INFO - [2024-05-18T22:46:43.494+0000] {dag.py:3096} INFO - Sync 1 DAGs
[2024-05-18T22:46:43.518+0000] {logging_mixin.py:188} INFO - [2024-05-18T22:46:43.517+0000] {dag.py:3954} INFO - Setting next_dagrun for example_sensor_decorator to None, run_after=None
[2024-05-18T22:46:43.553+0000] {processor.py:183} INFO - Processing /home/airflow/.local/lib/python3.12/site-packages/airflow/example_dags/example_sensor_decorator.py took 0.114 seconds
[2024-05-18T22:47:13.680+0000] {processor.py:161} INFO - Started process (PID=564) to work on /home/airflow/.local/lib/python3.12/site-packages/airflow/example_dags/example_sensor_decorator.py
[2024-05-18T22:47:13.683+0000] {processor.py:830} INFO - Processing file /home/airflow/.local/lib/python3.12/site-packages/airflow/example_dags/example_sensor_decorator.py for tasks to queue
[2024-05-18T22:47:13.687+0000] {logging_mixin.py:188} INFO - [2024-05-18T22:47:13.686+0000] {dagbag.py:545} INFO - Filling up the DagBag from /home/airflow/.local/lib/python3.12/site-packages/airflow/example_dags/example_sensor_decorator.py
[2024-05-18T22:47:13.700+0000] {processor.py:840} INFO - DAG(s) 'example_sensor_decorator' retrieved from /home/airflow/.local/lib/python3.12/site-packages/airflow/example_dags/example_sensor_decorator.py
[2024-05-18T22:47:13.768+0000] {logging_mixin.py:188} INFO - [2024-05-18T22:47:13.767+0000] {dag.py:3096} INFO - Sync 1 DAGs
[2024-05-18T22:47:13.800+0000] {logging_mixin.py:188} INFO - [2024-05-18T22:47:13.800+0000] {dag.py:3954} INFO - Setting next_dagrun for example_sensor_decorator to None, run_after=None
[2024-05-18T22:47:13.842+0000] {processor.py:183} INFO - Processing /home/airflow/.local/lib/python3.12/site-packages/airflow/example_dags/example_sensor_decorator.py took 0.176 seconds
[2024-05-18T22:47:44.443+0000] {processor.py:161} INFO - Started process (PID=622) to work on /home/airflow/.local/lib/python3.12/site-packages/airflow/example_dags/example_sensor_decorator.py
[2024-05-18T22:47:44.455+0000] {processor.py:830} INFO - Processing file /home/airflow/.local/lib/python3.12/site-packages/airflow/example_dags/example_sensor_decorator.py for tasks to queue
[2024-05-18T22:47:44.460+0000] {logging_mixin.py:188} INFO - [2024-05-18T22:47:44.459+0000] {dagbag.py:545} INFO - Filling up the DagBag from /home/airflow/.local/lib/python3.12/site-packages/airflow/example_dags/example_sensor_decorator.py
[2024-05-18T22:47:44.476+0000] {processor.py:840} INFO - DAG(s) 'example_sensor_decorator' retrieved from /home/airflow/.local/lib/python3.12/site-packages/airflow/example_dags/example_sensor_decorator.py
[2024-05-18T22:47:44.549+0000] {logging_mixin.py:188} INFO - [2024-05-18T22:47:44.549+0000] {dag.py:3096} INFO - Sync 1 DAGs
[2024-05-18T22:47:44.600+0000] {logging_mixin.py:188} INFO - [2024-05-18T22:47:44.599+0000] {dag.py:3954} INFO - Setting next_dagrun for example_sensor_decorator to None, run_after=None
[2024-05-18T22:47:44.660+0000] {processor.py:183} INFO - Processing /home/airflow/.local/lib/python3.12/site-packages/airflow/example_dags/example_sensor_decorator.py took 0.243 seconds
[2024-05-18T22:48:22.327+0000] {processor.py:161} INFO - Started process (PID=689) to work on /home/airflow/.local/lib/python3.12/site-packages/airflow/example_dags/example_sensor_decorator.py
[2024-05-18T22:48:22.335+0000] {processor.py:830} INFO - Processing file /home/airflow/.local/lib/python3.12/site-packages/airflow/example_dags/example_sensor_decorator.py for tasks to queue
[2024-05-18T22:48:22.340+0000] {logging_mixin.py:188} INFO - [2024-05-18T22:48:22.339+0000] {dagbag.py:545} INFO - Filling up the DagBag from /home/airflow/.local/lib/python3.12/site-packages/airflow/example_dags/example_sensor_decorator.py
[2024-05-18T22:48:22.367+0000] {processor.py:840} INFO - DAG(s) 'example_sensor_decorator' retrieved from /home/airflow/.local/lib/python3.12/site-packages/airflow/example_dags/example_sensor_decorator.py
[2024-05-18T22:48:22.424+0000] {logging_mixin.py:188} INFO - [2024-05-18T22:48:22.424+0000] {dag.py:3096} INFO - Sync 1 DAGs
[2024-05-18T22:48:22.473+0000] {logging_mixin.py:188} INFO - [2024-05-18T22:48:22.472+0000] {dag.py:3954} INFO - Setting next_dagrun for example_sensor_decorator to None, run_after=None
[2024-05-18T22:48:22.547+0000] {processor.py:183} INFO - Processing /home/airflow/.local/lib/python3.12/site-packages/airflow/example_dags/example_sensor_decorator.py took 0.237 seconds
[2024-05-18T22:48:53.824+0000] {processor.py:161} INFO - Started process (PID=749) to work on /home/airflow/.local/lib/python3.12/site-packages/airflow/example_dags/example_sensor_decorator.py
[2024-05-18T22:48:53.826+0000] {processor.py:830} INFO - Processing file /home/airflow/.local/lib/python3.12/site-packages/airflow/example_dags/example_sensor_decorator.py for tasks to queue
[2024-05-18T22:48:53.830+0000] {logging_mixin.py:188} INFO - [2024-05-18T22:48:53.829+0000] {dagbag.py:545} INFO - Filling up the DagBag from /home/airflow/.local/lib/python3.12/site-packages/airflow/example_dags/example_sensor_decorator.py
[2024-05-18T22:48:53.843+0000] {processor.py:840} INFO - DAG(s) 'example_sensor_decorator' retrieved from /home/airflow/.local/lib/python3.12/site-packages/airflow/example_dags/example_sensor_decorator.py
[2024-05-18T22:48:53.896+0000] {logging_mixin.py:188} INFO - [2024-05-18T22:48:53.895+0000] {dag.py:3096} INFO - Sync 1 DAGs
[2024-05-18T22:48:53.943+0000] {logging_mixin.py:188} INFO - [2024-05-18T22:48:53.942+0000] {dag.py:3954} INFO - Setting next_dagrun for example_sensor_decorator to None, run_after=None
[2024-05-18T22:48:54.007+0000] {processor.py:183} INFO - Processing /home/airflow/.local/lib/python3.12/site-packages/airflow/example_dags/example_sensor_decorator.py took 0.196 seconds
[2024-05-18T22:49:24.221+0000] {processor.py:161} INFO - Started process (PID=809) to work on /home/airflow/.local/lib/python3.12/site-packages/airflow/example_dags/example_sensor_decorator.py
[2024-05-18T22:49:24.223+0000] {processor.py:830} INFO - Processing file /home/airflow/.local/lib/python3.12/site-packages/airflow/example_dags/example_sensor_decorator.py for tasks to queue
[2024-05-18T22:49:24.228+0000] {logging_mixin.py:188} INFO - [2024-05-18T22:49:24.227+0000] {dagbag.py:545} INFO - Filling up the DagBag from /home/airflow/.local/lib/python3.12/site-packages/airflow/example_dags/example_sensor_decorator.py
[2024-05-18T22:49:24.240+0000] {processor.py:840} INFO - DAG(s) 'example_sensor_decorator' retrieved from /home/airflow/.local/lib/python3.12/site-packages/airflow/example_dags/example_sensor_decorator.py
[2024-05-18T22:49:24.286+0000] {logging_mixin.py:188} INFO - [2024-05-18T22:49:24.286+0000] {dag.py:3096} INFO - Sync 1 DAGs
[2024-05-18T22:49:24.326+0000] {logging_mixin.py:188} INFO - [2024-05-18T22:49:24.326+0000] {dag.py:3954} INFO - Setting next_dagrun for example_sensor_decorator to None, run_after=None
[2024-05-18T22:49:24.385+0000] {processor.py:183} INFO - Processing /home/airflow/.local/lib/python3.12/site-packages/airflow/example_dags/example_sensor_decorator.py took 0.180 seconds
[2024-05-18T22:49:55.337+0000] {processor.py:161} INFO - Started process (PID=869) to work on /home/airflow/.local/lib/python3.12/site-packages/airflow/example_dags/example_sensor_decorator.py
[2024-05-18T22:49:55.340+0000] {processor.py:830} INFO - Processing file /home/airflow/.local/lib/python3.12/site-packages/airflow/example_dags/example_sensor_decorator.py for tasks to queue
[2024-05-18T22:49:55.346+0000] {logging_mixin.py:188} INFO - [2024-05-18T22:49:55.345+0000] {dagbag.py:545} INFO - Filling up the DagBag from /home/airflow/.local/lib/python3.12/site-packages/airflow/example_dags/example_sensor_decorator.py
[2024-05-18T22:49:55.365+0000] {processor.py:840} INFO - DAG(s) 'example_sensor_decorator' retrieved from /home/airflow/.local/lib/python3.12/site-packages/airflow/example_dags/example_sensor_decorator.py
[2024-05-18T22:49:55.426+0000] {logging_mixin.py:188} INFO - [2024-05-18T22:49:55.425+0000] {dag.py:3096} INFO - Sync 1 DAGs
[2024-05-18T22:49:55.495+0000] {logging_mixin.py:188} INFO - [2024-05-18T22:49:55.494+0000] {dag.py:3954} INFO - Setting next_dagrun for example_sensor_decorator to None, run_after=None
[2024-05-18T22:49:55.555+0000] {processor.py:183} INFO - Processing /home/airflow/.local/lib/python3.12/site-packages/airflow/example_dags/example_sensor_decorator.py took 0.233 seconds
[2024-05-18T22:50:26.086+0000] {processor.py:161} INFO - Started process (PID=929) to work on /home/airflow/.local/lib/python3.12/site-packages/airflow/example_dags/example_sensor_decorator.py
[2024-05-18T22:50:26.088+0000] {processor.py:830} INFO - Processing file /home/airflow/.local/lib/python3.12/site-packages/airflow/example_dags/example_sensor_decorator.py for tasks to queue
[2024-05-18T22:50:26.096+0000] {logging_mixin.py:188} INFO - [2024-05-18T22:50:26.095+0000] {dagbag.py:545} INFO - Filling up the DagBag from /home/airflow/.local/lib/python3.12/site-packages/airflow/example_dags/example_sensor_decorator.py
[2024-05-18T22:50:26.122+0000] {processor.py:840} INFO - DAG(s) 'example_sensor_decorator' retrieved from /home/airflow/.local/lib/python3.12/site-packages/airflow/example_dags/example_sensor_decorator.py
[2024-05-18T22:50:26.206+0000] {logging_mixin.py:188} INFO - [2024-05-18T22:50:26.205+0000] {dag.py:3096} INFO - Sync 1 DAGs
[2024-05-18T22:50:26.284+0000] {logging_mixin.py:188} INFO - [2024-05-18T22:50:26.283+0000] {dag.py:3954} INFO - Setting next_dagrun for example_sensor_decorator to None, run_after=None
[2024-05-18T22:50:26.355+0000] {processor.py:183} INFO - Processing /home/airflow/.local/lib/python3.12/site-packages/airflow/example_dags/example_sensor_decorator.py took 0.301 seconds
[2024-05-18T22:51:00.762+0000] {processor.py:161} INFO - Started process (PID=990) to work on /home/airflow/.local/lib/python3.12/site-packages/airflow/example_dags/example_sensor_decorator.py
[2024-05-18T22:51:00.765+0000] {processor.py:830} INFO - Processing file /home/airflow/.local/lib/python3.12/site-packages/airflow/example_dags/example_sensor_decorator.py for tasks to queue
[2024-05-18T22:51:00.771+0000] {logging_mixin.py:188} INFO - [2024-05-18T22:51:00.770+0000] {dagbag.py:545} INFO - Filling up the DagBag from /home/airflow/.local/lib/python3.12/site-packages/airflow/example_dags/example_sensor_decorator.py
[2024-05-18T22:51:00.789+0000] {processor.py:840} INFO - DAG(s) 'example_sensor_decorator' retrieved from /home/airflow/.local/lib/python3.12/site-packages/airflow/example_dags/example_sensor_decorator.py
[2024-05-18T22:51:00.856+0000] {logging_mixin.py:188} INFO - [2024-05-18T22:51:00.855+0000] {dag.py:3096} INFO - Sync 1 DAGs
[2024-05-18T22:51:00.897+0000] {logging_mixin.py:188} INFO - [2024-05-18T22:51:00.896+0000] {dag.py:3954} INFO - Setting next_dagrun for example_sensor_decorator to None, run_after=None
[2024-05-18T22:51:00.970+0000] {processor.py:183} INFO - Processing /home/airflow/.local/lib/python3.12/site-packages/airflow/example_dags/example_sensor_decorator.py took 0.224 seconds
[2024-05-18T22:51:31.476+0000] {processor.py:161} INFO - Started process (PID=1050) to work on /home/airflow/.local/lib/python3.12/site-packages/airflow/example_dags/example_sensor_decorator.py
[2024-05-18T22:51:31.480+0000] {processor.py:830} INFO - Processing file /home/airflow/.local/lib/python3.12/site-packages/airflow/example_dags/example_sensor_decorator.py for tasks to queue
[2024-05-18T22:51:31.488+0000] {logging_mixin.py:188} INFO - [2024-05-18T22:51:31.487+0000] {dagbag.py:545} INFO - Filling up the DagBag from /home/airflow/.local/lib/python3.12/site-packages/airflow/example_dags/example_sensor_decorator.py
[2024-05-18T22:51:31.506+0000] {processor.py:840} INFO - DAG(s) 'example_sensor_decorator' retrieved from /home/airflow/.local/lib/python3.12/site-packages/airflow/example_dags/example_sensor_decorator.py
[2024-05-18T22:51:31.564+0000] {logging_mixin.py:188} INFO - [2024-05-18T22:51:31.563+0000] {dag.py:3096} INFO - Sync 1 DAGs
[2024-05-18T22:51:31.605+0000] {logging_mixin.py:188} INFO - [2024-05-18T22:51:31.604+0000] {dag.py:3954} INFO - Setting next_dagrun for example_sensor_decorator to None, run_after=None
[2024-05-18T22:51:31.676+0000] {processor.py:183} INFO - Processing /home/airflow/.local/lib/python3.12/site-packages/airflow/example_dags/example_sensor_decorator.py took 0.230 seconds
[2024-05-18T22:52:02.646+0000] {processor.py:161} INFO - Started process (PID=1110) to work on /home/airflow/.local/lib/python3.12/site-packages/airflow/example_dags/example_sensor_decorator.py
[2024-05-18T22:52:02.648+0000] {processor.py:830} INFO - Processing file /home/airflow/.local/lib/python3.12/site-packages/airflow/example_dags/example_sensor_decorator.py for tasks to queue
[2024-05-18T22:52:02.652+0000] {logging_mixin.py:188} INFO - [2024-05-18T22:52:02.651+0000] {dagbag.py:545} INFO - Filling up the DagBag from /home/airflow/.local/lib/python3.12/site-packages/airflow/example_dags/example_sensor_decorator.py
[2024-05-18T22:52:02.668+0000] {processor.py:840} INFO - DAG(s) 'example_sensor_decorator' retrieved from /home/airflow/.local/lib/python3.12/site-packages/airflow/example_dags/example_sensor_decorator.py
[2024-05-18T22:52:02.745+0000] {logging_mixin.py:188} INFO - [2024-05-18T22:52:02.745+0000] {dag.py:3096} INFO - Sync 1 DAGs
[2024-05-18T22:52:02.808+0000] {logging_mixin.py:188} INFO - [2024-05-18T22:52:02.808+0000] {dag.py:3954} INFO - Setting next_dagrun for example_sensor_decorator to None, run_after=None
[2024-05-18T22:52:02.901+0000] {processor.py:183} INFO - Processing /home/airflow/.local/lib/python3.12/site-packages/airflow/example_dags/example_sensor_decorator.py took 0.273 seconds
[2024-05-18T22:52:33.060+0000] {processor.py:161} INFO - Started process (PID=1170) to work on /home/airflow/.local/lib/python3.12/site-packages/airflow/example_dags/example_sensor_decorator.py
[2024-05-18T22:52:33.062+0000] {processor.py:830} INFO - Processing file /home/airflow/.local/lib/python3.12/site-packages/airflow/example_dags/example_sensor_decorator.py for tasks to queue
[2024-05-18T22:52:33.064+0000] {logging_mixin.py:188} INFO - [2024-05-18T22:52:33.063+0000] {dagbag.py:545} INFO - Filling up the DagBag from /home/airflow/.local/lib/python3.12/site-packages/airflow/example_dags/example_sensor_decorator.py
[2024-05-18T22:52:33.070+0000] {processor.py:840} INFO - DAG(s) 'example_sensor_decorator' retrieved from /home/airflow/.local/lib/python3.12/site-packages/airflow/example_dags/example_sensor_decorator.py
[2024-05-18T22:52:33.097+0000] {logging_mixin.py:188} INFO - [2024-05-18T22:52:33.097+0000] {dag.py:3096} INFO - Sync 1 DAGs
[2024-05-18T22:52:33.114+0000] {logging_mixin.py:188} INFO - [2024-05-18T22:52:33.114+0000] {dag.py:3954} INFO - Setting next_dagrun for example_sensor_decorator to None, run_after=None
[2024-05-18T22:52:33.143+0000] {processor.py:183} INFO - Processing /home/airflow/.local/lib/python3.12/site-packages/airflow/example_dags/example_sensor_decorator.py took 0.091 seconds
