[2024-05-18 22:35:46,618] {processor.py:153} INFO - Started process (PID=109) to work on /home/airflow/.local/lib/python3.7/site-packages/airflow/example_dags/example_sla_dag.py
[2024-05-18 22:35:46,667] {processor.py:641} INFO - Processing file /home/airflow/.local/lib/python3.7/site-packages/airflow/example_dags/example_sla_dag.py for tasks to queue
[2024-05-18 22:35:46,748] {logging_mixin.py:115} INFO - [2024-05-18 22:35:46,746] {dagbag.py:507} INFO - Filling up the DagBag from /home/airflow/.local/lib/python3.7/site-packages/airflow/example_dags/example_sla_dag.py
[2024-05-18 22:35:48,552] {processor.py:651} INFO - DAG(s) dict_keys(['example_sla_dag']) retrieved from /home/airflow/.local/lib/python3.7/site-packages/airflow/example_dags/example_sla_dag.py
[2024-05-18 22:35:55,142] {logging_mixin.py:115} INFO - [2024-05-18 22:35:55,142] {manager.py:508} INFO - Created Permission View: can delete on DAG:example_sla_dag
[2024-05-18 22:35:55,481] {logging_mixin.py:115} INFO - [2024-05-18 22:35:55,480] {manager.py:508} INFO - Created Permission View: can read on DAG:example_sla_dag
[2024-05-18 22:35:55,568] {logging_mixin.py:115} INFO - [2024-05-18 22:35:55,568] {manager.py:508} INFO - Created Permission View: can edit on DAG:example_sla_dag
[2024-05-18 22:35:55,572] {logging_mixin.py:115} INFO - [2024-05-18 22:35:55,572] {dag.py:2371} INFO - Sync 1 DAGs
[2024-05-18 22:35:55,727] {logging_mixin.py:115} INFO - [2024-05-18 22:35:55,727] {dag.py:2390} INFO - Creating ORM DAG for example_sla_dag
[2024-05-18 22:35:56,046] {logging_mixin.py:115} INFO - [2024-05-18 22:35:56,046] {dag.py:2919} INFO - Setting next_dagrun for example_sla_dag to 2024-05-18T22:32:00+00:00, run_after=2024-05-18T22:34:00+00:00
[2024-05-18 22:35:56,261] {processor.py:161} INFO - Processing /home/airflow/.local/lib/python3.7/site-packages/airflow/example_dags/example_sla_dag.py took 9.778 seconds
[2024-05-18T22:42:46.704+0000] {processor.py:161} INFO - Started process (PID=57) to work on /home/airflow/.local/lib/python3.12/site-packages/airflow/example_dags/example_sla_dag.py
[2024-05-18T22:42:46.708+0000] {processor.py:830} INFO - Processing file /home/airflow/.local/lib/python3.12/site-packages/airflow/example_dags/example_sla_dag.py for tasks to queue
[2024-05-18T22:42:46.731+0000] {logging_mixin.py:188} INFO - [2024-05-18T22:42:46.730+0000] {dagbag.py:545} INFO - Filling up the DagBag from /home/airflow/.local/lib/python3.12/site-packages/airflow/example_dags/example_sla_dag.py
[2024-05-18T22:42:46.882+0000] {processor.py:840} INFO - DAG(s) 'example_sla_dag' retrieved from /home/airflow/.local/lib/python3.12/site-packages/airflow/example_dags/example_sla_dag.py
[2024-05-18T22:42:47.824+0000] {logging_mixin.py:188} INFO - [2024-05-18T22:42:47.817+0000] {override.py:1829} INFO - Created Permission View: can read on DAG:example_sla_dag
[2024-05-18T22:42:47.905+0000] {logging_mixin.py:188} INFO - [2024-05-18T22:42:47.904+0000] {override.py:1829} INFO - Created Permission View: can edit on DAG:example_sla_dag
[2024-05-18T22:42:47.976+0000] {logging_mixin.py:188} INFO - [2024-05-18T22:42:47.976+0000] {override.py:1829} INFO - Created Permission View: can delete on DAG:example_sla_dag
[2024-05-18T22:42:47.980+0000] {logging_mixin.py:188} INFO - [2024-05-18T22:42:47.979+0000] {dag.py:3096} INFO - Sync 1 DAGs
[2024-05-18T22:42:48.088+0000] {logging_mixin.py:188} INFO - [2024-05-18T22:42:48.087+0000] {dag.py:3118} INFO - Creating ORM DAG for example_sla_dag
[2024-05-18T22:42:48.163+0000] {logging_mixin.py:188} INFO - [2024-05-18T22:42:48.163+0000] {dag.py:3954} INFO - Setting next_dagrun for example_sla_dag to 2024-05-18 22:40:00+00:00, run_after=2024-05-18 22:42:00+00:00
[2024-05-18T22:42:48.243+0000] {processor.py:183} INFO - Processing /home/airflow/.local/lib/python3.12/site-packages/airflow/example_dags/example_sla_dag.py took 1.584 seconds
[2024-05-18T22:43:31.139+0000] {processor.py:161} INFO - Started process (PID=117) to work on /home/airflow/.local/lib/python3.12/site-packages/airflow/example_dags/example_sla_dag.py
[2024-05-18T22:43:31.141+0000] {processor.py:830} INFO - Processing file /home/airflow/.local/lib/python3.12/site-packages/airflow/example_dags/example_sla_dag.py for tasks to queue
[2024-05-18T22:43:31.146+0000] {logging_mixin.py:188} INFO - [2024-05-18T22:43:31.145+0000] {dagbag.py:545} INFO - Filling up the DagBag from /home/airflow/.local/lib/python3.12/site-packages/airflow/example_dags/example_sla_dag.py
[2024-05-18T22:43:31.171+0000] {processor.py:840} INFO - DAG(s) 'example_sla_dag' retrieved from /home/airflow/.local/lib/python3.12/site-packages/airflow/example_dags/example_sla_dag.py
[2024-05-18T22:43:31.230+0000] {logging_mixin.py:188} INFO - [2024-05-18T22:43:31.229+0000] {dag.py:3096} INFO - Sync 1 DAGs
[2024-05-18T22:43:31.319+0000] {logging_mixin.py:188} INFO - [2024-05-18T22:43:31.319+0000] {dag.py:3954} INFO - Setting next_dagrun for example_sla_dag to 2024-05-18 22:40:00+00:00, run_after=2024-05-18 22:42:00+00:00
[2024-05-18T22:43:31.381+0000] {processor.py:183} INFO - Processing /home/airflow/.local/lib/python3.12/site-packages/airflow/example_dags/example_sla_dag.py took 0.258 seconds
[2024-05-18T22:44:01.639+0000] {processor.py:161} INFO - Started process (PID=176) to work on /home/airflow/.local/lib/python3.12/site-packages/airflow/example_dags/example_sla_dag.py
[2024-05-18T22:44:01.641+0000] {processor.py:830} INFO - Processing file /home/airflow/.local/lib/python3.12/site-packages/airflow/example_dags/example_sla_dag.py for tasks to queue
[2024-05-18T22:44:01.647+0000] {logging_mixin.py:188} INFO - [2024-05-18T22:44:01.646+0000] {dagbag.py:545} INFO - Filling up the DagBag from /home/airflow/.local/lib/python3.12/site-packages/airflow/example_dags/example_sla_dag.py
[2024-05-18T22:44:01.678+0000] {processor.py:840} INFO - DAG(s) 'example_sla_dag' retrieved from /home/airflow/.local/lib/python3.12/site-packages/airflow/example_dags/example_sla_dag.py
[2024-05-18T22:44:01.762+0000] {logging_mixin.py:188} INFO - [2024-05-18T22:44:01.761+0000] {dag.py:3096} INFO - Sync 1 DAGs
[2024-05-18T22:44:01.904+0000] {logging_mixin.py:188} INFO - [2024-05-18T22:44:01.903+0000] {dag.py:3954} INFO - Setting next_dagrun for example_sla_dag to 2024-05-18 22:42:00+00:00, run_after=2024-05-18 22:44:00+00:00
[2024-05-18T22:44:01.990+0000] {processor.py:183} INFO - Processing /home/airflow/.local/lib/python3.12/site-packages/airflow/example_dags/example_sla_dag.py took 0.372 seconds
[2024-05-18T22:44:32.488+0000] {processor.py:161} INFO - Started process (PID=236) to work on /home/airflow/.local/lib/python3.12/site-packages/airflow/example_dags/example_sla_dag.py
[2024-05-18T22:44:32.491+0000] {processor.py:830} INFO - Processing file /home/airflow/.local/lib/python3.12/site-packages/airflow/example_dags/example_sla_dag.py for tasks to queue
[2024-05-18T22:44:32.495+0000] {logging_mixin.py:188} INFO - [2024-05-18T22:44:32.495+0000] {dagbag.py:545} INFO - Filling up the DagBag from /home/airflow/.local/lib/python3.12/site-packages/airflow/example_dags/example_sla_dag.py
[2024-05-18T22:44:32.512+0000] {processor.py:840} INFO - DAG(s) 'example_sla_dag' retrieved from /home/airflow/.local/lib/python3.12/site-packages/airflow/example_dags/example_sla_dag.py
[2024-05-18T22:44:32.558+0000] {logging_mixin.py:188} INFO - [2024-05-18T22:44:32.557+0000] {dag.py:3096} INFO - Sync 1 DAGs
[2024-05-18T22:44:32.644+0000] {logging_mixin.py:188} INFO - [2024-05-18T22:44:32.643+0000] {dag.py:3954} INFO - Setting next_dagrun for example_sla_dag to 2024-05-18 22:42:00+00:00, run_after=2024-05-18 22:44:00+00:00
[2024-05-18T22:44:32.718+0000] {processor.py:183} INFO - Processing /home/airflow/.local/lib/python3.12/site-packages/airflow/example_dags/example_sla_dag.py took 0.244 seconds
[2024-05-18T22:45:03.145+0000] {processor.py:161} INFO - Started process (PID=296) to work on /home/airflow/.local/lib/python3.12/site-packages/airflow/example_dags/example_sla_dag.py
[2024-05-18T22:45:03.147+0000] {processor.py:830} INFO - Processing file /home/airflow/.local/lib/python3.12/site-packages/airflow/example_dags/example_sla_dag.py for tasks to queue
[2024-05-18T22:45:03.150+0000] {logging_mixin.py:188} INFO - [2024-05-18T22:45:03.149+0000] {dagbag.py:545} INFO - Filling up the DagBag from /home/airflow/.local/lib/python3.12/site-packages/airflow/example_dags/example_sla_dag.py
[2024-05-18T22:45:03.168+0000] {processor.py:840} INFO - DAG(s) 'example_sla_dag' retrieved from /home/airflow/.local/lib/python3.12/site-packages/airflow/example_dags/example_sla_dag.py
[2024-05-18T22:45:03.202+0000] {logging_mixin.py:188} INFO - [2024-05-18T22:45:03.202+0000] {dag.py:3096} INFO - Sync 1 DAGs
[2024-05-18T22:45:03.249+0000] {logging_mixin.py:188} INFO - [2024-05-18T22:45:03.249+0000] {dag.py:3954} INFO - Setting next_dagrun for example_sla_dag to 2024-05-18 22:42:00+00:00, run_after=2024-05-18 22:44:00+00:00
[2024-05-18T22:45:03.286+0000] {processor.py:183} INFO - Processing /home/airflow/.local/lib/python3.12/site-packages/airflow/example_dags/example_sla_dag.py took 0.149 seconds
[2024-05-18T22:45:33.900+0000] {processor.py:161} INFO - Started process (PID=356) to work on /home/airflow/.local/lib/python3.12/site-packages/airflow/example_dags/example_sla_dag.py
[2024-05-18T22:45:33.902+0000] {processor.py:830} INFO - Processing file /home/airflow/.local/lib/python3.12/site-packages/airflow/example_dags/example_sla_dag.py for tasks to queue
[2024-05-18T22:45:33.906+0000] {logging_mixin.py:188} INFO - [2024-05-18T22:45:33.905+0000] {dagbag.py:545} INFO - Filling up the DagBag from /home/airflow/.local/lib/python3.12/site-packages/airflow/example_dags/example_sla_dag.py
[2024-05-18T22:45:33.922+0000] {processor.py:840} INFO - DAG(s) 'example_sla_dag' retrieved from /home/airflow/.local/lib/python3.12/site-packages/airflow/example_dags/example_sla_dag.py
[2024-05-18T22:45:33.963+0000] {logging_mixin.py:188} INFO - [2024-05-18T22:45:33.963+0000] {dag.py:3096} INFO - Sync 1 DAGs
[2024-05-18T22:45:34.029+0000] {logging_mixin.py:188} INFO - [2024-05-18T22:45:34.028+0000] {dag.py:3954} INFO - Setting next_dagrun for example_sla_dag to 2024-05-18 22:42:00+00:00, run_after=2024-05-18 22:44:00+00:00
[2024-05-18T22:45:34.074+0000] {processor.py:183} INFO - Processing /home/airflow/.local/lib/python3.12/site-packages/airflow/example_dags/example_sla_dag.py took 0.182 seconds
[2024-05-18T22:46:04.278+0000] {processor.py:161} INFO - Started process (PID=416) to work on /home/airflow/.local/lib/python3.12/site-packages/airflow/example_dags/example_sla_dag.py
[2024-05-18T22:46:04.280+0000] {processor.py:830} INFO - Processing file /home/airflow/.local/lib/python3.12/site-packages/airflow/example_dags/example_sla_dag.py for tasks to queue
[2024-05-18T22:46:04.284+0000] {logging_mixin.py:188} INFO - [2024-05-18T22:46:04.283+0000] {dagbag.py:545} INFO - Filling up the DagBag from /home/airflow/.local/lib/python3.12/site-packages/airflow/example_dags/example_sla_dag.py
[2024-05-18T22:46:04.296+0000] {processor.py:840} INFO - DAG(s) 'example_sla_dag' retrieved from /home/airflow/.local/lib/python3.12/site-packages/airflow/example_dags/example_sla_dag.py
[2024-05-18T22:46:04.330+0000] {logging_mixin.py:188} INFO - [2024-05-18T22:46:04.330+0000] {dag.py:3096} INFO - Sync 1 DAGs
[2024-05-18T22:46:04.370+0000] {logging_mixin.py:188} INFO - [2024-05-18T22:46:04.370+0000] {dag.py:3954} INFO - Setting next_dagrun for example_sla_dag to 2024-05-18 22:44:00+00:00, run_after=2024-05-18 22:46:00+00:00
[2024-05-18T22:46:04.409+0000] {processor.py:183} INFO - Processing /home/airflow/.local/lib/python3.12/site-packages/airflow/example_dags/example_sla_dag.py took 0.141 seconds
[2024-05-18T22:46:37.631+0000] {processor.py:161} INFO - Started process (PID=476) to work on /home/airflow/.local/lib/python3.12/site-packages/airflow/example_dags/example_sla_dag.py
[2024-05-18T22:46:37.643+0000] {processor.py:830} INFO - Processing file /home/airflow/.local/lib/python3.12/site-packages/airflow/example_dags/example_sla_dag.py for tasks to queue
[2024-05-18T22:46:37.674+0000] {logging_mixin.py:188} INFO - [2024-05-18T22:46:37.668+0000] {dagbag.py:545} INFO - Filling up the DagBag from /home/airflow/.local/lib/python3.12/site-packages/airflow/example_dags/example_sla_dag.py
[2024-05-18T22:46:37.801+0000] {processor.py:840} INFO - DAG(s) 'example_sla_dag' retrieved from /home/airflow/.local/lib/python3.12/site-packages/airflow/example_dags/example_sla_dag.py
[2024-05-18T22:46:38.078+0000] {logging_mixin.py:188} INFO - [2024-05-18T22:46:38.074+0000] {dag.py:3096} INFO - Sync 1 DAGs
[2024-05-18T22:46:38.472+0000] {logging_mixin.py:188} INFO - [2024-05-18T22:46:38.471+0000] {dag.py:3954} INFO - Setting next_dagrun for example_sla_dag to 2024-05-18 22:44:00+00:00, run_after=2024-05-18 22:46:00+00:00
[2024-05-18T22:46:38.519+0000] {processor.py:183} INFO - Processing /home/airflow/.local/lib/python3.12/site-packages/airflow/example_dags/example_sla_dag.py took 1.010 seconds
[2024-05-18T22:47:08.881+0000] {processor.py:161} INFO - Started process (PID=536) to work on /home/airflow/.local/lib/python3.12/site-packages/airflow/example_dags/example_sla_dag.py
[2024-05-18T22:47:08.886+0000] {processor.py:830} INFO - Processing file /home/airflow/.local/lib/python3.12/site-packages/airflow/example_dags/example_sla_dag.py for tasks to queue
[2024-05-18T22:47:08.892+0000] {logging_mixin.py:188} INFO - [2024-05-18T22:47:08.891+0000] {dagbag.py:545} INFO - Filling up the DagBag from /home/airflow/.local/lib/python3.12/site-packages/airflow/example_dags/example_sla_dag.py
[2024-05-18T22:47:08.917+0000] {processor.py:840} INFO - DAG(s) 'example_sla_dag' retrieved from /home/airflow/.local/lib/python3.12/site-packages/airflow/example_dags/example_sla_dag.py
[2024-05-18T22:47:08.965+0000] {logging_mixin.py:188} INFO - [2024-05-18T22:47:08.965+0000] {dag.py:3096} INFO - Sync 1 DAGs
[2024-05-18T22:47:09.017+0000] {logging_mixin.py:188} INFO - [2024-05-18T22:47:09.017+0000] {dag.py:3954} INFO - Setting next_dagrun for example_sla_dag to 2024-05-18 22:44:00+00:00, run_after=2024-05-18 22:46:00+00:00
[2024-05-18T22:47:09.069+0000] {processor.py:183} INFO - Processing /home/airflow/.local/lib/python3.12/site-packages/airflow/example_dags/example_sla_dag.py took 0.201 seconds
[2024-05-18T22:47:39.384+0000] {processor.py:161} INFO - Started process (PID=595) to work on /home/airflow/.local/lib/python3.12/site-packages/airflow/example_dags/example_sla_dag.py
[2024-05-18T22:47:39.385+0000] {processor.py:830} INFO - Processing file /home/airflow/.local/lib/python3.12/site-packages/airflow/example_dags/example_sla_dag.py for tasks to queue
[2024-05-18T22:47:39.387+0000] {logging_mixin.py:188} INFO - [2024-05-18T22:47:39.387+0000] {dagbag.py:545} INFO - Filling up the DagBag from /home/airflow/.local/lib/python3.12/site-packages/airflow/example_dags/example_sla_dag.py
[2024-05-18T22:47:39.398+0000] {processor.py:840} INFO - DAG(s) 'example_sla_dag' retrieved from /home/airflow/.local/lib/python3.12/site-packages/airflow/example_dags/example_sla_dag.py
[2024-05-18T22:47:39.448+0000] {logging_mixin.py:188} INFO - [2024-05-18T22:47:39.448+0000] {dag.py:3096} INFO - Sync 1 DAGs
[2024-05-18T22:47:39.503+0000] {logging_mixin.py:188} INFO - [2024-05-18T22:47:39.502+0000] {dag.py:3954} INFO - Setting next_dagrun for example_sla_dag to 2024-05-18 22:44:00+00:00, run_after=2024-05-18 22:46:00+00:00
[2024-05-18T22:47:39.540+0000] {processor.py:183} INFO - Processing /home/airflow/.local/lib/python3.12/site-packages/airflow/example_dags/example_sla_dag.py took 0.163 seconds
[2024-05-18T22:48:09.960+0000] {processor.py:161} INFO - Started process (PID=655) to work on /home/airflow/.local/lib/python3.12/site-packages/airflow/example_dags/example_sla_dag.py
[2024-05-18T22:48:09.964+0000] {processor.py:830} INFO - Processing file /home/airflow/.local/lib/python3.12/site-packages/airflow/example_dags/example_sla_dag.py for tasks to queue
[2024-05-18T22:48:09.971+0000] {logging_mixin.py:188} INFO - [2024-05-18T22:48:09.969+0000] {dagbag.py:545} INFO - Filling up the DagBag from /home/airflow/.local/lib/python3.12/site-packages/airflow/example_dags/example_sla_dag.py
[2024-05-18T22:48:10.000+0000] {processor.py:840} INFO - DAG(s) 'example_sla_dag' retrieved from /home/airflow/.local/lib/python3.12/site-packages/airflow/example_dags/example_sla_dag.py
[2024-05-18T22:48:10.075+0000] {logging_mixin.py:188} INFO - [2024-05-18T22:48:10.074+0000] {dag.py:3096} INFO - Sync 1 DAGs
[2024-05-18T22:48:10.185+0000] {logging_mixin.py:188} INFO - [2024-05-18T22:48:10.184+0000] {dag.py:3954} INFO - Setting next_dagrun for example_sla_dag to 2024-05-18 22:46:00+00:00, run_after=2024-05-18 22:48:00+00:00
[2024-05-18T22:48:10.267+0000] {processor.py:183} INFO - Processing /home/airflow/.local/lib/python3.12/site-packages/airflow/example_dags/example_sla_dag.py took 0.328 seconds
[2024-05-18T22:48:40.405+0000] {processor.py:161} INFO - Started process (PID=715) to work on /home/airflow/.local/lib/python3.12/site-packages/airflow/example_dags/example_sla_dag.py
[2024-05-18T22:48:40.407+0000] {processor.py:830} INFO - Processing file /home/airflow/.local/lib/python3.12/site-packages/airflow/example_dags/example_sla_dag.py for tasks to queue
[2024-05-18T22:48:40.412+0000] {logging_mixin.py:188} INFO - [2024-05-18T22:48:40.411+0000] {dagbag.py:545} INFO - Filling up the DagBag from /home/airflow/.local/lib/python3.12/site-packages/airflow/example_dags/example_sla_dag.py
[2024-05-18T22:48:40.429+0000] {processor.py:840} INFO - DAG(s) 'example_sla_dag' retrieved from /home/airflow/.local/lib/python3.12/site-packages/airflow/example_dags/example_sla_dag.py
[2024-05-18T22:48:40.467+0000] {logging_mixin.py:188} INFO - [2024-05-18T22:48:40.466+0000] {dag.py:3096} INFO - Sync 1 DAGs
[2024-05-18T22:48:40.521+0000] {logging_mixin.py:188} INFO - [2024-05-18T22:48:40.520+0000] {dag.py:3954} INFO - Setting next_dagrun for example_sla_dag to 2024-05-18 22:46:00+00:00, run_after=2024-05-18 22:48:00+00:00
[2024-05-18T22:48:40.571+0000] {processor.py:183} INFO - Processing /home/airflow/.local/lib/python3.12/site-packages/airflow/example_dags/example_sla_dag.py took 0.181 seconds
[2024-05-18T22:49:11.008+0000] {processor.py:161} INFO - Started process (PID=775) to work on /home/airflow/.local/lib/python3.12/site-packages/airflow/example_dags/example_sla_dag.py
[2024-05-18T22:49:11.011+0000] {processor.py:830} INFO - Processing file /home/airflow/.local/lib/python3.12/site-packages/airflow/example_dags/example_sla_dag.py for tasks to queue
[2024-05-18T22:49:11.017+0000] {logging_mixin.py:188} INFO - [2024-05-18T22:49:11.016+0000] {dagbag.py:545} INFO - Filling up the DagBag from /home/airflow/.local/lib/python3.12/site-packages/airflow/example_dags/example_sla_dag.py
[2024-05-18T22:49:11.041+0000] {processor.py:840} INFO - DAG(s) 'example_sla_dag' retrieved from /home/airflow/.local/lib/python3.12/site-packages/airflow/example_dags/example_sla_dag.py
[2024-05-18T22:49:11.079+0000] {logging_mixin.py:188} INFO - [2024-05-18T22:49:11.078+0000] {dag.py:3096} INFO - Sync 1 DAGs
[2024-05-18T22:49:11.143+0000] {logging_mixin.py:188} INFO - [2024-05-18T22:49:11.142+0000] {dag.py:3954} INFO - Setting next_dagrun for example_sla_dag to 2024-05-18 22:46:00+00:00, run_after=2024-05-18 22:48:00+00:00
[2024-05-18T22:49:11.191+0000] {processor.py:183} INFO - Processing /home/airflow/.local/lib/python3.12/site-packages/airflow/example_dags/example_sla_dag.py took 0.193 seconds
[2024-05-18T22:49:41.395+0000] {processor.py:161} INFO - Started process (PID=835) to work on /home/airflow/.local/lib/python3.12/site-packages/airflow/example_dags/example_sla_dag.py
[2024-05-18T22:49:41.397+0000] {processor.py:830} INFO - Processing file /home/airflow/.local/lib/python3.12/site-packages/airflow/example_dags/example_sla_dag.py for tasks to queue
[2024-05-18T22:49:41.399+0000] {logging_mixin.py:188} INFO - [2024-05-18T22:49:41.399+0000] {dagbag.py:545} INFO - Filling up the DagBag from /home/airflow/.local/lib/python3.12/site-packages/airflow/example_dags/example_sla_dag.py
[2024-05-18T22:49:41.409+0000] {processor.py:840} INFO - DAG(s) 'example_sla_dag' retrieved from /home/airflow/.local/lib/python3.12/site-packages/airflow/example_dags/example_sla_dag.py
[2024-05-18T22:49:41.440+0000] {logging_mixin.py:188} INFO - [2024-05-18T22:49:41.439+0000] {dag.py:3096} INFO - Sync 1 DAGs
[2024-05-18T22:49:41.521+0000] {logging_mixin.py:188} INFO - [2024-05-18T22:49:41.520+0000] {dag.py:3954} INFO - Setting next_dagrun for example_sla_dag to 2024-05-18 22:46:00+00:00, run_after=2024-05-18 22:48:00+00:00
[2024-05-18T22:49:41.569+0000] {processor.py:183} INFO - Processing /home/airflow/.local/lib/python3.12/site-packages/airflow/example_dags/example_sla_dag.py took 0.183 seconds
[2024-05-18T22:50:12.576+0000] {processor.py:161} INFO - Started process (PID=895) to work on /home/airflow/.local/lib/python3.12/site-packages/airflow/example_dags/example_sla_dag.py
[2024-05-18T22:50:12.581+0000] {processor.py:830} INFO - Processing file /home/airflow/.local/lib/python3.12/site-packages/airflow/example_dags/example_sla_dag.py for tasks to queue
[2024-05-18T22:50:12.590+0000] {logging_mixin.py:188} INFO - [2024-05-18T22:50:12.587+0000] {dagbag.py:545} INFO - Filling up the DagBag from /home/airflow/.local/lib/python3.12/site-packages/airflow/example_dags/example_sla_dag.py
[2024-05-18T22:50:12.630+0000] {processor.py:840} INFO - DAG(s) 'example_sla_dag' retrieved from /home/airflow/.local/lib/python3.12/site-packages/airflow/example_dags/example_sla_dag.py
[2024-05-18T22:50:12.698+0000] {logging_mixin.py:188} INFO - [2024-05-18T22:50:12.697+0000] {dag.py:3096} INFO - Sync 1 DAGs
[2024-05-18T22:50:12.772+0000] {logging_mixin.py:188} INFO - [2024-05-18T22:50:12.772+0000] {dag.py:3954} INFO - Setting next_dagrun for example_sla_dag to 2024-05-18 22:48:00+00:00, run_after=2024-05-18 22:50:00+00:00
[2024-05-18T22:50:12.829+0000] {processor.py:183} INFO - Processing /home/airflow/.local/lib/python3.12/site-packages/airflow/example_dags/example_sla_dag.py took 0.275 seconds
[2024-05-18T22:50:43.033+0000] {processor.py:161} INFO - Started process (PID=955) to work on /home/airflow/.local/lib/python3.12/site-packages/airflow/example_dags/example_sla_dag.py
[2024-05-18T22:50:43.034+0000] {processor.py:830} INFO - Processing file /home/airflow/.local/lib/python3.12/site-packages/airflow/example_dags/example_sla_dag.py for tasks to queue
[2024-05-18T22:50:43.037+0000] {logging_mixin.py:188} INFO - [2024-05-18T22:50:43.036+0000] {dagbag.py:545} INFO - Filling up the DagBag from /home/airflow/.local/lib/python3.12/site-packages/airflow/example_dags/example_sla_dag.py
[2024-05-18T22:50:43.052+0000] {processor.py:840} INFO - DAG(s) 'example_sla_dag' retrieved from /home/airflow/.local/lib/python3.12/site-packages/airflow/example_dags/example_sla_dag.py
[2024-05-18T22:50:43.085+0000] {logging_mixin.py:188} INFO - [2024-05-18T22:50:43.084+0000] {dag.py:3096} INFO - Sync 1 DAGs
[2024-05-18T22:50:43.126+0000] {logging_mixin.py:188} INFO - [2024-05-18T22:50:43.125+0000] {dag.py:3954} INFO - Setting next_dagrun for example_sla_dag to 2024-05-18 22:48:00+00:00, run_after=2024-05-18 22:50:00+00:00
[2024-05-18T22:50:43.161+0000] {processor.py:183} INFO - Processing /home/airflow/.local/lib/python3.12/site-packages/airflow/example_dags/example_sla_dag.py took 0.135 seconds
[2024-05-18T22:51:13.414+0000] {processor.py:161} INFO - Started process (PID=1016) to work on /home/airflow/.local/lib/python3.12/site-packages/airflow/example_dags/example_sla_dag.py
[2024-05-18T22:51:13.415+0000] {processor.py:830} INFO - Processing file /home/airflow/.local/lib/python3.12/site-packages/airflow/example_dags/example_sla_dag.py for tasks to queue
[2024-05-18T22:51:13.419+0000] {logging_mixin.py:188} INFO - [2024-05-18T22:51:13.418+0000] {dagbag.py:545} INFO - Filling up the DagBag from /home/airflow/.local/lib/python3.12/site-packages/airflow/example_dags/example_sla_dag.py
[2024-05-18T22:51:13.433+0000] {processor.py:840} INFO - DAG(s) 'example_sla_dag' retrieved from /home/airflow/.local/lib/python3.12/site-packages/airflow/example_dags/example_sla_dag.py
[2024-05-18T22:51:13.478+0000] {logging_mixin.py:188} INFO - [2024-05-18T22:51:13.477+0000] {dag.py:3096} INFO - Sync 1 DAGs
[2024-05-18T22:51:13.533+0000] {logging_mixin.py:188} INFO - [2024-05-18T22:51:13.533+0000] {dag.py:3954} INFO - Setting next_dagrun for example_sla_dag to 2024-05-18 22:48:00+00:00, run_after=2024-05-18 22:50:00+00:00
[2024-05-18T22:51:13.582+0000] {processor.py:183} INFO - Processing /home/airflow/.local/lib/python3.12/site-packages/airflow/example_dags/example_sla_dag.py took 0.181 seconds
[2024-05-18T22:51:44.538+0000] {processor.py:161} INFO - Started process (PID=1076) to work on /home/airflow/.local/lib/python3.12/site-packages/airflow/example_dags/example_sla_dag.py
[2024-05-18T22:51:44.539+0000] {processor.py:830} INFO - Processing file /home/airflow/.local/lib/python3.12/site-packages/airflow/example_dags/example_sla_dag.py for tasks to queue
[2024-05-18T22:51:44.542+0000] {logging_mixin.py:188} INFO - [2024-05-18T22:51:44.542+0000] {dagbag.py:545} INFO - Filling up the DagBag from /home/airflow/.local/lib/python3.12/site-packages/airflow/example_dags/example_sla_dag.py
[2024-05-18T22:51:44.555+0000] {processor.py:840} INFO - DAG(s) 'example_sla_dag' retrieved from /home/airflow/.local/lib/python3.12/site-packages/airflow/example_dags/example_sla_dag.py
[2024-05-18T22:51:44.588+0000] {logging_mixin.py:188} INFO - [2024-05-18T22:51:44.588+0000] {dag.py:3096} INFO - Sync 1 DAGs
[2024-05-18T22:51:44.633+0000] {logging_mixin.py:188} INFO - [2024-05-18T22:51:44.633+0000] {dag.py:3954} INFO - Setting next_dagrun for example_sla_dag to 2024-05-18 22:48:00+00:00, run_after=2024-05-18 22:50:00+00:00
[2024-05-18T22:51:44.668+0000] {processor.py:183} INFO - Processing /home/airflow/.local/lib/python3.12/site-packages/airflow/example_dags/example_sla_dag.py took 0.138 seconds
[2024-05-18T22:52:15.009+0000] {processor.py:161} INFO - Started process (PID=1136) to work on /home/airflow/.local/lib/python3.12/site-packages/airflow/example_dags/example_sla_dag.py
[2024-05-18T22:52:15.011+0000] {processor.py:830} INFO - Processing file /home/airflow/.local/lib/python3.12/site-packages/airflow/example_dags/example_sla_dag.py for tasks to queue
[2024-05-18T22:52:15.015+0000] {logging_mixin.py:188} INFO - [2024-05-18T22:52:15.014+0000] {dagbag.py:545} INFO - Filling up the DagBag from /home/airflow/.local/lib/python3.12/site-packages/airflow/example_dags/example_sla_dag.py
[2024-05-18T22:52:15.039+0000] {processor.py:840} INFO - DAG(s) 'example_sla_dag' retrieved from /home/airflow/.local/lib/python3.12/site-packages/airflow/example_dags/example_sla_dag.py
[2024-05-18T22:52:15.094+0000] {logging_mixin.py:188} INFO - [2024-05-18T22:52:15.094+0000] {dag.py:3096} INFO - Sync 1 DAGs
[2024-05-18T22:52:15.176+0000] {logging_mixin.py:188} INFO - [2024-05-18T22:52:15.175+0000] {dag.py:3954} INFO - Setting next_dagrun for example_sla_dag to 2024-05-18 22:50:00+00:00, run_after=2024-05-18 22:52:00+00:00
[2024-05-18T22:52:15.224+0000] {processor.py:183} INFO - Processing /home/airflow/.local/lib/python3.12/site-packages/airflow/example_dags/example_sla_dag.py took 0.229 seconds
