[2024-05-18T22:43:11.717+0000] {processor.py:161} INFO - Started process (PID=87) to work on /home/airflow/.local/lib/python3.12/site-packages/airflow/example_dags/example_branch_python_dop_operator_3.py
[2024-05-18T22:43:11.729+0000] {processor.py:830} INFO - Processing file /home/airflow/.local/lib/python3.12/site-packages/airflow/example_dags/example_branch_python_dop_operator_3.py for tasks to queue
[2024-05-18T22:43:11.810+0000] {logging_mixin.py:188} INFO - [2024-05-18T22:43:11.793+0000] {dagbag.py:545} INFO - Filling up the DagBag from /home/airflow/.local/lib/python3.12/site-packages/airflow/example_dags/example_branch_python_dop_operator_3.py
[2024-05-18T22:43:12.188+0000] {processor.py:840} INFO - DAG(s) 'example_branch_dop_operator_v3' retrieved from /home/airflow/.local/lib/python3.12/site-packages/airflow/example_dags/example_branch_python_dop_operator_3.py
[2024-05-18T22:43:13.308+0000] {logging_mixin.py:188} INFO - [2024-05-18T22:43:13.306+0000] {override.py:1829} INFO - Created Permission View: can read on DAG:example_branch_dop_operator_v3
[2024-05-18T22:43:13.407+0000] {logging_mixin.py:188} INFO - [2024-05-18T22:43:13.406+0000] {override.py:1829} INFO - Created Permission View: can edit on DAG:example_branch_dop_operator_v3
[2024-05-18T22:43:13.464+0000] {logging_mixin.py:188} INFO - [2024-05-18T22:43:13.461+0000] {override.py:1829} INFO - Created Permission View: can delete on DAG:example_branch_dop_operator_v3
[2024-05-18T22:43:13.471+0000] {logging_mixin.py:188} INFO - [2024-05-18T22:43:13.470+0000] {dag.py:3096} INFO - Sync 1 DAGs
[2024-05-18T22:43:13.573+0000] {logging_mixin.py:188} INFO - [2024-05-18T22:43:13.572+0000] {dag.py:3118} INFO - Creating ORM DAG for example_branch_dop_operator_v3
[2024-05-18T22:43:13.725+0000] {logging_mixin.py:188} INFO - [2024-05-18T22:43:13.724+0000] {dag.py:3954} INFO - Setting next_dagrun for example_branch_dop_operator_v3 to 2024-05-18 22:42:00+00:00, run_after=2024-05-18 22:43:00+00:00
[2024-05-18T22:43:13.932+0000] {processor.py:183} INFO - Processing /home/airflow/.local/lib/python3.12/site-packages/airflow/example_dags/example_branch_python_dop_operator_3.py took 2.349 seconds
[2024-05-18T22:43:45.363+0000] {processor.py:161} INFO - Started process (PID=154) to work on /home/airflow/.local/lib/python3.12/site-packages/airflow/example_dags/example_branch_python_dop_operator_3.py
[2024-05-18T22:43:45.371+0000] {processor.py:830} INFO - Processing file /home/airflow/.local/lib/python3.12/site-packages/airflow/example_dags/example_branch_python_dop_operator_3.py for tasks to queue
[2024-05-18T22:43:45.398+0000] {logging_mixin.py:188} INFO - [2024-05-18T22:43:45.396+0000] {dagbag.py:545} INFO - Filling up the DagBag from /home/airflow/.local/lib/python3.12/site-packages/airflow/example_dags/example_branch_python_dop_operator_3.py
[2024-05-18T22:43:45.476+0000] {processor.py:840} INFO - DAG(s) 'example_branch_dop_operator_v3' retrieved from /home/airflow/.local/lib/python3.12/site-packages/airflow/example_dags/example_branch_python_dop_operator_3.py
[2024-05-18T22:43:45.602+0000] {logging_mixin.py:188} INFO - [2024-05-18T22:43:45.601+0000] {dag.py:3096} INFO - Sync 1 DAGs
[2024-05-18T22:43:45.741+0000] {logging_mixin.py:188} INFO - [2024-05-18T22:43:45.740+0000] {dag.py:3954} INFO - Setting next_dagrun for example_branch_dop_operator_v3 to 2024-05-18 22:42:00+00:00, run_after=2024-05-18 22:43:00+00:00
[2024-05-18T22:43:45.835+0000] {processor.py:183} INFO - Processing /home/airflow/.local/lib/python3.12/site-packages/airflow/example_dags/example_branch_python_dop_operator_3.py took 0.637 seconds
[2024-05-18T22:44:16.126+0000] {processor.py:161} INFO - Started process (PID=214) to work on /home/airflow/.local/lib/python3.12/site-packages/airflow/example_dags/example_branch_python_dop_operator_3.py
[2024-05-18T22:44:16.129+0000] {processor.py:830} INFO - Processing file /home/airflow/.local/lib/python3.12/site-packages/airflow/example_dags/example_branch_python_dop_operator_3.py for tasks to queue
[2024-05-18T22:44:16.140+0000] {logging_mixin.py:188} INFO - [2024-05-18T22:44:16.139+0000] {dagbag.py:545} INFO - Filling up the DagBag from /home/airflow/.local/lib/python3.12/site-packages/airflow/example_dags/example_branch_python_dop_operator_3.py
[2024-05-18T22:44:16.170+0000] {processor.py:840} INFO - DAG(s) 'example_branch_dop_operator_v3' retrieved from /home/airflow/.local/lib/python3.12/site-packages/airflow/example_dags/example_branch_python_dop_operator_3.py
[2024-05-18T22:44:16.213+0000] {logging_mixin.py:188} INFO - [2024-05-18T22:44:16.212+0000] {dag.py:3096} INFO - Sync 1 DAGs
[2024-05-18T22:44:16.263+0000] {logging_mixin.py:188} INFO - [2024-05-18T22:44:16.263+0000] {dag.py:3954} INFO - Setting next_dagrun for example_branch_dop_operator_v3 to 2024-05-18 22:43:00+00:00, run_after=2024-05-18 22:44:00+00:00
[2024-05-18T22:44:16.303+0000] {processor.py:183} INFO - Processing /home/airflow/.local/lib/python3.12/site-packages/airflow/example_dags/example_branch_python_dop_operator_3.py took 0.192 seconds
[2024-05-18T22:44:46.891+0000] {processor.py:161} INFO - Started process (PID=274) to work on /home/airflow/.local/lib/python3.12/site-packages/airflow/example_dags/example_branch_python_dop_operator_3.py
[2024-05-18T22:44:46.899+0000] {processor.py:830} INFO - Processing file /home/airflow/.local/lib/python3.12/site-packages/airflow/example_dags/example_branch_python_dop_operator_3.py for tasks to queue
[2024-05-18T22:44:46.922+0000] {logging_mixin.py:188} INFO - [2024-05-18T22:44:46.918+0000] {dagbag.py:545} INFO - Filling up the DagBag from /home/airflow/.local/lib/python3.12/site-packages/airflow/example_dags/example_branch_python_dop_operator_3.py
[2024-05-18T22:44:47.122+0000] {processor.py:840} INFO - DAG(s) 'example_branch_dop_operator_v3' retrieved from /home/airflow/.local/lib/python3.12/site-packages/airflow/example_dags/example_branch_python_dop_operator_3.py
[2024-05-18T22:44:47.467+0000] {logging_mixin.py:188} INFO - [2024-05-18T22:44:47.464+0000] {dag.py:3096} INFO - Sync 1 DAGs
[2024-05-18T22:44:47.901+0000] {logging_mixin.py:188} INFO - [2024-05-18T22:44:47.897+0000] {dag.py:3954} INFO - Setting next_dagrun for example_branch_dop_operator_v3 to 2024-05-18 22:43:00+00:00, run_after=2024-05-18 22:44:00+00:00
[2024-05-18T22:44:48.200+0000] {processor.py:183} INFO - Processing /home/airflow/.local/lib/python3.12/site-packages/airflow/example_dags/example_branch_python_dop_operator_3.py took 1.371 seconds
[2024-05-18T22:45:18.882+0000] {processor.py:161} INFO - Started process (PID=334) to work on /home/airflow/.local/lib/python3.12/site-packages/airflow/example_dags/example_branch_python_dop_operator_3.py
[2024-05-18T22:45:18.884+0000] {processor.py:830} INFO - Processing file /home/airflow/.local/lib/python3.12/site-packages/airflow/example_dags/example_branch_python_dop_operator_3.py for tasks to queue
[2024-05-18T22:45:18.888+0000] {logging_mixin.py:188} INFO - [2024-05-18T22:45:18.888+0000] {dagbag.py:545} INFO - Filling up the DagBag from /home/airflow/.local/lib/python3.12/site-packages/airflow/example_dags/example_branch_python_dop_operator_3.py
[2024-05-18T22:45:18.901+0000] {processor.py:840} INFO - DAG(s) 'example_branch_dop_operator_v3' retrieved from /home/airflow/.local/lib/python3.12/site-packages/airflow/example_dags/example_branch_python_dop_operator_3.py
[2024-05-18T22:45:18.930+0000] {logging_mixin.py:188} INFO - [2024-05-18T22:45:18.929+0000] {dag.py:3096} INFO - Sync 1 DAGs
[2024-05-18T22:45:18.976+0000] {logging_mixin.py:188} INFO - [2024-05-18T22:45:18.976+0000] {dag.py:3954} INFO - Setting next_dagrun for example_branch_dop_operator_v3 to 2024-05-18 22:44:00+00:00, run_after=2024-05-18 22:45:00+00:00
[2024-05-18T22:45:19.008+0000] {processor.py:183} INFO - Processing /home/airflow/.local/lib/python3.12/site-packages/airflow/example_dags/example_branch_python_dop_operator_3.py took 0.132 seconds
[2024-05-18T22:45:49.325+0000] {processor.py:161} INFO - Started process (PID=394) to work on /home/airflow/.local/lib/python3.12/site-packages/airflow/example_dags/example_branch_python_dop_operator_3.py
[2024-05-18T22:45:49.327+0000] {processor.py:830} INFO - Processing file /home/airflow/.local/lib/python3.12/site-packages/airflow/example_dags/example_branch_python_dop_operator_3.py for tasks to queue
[2024-05-18T22:45:49.330+0000] {logging_mixin.py:188} INFO - [2024-05-18T22:45:49.330+0000] {dagbag.py:545} INFO - Filling up the DagBag from /home/airflow/.local/lib/python3.12/site-packages/airflow/example_dags/example_branch_python_dop_operator_3.py
[2024-05-18T22:45:49.341+0000] {processor.py:840} INFO - DAG(s) 'example_branch_dop_operator_v3' retrieved from /home/airflow/.local/lib/python3.12/site-packages/airflow/example_dags/example_branch_python_dop_operator_3.py
[2024-05-18T22:45:49.374+0000] {logging_mixin.py:188} INFO - [2024-05-18T22:45:49.374+0000] {dag.py:3096} INFO - Sync 1 DAGs
[2024-05-18T22:45:49.419+0000] {logging_mixin.py:188} INFO - [2024-05-18T22:45:49.419+0000] {dag.py:3954} INFO - Setting next_dagrun for example_branch_dop_operator_v3 to 2024-05-18 22:44:00+00:00, run_after=2024-05-18 22:45:00+00:00
[2024-05-18T22:45:49.458+0000] {processor.py:183} INFO - Processing /home/airflow/.local/lib/python3.12/site-packages/airflow/example_dags/example_branch_python_dop_operator_3.py took 0.139 seconds
[2024-05-18T22:46:19.658+0000] {processor.py:161} INFO - Started process (PID=454) to work on /home/airflow/.local/lib/python3.12/site-packages/airflow/example_dags/example_branch_python_dop_operator_3.py
[2024-05-18T22:46:19.660+0000] {processor.py:830} INFO - Processing file /home/airflow/.local/lib/python3.12/site-packages/airflow/example_dags/example_branch_python_dop_operator_3.py for tasks to queue
[2024-05-18T22:46:19.664+0000] {logging_mixin.py:188} INFO - [2024-05-18T22:46:19.664+0000] {dagbag.py:545} INFO - Filling up the DagBag from /home/airflow/.local/lib/python3.12/site-packages/airflow/example_dags/example_branch_python_dop_operator_3.py
[2024-05-18T22:46:19.683+0000] {processor.py:840} INFO - DAG(s) 'example_branch_dop_operator_v3' retrieved from /home/airflow/.local/lib/python3.12/site-packages/airflow/example_dags/example_branch_python_dop_operator_3.py
[2024-05-18T22:46:19.719+0000] {logging_mixin.py:188} INFO - [2024-05-18T22:46:19.719+0000] {dag.py:3096} INFO - Sync 1 DAGs
[2024-05-18T22:46:19.772+0000] {logging_mixin.py:188} INFO - [2024-05-18T22:46:19.772+0000] {dag.py:3954} INFO - Setting next_dagrun for example_branch_dop_operator_v3 to 2024-05-18 22:45:00+00:00, run_after=2024-05-18 22:46:00+00:00
[2024-05-18T22:46:19.822+0000] {processor.py:183} INFO - Processing /home/airflow/.local/lib/python3.12/site-packages/airflow/example_dags/example_branch_python_dop_operator_3.py took 0.174 seconds
[2024-05-18T22:46:49.914+0000] {processor.py:161} INFO - Started process (PID=514) to work on /home/airflow/.local/lib/python3.12/site-packages/airflow/example_dags/example_branch_python_dop_operator_3.py
[2024-05-18T22:46:49.917+0000] {processor.py:830} INFO - Processing file /home/airflow/.local/lib/python3.12/site-packages/airflow/example_dags/example_branch_python_dop_operator_3.py for tasks to queue
[2024-05-18T22:46:49.921+0000] {logging_mixin.py:188} INFO - [2024-05-18T22:46:49.921+0000] {dagbag.py:545} INFO - Filling up the DagBag from /home/airflow/.local/lib/python3.12/site-packages/airflow/example_dags/example_branch_python_dop_operator_3.py
[2024-05-18T22:46:49.937+0000] {processor.py:840} INFO - DAG(s) 'example_branch_dop_operator_v3' retrieved from /home/airflow/.local/lib/python3.12/site-packages/airflow/example_dags/example_branch_python_dop_operator_3.py
[2024-05-18T22:46:49.977+0000] {logging_mixin.py:188} INFO - [2024-05-18T22:46:49.976+0000] {dag.py:3096} INFO - Sync 1 DAGs
[2024-05-18T22:46:50.032+0000] {logging_mixin.py:188} INFO - [2024-05-18T22:46:50.031+0000] {dag.py:3954} INFO - Setting next_dagrun for example_branch_dop_operator_v3 to 2024-05-18 22:45:00+00:00, run_after=2024-05-18 22:46:00+00:00
[2024-05-18T22:46:50.075+0000] {processor.py:183} INFO - Processing /home/airflow/.local/lib/python3.12/site-packages/airflow/example_dags/example_branch_python_dop_operator_3.py took 0.171 seconds
[2024-05-18T22:47:20.243+0000] {processor.py:161} INFO - Started process (PID=574) to work on /home/airflow/.local/lib/python3.12/site-packages/airflow/example_dags/example_branch_python_dop_operator_3.py
[2024-05-18T22:47:20.247+0000] {processor.py:830} INFO - Processing file /home/airflow/.local/lib/python3.12/site-packages/airflow/example_dags/example_branch_python_dop_operator_3.py for tasks to queue
[2024-05-18T22:47:20.262+0000] {logging_mixin.py:188} INFO - [2024-05-18T22:47:20.257+0000] {dagbag.py:545} INFO - Filling up the DagBag from /home/airflow/.local/lib/python3.12/site-packages/airflow/example_dags/example_branch_python_dop_operator_3.py
[2024-05-18T22:47:20.294+0000] {processor.py:840} INFO - DAG(s) 'example_branch_dop_operator_v3' retrieved from /home/airflow/.local/lib/python3.12/site-packages/airflow/example_dags/example_branch_python_dop_operator_3.py
[2024-05-18T22:47:20.353+0000] {logging_mixin.py:188} INFO - [2024-05-18T22:47:20.352+0000] {dag.py:3096} INFO - Sync 1 DAGs
[2024-05-18T22:47:20.428+0000] {logging_mixin.py:188} INFO - [2024-05-18T22:47:20.427+0000] {dag.py:3954} INFO - Setting next_dagrun for example_branch_dop_operator_v3 to 2024-05-18 22:46:00+00:00, run_after=2024-05-18 22:47:00+00:00
[2024-05-18T22:47:20.478+0000] {processor.py:183} INFO - Processing /home/airflow/.local/lib/python3.12/site-packages/airflow/example_dags/example_branch_python_dop_operator_3.py took 0.254 seconds
[2024-05-18T22:47:50.896+0000] {processor.py:161} INFO - Started process (PID=634) to work on /home/airflow/.local/lib/python3.12/site-packages/airflow/example_dags/example_branch_python_dop_operator_3.py
[2024-05-18T22:47:50.898+0000] {processor.py:830} INFO - Processing file /home/airflow/.local/lib/python3.12/site-packages/airflow/example_dags/example_branch_python_dop_operator_3.py for tasks to queue
[2024-05-18T22:47:50.904+0000] {logging_mixin.py:188} INFO - [2024-05-18T22:47:50.903+0000] {dagbag.py:545} INFO - Filling up the DagBag from /home/airflow/.local/lib/python3.12/site-packages/airflow/example_dags/example_branch_python_dop_operator_3.py
[2024-05-18T22:47:50.923+0000] {processor.py:840} INFO - DAG(s) 'example_branch_dop_operator_v3' retrieved from /home/airflow/.local/lib/python3.12/site-packages/airflow/example_dags/example_branch_python_dop_operator_3.py
[2024-05-18T22:47:50.979+0000] {logging_mixin.py:188} INFO - [2024-05-18T22:47:50.979+0000] {dag.py:3096} INFO - Sync 1 DAGs
[2024-05-18T22:47:51.074+0000] {logging_mixin.py:188} INFO - [2024-05-18T22:47:51.074+0000] {dag.py:3954} INFO - Setting next_dagrun for example_branch_dop_operator_v3 to 2024-05-18 22:46:00+00:00, run_after=2024-05-18 22:47:00+00:00
[2024-05-18T22:47:51.131+0000] {processor.py:183} INFO - Processing /home/airflow/.local/lib/python3.12/site-packages/airflow/example_dags/example_branch_python_dop_operator_3.py took 0.246 seconds
[2024-05-18T22:48:24.123+0000] {processor.py:161} INFO - Started process (PID=694) to work on /home/airflow/.local/lib/python3.12/site-packages/airflow/example_dags/example_branch_python_dop_operator_3.py
[2024-05-18T22:48:24.126+0000] {processor.py:830} INFO - Processing file /home/airflow/.local/lib/python3.12/site-packages/airflow/example_dags/example_branch_python_dop_operator_3.py for tasks to queue
[2024-05-18T22:48:24.135+0000] {logging_mixin.py:188} INFO - [2024-05-18T22:48:24.134+0000] {dagbag.py:545} INFO - Filling up the DagBag from /home/airflow/.local/lib/python3.12/site-packages/airflow/example_dags/example_branch_python_dop_operator_3.py
[2024-05-18T22:48:24.186+0000] {processor.py:840} INFO - DAG(s) 'example_branch_dop_operator_v3' retrieved from /home/airflow/.local/lib/python3.12/site-packages/airflow/example_dags/example_branch_python_dop_operator_3.py
[2024-05-18T22:48:24.280+0000] {logging_mixin.py:188} INFO - [2024-05-18T22:48:24.280+0000] {dag.py:3096} INFO - Sync 1 DAGs
[2024-05-18T22:48:24.378+0000] {logging_mixin.py:188} INFO - [2024-05-18T22:48:24.377+0000] {dag.py:3954} INFO - Setting next_dagrun for example_branch_dop_operator_v3 to 2024-05-18 22:47:00+00:00, run_after=2024-05-18 22:48:00+00:00
[2024-05-18T22:48:24.450+0000] {processor.py:183} INFO - Processing /home/airflow/.local/lib/python3.12/site-packages/airflow/example_dags/example_branch_python_dop_operator_3.py took 0.352 seconds
[2024-05-18T22:48:54.743+0000] {processor.py:161} INFO - Started process (PID=752) to work on /home/airflow/.local/lib/python3.12/site-packages/airflow/example_dags/example_branch_python_dop_operator_3.py
[2024-05-18T22:48:54.747+0000] {processor.py:830} INFO - Processing file /home/airflow/.local/lib/python3.12/site-packages/airflow/example_dags/example_branch_python_dop_operator_3.py for tasks to queue
[2024-05-18T22:48:54.755+0000] {logging_mixin.py:188} INFO - [2024-05-18T22:48:54.753+0000] {dagbag.py:545} INFO - Filling up the DagBag from /home/airflow/.local/lib/python3.12/site-packages/airflow/example_dags/example_branch_python_dop_operator_3.py
[2024-05-18T22:48:54.785+0000] {processor.py:840} INFO - DAG(s) 'example_branch_dop_operator_v3' retrieved from /home/airflow/.local/lib/python3.12/site-packages/airflow/example_dags/example_branch_python_dop_operator_3.py
[2024-05-18T22:48:54.841+0000] {logging_mixin.py:188} INFO - [2024-05-18T22:48:54.840+0000] {dag.py:3096} INFO - Sync 1 DAGs
[2024-05-18T22:48:54.925+0000] {logging_mixin.py:188} INFO - [2024-05-18T22:48:54.924+0000] {dag.py:3954} INFO - Setting next_dagrun for example_branch_dop_operator_v3 to 2024-05-18 22:47:00+00:00, run_after=2024-05-18 22:48:00+00:00
[2024-05-18T22:48:55.006+0000] {processor.py:183} INFO - Processing /home/airflow/.local/lib/python3.12/site-packages/airflow/example_dags/example_branch_python_dop_operator_3.py took 0.280 seconds
[2024-05-18T22:49:25.721+0000] {processor.py:161} INFO - Started process (PID=812) to work on /home/airflow/.local/lib/python3.12/site-packages/airflow/example_dags/example_branch_python_dop_operator_3.py
[2024-05-18T22:49:25.723+0000] {processor.py:830} INFO - Processing file /home/airflow/.local/lib/python3.12/site-packages/airflow/example_dags/example_branch_python_dop_operator_3.py for tasks to queue
[2024-05-18T22:49:25.727+0000] {logging_mixin.py:188} INFO - [2024-05-18T22:49:25.726+0000] {dagbag.py:545} INFO - Filling up the DagBag from /home/airflow/.local/lib/python3.12/site-packages/airflow/example_dags/example_branch_python_dop_operator_3.py
[2024-05-18T22:49:25.739+0000] {processor.py:840} INFO - DAG(s) 'example_branch_dop_operator_v3' retrieved from /home/airflow/.local/lib/python3.12/site-packages/airflow/example_dags/example_branch_python_dop_operator_3.py
[2024-05-18T22:49:25.771+0000] {logging_mixin.py:188} INFO - [2024-05-18T22:49:25.771+0000] {dag.py:3096} INFO - Sync 1 DAGs
[2024-05-18T22:49:25.813+0000] {logging_mixin.py:188} INFO - [2024-05-18T22:49:25.813+0000] {dag.py:3954} INFO - Setting next_dagrun for example_branch_dop_operator_v3 to 2024-05-18 22:48:00+00:00, run_after=2024-05-18 22:49:00+00:00
[2024-05-18T22:49:25.850+0000] {processor.py:183} INFO - Processing /home/airflow/.local/lib/python3.12/site-packages/airflow/example_dags/example_branch_python_dop_operator_3.py took 0.138 seconds
[2024-05-18T22:49:56.817+0000] {processor.py:161} INFO - Started process (PID=872) to work on /home/airflow/.local/lib/python3.12/site-packages/airflow/example_dags/example_branch_python_dop_operator_3.py
[2024-05-18T22:49:56.820+0000] {processor.py:830} INFO - Processing file /home/airflow/.local/lib/python3.12/site-packages/airflow/example_dags/example_branch_python_dop_operator_3.py for tasks to queue
[2024-05-18T22:49:56.824+0000] {logging_mixin.py:188} INFO - [2024-05-18T22:49:56.823+0000] {dagbag.py:545} INFO - Filling up the DagBag from /home/airflow/.local/lib/python3.12/site-packages/airflow/example_dags/example_branch_python_dop_operator_3.py
[2024-05-18T22:49:56.846+0000] {processor.py:840} INFO - DAG(s) 'example_branch_dop_operator_v3' retrieved from /home/airflow/.local/lib/python3.12/site-packages/airflow/example_dags/example_branch_python_dop_operator_3.py
[2024-05-18T22:49:56.905+0000] {logging_mixin.py:188} INFO - [2024-05-18T22:49:56.904+0000] {dag.py:3096} INFO - Sync 1 DAGs
[2024-05-18T22:49:56.979+0000] {logging_mixin.py:188} INFO - [2024-05-18T22:49:56.978+0000] {dag.py:3954} INFO - Setting next_dagrun for example_branch_dop_operator_v3 to 2024-05-18 22:48:00+00:00, run_after=2024-05-18 22:49:00+00:00
[2024-05-18T22:49:57.030+0000] {processor.py:183} INFO - Processing /home/airflow/.local/lib/python3.12/site-packages/airflow/example_dags/example_branch_python_dop_operator_3.py took 0.226 seconds
[2024-05-18T22:50:27.805+0000] {processor.py:161} INFO - Started process (PID=932) to work on /home/airflow/.local/lib/python3.12/site-packages/airflow/example_dags/example_branch_python_dop_operator_3.py
[2024-05-18T22:50:27.809+0000] {processor.py:830} INFO - Processing file /home/airflow/.local/lib/python3.12/site-packages/airflow/example_dags/example_branch_python_dop_operator_3.py for tasks to queue
[2024-05-18T22:50:27.817+0000] {logging_mixin.py:188} INFO - [2024-05-18T22:50:27.815+0000] {dagbag.py:545} INFO - Filling up the DagBag from /home/airflow/.local/lib/python3.12/site-packages/airflow/example_dags/example_branch_python_dop_operator_3.py
[2024-05-18T22:50:27.844+0000] {processor.py:840} INFO - DAG(s) 'example_branch_dop_operator_v3' retrieved from /home/airflow/.local/lib/python3.12/site-packages/airflow/example_dags/example_branch_python_dop_operator_3.py
[2024-05-18T22:50:27.894+0000] {logging_mixin.py:188} INFO - [2024-05-18T22:50:27.893+0000] {dag.py:3096} INFO - Sync 1 DAGs
[2024-05-18T22:50:27.968+0000] {logging_mixin.py:188} INFO - [2024-05-18T22:50:27.967+0000] {dag.py:3954} INFO - Setting next_dagrun for example_branch_dop_operator_v3 to 2024-05-18 22:49:00+00:00, run_after=2024-05-18 22:50:00+00:00
[2024-05-18T22:50:28.020+0000] {processor.py:183} INFO - Processing /home/airflow/.local/lib/python3.12/site-packages/airflow/example_dags/example_branch_python_dop_operator_3.py took 0.239 seconds
[2024-05-18T22:51:01.463+0000] {processor.py:161} INFO - Started process (PID=993) to work on /home/airflow/.local/lib/python3.12/site-packages/airflow/example_dags/example_branch_python_dop_operator_3.py
[2024-05-18T22:51:01.466+0000] {processor.py:830} INFO - Processing file /home/airflow/.local/lib/python3.12/site-packages/airflow/example_dags/example_branch_python_dop_operator_3.py for tasks to queue
[2024-05-18T22:51:01.472+0000] {logging_mixin.py:188} INFO - [2024-05-18T22:51:01.471+0000] {dagbag.py:545} INFO - Filling up the DagBag from /home/airflow/.local/lib/python3.12/site-packages/airflow/example_dags/example_branch_python_dop_operator_3.py
[2024-05-18T22:51:01.490+0000] {processor.py:840} INFO - DAG(s) 'example_branch_dop_operator_v3' retrieved from /home/airflow/.local/lib/python3.12/site-packages/airflow/example_dags/example_branch_python_dop_operator_3.py
[2024-05-18T22:51:01.531+0000] {logging_mixin.py:188} INFO - [2024-05-18T22:51:01.530+0000] {dag.py:3096} INFO - Sync 1 DAGs
[2024-05-18T22:51:01.594+0000] {logging_mixin.py:188} INFO - [2024-05-18T22:51:01.594+0000] {dag.py:3954} INFO - Setting next_dagrun for example_branch_dop_operator_v3 to 2024-05-18 22:50:00+00:00, run_after=2024-05-18 22:51:00+00:00
[2024-05-18T22:51:01.656+0000] {processor.py:183} INFO - Processing /home/airflow/.local/lib/python3.12/site-packages/airflow/example_dags/example_branch_python_dop_operator_3.py took 0.203 seconds
[2024-05-18T22:51:32.070+0000] {processor.py:161} INFO - Started process (PID=1053) to work on /home/airflow/.local/lib/python3.12/site-packages/airflow/example_dags/example_branch_python_dop_operator_3.py
[2024-05-18T22:51:32.072+0000] {processor.py:830} INFO - Processing file /home/airflow/.local/lib/python3.12/site-packages/airflow/example_dags/example_branch_python_dop_operator_3.py for tasks to queue
[2024-05-18T22:51:32.076+0000] {logging_mixin.py:188} INFO - [2024-05-18T22:51:32.076+0000] {dagbag.py:545} INFO - Filling up the DagBag from /home/airflow/.local/lib/python3.12/site-packages/airflow/example_dags/example_branch_python_dop_operator_3.py
[2024-05-18T22:51:32.095+0000] {processor.py:840} INFO - DAG(s) 'example_branch_dop_operator_v3' retrieved from /home/airflow/.local/lib/python3.12/site-packages/airflow/example_dags/example_branch_python_dop_operator_3.py
[2024-05-18T22:51:32.150+0000] {logging_mixin.py:188} INFO - [2024-05-18T22:51:32.149+0000] {dag.py:3096} INFO - Sync 1 DAGs
[2024-05-18T22:51:32.238+0000] {logging_mixin.py:188} INFO - [2024-05-18T22:51:32.237+0000] {dag.py:3954} INFO - Setting next_dagrun for example_branch_dop_operator_v3 to 2024-05-18 22:50:00+00:00, run_after=2024-05-18 22:51:00+00:00
[2024-05-18T22:51:32.305+0000] {processor.py:183} INFO - Processing /home/airflow/.local/lib/python3.12/site-packages/airflow/example_dags/example_branch_python_dop_operator_3.py took 0.250 seconds
[2024-05-18T22:52:03.565+0000] {processor.py:161} INFO - Started process (PID=1113) to work on /home/airflow/.local/lib/python3.12/site-packages/airflow/example_dags/example_branch_python_dop_operator_3.py
[2024-05-18T22:52:03.590+0000] {processor.py:830} INFO - Processing file /home/airflow/.local/lib/python3.12/site-packages/airflow/example_dags/example_branch_python_dop_operator_3.py for tasks to queue
[2024-05-18T22:52:03.656+0000] {logging_mixin.py:188} INFO - [2024-05-18T22:52:03.644+0000] {dagbag.py:545} INFO - Filling up the DagBag from /home/airflow/.local/lib/python3.12/site-packages/airflow/example_dags/example_branch_python_dop_operator_3.py
[2024-05-18T22:52:04.137+0000] {processor.py:840} INFO - DAG(s) 'example_branch_dop_operator_v3' retrieved from /home/airflow/.local/lib/python3.12/site-packages/airflow/example_dags/example_branch_python_dop_operator_3.py
[2024-05-18T22:52:04.796+0000] {logging_mixin.py:188} INFO - [2024-05-18T22:52:04.793+0000] {dag.py:3096} INFO - Sync 1 DAGs
[2024-05-18T22:52:05.555+0000] {logging_mixin.py:188} INFO - [2024-05-18T22:52:05.554+0000] {dag.py:3954} INFO - Setting next_dagrun for example_branch_dop_operator_v3 to 2024-05-18 22:51:00+00:00, run_after=2024-05-18 22:52:00+00:00
[2024-05-18T22:52:05.677+0000] {processor.py:183} INFO - Processing /home/airflow/.local/lib/python3.12/site-packages/airflow/example_dags/example_branch_python_dop_operator_3.py took 2.243 seconds
