[2024-05-18T22:42:52.768+0000] {processor.py:161} INFO - Started process (PID=63) to work on /home/airflow/.local/lib/python3.12/site-packages/airflow/example_dags/tutorial.py
[2024-05-18T22:42:52.774+0000] {processor.py:830} INFO - Processing file /home/airflow/.local/lib/python3.12/site-packages/airflow/example_dags/tutorial.py for tasks to queue
[2024-05-18T22:42:52.784+0000] {logging_mixin.py:188} INFO - [2024-05-18T22:42:52.782+0000] {dagbag.py:545} INFO - Filling up the DagBag from /home/airflow/.local/lib/python3.12/site-packages/airflow/example_dags/tutorial.py
[2024-05-18T22:42:52.831+0000] {processor.py:840} INFO - DAG(s) 'tutorial' retrieved from /home/airflow/.local/lib/python3.12/site-packages/airflow/example_dags/tutorial.py
[2024-05-18T22:42:53.591+0000] {logging_mixin.py:188} INFO - [2024-05-18T22:42:53.588+0000] {override.py:1829} INFO - Created Permission View: can read on DAG:tutorial
[2024-05-18T22:42:53.653+0000] {logging_mixin.py:188} INFO - [2024-05-18T22:42:53.651+0000] {override.py:1829} INFO - Created Permission View: can edit on DAG:tutorial
[2024-05-18T22:42:53.698+0000] {logging_mixin.py:188} INFO - [2024-05-18T22:42:53.697+0000] {override.py:1829} INFO - Created Permission View: can delete on DAG:tutorial
[2024-05-18T22:42:53.701+0000] {logging_mixin.py:188} INFO - [2024-05-18T22:42:53.700+0000] {dag.py:3096} INFO - Sync 1 DAGs
[2024-05-18T22:42:53.794+0000] {logging_mixin.py:188} INFO - [2024-05-18T22:42:53.793+0000] {dag.py:3118} INFO - Creating ORM DAG for tutorial
[2024-05-18T22:42:53.948+0000] {logging_mixin.py:188} INFO - [2024-05-18T22:42:53.946+0000] {dag.py:3954} INFO - Setting next_dagrun for tutorial to 2024-05-17 00:00:00+00:00, run_after=2024-05-18 00:00:00+00:00
[2024-05-18T22:42:54.135+0000] {processor.py:183} INFO - Processing /home/airflow/.local/lib/python3.12/site-packages/airflow/example_dags/tutorial.py took 1.395 seconds
[2024-05-18T22:43:32.246+0000] {processor.py:161} INFO - Started process (PID=123) to work on /home/airflow/.local/lib/python3.12/site-packages/airflow/example_dags/tutorial.py
[2024-05-18T22:43:32.248+0000] {processor.py:830} INFO - Processing file /home/airflow/.local/lib/python3.12/site-packages/airflow/example_dags/tutorial.py for tasks to queue
[2024-05-18T22:43:32.252+0000] {logging_mixin.py:188} INFO - [2024-05-18T22:43:32.251+0000] {dagbag.py:545} INFO - Filling up the DagBag from /home/airflow/.local/lib/python3.12/site-packages/airflow/example_dags/tutorial.py
[2024-05-18T22:43:32.266+0000] {processor.py:840} INFO - DAG(s) 'tutorial' retrieved from /home/airflow/.local/lib/python3.12/site-packages/airflow/example_dags/tutorial.py
[2024-05-18T22:43:32.318+0000] {logging_mixin.py:188} INFO - [2024-05-18T22:43:32.317+0000] {dag.py:3096} INFO - Sync 1 DAGs
[2024-05-18T22:43:32.381+0000] {logging_mixin.py:188} INFO - [2024-05-18T22:43:32.381+0000] {dag.py:3954} INFO - Setting next_dagrun for tutorial to 2024-05-17 00:00:00+00:00, run_after=2024-05-18 00:00:00+00:00
[2024-05-18T22:43:32.434+0000] {processor.py:183} INFO - Processing /home/airflow/.local/lib/python3.12/site-packages/airflow/example_dags/tutorial.py took 0.199 seconds
[2024-05-18T22:44:04.686+0000] {processor.py:161} INFO - Started process (PID=184) to work on /home/airflow/.local/lib/python3.12/site-packages/airflow/example_dags/tutorial.py
[2024-05-18T22:44:04.689+0000] {processor.py:830} INFO - Processing file /home/airflow/.local/lib/python3.12/site-packages/airflow/example_dags/tutorial.py for tasks to queue
[2024-05-18T22:44:04.693+0000] {logging_mixin.py:188} INFO - [2024-05-18T22:44:04.693+0000] {dagbag.py:545} INFO - Filling up the DagBag from /home/airflow/.local/lib/python3.12/site-packages/airflow/example_dags/tutorial.py
[2024-05-18T22:44:04.707+0000] {processor.py:840} INFO - DAG(s) 'tutorial' retrieved from /home/airflow/.local/lib/python3.12/site-packages/airflow/example_dags/tutorial.py
[2024-05-18T22:44:04.756+0000] {logging_mixin.py:188} INFO - [2024-05-18T22:44:04.755+0000] {dag.py:3096} INFO - Sync 1 DAGs
[2024-05-18T22:44:04.823+0000] {logging_mixin.py:188} INFO - [2024-05-18T22:44:04.822+0000] {dag.py:3954} INFO - Setting next_dagrun for tutorial to 2024-05-17 00:00:00+00:00, run_after=2024-05-18 00:00:00+00:00
[2024-05-18T22:44:04.880+0000] {processor.py:183} INFO - Processing /home/airflow/.local/lib/python3.12/site-packages/airflow/example_dags/tutorial.py took 0.208 seconds
[2024-05-18T22:44:36.094+0000] {processor.py:161} INFO - Started process (PID=244) to work on /home/airflow/.local/lib/python3.12/site-packages/airflow/example_dags/tutorial.py
[2024-05-18T22:44:36.095+0000] {processor.py:830} INFO - Processing file /home/airflow/.local/lib/python3.12/site-packages/airflow/example_dags/tutorial.py for tasks to queue
[2024-05-18T22:44:36.098+0000] {logging_mixin.py:188} INFO - [2024-05-18T22:44:36.097+0000] {dagbag.py:545} INFO - Filling up the DagBag from /home/airflow/.local/lib/python3.12/site-packages/airflow/example_dags/tutorial.py
[2024-05-18T22:44:36.105+0000] {processor.py:840} INFO - DAG(s) 'tutorial' retrieved from /home/airflow/.local/lib/python3.12/site-packages/airflow/example_dags/tutorial.py
[2024-05-18T22:44:36.135+0000] {logging_mixin.py:188} INFO - [2024-05-18T22:44:36.135+0000] {dag.py:3096} INFO - Sync 1 DAGs
[2024-05-18T22:44:36.171+0000] {logging_mixin.py:188} INFO - [2024-05-18T22:44:36.170+0000] {dag.py:3954} INFO - Setting next_dagrun for tutorial to 2024-05-17 00:00:00+00:00, run_after=2024-05-18 00:00:00+00:00
[2024-05-18T22:44:36.221+0000] {processor.py:183} INFO - Processing /home/airflow/.local/lib/python3.12/site-packages/airflow/example_dags/tutorial.py took 0.133 seconds
[2024-05-18T22:45:06.736+0000] {processor.py:161} INFO - Started process (PID=302) to work on /home/airflow/.local/lib/python3.12/site-packages/airflow/example_dags/tutorial.py
[2024-05-18T22:45:06.738+0000] {processor.py:830} INFO - Processing file /home/airflow/.local/lib/python3.12/site-packages/airflow/example_dags/tutorial.py for tasks to queue
[2024-05-18T22:45:06.744+0000] {logging_mixin.py:188} INFO - [2024-05-18T22:45:06.743+0000] {dagbag.py:545} INFO - Filling up the DagBag from /home/airflow/.local/lib/python3.12/site-packages/airflow/example_dags/tutorial.py
[2024-05-18T22:45:06.758+0000] {processor.py:840} INFO - DAG(s) 'tutorial' retrieved from /home/airflow/.local/lib/python3.12/site-packages/airflow/example_dags/tutorial.py
[2024-05-18T22:45:06.832+0000] {logging_mixin.py:188} INFO - [2024-05-18T22:45:06.831+0000] {dag.py:3096} INFO - Sync 1 DAGs
[2024-05-18T22:45:06.896+0000] {logging_mixin.py:188} INFO - [2024-05-18T22:45:06.895+0000] {dag.py:3954} INFO - Setting next_dagrun for tutorial to 2024-05-17 00:00:00+00:00, run_after=2024-05-18 00:00:00+00:00
[2024-05-18T22:45:06.953+0000] {processor.py:183} INFO - Processing /home/airflow/.local/lib/python3.12/site-packages/airflow/example_dags/tutorial.py took 0.234 seconds
[2024-05-18T22:45:37.344+0000] {processor.py:161} INFO - Started process (PID=362) to work on /home/airflow/.local/lib/python3.12/site-packages/airflow/example_dags/tutorial.py
[2024-05-18T22:45:37.346+0000] {processor.py:830} INFO - Processing file /home/airflow/.local/lib/python3.12/site-packages/airflow/example_dags/tutorial.py for tasks to queue
[2024-05-18T22:45:37.349+0000] {logging_mixin.py:188} INFO - [2024-05-18T22:45:37.349+0000] {dagbag.py:545} INFO - Filling up the DagBag from /home/airflow/.local/lib/python3.12/site-packages/airflow/example_dags/tutorial.py
[2024-05-18T22:45:37.357+0000] {processor.py:840} INFO - DAG(s) 'tutorial' retrieved from /home/airflow/.local/lib/python3.12/site-packages/airflow/example_dags/tutorial.py
[2024-05-18T22:45:37.390+0000] {logging_mixin.py:188} INFO - [2024-05-18T22:45:37.390+0000] {dag.py:3096} INFO - Sync 1 DAGs
[2024-05-18T22:45:37.428+0000] {logging_mixin.py:188} INFO - [2024-05-18T22:45:37.428+0000] {dag.py:3954} INFO - Setting next_dagrun for tutorial to 2024-05-17 00:00:00+00:00, run_after=2024-05-18 00:00:00+00:00
[2024-05-18T22:45:37.468+0000] {processor.py:183} INFO - Processing /home/airflow/.local/lib/python3.12/site-packages/airflow/example_dags/tutorial.py took 0.131 seconds
[2024-05-18T22:46:07.841+0000] {processor.py:161} INFO - Started process (PID=422) to work on /home/airflow/.local/lib/python3.12/site-packages/airflow/example_dags/tutorial.py
[2024-05-18T22:46:07.843+0000] {processor.py:830} INFO - Processing file /home/airflow/.local/lib/python3.12/site-packages/airflow/example_dags/tutorial.py for tasks to queue
[2024-05-18T22:46:07.846+0000] {logging_mixin.py:188} INFO - [2024-05-18T22:46:07.845+0000] {dagbag.py:545} INFO - Filling up the DagBag from /home/airflow/.local/lib/python3.12/site-packages/airflow/example_dags/tutorial.py
[2024-05-18T22:46:07.854+0000] {processor.py:840} INFO - DAG(s) 'tutorial' retrieved from /home/airflow/.local/lib/python3.12/site-packages/airflow/example_dags/tutorial.py
[2024-05-18T22:46:07.886+0000] {logging_mixin.py:188} INFO - [2024-05-18T22:46:07.886+0000] {dag.py:3096} INFO - Sync 1 DAGs
[2024-05-18T22:46:07.920+0000] {logging_mixin.py:188} INFO - [2024-05-18T22:46:07.919+0000] {dag.py:3954} INFO - Setting next_dagrun for tutorial to 2024-05-17 00:00:00+00:00, run_after=2024-05-18 00:00:00+00:00
[2024-05-18T22:46:07.953+0000] {processor.py:183} INFO - Processing /home/airflow/.local/lib/python3.12/site-packages/airflow/example_dags/tutorial.py took 0.120 seconds
[2024-05-18T22:46:39.478+0000] {processor.py:161} INFO - Started process (PID=482) to work on /home/airflow/.local/lib/python3.12/site-packages/airflow/example_dags/tutorial.py
[2024-05-18T22:46:39.480+0000] {processor.py:830} INFO - Processing file /home/airflow/.local/lib/python3.12/site-packages/airflow/example_dags/tutorial.py for tasks to queue
[2024-05-18T22:46:39.483+0000] {logging_mixin.py:188} INFO - [2024-05-18T22:46:39.482+0000] {dagbag.py:545} INFO - Filling up the DagBag from /home/airflow/.local/lib/python3.12/site-packages/airflow/example_dags/tutorial.py
[2024-05-18T22:46:39.492+0000] {processor.py:840} INFO - DAG(s) 'tutorial' retrieved from /home/airflow/.local/lib/python3.12/site-packages/airflow/example_dags/tutorial.py
[2024-05-18T22:46:39.531+0000] {logging_mixin.py:188} INFO - [2024-05-18T22:46:39.530+0000] {dag.py:3096} INFO - Sync 1 DAGs
[2024-05-18T22:46:39.576+0000] {logging_mixin.py:188} INFO - [2024-05-18T22:46:39.576+0000] {dag.py:3954} INFO - Setting next_dagrun for tutorial to 2024-05-17 00:00:00+00:00, run_after=2024-05-18 00:00:00+00:00
[2024-05-18T22:46:39.613+0000] {processor.py:183} INFO - Processing /home/airflow/.local/lib/python3.12/site-packages/airflow/example_dags/tutorial.py took 0.144 seconds
[2024-05-18T22:47:10.186+0000] {processor.py:161} INFO - Started process (PID=542) to work on /home/airflow/.local/lib/python3.12/site-packages/airflow/example_dags/tutorial.py
[2024-05-18T22:47:10.188+0000] {processor.py:830} INFO - Processing file /home/airflow/.local/lib/python3.12/site-packages/airflow/example_dags/tutorial.py for tasks to queue
[2024-05-18T22:47:10.192+0000] {logging_mixin.py:188} INFO - [2024-05-18T22:47:10.191+0000] {dagbag.py:545} INFO - Filling up the DagBag from /home/airflow/.local/lib/python3.12/site-packages/airflow/example_dags/tutorial.py
[2024-05-18T22:47:10.209+0000] {processor.py:840} INFO - DAG(s) 'tutorial' retrieved from /home/airflow/.local/lib/python3.12/site-packages/airflow/example_dags/tutorial.py
[2024-05-18T22:47:10.257+0000] {logging_mixin.py:188} INFO - [2024-05-18T22:47:10.256+0000] {dag.py:3096} INFO - Sync 1 DAGs
[2024-05-18T22:47:10.308+0000] {logging_mixin.py:188} INFO - [2024-05-18T22:47:10.308+0000] {dag.py:3954} INFO - Setting next_dagrun for tutorial to 2024-05-17 00:00:00+00:00, run_after=2024-05-18 00:00:00+00:00
[2024-05-18T22:47:10.359+0000] {processor.py:183} INFO - Processing /home/airflow/.local/lib/python3.12/site-packages/airflow/example_dags/tutorial.py took 0.188 seconds
[2024-05-18T22:47:41.405+0000] {processor.py:161} INFO - Started process (PID=602) to work on /home/airflow/.local/lib/python3.12/site-packages/airflow/example_dags/tutorial.py
[2024-05-18T22:47:41.407+0000] {processor.py:830} INFO - Processing file /home/airflow/.local/lib/python3.12/site-packages/airflow/example_dags/tutorial.py for tasks to queue
[2024-05-18T22:47:41.411+0000] {logging_mixin.py:188} INFO - [2024-05-18T22:47:41.411+0000] {dagbag.py:545} INFO - Filling up the DagBag from /home/airflow/.local/lib/python3.12/site-packages/airflow/example_dags/tutorial.py
[2024-05-18T22:47:41.422+0000] {processor.py:840} INFO - DAG(s) 'tutorial' retrieved from /home/airflow/.local/lib/python3.12/site-packages/airflow/example_dags/tutorial.py
[2024-05-18T22:47:41.470+0000] {logging_mixin.py:188} INFO - [2024-05-18T22:47:41.469+0000] {dag.py:3096} INFO - Sync 1 DAGs
[2024-05-18T22:47:41.539+0000] {logging_mixin.py:188} INFO - [2024-05-18T22:47:41.539+0000] {dag.py:3954} INFO - Setting next_dagrun for tutorial to 2024-05-17 00:00:00+00:00, run_after=2024-05-18 00:00:00+00:00
[2024-05-18T22:47:41.586+0000] {processor.py:183} INFO - Processing /home/airflow/.local/lib/python3.12/site-packages/airflow/example_dags/tutorial.py took 0.191 seconds
[2024-05-18T22:48:15.669+0000] {processor.py:161} INFO - Started process (PID=662) to work on /home/airflow/.local/lib/python3.12/site-packages/airflow/example_dags/tutorial.py
[2024-05-18T22:48:15.677+0000] {processor.py:830} INFO - Processing file /home/airflow/.local/lib/python3.12/site-packages/airflow/example_dags/tutorial.py for tasks to queue
[2024-05-18T22:48:15.686+0000] {logging_mixin.py:188} INFO - [2024-05-18T22:48:15.684+0000] {dagbag.py:545} INFO - Filling up the DagBag from /home/airflow/.local/lib/python3.12/site-packages/airflow/example_dags/tutorial.py
[2024-05-18T22:48:15.719+0000] {processor.py:840} INFO - DAG(s) 'tutorial' retrieved from /home/airflow/.local/lib/python3.12/site-packages/airflow/example_dags/tutorial.py
[2024-05-18T22:48:15.888+0000] {logging_mixin.py:188} INFO - [2024-05-18T22:48:15.887+0000] {dag.py:3096} INFO - Sync 1 DAGs
[2024-05-18T22:48:15.994+0000] {logging_mixin.py:188} INFO - [2024-05-18T22:48:15.993+0000] {dag.py:3954} INFO - Setting next_dagrun for tutorial to 2024-05-17 00:00:00+00:00, run_after=2024-05-18 00:00:00+00:00
[2024-05-18T22:48:16.082+0000] {processor.py:183} INFO - Processing /home/airflow/.local/lib/python3.12/site-packages/airflow/example_dags/tutorial.py took 0.440 seconds
[2024-05-18T22:48:49.393+0000] {processor.py:161} INFO - Started process (PID=728) to work on /home/airflow/.local/lib/python3.12/site-packages/airflow/example_dags/tutorial.py
[2024-05-18T22:48:49.396+0000] {processor.py:830} INFO - Processing file /home/airflow/.local/lib/python3.12/site-packages/airflow/example_dags/tutorial.py for tasks to queue
[2024-05-18T22:48:49.404+0000] {logging_mixin.py:188} INFO - [2024-05-18T22:48:49.403+0000] {dagbag.py:545} INFO - Filling up the DagBag from /home/airflow/.local/lib/python3.12/site-packages/airflow/example_dags/tutorial.py
[2024-05-18T22:48:49.435+0000] {processor.py:840} INFO - DAG(s) 'tutorial' retrieved from /home/airflow/.local/lib/python3.12/site-packages/airflow/example_dags/tutorial.py
[2024-05-18T22:48:49.588+0000] {logging_mixin.py:188} INFO - [2024-05-18T22:48:49.587+0000] {dag.py:3096} INFO - Sync 1 DAGs
[2024-05-18T22:48:49.692+0000] {logging_mixin.py:188} INFO - [2024-05-18T22:48:49.691+0000] {dag.py:3954} INFO - Setting next_dagrun for tutorial to 2024-05-17 00:00:00+00:00, run_after=2024-05-18 00:00:00+00:00
[2024-05-18T22:48:49.803+0000] {processor.py:183} INFO - Processing /home/airflow/.local/lib/python3.12/site-packages/airflow/example_dags/tutorial.py took 0.442 seconds
[2024-05-18T22:49:20.746+0000] {processor.py:161} INFO - Started process (PID=788) to work on /home/airflow/.local/lib/python3.12/site-packages/airflow/example_dags/tutorial.py
[2024-05-18T22:49:20.748+0000] {processor.py:830} INFO - Processing file /home/airflow/.local/lib/python3.12/site-packages/airflow/example_dags/tutorial.py for tasks to queue
[2024-05-18T22:49:20.750+0000] {logging_mixin.py:188} INFO - [2024-05-18T22:49:20.750+0000] {dagbag.py:545} INFO - Filling up the DagBag from /home/airflow/.local/lib/python3.12/site-packages/airflow/example_dags/tutorial.py
[2024-05-18T22:49:20.757+0000] {processor.py:840} INFO - DAG(s) 'tutorial' retrieved from /home/airflow/.local/lib/python3.12/site-packages/airflow/example_dags/tutorial.py
[2024-05-18T22:49:20.790+0000] {logging_mixin.py:188} INFO - [2024-05-18T22:49:20.789+0000] {dag.py:3096} INFO - Sync 1 DAGs
[2024-05-18T22:49:20.824+0000] {logging_mixin.py:188} INFO - [2024-05-18T22:49:20.823+0000] {dag.py:3954} INFO - Setting next_dagrun for tutorial to 2024-05-17 00:00:00+00:00, run_after=2024-05-18 00:00:00+00:00
[2024-05-18T22:49:20.859+0000] {processor.py:183} INFO - Processing /home/airflow/.local/lib/python3.12/site-packages/airflow/example_dags/tutorial.py took 0.119 seconds
[2024-05-18T22:49:51.052+0000] {processor.py:161} INFO - Started process (PID=847) to work on /home/airflow/.local/lib/python3.12/site-packages/airflow/example_dags/tutorial.py
[2024-05-18T22:49:51.054+0000] {processor.py:830} INFO - Processing file /home/airflow/.local/lib/python3.12/site-packages/airflow/example_dags/tutorial.py for tasks to queue
[2024-05-18T22:49:51.058+0000] {logging_mixin.py:188} INFO - [2024-05-18T22:49:51.057+0000] {dagbag.py:545} INFO - Filling up the DagBag from /home/airflow/.local/lib/python3.12/site-packages/airflow/example_dags/tutorial.py
[2024-05-18T22:49:51.065+0000] {processor.py:840} INFO - DAG(s) 'tutorial' retrieved from /home/airflow/.local/lib/python3.12/site-packages/airflow/example_dags/tutorial.py
[2024-05-18T22:49:51.096+0000] {logging_mixin.py:188} INFO - [2024-05-18T22:49:51.095+0000] {dag.py:3096} INFO - Sync 1 DAGs
[2024-05-18T22:49:51.135+0000] {logging_mixin.py:188} INFO - [2024-05-18T22:49:51.134+0000] {dag.py:3954} INFO - Setting next_dagrun for tutorial to 2024-05-17 00:00:00+00:00, run_after=2024-05-18 00:00:00+00:00
[2024-05-18T22:49:51.170+0000] {processor.py:183} INFO - Processing /home/airflow/.local/lib/python3.12/site-packages/airflow/example_dags/tutorial.py took 0.124 seconds
[2024-05-18T22:50:21.316+0000] {processor.py:161} INFO - Started process (PID=907) to work on /home/airflow/.local/lib/python3.12/site-packages/airflow/example_dags/tutorial.py
[2024-05-18T22:50:21.318+0000] {processor.py:830} INFO - Processing file /home/airflow/.local/lib/python3.12/site-packages/airflow/example_dags/tutorial.py for tasks to queue
[2024-05-18T22:50:21.322+0000] {logging_mixin.py:188} INFO - [2024-05-18T22:50:21.322+0000] {dagbag.py:545} INFO - Filling up the DagBag from /home/airflow/.local/lib/python3.12/site-packages/airflow/example_dags/tutorial.py
[2024-05-18T22:50:21.330+0000] {processor.py:840} INFO - DAG(s) 'tutorial' retrieved from /home/airflow/.local/lib/python3.12/site-packages/airflow/example_dags/tutorial.py
[2024-05-18T22:50:21.359+0000] {logging_mixin.py:188} INFO - [2024-05-18T22:50:21.358+0000] {dag.py:3096} INFO - Sync 1 DAGs
[2024-05-18T22:50:21.396+0000] {logging_mixin.py:188} INFO - [2024-05-18T22:50:21.395+0000] {dag.py:3954} INFO - Setting next_dagrun for tutorial to 2024-05-17 00:00:00+00:00, run_after=2024-05-18 00:00:00+00:00
[2024-05-18T22:50:21.429+0000] {processor.py:183} INFO - Processing /home/airflow/.local/lib/python3.12/site-packages/airflow/example_dags/tutorial.py took 0.122 seconds
[2024-05-18T22:50:52.425+0000] {processor.py:161} INFO - Started process (PID=968) to work on /home/airflow/.local/lib/python3.12/site-packages/airflow/example_dags/tutorial.py
[2024-05-18T22:50:52.431+0000] {processor.py:830} INFO - Processing file /home/airflow/.local/lib/python3.12/site-packages/airflow/example_dags/tutorial.py for tasks to queue
[2024-05-18T22:50:52.438+0000] {logging_mixin.py:188} INFO - [2024-05-18T22:50:52.438+0000] {dagbag.py:545} INFO - Filling up the DagBag from /home/airflow/.local/lib/python3.12/site-packages/airflow/example_dags/tutorial.py
[2024-05-18T22:50:52.460+0000] {processor.py:840} INFO - DAG(s) 'tutorial' retrieved from /home/airflow/.local/lib/python3.12/site-packages/airflow/example_dags/tutorial.py
[2024-05-18T22:50:52.585+0000] {logging_mixin.py:188} INFO - [2024-05-18T22:50:52.584+0000] {dag.py:3096} INFO - Sync 1 DAGs
[2024-05-18T22:50:52.690+0000] {logging_mixin.py:188} INFO - [2024-05-18T22:50:52.689+0000] {dag.py:3954} INFO - Setting next_dagrun for tutorial to 2024-05-17 00:00:00+00:00, run_after=2024-05-18 00:00:00+00:00
[2024-05-18T22:50:52.811+0000] {processor.py:183} INFO - Processing /home/airflow/.local/lib/python3.12/site-packages/airflow/example_dags/tutorial.py took 0.420 seconds
[2024-05-18T22:51:23.221+0000] {processor.py:161} INFO - Started process (PID=1028) to work on /home/airflow/.local/lib/python3.12/site-packages/airflow/example_dags/tutorial.py
[2024-05-18T22:51:23.223+0000] {processor.py:830} INFO - Processing file /home/airflow/.local/lib/python3.12/site-packages/airflow/example_dags/tutorial.py for tasks to queue
[2024-05-18T22:51:23.225+0000] {logging_mixin.py:188} INFO - [2024-05-18T22:51:23.225+0000] {dagbag.py:545} INFO - Filling up the DagBag from /home/airflow/.local/lib/python3.12/site-packages/airflow/example_dags/tutorial.py
[2024-05-18T22:51:23.233+0000] {processor.py:840} INFO - DAG(s) 'tutorial' retrieved from /home/airflow/.local/lib/python3.12/site-packages/airflow/example_dags/tutorial.py
[2024-05-18T22:51:23.267+0000] {logging_mixin.py:188} INFO - [2024-05-18T22:51:23.267+0000] {dag.py:3096} INFO - Sync 1 DAGs
[2024-05-18T22:51:23.325+0000] {logging_mixin.py:188} INFO - [2024-05-18T22:51:23.325+0000] {dag.py:3954} INFO - Setting next_dagrun for tutorial to 2024-05-17 00:00:00+00:00, run_after=2024-05-18 00:00:00+00:00
[2024-05-18T22:51:23.398+0000] {processor.py:183} INFO - Processing /home/airflow/.local/lib/python3.12/site-packages/airflow/example_dags/tutorial.py took 0.183 seconds
[2024-05-18T22:51:54.005+0000] {processor.py:161} INFO - Started process (PID=1088) to work on /home/airflow/.local/lib/python3.12/site-packages/airflow/example_dags/tutorial.py
[2024-05-18T22:51:54.006+0000] {processor.py:830} INFO - Processing file /home/airflow/.local/lib/python3.12/site-packages/airflow/example_dags/tutorial.py for tasks to queue
[2024-05-18T22:51:54.009+0000] {logging_mixin.py:188} INFO - [2024-05-18T22:51:54.008+0000] {dagbag.py:545} INFO - Filling up the DagBag from /home/airflow/.local/lib/python3.12/site-packages/airflow/example_dags/tutorial.py
[2024-05-18T22:51:54.015+0000] {processor.py:840} INFO - DAG(s) 'tutorial' retrieved from /home/airflow/.local/lib/python3.12/site-packages/airflow/example_dags/tutorial.py
[2024-05-18T22:51:54.047+0000] {logging_mixin.py:188} INFO - [2024-05-18T22:51:54.046+0000] {dag.py:3096} INFO - Sync 1 DAGs
[2024-05-18T22:51:54.082+0000] {logging_mixin.py:188} INFO - [2024-05-18T22:51:54.081+0000] {dag.py:3954} INFO - Setting next_dagrun for tutorial to 2024-05-17 00:00:00+00:00, run_after=2024-05-18 00:00:00+00:00
[2024-05-18T22:51:54.115+0000] {processor.py:183} INFO - Processing /home/airflow/.local/lib/python3.12/site-packages/airflow/example_dags/tutorial.py took 0.117 seconds
[2024-05-18T22:52:24.874+0000] {processor.py:161} INFO - Started process (PID=1148) to work on /home/airflow/.local/lib/python3.12/site-packages/airflow/example_dags/tutorial.py
[2024-05-18T22:52:24.876+0000] {processor.py:830} INFO - Processing file /home/airflow/.local/lib/python3.12/site-packages/airflow/example_dags/tutorial.py for tasks to queue
[2024-05-18T22:52:24.880+0000] {logging_mixin.py:188} INFO - [2024-05-18T22:52:24.879+0000] {dagbag.py:545} INFO - Filling up the DagBag from /home/airflow/.local/lib/python3.12/site-packages/airflow/example_dags/tutorial.py
[2024-05-18T22:52:24.892+0000] {processor.py:840} INFO - DAG(s) 'tutorial' retrieved from /home/airflow/.local/lib/python3.12/site-packages/airflow/example_dags/tutorial.py
[2024-05-18T22:52:24.936+0000] {logging_mixin.py:188} INFO - [2024-05-18T22:52:24.936+0000] {dag.py:3096} INFO - Sync 1 DAGs
[2024-05-18T22:52:24.988+0000] {logging_mixin.py:188} INFO - [2024-05-18T22:52:24.988+0000] {dag.py:3954} INFO - Setting next_dagrun for tutorial to 2024-05-17 00:00:00+00:00, run_after=2024-05-18 00:00:00+00:00
[2024-05-18T22:52:25.035+0000] {processor.py:183} INFO - Processing /home/airflow/.local/lib/python3.12/site-packages/airflow/example_dags/tutorial.py took 0.174 seconds
