[2024-05-17T16:07:57.352+0000] {processor.py:161} INFO - Started process (PID=46) to work on /opt/airflow/dags/primer_dag.py
[2024-05-17T16:07:57.356+0000] {processor.py:830} INFO - Processing file /opt/airflow/dags/primer_dag.py for tasks to queue
[2024-05-17T16:07:57.365+0000] {logging_mixin.py:188} INFO - [2024-05-17T16:07:57.364+0000] {dagbag.py:538} INFO - Filling up the DagBag from /opt/airflow/dags/primer_dag.py
[2024-05-17T16:07:57.505+0000] {processor.py:840} INFO - DAG(s) 'primer_dag' retrieved from /opt/airflow/dags/primer_dag.py
[2024-05-17T16:07:58.794+0000] {logging_mixin.py:188} INFO - [2024-05-17T16:07:58.792+0000] {dag.py:3036} INFO - Sync 1 DAGs
[2024-05-17T16:07:58.964+0000] {logging_mixin.py:188} INFO - [2024-05-17T16:07:58.963+0000] {dag.py:3823} INFO - Setting next_dagrun for primer_dag to 2024-05-16 09:00:00+00:00, run_after=2024-05-17 09:00:00+00:00
[2024-05-17T16:07:59.069+0000] {processor.py:183} INFO - Processing /opt/airflow/dags/primer_dag.py took 1.731 seconds
[2024-05-17T16:08:29.549+0000] {processor.py:161} INFO - Started process (PID=53) to work on /opt/airflow/dags/primer_dag.py
[2024-05-17T16:08:29.552+0000] {processor.py:830} INFO - Processing file /opt/airflow/dags/primer_dag.py for tasks to queue
[2024-05-17T16:08:29.556+0000] {logging_mixin.py:188} INFO - [2024-05-17T16:08:29.555+0000] {dagbag.py:538} INFO - Filling up the DagBag from /opt/airflow/dags/primer_dag.py
[2024-05-17T16:08:29.617+0000] {processor.py:840} INFO - DAG(s) 'primer_dag' retrieved from /opt/airflow/dags/primer_dag.py
[2024-05-17T16:08:29.676+0000] {logging_mixin.py:188} INFO - [2024-05-17T16:08:29.675+0000] {dag.py:3036} INFO - Sync 1 DAGs
[2024-05-17T16:08:29.749+0000] {logging_mixin.py:188} INFO - [2024-05-17T16:08:29.748+0000] {dag.py:3823} INFO - Setting next_dagrun for primer_dag to 2024-05-17 09:00:00+00:00, run_after=2024-05-18 09:00:00+00:00
[2024-05-17T16:08:29.821+0000] {processor.py:183} INFO - Processing /opt/airflow/dags/primer_dag.py took 0.280 seconds
[2024-05-17T16:09:00.266+0000] {processor.py:161} INFO - Started process (PID=60) to work on /opt/airflow/dags/primer_dag.py
[2024-05-17T16:09:00.268+0000] {processor.py:830} INFO - Processing file /opt/airflow/dags/primer_dag.py for tasks to queue
[2024-05-17T16:09:00.271+0000] {logging_mixin.py:188} INFO - [2024-05-17T16:09:00.270+0000] {dagbag.py:538} INFO - Filling up the DagBag from /opt/airflow/dags/primer_dag.py
[2024-05-17T16:09:00.309+0000] {processor.py:840} INFO - DAG(s) 'primer_dag' retrieved from /opt/airflow/dags/primer_dag.py
[2024-05-17T16:09:00.502+0000] {logging_mixin.py:188} INFO - [2024-05-17T16:09:00.501+0000] {dag.py:3036} INFO - Sync 1 DAGs
[2024-05-17T16:09:00.551+0000] {logging_mixin.py:188} INFO - [2024-05-17T16:09:00.550+0000] {dag.py:3823} INFO - Setting next_dagrun for primer_dag to 2024-05-17 09:00:00+00:00, run_after=2024-05-18 09:00:00+00:00
[2024-05-17T16:09:00.600+0000] {processor.py:183} INFO - Processing /opt/airflow/dags/primer_dag.py took 0.341 seconds
[2024-05-17T16:09:30.950+0000] {processor.py:161} INFO - Started process (PID=67) to work on /opt/airflow/dags/primer_dag.py
[2024-05-17T16:09:30.952+0000] {processor.py:830} INFO - Processing file /opt/airflow/dags/primer_dag.py for tasks to queue
[2024-05-17T16:09:30.955+0000] {logging_mixin.py:188} INFO - [2024-05-17T16:09:30.955+0000] {dagbag.py:538} INFO - Filling up the DagBag from /opt/airflow/dags/primer_dag.py
[2024-05-17T16:09:31.000+0000] {processor.py:840} INFO - DAG(s) 'primer_dag' retrieved from /opt/airflow/dags/primer_dag.py
[2024-05-17T16:09:31.048+0000] {logging_mixin.py:188} INFO - [2024-05-17T16:09:31.048+0000] {dag.py:3036} INFO - Sync 1 DAGs
[2024-05-17T16:09:31.099+0000] {logging_mixin.py:188} INFO - [2024-05-17T16:09:31.098+0000] {dag.py:3823} INFO - Setting next_dagrun for primer_dag to 2024-05-17 09:00:00+00:00, run_after=2024-05-18 09:00:00+00:00
[2024-05-17T16:09:31.151+0000] {processor.py:183} INFO - Processing /opt/airflow/dags/primer_dag.py took 0.207 seconds
[2024-05-17T16:10:01.413+0000] {processor.py:161} INFO - Started process (PID=74) to work on /opt/airflow/dags/primer_dag.py
[2024-05-17T16:10:01.415+0000] {processor.py:830} INFO - Processing file /opt/airflow/dags/primer_dag.py for tasks to queue
[2024-05-17T16:10:01.418+0000] {logging_mixin.py:188} INFO - [2024-05-17T16:10:01.417+0000] {dagbag.py:538} INFO - Filling up the DagBag from /opt/airflow/dags/primer_dag.py
[2024-05-17T16:10:01.463+0000] {processor.py:840} INFO - DAG(s) 'primer_dag' retrieved from /opt/airflow/dags/primer_dag.py
[2024-05-17T16:10:01.519+0000] {logging_mixin.py:188} INFO - [2024-05-17T16:10:01.518+0000] {dag.py:3036} INFO - Sync 1 DAGs
[2024-05-17T16:10:01.566+0000] {logging_mixin.py:188} INFO - [2024-05-17T16:10:01.565+0000] {dag.py:3823} INFO - Setting next_dagrun for primer_dag to 2024-05-17 09:00:00+00:00, run_after=2024-05-18 09:00:00+00:00
[2024-05-17T16:10:01.620+0000] {processor.py:183} INFO - Processing /opt/airflow/dags/primer_dag.py took 0.211 seconds
[2024-05-17T16:10:31.786+0000] {processor.py:161} INFO - Started process (PID=81) to work on /opt/airflow/dags/primer_dag.py
[2024-05-17T16:10:31.787+0000] {processor.py:830} INFO - Processing file /opt/airflow/dags/primer_dag.py for tasks to queue
[2024-05-17T16:10:31.790+0000] {logging_mixin.py:188} INFO - [2024-05-17T16:10:31.789+0000] {dagbag.py:538} INFO - Filling up the DagBag from /opt/airflow/dags/primer_dag.py
[2024-05-17T16:10:31.819+0000] {processor.py:840} INFO - DAG(s) 'primer_dag' retrieved from /opt/airflow/dags/primer_dag.py
[2024-05-17T16:10:31.858+0000] {logging_mixin.py:188} INFO - [2024-05-17T16:10:31.857+0000] {dag.py:3036} INFO - Sync 1 DAGs
[2024-05-17T16:10:31.906+0000] {logging_mixin.py:188} INFO - [2024-05-17T16:10:31.906+0000] {dag.py:3823} INFO - Setting next_dagrun for primer_dag to 2024-05-17 09:00:00+00:00, run_after=2024-05-18 09:00:00+00:00
[2024-05-17T16:10:31.946+0000] {processor.py:183} INFO - Processing /opt/airflow/dags/primer_dag.py took 0.164 seconds
[2024-05-17T16:11:02.304+0000] {processor.py:161} INFO - Started process (PID=88) to work on /opt/airflow/dags/primer_dag.py
[2024-05-17T16:11:02.305+0000] {processor.py:830} INFO - Processing file /opt/airflow/dags/primer_dag.py for tasks to queue
[2024-05-17T16:11:02.309+0000] {logging_mixin.py:188} INFO - [2024-05-17T16:11:02.308+0000] {dagbag.py:538} INFO - Filling up the DagBag from /opt/airflow/dags/primer_dag.py
[2024-05-17T16:11:02.337+0000] {processor.py:840} INFO - DAG(s) 'primer_dag' retrieved from /opt/airflow/dags/primer_dag.py
[2024-05-17T16:11:02.372+0000] {logging_mixin.py:188} INFO - [2024-05-17T16:11:02.372+0000] {dag.py:3036} INFO - Sync 1 DAGs
[2024-05-17T16:11:02.410+0000] {logging_mixin.py:188} INFO - [2024-05-17T16:11:02.410+0000] {dag.py:3823} INFO - Setting next_dagrun for primer_dag to 2024-05-17 09:00:00+00:00, run_after=2024-05-18 09:00:00+00:00
[2024-05-17T16:11:02.439+0000] {processor.py:183} INFO - Processing /opt/airflow/dags/primer_dag.py took 0.140 seconds
[2024-05-17T16:11:32.797+0000] {processor.py:161} INFO - Started process (PID=95) to work on /opt/airflow/dags/primer_dag.py
[2024-05-17T16:11:32.799+0000] {processor.py:830} INFO - Processing file /opt/airflow/dags/primer_dag.py for tasks to queue
[2024-05-17T16:11:32.801+0000] {logging_mixin.py:188} INFO - [2024-05-17T16:11:32.801+0000] {dagbag.py:538} INFO - Filling up the DagBag from /opt/airflow/dags/primer_dag.py
[2024-05-17T16:11:32.830+0000] {processor.py:840} INFO - DAG(s) 'primer_dag' retrieved from /opt/airflow/dags/primer_dag.py
[2024-05-17T16:11:32.862+0000] {logging_mixin.py:188} INFO - [2024-05-17T16:11:32.862+0000] {dag.py:3036} INFO - Sync 1 DAGs
[2024-05-17T16:11:32.894+0000] {logging_mixin.py:188} INFO - [2024-05-17T16:11:32.894+0000] {dag.py:3823} INFO - Setting next_dagrun for primer_dag to 2024-05-17 09:00:00+00:00, run_after=2024-05-18 09:00:00+00:00
[2024-05-17T16:11:32.927+0000] {processor.py:183} INFO - Processing /opt/airflow/dags/primer_dag.py took 0.134 seconds
[2024-05-17T16:12:03.217+0000] {processor.py:161} INFO - Started process (PID=102) to work on /opt/airflow/dags/primer_dag.py
[2024-05-17T16:12:03.219+0000] {processor.py:830} INFO - Processing file /opt/airflow/dags/primer_dag.py for tasks to queue
[2024-05-17T16:12:03.221+0000] {logging_mixin.py:188} INFO - [2024-05-17T16:12:03.220+0000] {dagbag.py:538} INFO - Filling up the DagBag from /opt/airflow/dags/primer_dag.py
[2024-05-17T16:12:03.251+0000] {processor.py:840} INFO - DAG(s) 'primer_dag' retrieved from /opt/airflow/dags/primer_dag.py
[2024-05-17T16:12:03.283+0000] {logging_mixin.py:188} INFO - [2024-05-17T16:12:03.282+0000] {dag.py:3036} INFO - Sync 1 DAGs
[2024-05-17T16:12:03.316+0000] {logging_mixin.py:188} INFO - [2024-05-17T16:12:03.315+0000] {dag.py:3823} INFO - Setting next_dagrun for primer_dag to 2024-05-17 09:00:00+00:00, run_after=2024-05-18 09:00:00+00:00
[2024-05-17T16:12:03.349+0000] {processor.py:183} INFO - Processing /opt/airflow/dags/primer_dag.py took 0.136 seconds
[2024-05-17T16:12:33.584+0000] {processor.py:161} INFO - Started process (PID=109) to work on /opt/airflow/dags/primer_dag.py
[2024-05-17T16:12:33.585+0000] {processor.py:830} INFO - Processing file /opt/airflow/dags/primer_dag.py for tasks to queue
[2024-05-17T16:12:33.587+0000] {logging_mixin.py:188} INFO - [2024-05-17T16:12:33.587+0000] {dagbag.py:538} INFO - Filling up the DagBag from /opt/airflow/dags/primer_dag.py
[2024-05-17T16:12:33.621+0000] {processor.py:840} INFO - DAG(s) 'primer_dag' retrieved from /opt/airflow/dags/primer_dag.py
[2024-05-17T16:12:33.653+0000] {logging_mixin.py:188} INFO - [2024-05-17T16:12:33.653+0000] {dag.py:3036} INFO - Sync 1 DAGs
[2024-05-17T16:12:33.686+0000] {logging_mixin.py:188} INFO - [2024-05-17T16:12:33.685+0000] {dag.py:3823} INFO - Setting next_dagrun for primer_dag to 2024-05-17 09:00:00+00:00, run_after=2024-05-18 09:00:00+00:00
[2024-05-17T16:12:33.718+0000] {processor.py:183} INFO - Processing /opt/airflow/dags/primer_dag.py took 0.138 seconds
[2024-05-17T16:13:03.941+0000] {processor.py:161} INFO - Started process (PID=116) to work on /opt/airflow/dags/primer_dag.py
[2024-05-17T16:13:03.943+0000] {processor.py:830} INFO - Processing file /opt/airflow/dags/primer_dag.py for tasks to queue
[2024-05-17T16:13:03.948+0000] {logging_mixin.py:188} INFO - [2024-05-17T16:13:03.948+0000] {dagbag.py:538} INFO - Filling up the DagBag from /opt/airflow/dags/primer_dag.py
[2024-05-17T16:13:03.990+0000] {processor.py:840} INFO - DAG(s) 'primer_dag' retrieved from /opt/airflow/dags/primer_dag.py
[2024-05-17T16:13:04.038+0000] {logging_mixin.py:188} INFO - [2024-05-17T16:13:04.038+0000] {dag.py:3036} INFO - Sync 1 DAGs
[2024-05-17T16:13:04.091+0000] {logging_mixin.py:188} INFO - [2024-05-17T16:13:04.090+0000] {dag.py:3823} INFO - Setting next_dagrun for primer_dag to 2024-05-17 09:00:00+00:00, run_after=2024-05-18 09:00:00+00:00
[2024-05-17T16:13:04.145+0000] {processor.py:183} INFO - Processing /opt/airflow/dags/primer_dag.py took 0.209 seconds
[2024-05-17T16:13:34.343+0000] {processor.py:161} INFO - Started process (PID=123) to work on /opt/airflow/dags/primer_dag.py
[2024-05-17T16:13:34.344+0000] {processor.py:830} INFO - Processing file /opt/airflow/dags/primer_dag.py for tasks to queue
[2024-05-17T16:13:34.346+0000] {logging_mixin.py:188} INFO - [2024-05-17T16:13:34.346+0000] {dagbag.py:538} INFO - Filling up the DagBag from /opt/airflow/dags/primer_dag.py
[2024-05-17T16:13:34.377+0000] {processor.py:840} INFO - DAG(s) 'primer_dag' retrieved from /opt/airflow/dags/primer_dag.py
[2024-05-17T16:13:34.410+0000] {logging_mixin.py:188} INFO - [2024-05-17T16:13:34.410+0000] {dag.py:3036} INFO - Sync 1 DAGs
[2024-05-17T16:13:34.441+0000] {logging_mixin.py:188} INFO - [2024-05-17T16:13:34.441+0000] {dag.py:3823} INFO - Setting next_dagrun for primer_dag to 2024-05-17 09:00:00+00:00, run_after=2024-05-18 09:00:00+00:00
[2024-05-17T16:13:34.472+0000] {processor.py:183} INFO - Processing /opt/airflow/dags/primer_dag.py took 0.132 seconds
[2024-05-17T16:14:04.594+0000] {processor.py:161} INFO - Started process (PID=130) to work on /opt/airflow/dags/primer_dag.py
[2024-05-17T16:14:04.596+0000] {processor.py:830} INFO - Processing file /opt/airflow/dags/primer_dag.py for tasks to queue
[2024-05-17T16:14:04.599+0000] {logging_mixin.py:188} INFO - [2024-05-17T16:14:04.598+0000] {dagbag.py:538} INFO - Filling up the DagBag from /opt/airflow/dags/primer_dag.py
[2024-05-17T16:14:04.635+0000] {processor.py:840} INFO - DAG(s) 'primer_dag' retrieved from /opt/airflow/dags/primer_dag.py
[2024-05-17T16:14:04.666+0000] {logging_mixin.py:188} INFO - [2024-05-17T16:14:04.665+0000] {dag.py:3036} INFO - Sync 1 DAGs
[2024-05-17T16:14:04.698+0000] {logging_mixin.py:188} INFO - [2024-05-17T16:14:04.697+0000] {dag.py:3823} INFO - Setting next_dagrun for primer_dag to 2024-05-17 09:00:00+00:00, run_after=2024-05-18 09:00:00+00:00
[2024-05-17T16:14:04.728+0000] {processor.py:183} INFO - Processing /opt/airflow/dags/primer_dag.py took 0.138 seconds
[2024-05-17T16:14:34.924+0000] {processor.py:161} INFO - Started process (PID=137) to work on /opt/airflow/dags/primer_dag.py
[2024-05-17T16:14:34.926+0000] {processor.py:830} INFO - Processing file /opt/airflow/dags/primer_dag.py for tasks to queue
[2024-05-17T16:14:34.930+0000] {logging_mixin.py:188} INFO - [2024-05-17T16:14:34.929+0000] {dagbag.py:538} INFO - Filling up the DagBag from /opt/airflow/dags/primer_dag.py
[2024-05-17T16:14:34.961+0000] {processor.py:840} INFO - DAG(s) 'primer_dag' retrieved from /opt/airflow/dags/primer_dag.py
[2024-05-17T16:14:34.998+0000] {logging_mixin.py:188} INFO - [2024-05-17T16:14:34.997+0000] {dag.py:3036} INFO - Sync 1 DAGs
[2024-05-17T16:14:35.036+0000] {logging_mixin.py:188} INFO - [2024-05-17T16:14:35.035+0000] {dag.py:3823} INFO - Setting next_dagrun for primer_dag to 2024-05-17 09:00:00+00:00, run_after=2024-05-18 09:00:00+00:00
[2024-05-17T16:14:35.075+0000] {processor.py:183} INFO - Processing /opt/airflow/dags/primer_dag.py took 0.154 seconds
[2024-05-17T16:15:05.194+0000] {processor.py:161} INFO - Started process (PID=144) to work on /opt/airflow/dags/primer_dag.py
[2024-05-17T16:15:05.196+0000] {processor.py:830} INFO - Processing file /opt/airflow/dags/primer_dag.py for tasks to queue
[2024-05-17T16:15:05.199+0000] {logging_mixin.py:188} INFO - [2024-05-17T16:15:05.198+0000] {dagbag.py:538} INFO - Filling up the DagBag from /opt/airflow/dags/primer_dag.py
[2024-05-17T16:15:05.237+0000] {processor.py:840} INFO - DAG(s) 'primer_dag' retrieved from /opt/airflow/dags/primer_dag.py
[2024-05-17T16:15:05.274+0000] {logging_mixin.py:188} INFO - [2024-05-17T16:15:05.274+0000] {dag.py:3036} INFO - Sync 1 DAGs
[2024-05-17T16:15:05.312+0000] {logging_mixin.py:188} INFO - [2024-05-17T16:15:05.312+0000] {dag.py:3823} INFO - Setting next_dagrun for primer_dag to 2024-05-17 09:00:00+00:00, run_after=2024-05-18 09:00:00+00:00
[2024-05-17T16:15:05.351+0000] {processor.py:183} INFO - Processing /opt/airflow/dags/primer_dag.py took 0.161 seconds
[2024-05-17T16:15:35.547+0000] {processor.py:161} INFO - Started process (PID=151) to work on /opt/airflow/dags/primer_dag.py
[2024-05-17T16:15:35.548+0000] {processor.py:830} INFO - Processing file /opt/airflow/dags/primer_dag.py for tasks to queue
[2024-05-17T16:15:35.551+0000] {logging_mixin.py:188} INFO - [2024-05-17T16:15:35.550+0000] {dagbag.py:538} INFO - Filling up the DagBag from /opt/airflow/dags/primer_dag.py
[2024-05-17T16:15:35.579+0000] {processor.py:840} INFO - DAG(s) 'primer_dag' retrieved from /opt/airflow/dags/primer_dag.py
[2024-05-17T16:15:35.611+0000] {logging_mixin.py:188} INFO - [2024-05-17T16:15:35.610+0000] {dag.py:3036} INFO - Sync 1 DAGs
[2024-05-17T16:15:35.643+0000] {logging_mixin.py:188} INFO - [2024-05-17T16:15:35.643+0000] {dag.py:3823} INFO - Setting next_dagrun for primer_dag to 2024-05-17 09:00:00+00:00, run_after=2024-05-18 09:00:00+00:00
[2024-05-17T16:15:35.678+0000] {processor.py:183} INFO - Processing /opt/airflow/dags/primer_dag.py took 0.133 seconds
[2024-05-17T16:16:05.797+0000] {processor.py:161} INFO - Started process (PID=158) to work on /opt/airflow/dags/primer_dag.py
[2024-05-17T16:16:05.798+0000] {processor.py:830} INFO - Processing file /opt/airflow/dags/primer_dag.py for tasks to queue
[2024-05-17T16:16:05.801+0000] {logging_mixin.py:188} INFO - [2024-05-17T16:16:05.801+0000] {dagbag.py:538} INFO - Filling up the DagBag from /opt/airflow/dags/primer_dag.py
[2024-05-17T16:16:05.837+0000] {processor.py:840} INFO - DAG(s) 'primer_dag' retrieved from /opt/airflow/dags/primer_dag.py
[2024-05-17T16:16:05.879+0000] {logging_mixin.py:188} INFO - [2024-05-17T16:16:05.878+0000] {dag.py:3036} INFO - Sync 1 DAGs
[2024-05-17T16:16:05.933+0000] {logging_mixin.py:188} INFO - [2024-05-17T16:16:05.931+0000] {dag.py:3823} INFO - Setting next_dagrun for primer_dag to 2024-05-17 09:00:00+00:00, run_after=2024-05-18 09:00:00+00:00
[2024-05-17T16:16:05.996+0000] {processor.py:183} INFO - Processing /opt/airflow/dags/primer_dag.py took 0.203 seconds
[2024-05-17T16:16:36.151+0000] {processor.py:161} INFO - Started process (PID=165) to work on /opt/airflow/dags/primer_dag.py
[2024-05-17T16:16:36.153+0000] {processor.py:830} INFO - Processing file /opt/airflow/dags/primer_dag.py for tasks to queue
[2024-05-17T16:16:36.156+0000] {logging_mixin.py:188} INFO - [2024-05-17T16:16:36.155+0000] {dagbag.py:538} INFO - Filling up the DagBag from /opt/airflow/dags/primer_dag.py
[2024-05-17T16:16:36.187+0000] {processor.py:840} INFO - DAG(s) 'primer_dag' retrieved from /opt/airflow/dags/primer_dag.py
[2024-05-17T16:16:36.220+0000] {logging_mixin.py:188} INFO - [2024-05-17T16:16:36.220+0000] {dag.py:3036} INFO - Sync 1 DAGs
[2024-05-17T16:16:36.251+0000] {logging_mixin.py:188} INFO - [2024-05-17T16:16:36.251+0000] {dag.py:3823} INFO - Setting next_dagrun for primer_dag to 2024-05-17 09:00:00+00:00, run_after=2024-05-18 09:00:00+00:00
[2024-05-17T16:16:36.283+0000] {processor.py:183} INFO - Processing /opt/airflow/dags/primer_dag.py took 0.136 seconds
[2024-05-17T16:17:06.859+0000] {processor.py:161} INFO - Started process (PID=172) to work on /opt/airflow/dags/primer_dag.py
[2024-05-17T16:17:06.860+0000] {processor.py:830} INFO - Processing file /opt/airflow/dags/primer_dag.py for tasks to queue
[2024-05-17T16:17:06.862+0000] {logging_mixin.py:188} INFO - [2024-05-17T16:17:06.862+0000] {dagbag.py:538} INFO - Filling up the DagBag from /opt/airflow/dags/primer_dag.py
[2024-05-17T16:17:06.892+0000] {processor.py:840} INFO - DAG(s) 'primer_dag' retrieved from /opt/airflow/dags/primer_dag.py
[2024-05-17T16:17:06.934+0000] {logging_mixin.py:188} INFO - [2024-05-17T16:17:06.933+0000] {dag.py:3036} INFO - Sync 1 DAGs
[2024-05-17T16:17:07.001+0000] {logging_mixin.py:188} INFO - [2024-05-17T16:17:07.000+0000] {dag.py:3823} INFO - Setting next_dagrun for primer_dag to 2024-05-17 09:00:00+00:00, run_after=2024-05-18 09:00:00+00:00
[2024-05-17T16:17:07.054+0000] {processor.py:183} INFO - Processing /opt/airflow/dags/primer_dag.py took 0.199 seconds
