[2024-05-19T00:00:54.422+0000] {processor.py:161} INFO - Started process (PID=199) to work on /opt/airflow/dags/premier_league_matches.py
[2024-05-19T00:00:54.454+0000] {processor.py:830} INFO - Processing file /opt/airflow/dags/premier_league_matches.py for tasks to queue
[2024-05-19T00:00:54.533+0000] {logging_mixin.py:188} INFO - [2024-05-19T00:00:54.504+0000] {dagbag.py:545} INFO - Filling up the DagBag from /opt/airflow/dags/premier_league_matches.py
[2024-05-19T00:01:04.862+0000] {processor.py:840} INFO - DAG(s) 'last_premier_league_matches' retrieved from /opt/airflow/dags/premier_league_matches.py
[2024-05-19T00:01:05.207+0000] {logging_mixin.py:188} INFO - [2024-05-19T00:01:05.205+0000] {dag.py:3096} INFO - Sync 1 DAGs
[2024-05-19T00:01:05.395+0000] {logging_mixin.py:188} INFO - [2024-05-19T00:01:05.394+0000] {dag.py:3954} INFO - Setting next_dagrun for last_premier_league_matches to None, run_after=None
[2024-05-19T00:01:05.564+0000] {processor.py:183} INFO - Processing /opt/airflow/dags/premier_league_matches.py took 11.324 seconds
[2024-05-19T00:01:36.469+0000] {processor.py:161} INFO - Started process (PID=214) to work on /opt/airflow/dags/premier_league_matches.py
[2024-05-19T00:01:36.483+0000] {processor.py:830} INFO - Processing file /opt/airflow/dags/premier_league_matches.py for tasks to queue
[2024-05-19T00:01:36.501+0000] {logging_mixin.py:188} INFO - [2024-05-19T00:01:36.500+0000] {dagbag.py:545} INFO - Filling up the DagBag from /opt/airflow/dags/premier_league_matches.py
[2024-05-19T00:01:44.715+0000] {processor.py:840} INFO - DAG(s) 'last_premier_league_matches' retrieved from /opt/airflow/dags/premier_league_matches.py
[2024-05-19T00:01:44.875+0000] {logging_mixin.py:188} INFO - [2024-05-19T00:01:44.873+0000] {dag.py:3096} INFO - Sync 1 DAGs
[2024-05-19T00:01:44.950+0000] {logging_mixin.py:188} INFO - [2024-05-19T00:01:44.950+0000] {dag.py:3954} INFO - Setting next_dagrun for last_premier_league_matches to None, run_after=None
[2024-05-19T00:01:45.072+0000] {processor.py:183} INFO - Processing /opt/airflow/dags/premier_league_matches.py took 8.662 seconds
[2024-05-19T00:02:16.382+0000] {processor.py:161} INFO - Started process (PID=224) to work on /opt/airflow/dags/premier_league_matches.py
[2024-05-19T00:02:16.395+0000] {processor.py:830} INFO - Processing file /opt/airflow/dags/premier_league_matches.py for tasks to queue
[2024-05-19T00:02:16.412+0000] {logging_mixin.py:188} INFO - [2024-05-19T00:02:16.404+0000] {dagbag.py:545} INFO - Filling up the DagBag from /opt/airflow/dags/premier_league_matches.py
[2024-05-19T00:02:24.219+0000] {processor.py:840} INFO - DAG(s) 'last_premier_league_matches' retrieved from /opt/airflow/dags/premier_league_matches.py
[2024-05-19T00:02:24.397+0000] {logging_mixin.py:188} INFO - [2024-05-19T00:02:24.395+0000] {dag.py:3096} INFO - Sync 1 DAGs
[2024-05-19T00:02:24.470+0000] {logging_mixin.py:188} INFO - [2024-05-19T00:02:24.470+0000] {dag.py:3954} INFO - Setting next_dagrun for last_premier_league_matches to None, run_after=None
[2024-05-19T00:02:24.556+0000] {processor.py:183} INFO - Processing /opt/airflow/dags/premier_league_matches.py took 8.225 seconds
[2024-05-19T00:02:55.093+0000] {processor.py:161} INFO - Started process (PID=233) to work on /opt/airflow/dags/premier_league_matches.py
[2024-05-19T00:02:55.098+0000] {processor.py:830} INFO - Processing file /opt/airflow/dags/premier_league_matches.py for tasks to queue
[2024-05-19T00:02:55.123+0000] {logging_mixin.py:188} INFO - [2024-05-19T00:02:55.111+0000] {dagbag.py:545} INFO - Filling up the DagBag from /opt/airflow/dags/premier_league_matches.py
[2024-05-19T00:03:02.844+0000] {processor.py:840} INFO - DAG(s) 'last_premier_league_matches' retrieved from /opt/airflow/dags/premier_league_matches.py
[2024-05-19T00:03:03.470+0000] {logging_mixin.py:188} INFO - [2024-05-19T00:03:03.468+0000] {dag.py:3096} INFO - Sync 1 DAGs
[2024-05-19T00:03:03.710+0000] {logging_mixin.py:188} INFO - [2024-05-19T00:03:03.709+0000] {dag.py:3954} INFO - Setting next_dagrun for last_premier_league_matches to None, run_after=None
[2024-05-19T00:03:04.153+0000] {processor.py:183} INFO - Processing /opt/airflow/dags/premier_league_matches.py took 9.095 seconds
[2024-05-19T00:03:34.770+0000] {processor.py:161} INFO - Started process (PID=248) to work on /opt/airflow/dags/premier_league_matches.py
[2024-05-19T00:03:34.785+0000] {processor.py:830} INFO - Processing file /opt/airflow/dags/premier_league_matches.py for tasks to queue
[2024-05-19T00:03:34.802+0000] {logging_mixin.py:188} INFO - [2024-05-19T00:03:34.790+0000] {dagbag.py:545} INFO - Filling up the DagBag from /opt/airflow/dags/premier_league_matches.py
[2024-05-19T00:03:42.744+0000] {processor.py:840} INFO - DAG(s) 'last_premier_league_matches' retrieved from /opt/airflow/dags/premier_league_matches.py
[2024-05-19T00:03:43.064+0000] {logging_mixin.py:188} INFO - [2024-05-19T00:03:43.051+0000] {dag.py:3096} INFO - Sync 1 DAGs
[2024-05-19T00:03:43.262+0000] {logging_mixin.py:188} INFO - [2024-05-19T00:03:43.261+0000] {dag.py:3954} INFO - Setting next_dagrun for last_premier_league_matches to None, run_after=None
[2024-05-19T00:03:43.440+0000] {processor.py:183} INFO - Processing /opt/airflow/dags/premier_league_matches.py took 8.734 seconds
[2024-05-19T00:04:15.012+0000] {processor.py:161} INFO - Started process (PID=257) to work on /opt/airflow/dags/premier_league_matches.py
[2024-05-19T00:04:15.018+0000] {processor.py:830} INFO - Processing file /opt/airflow/dags/premier_league_matches.py for tasks to queue
[2024-05-19T00:04:15.035+0000] {logging_mixin.py:188} INFO - [2024-05-19T00:04:15.034+0000] {dagbag.py:545} INFO - Filling up the DagBag from /opt/airflow/dags/premier_league_matches.py
[2024-05-19T00:04:23.157+0000] {processor.py:840} INFO - DAG(s) 'last_premier_league_matches' retrieved from /opt/airflow/dags/premier_league_matches.py
[2024-05-19T00:04:23.375+0000] {logging_mixin.py:188} INFO - [2024-05-19T00:04:23.374+0000] {dag.py:3096} INFO - Sync 1 DAGs
[2024-05-19T00:04:23.490+0000] {logging_mixin.py:188} INFO - [2024-05-19T00:04:23.478+0000] {dag.py:3954} INFO - Setting next_dagrun for last_premier_league_matches to None, run_after=None
[2024-05-19T00:04:23.771+0000] {processor.py:183} INFO - Processing /opt/airflow/dags/premier_league_matches.py took 8.832 seconds
[2024-05-19T00:04:54.069+0000] {processor.py:161} INFO - Started process (PID=266) to work on /opt/airflow/dags/premier_league_matches.py
[2024-05-19T00:04:54.072+0000] {processor.py:830} INFO - Processing file /opt/airflow/dags/premier_league_matches.py for tasks to queue
[2024-05-19T00:04:54.081+0000] {logging_mixin.py:188} INFO - [2024-05-19T00:04:54.080+0000] {dagbag.py:545} INFO - Filling up the DagBag from /opt/airflow/dags/premier_league_matches.py
[2024-05-19T00:05:03.298+0000] {processor.py:840} INFO - DAG(s) 'last_premier_league_matches' retrieved from /opt/airflow/dags/premier_league_matches.py
[2024-05-19T00:05:03.427+0000] {logging_mixin.py:188} INFO - [2024-05-19T00:05:03.426+0000] {dag.py:3096} INFO - Sync 1 DAGs
[2024-05-19T00:05:03.491+0000] {logging_mixin.py:188} INFO - [2024-05-19T00:05:03.490+0000] {dag.py:3954} INFO - Setting next_dagrun for last_premier_league_matches to None, run_after=None
[2024-05-19T00:05:03.674+0000] {processor.py:183} INFO - Processing /opt/airflow/dags/premier_league_matches.py took 9.630 seconds
[2024-05-19T00:05:34.695+0000] {processor.py:161} INFO - Started process (PID=280) to work on /opt/airflow/dags/premier_league_matches.py
[2024-05-19T00:05:34.699+0000] {processor.py:830} INFO - Processing file /opt/airflow/dags/premier_league_matches.py for tasks to queue
[2024-05-19T00:05:34.704+0000] {logging_mixin.py:188} INFO - [2024-05-19T00:05:34.703+0000] {dagbag.py:545} INFO - Filling up the DagBag from /opt/airflow/dags/premier_league_matches.py
[2024-05-19T00:05:42.691+0000] {processor.py:840} INFO - DAG(s) 'last_premier_league_matches' retrieved from /opt/airflow/dags/premier_league_matches.py
[2024-05-19T00:05:42.857+0000] {logging_mixin.py:188} INFO - [2024-05-19T00:05:42.856+0000] {dag.py:3096} INFO - Sync 1 DAGs
[2024-05-19T00:05:42.911+0000] {logging_mixin.py:188} INFO - [2024-05-19T00:05:42.910+0000] {dag.py:3954} INFO - Setting next_dagrun for last_premier_league_matches to None, run_after=None
[2024-05-19T00:05:43.043+0000] {processor.py:183} INFO - Processing /opt/airflow/dags/premier_league_matches.py took 8.374 seconds
[2024-05-19T00:06:14.429+0000] {processor.py:161} INFO - Started process (PID=290) to work on /opt/airflow/dags/premier_league_matches.py
[2024-05-19T00:06:14.431+0000] {processor.py:830} INFO - Processing file /opt/airflow/dags/premier_league_matches.py for tasks to queue
[2024-05-19T00:06:14.439+0000] {logging_mixin.py:188} INFO - [2024-05-19T00:06:14.438+0000] {dagbag.py:545} INFO - Filling up the DagBag from /opt/airflow/dags/premier_league_matches.py
[2024-05-19T00:06:22.077+0000] {processor.py:840} INFO - DAG(s) 'last_premier_league_matches' retrieved from /opt/airflow/dags/premier_league_matches.py
[2024-05-19T00:06:22.562+0000] {logging_mixin.py:188} INFO - [2024-05-19T00:06:22.561+0000] {dag.py:3096} INFO - Sync 1 DAGs
[2024-05-19T00:06:22.766+0000] {logging_mixin.py:188} INFO - [2024-05-19T00:06:22.765+0000] {dag.py:3954} INFO - Setting next_dagrun for last_premier_league_matches to None, run_after=None
[2024-05-19T00:06:23.084+0000] {processor.py:183} INFO - Processing /opt/airflow/dags/premier_league_matches.py took 8.684 seconds
[2024-05-19T00:06:55.229+0000] {processor.py:161} INFO - Started process (PID=299) to work on /opt/airflow/dags/premier_league_matches.py
[2024-05-19T00:06:55.264+0000] {processor.py:830} INFO - Processing file /opt/airflow/dags/premier_league_matches.py for tasks to queue
[2024-05-19T00:06:55.281+0000] {logging_mixin.py:188} INFO - [2024-05-19T00:06:55.281+0000] {dagbag.py:545} INFO - Filling up the DagBag from /opt/airflow/dags/premier_league_matches.py
[2024-05-19T00:07:01.146+0000] {processor.py:840} INFO - DAG(s) 'last_premier_league_matches' retrieved from /opt/airflow/dags/premier_league_matches.py
[2024-05-19T00:07:03.013+0000] {logging_mixin.py:188} INFO - [2024-05-19T00:07:02.993+0000] {dag.py:3096} INFO - Sync 1 DAGs
[2024-05-19T00:07:03.337+0000] {logging_mixin.py:188} INFO - [2024-05-19T00:07:03.336+0000] {dag.py:3954} INFO - Setting next_dagrun for last_premier_league_matches to None, run_after=None
[2024-05-19T00:07:03.558+0000] {processor.py:183} INFO - Processing /opt/airflow/dags/premier_league_matches.py took 8.579 seconds
[2024-05-19T00:07:34.215+0000] {processor.py:161} INFO - Started process (PID=308) to work on /opt/airflow/dags/premier_league_matches.py
[2024-05-19T00:07:34.223+0000] {processor.py:830} INFO - Processing file /opt/airflow/dags/premier_league_matches.py for tasks to queue
[2024-05-19T00:07:34.234+0000] {logging_mixin.py:188} INFO - [2024-05-19T00:07:34.233+0000] {dagbag.py:545} INFO - Filling up the DagBag from /opt/airflow/dags/premier_league_matches.py
[2024-05-19T00:07:42.783+0000] {processor.py:840} INFO - DAG(s) 'last_premier_league_matches' retrieved from /opt/airflow/dags/premier_league_matches.py
[2024-05-19T00:07:43.114+0000] {logging_mixin.py:188} INFO - [2024-05-19T00:07:43.100+0000] {dag.py:3096} INFO - Sync 1 DAGs
[2024-05-19T00:07:43.232+0000] {logging_mixin.py:188} INFO - [2024-05-19T00:07:43.231+0000] {dag.py:3954} INFO - Setting next_dagrun for last_premier_league_matches to None, run_after=None
[2024-05-19T00:07:43.431+0000] {processor.py:183} INFO - Processing /opt/airflow/dags/premier_league_matches.py took 9.264 seconds
[2024-05-19T00:08:12.810+0000] {processor.py:161} INFO - Started process (PID=324) to work on /opt/airflow/dags/premier_league_matches.py
[2024-05-19T00:08:12.828+0000] {processor.py:830} INFO - Processing file /opt/airflow/dags/premier_league_matches.py for tasks to queue
[2024-05-19T00:08:12.873+0000] {logging_mixin.py:188} INFO - [2024-05-19T00:08:12.863+0000] {dagbag.py:545} INFO - Filling up the DagBag from /opt/airflow/dags/premier_league_matches.py
[2024-05-19T00:08:13.466+0000] {logging_mixin.py:188} INFO - [2024-05-19T00:08:13.448+0000] {dagbag.py:355} ERROR - Failed to import: /opt/airflow/dags/premier_league_matches.py
Traceback (most recent call last):
  File "/home/airflow/.local/lib/python3.12/site-packages/airflow/models/dagbag.py", line 351, in parse
    loader.exec_module(new_module)
  File "<frozen importlib._bootstrap_external>", line 991, in exec_module
  File "<frozen importlib._bootstrap_external>", line 1129, in get_code
  File "<frozen importlib._bootstrap_external>", line 1059, in source_to_code
  File "<frozen importlib._bootstrap>", line 488, in _call_with_frames_removed
  File "/opt/airflow/dags/premier_league_matches.py", line 20
    df_competition = sb.competitions('country_name'='England')
                                     ^^^^^^^^^^^^^^^
SyntaxError: expression cannot contain assignment, perhaps you meant "=="?
[2024-05-19T00:08:13.491+0000] {processor.py:842} WARNING - No viable dags retrieved from /opt/airflow/dags/premier_league_matches.py
[2024-05-19T00:08:13.690+0000] {processor.py:183} INFO - Processing /opt/airflow/dags/premier_league_matches.py took 0.942 seconds
[2024-05-19T00:08:45.415+0000] {processor.py:161} INFO - Started process (PID=332) to work on /opt/airflow/dags/premier_league_matches.py
[2024-05-19T00:08:45.462+0000] {processor.py:830} INFO - Processing file /opt/airflow/dags/premier_league_matches.py for tasks to queue
[2024-05-19T00:08:45.570+0000] {logging_mixin.py:188} INFO - [2024-05-19T00:08:45.553+0000] {dagbag.py:545} INFO - Filling up the DagBag from /opt/airflow/dags/premier_league_matches.py
[2024-05-19T00:08:46.393+0000] {logging_mixin.py:188} INFO - [2024-05-19T00:08:46.354+0000] {dagbag.py:355} ERROR - Failed to import: /opt/airflow/dags/premier_league_matches.py
Traceback (most recent call last):
  File "/home/airflow/.local/lib/python3.12/site-packages/airflow/models/dagbag.py", line 351, in parse
    loader.exec_module(new_module)
  File "<frozen importlib._bootstrap_external>", line 991, in exec_module
  File "<frozen importlib._bootstrap_external>", line 1129, in get_code
  File "<frozen importlib._bootstrap_external>", line 1059, in source_to_code
  File "<frozen importlib._bootstrap>", line 488, in _call_with_frames_removed
  File "/opt/airflow/dags/premier_league_matches.py", line 20
    df_competition = sb.competitions('country_name'='England')
                                     ^^^^^^^^^^^^^^^
SyntaxError: expression cannot contain assignment, perhaps you meant "=="?
[2024-05-19T00:08:46.409+0000] {processor.py:842} WARNING - No viable dags retrieved from /opt/airflow/dags/premier_league_matches.py
[2024-05-19T00:08:46.938+0000] {processor.py:183} INFO - Processing /opt/airflow/dags/premier_league_matches.py took 1.709 seconds
[2024-05-19T00:09:18.171+0000] {processor.py:161} INFO - Started process (PID=341) to work on /opt/airflow/dags/premier_league_matches.py
[2024-05-19T00:09:18.179+0000] {processor.py:830} INFO - Processing file /opt/airflow/dags/premier_league_matches.py for tasks to queue
[2024-05-19T00:09:18.185+0000] {logging_mixin.py:188} INFO - [2024-05-19T00:09:18.183+0000] {dagbag.py:545} INFO - Filling up the DagBag from /opt/airflow/dags/premier_league_matches.py
[2024-05-19T00:09:18.577+0000] {logging_mixin.py:188} INFO - [2024-05-19T00:09:18.564+0000] {dagbag.py:355} ERROR - Failed to import: /opt/airflow/dags/premier_league_matches.py
Traceback (most recent call last):
  File "/home/airflow/.local/lib/python3.12/site-packages/airflow/models/dagbag.py", line 351, in parse
    loader.exec_module(new_module)
  File "<frozen importlib._bootstrap_external>", line 991, in exec_module
  File "<frozen importlib._bootstrap_external>", line 1129, in get_code
  File "<frozen importlib._bootstrap_external>", line 1059, in source_to_code
  File "<frozen importlib._bootstrap>", line 488, in _call_with_frames_removed
  File "/opt/airflow/dags/premier_league_matches.py", line 20
    df_competition = sb.competitions('country_name'='England')
                                     ^^^^^^^^^^^^^^^
SyntaxError: expression cannot contain assignment, perhaps you meant "=="?
[2024-05-19T00:09:18.611+0000] {processor.py:842} WARNING - No viable dags retrieved from /opt/airflow/dags/premier_league_matches.py
[2024-05-19T00:09:19.027+0000] {processor.py:183} INFO - Processing /opt/airflow/dags/premier_league_matches.py took 0.907 seconds
[2024-05-19T00:09:40.064+0000] {processor.py:161} INFO - Started process (PID=349) to work on /opt/airflow/dags/premier_league_matches.py
[2024-05-19T00:09:40.095+0000] {processor.py:830} INFO - Processing file /opt/airflow/dags/premier_league_matches.py for tasks to queue
[2024-05-19T00:09:40.143+0000] {logging_mixin.py:188} INFO - [2024-05-19T00:09:40.126+0000] {dagbag.py:545} INFO - Filling up the DagBag from /opt/airflow/dags/premier_league_matches.py
[2024-05-19T00:09:52.040+0000] {processor.py:840} INFO - DAG(s) 'last_premier_league_matches' retrieved from /opt/airflow/dags/premier_league_matches.py
[2024-05-19T00:09:52.831+0000] {logging_mixin.py:188} INFO - [2024-05-19T00:09:52.828+0000] {dag.py:3096} INFO - Sync 1 DAGs
[2024-05-19T00:09:52.938+0000] {logging_mixin.py:188} INFO - [2024-05-19T00:09:52.937+0000] {dag.py:3954} INFO - Setting next_dagrun for last_premier_league_matches to None, run_after=None
[2024-05-19T00:09:53.181+0000] {processor.py:183} INFO - Processing /opt/airflow/dags/premier_league_matches.py took 13.335 seconds
[2024-05-19T00:10:25.431+0000] {processor.py:161} INFO - Started process (PID=359) to work on /opt/airflow/dags/premier_league_matches.py
[2024-05-19T00:10:25.454+0000] {processor.py:830} INFO - Processing file /opt/airflow/dags/premier_league_matches.py for tasks to queue
[2024-05-19T00:10:25.502+0000] {logging_mixin.py:188} INFO - [2024-05-19T00:10:25.501+0000] {dagbag.py:545} INFO - Filling up the DagBag from /opt/airflow/dags/premier_league_matches.py
[2024-05-19T00:10:33.802+0000] {processor.py:840} INFO - DAG(s) 'last_premier_league_matches' retrieved from /opt/airflow/dags/premier_league_matches.py
[2024-05-19T00:10:34.084+0000] {logging_mixin.py:188} INFO - [2024-05-19T00:10:34.083+0000] {dag.py:3096} INFO - Sync 1 DAGs
[2024-05-19T00:10:34.270+0000] {logging_mixin.py:188} INFO - [2024-05-19T00:10:34.269+0000] {dag.py:3954} INFO - Setting next_dagrun for last_premier_league_matches to None, run_after=None
[2024-05-19T00:10:34.450+0000] {processor.py:183} INFO - Processing /opt/airflow/dags/premier_league_matches.py took 9.057 seconds
[2024-05-19T00:11:05.768+0000] {processor.py:161} INFO - Started process (PID=369) to work on /opt/airflow/dags/premier_league_matches.py
[2024-05-19T00:11:05.780+0000] {processor.py:830} INFO - Processing file /opt/airflow/dags/premier_league_matches.py for tasks to queue
[2024-05-19T00:11:05.798+0000] {logging_mixin.py:188} INFO - [2024-05-19T00:11:05.796+0000] {dagbag.py:545} INFO - Filling up the DagBag from /opt/airflow/dags/premier_league_matches.py
[2024-05-19T00:11:19.294+0000] {processor.py:840} INFO - DAG(s) 'last_premier_league_matches' retrieved from /opt/airflow/dags/premier_league_matches.py
[2024-05-19T00:11:19.637+0000] {logging_mixin.py:188} INFO - [2024-05-19T00:11:19.635+0000] {dag.py:3096} INFO - Sync 1 DAGs
[2024-05-19T00:11:19.920+0000] {logging_mixin.py:188} INFO - [2024-05-19T00:11:19.914+0000] {dag.py:3954} INFO - Setting next_dagrun for last_premier_league_matches to None, run_after=None
[2024-05-19T00:11:20.367+0000] {processor.py:183} INFO - Processing /opt/airflow/dags/premier_league_matches.py took 14.772 seconds
[2024-05-19T00:11:51.145+0000] {processor.py:161} INFO - Started process (PID=384) to work on /opt/airflow/dags/premier_league_matches.py
[2024-05-19T00:11:51.164+0000] {processor.py:830} INFO - Processing file /opt/airflow/dags/premier_league_matches.py for tasks to queue
[2024-05-19T00:11:51.191+0000] {logging_mixin.py:188} INFO - [2024-05-19T00:11:51.180+0000] {dagbag.py:545} INFO - Filling up the DagBag from /opt/airflow/dags/premier_league_matches.py
[2024-05-19T00:12:03.715+0000] {processor.py:840} INFO - DAG(s) 'last_premier_league_matches' retrieved from /opt/airflow/dags/premier_league_matches.py
[2024-05-19T00:12:04.079+0000] {logging_mixin.py:188} INFO - [2024-05-19T00:12:04.077+0000] {dag.py:3096} INFO - Sync 1 DAGs
[2024-05-19T00:12:04.289+0000] {logging_mixin.py:188} INFO - [2024-05-19T00:12:04.288+0000] {dag.py:3954} INFO - Setting next_dagrun for last_premier_league_matches to None, run_after=None
[2024-05-19T00:12:04.595+0000] {processor.py:183} INFO - Processing /opt/airflow/dags/premier_league_matches.py took 13.531 seconds
[2024-05-19T00:12:35.157+0000] {processor.py:161} INFO - Started process (PID=393) to work on /opt/airflow/dags/premier_league_matches.py
[2024-05-19T00:12:35.160+0000] {processor.py:830} INFO - Processing file /opt/airflow/dags/premier_league_matches.py for tasks to queue
[2024-05-19T00:12:35.165+0000] {logging_mixin.py:188} INFO - [2024-05-19T00:12:35.164+0000] {dagbag.py:545} INFO - Filling up the DagBag from /opt/airflow/dags/premier_league_matches.py
[2024-05-19T00:12:44.900+0000] {processor.py:840} INFO - DAG(s) 'last_premier_league_matches' retrieved from /opt/airflow/dags/premier_league_matches.py
[2024-05-19T00:12:45.335+0000] {logging_mixin.py:188} INFO - [2024-05-19T00:12:45.328+0000] {dag.py:3096} INFO - Sync 1 DAGs
[2024-05-19T00:12:45.442+0000] {logging_mixin.py:188} INFO - [2024-05-19T00:12:45.441+0000] {dag.py:3954} INFO - Setting next_dagrun for last_premier_league_matches to None, run_after=None
[2024-05-19T00:12:45.683+0000] {processor.py:183} INFO - Processing /opt/airflow/dags/premier_league_matches.py took 10.564 seconds
[2024-05-19T00:13:16.936+0000] {processor.py:161} INFO - Started process (PID=409) to work on /opt/airflow/dags/premier_league_matches.py
[2024-05-19T00:13:16.954+0000] {processor.py:830} INFO - Processing file /opt/airflow/dags/premier_league_matches.py for tasks to queue
[2024-05-19T00:13:16.968+0000] {logging_mixin.py:188} INFO - [2024-05-19T00:13:16.965+0000] {dagbag.py:545} INFO - Filling up the DagBag from /opt/airflow/dags/premier_league_matches.py
[2024-05-19T00:13:26.977+0000] {processor.py:840} INFO - DAG(s) 'last_premier_league_matches' retrieved from /opt/airflow/dags/premier_league_matches.py
[2024-05-19T00:13:27.363+0000] {logging_mixin.py:188} INFO - [2024-05-19T00:13:27.359+0000] {dag.py:3096} INFO - Sync 1 DAGs
[2024-05-19T00:13:27.435+0000] {logging_mixin.py:188} INFO - [2024-05-19T00:13:27.432+0000] {dag.py:3954} INFO - Setting next_dagrun for last_premier_league_matches to None, run_after=None
[2024-05-19T00:13:27.579+0000] {processor.py:183} INFO - Processing /opt/airflow/dags/premier_league_matches.py took 10.812 seconds
[2024-05-19T00:13:58.561+0000] {processor.py:161} INFO - Started process (PID=418) to work on /opt/airflow/dags/premier_league_matches.py
[2024-05-19T00:13:58.570+0000] {processor.py:830} INFO - Processing file /opt/airflow/dags/premier_league_matches.py for tasks to queue
[2024-05-19T00:13:58.598+0000] {logging_mixin.py:188} INFO - [2024-05-19T00:13:58.586+0000] {dagbag.py:545} INFO - Filling up the DagBag from /opt/airflow/dags/premier_league_matches.py
[2024-05-19T00:14:11.939+0000] {processor.py:840} INFO - DAG(s) 'last_premier_league_matches' retrieved from /opt/airflow/dags/premier_league_matches.py
[2024-05-19T00:14:12.187+0000] {logging_mixin.py:188} INFO - [2024-05-19T00:14:12.185+0000] {dag.py:3096} INFO - Sync 1 DAGs
[2024-05-19T00:14:13.321+0000] {logging_mixin.py:188} INFO - [2024-05-19T00:14:13.318+0000] {dag.py:3954} INFO - Setting next_dagrun for last_premier_league_matches to None, run_after=None
[2024-05-19T00:14:14.386+0000] {processor.py:183} INFO - Processing /opt/airflow/dags/premier_league_matches.py took 15.935 seconds
[2024-05-19T00:14:45.631+0000] {processor.py:161} INFO - Started process (PID=427) to work on /opt/airflow/dags/premier_league_matches.py
[2024-05-19T00:14:45.658+0000] {processor.py:830} INFO - Processing file /opt/airflow/dags/premier_league_matches.py for tasks to queue
[2024-05-19T00:14:45.686+0000] {logging_mixin.py:188} INFO - [2024-05-19T00:14:45.673+0000] {dagbag.py:545} INFO - Filling up the DagBag from /opt/airflow/dags/premier_league_matches.py
[2024-05-19T00:14:56.464+0000] {processor.py:840} INFO - DAG(s) 'last_premier_league_matches' retrieved from /opt/airflow/dags/premier_league_matches.py
[2024-05-19T00:14:56.789+0000] {logging_mixin.py:188} INFO - [2024-05-19T00:14:56.777+0000] {dag.py:3096} INFO - Sync 1 DAGs
[2024-05-19T00:14:56.931+0000] {logging_mixin.py:188} INFO - [2024-05-19T00:14:56.930+0000] {dag.py:3954} INFO - Setting next_dagrun for last_premier_league_matches to None, run_after=None
[2024-05-19T00:14:57.173+0000] {processor.py:183} INFO - Processing /opt/airflow/dags/premier_league_matches.py took 11.661 seconds
[2024-05-19T00:15:28.020+0000] {processor.py:161} INFO - Started process (PID=444) to work on /opt/airflow/dags/premier_league_matches.py
[2024-05-19T00:15:28.063+0000] {processor.py:830} INFO - Processing file /opt/airflow/dags/premier_league_matches.py for tasks to queue
[2024-05-19T00:15:28.084+0000] {logging_mixin.py:188} INFO - [2024-05-19T00:15:28.082+0000] {dagbag.py:545} INFO - Filling up the DagBag from /opt/airflow/dags/premier_league_matches.py
[2024-05-19T00:15:37.120+0000] {processor.py:840} INFO - DAG(s) 'last_premier_league_matches' retrieved from /opt/airflow/dags/premier_league_matches.py
[2024-05-19T00:15:37.294+0000] {logging_mixin.py:188} INFO - [2024-05-19T00:15:37.293+0000] {dag.py:3096} INFO - Sync 1 DAGs
[2024-05-19T00:15:37.356+0000] {logging_mixin.py:188} INFO - [2024-05-19T00:15:37.356+0000] {dag.py:3954} INFO - Setting next_dagrun for last_premier_league_matches to None, run_after=None
[2024-05-19T00:15:37.633+0000] {processor.py:183} INFO - Processing /opt/airflow/dags/premier_league_matches.py took 9.744 seconds
[2024-05-19T00:16:08.416+0000] {processor.py:161} INFO - Started process (PID=453) to work on /opt/airflow/dags/premier_league_matches.py
[2024-05-19T00:16:08.429+0000] {processor.py:830} INFO - Processing file /opt/airflow/dags/premier_league_matches.py for tasks to queue
[2024-05-19T00:16:08.433+0000] {logging_mixin.py:188} INFO - [2024-05-19T00:16:08.432+0000] {dagbag.py:545} INFO - Filling up the DagBag from /opt/airflow/dags/premier_league_matches.py
[2024-05-19T00:16:16.655+0000] {processor.py:840} INFO - DAG(s) 'last_premier_league_matches' retrieved from /opt/airflow/dags/premier_league_matches.py
[2024-05-19T00:16:16.912+0000] {logging_mixin.py:188} INFO - [2024-05-19T00:16:16.910+0000] {dag.py:3096} INFO - Sync 1 DAGs
[2024-05-19T00:16:17.038+0000] {logging_mixin.py:188} INFO - [2024-05-19T00:16:17.032+0000] {dag.py:3954} INFO - Setting next_dagrun for last_premier_league_matches to None, run_after=None
[2024-05-19T00:16:17.219+0000] {processor.py:183} INFO - Processing /opt/airflow/dags/premier_league_matches.py took 8.832 seconds
[2024-05-19T00:16:42.347+0000] {processor.py:161} INFO - Started process (PID=462) to work on /opt/airflow/dags/premier_league_matches.py
[2024-05-19T00:16:42.349+0000] {processor.py:830} INFO - Processing file /opt/airflow/dags/premier_league_matches.py for tasks to queue
[2024-05-19T00:16:42.356+0000] {logging_mixin.py:188} INFO - [2024-05-19T00:16:42.352+0000] {dagbag.py:545} INFO - Filling up the DagBag from /opt/airflow/dags/premier_league_matches.py
[2024-05-19T00:16:52.385+0000] {processor.py:840} INFO - DAG(s) 'last_premier_league_matches' retrieved from /opt/airflow/dags/premier_league_matches.py
[2024-05-19T00:16:52.747+0000] {logging_mixin.py:188} INFO - [2024-05-19T00:16:52.745+0000] {dag.py:3096} INFO - Sync 1 DAGs
[2024-05-19T00:16:52.883+0000] {logging_mixin.py:188} INFO - [2024-05-19T00:16:52.882+0000] {dag.py:3954} INFO - Setting next_dagrun for last_premier_league_matches to None, run_after=None
[2024-05-19T00:16:53.229+0000] {processor.py:183} INFO - Processing /opt/airflow/dags/premier_league_matches.py took 10.903 seconds
[2024-05-19T00:17:24.310+0000] {processor.py:161} INFO - Started process (PID=477) to work on /opt/airflow/dags/premier_league_matches.py
[2024-05-19T00:17:24.320+0000] {processor.py:830} INFO - Processing file /opt/airflow/dags/premier_league_matches.py for tasks to queue
[2024-05-19T00:17:24.332+0000] {logging_mixin.py:188} INFO - [2024-05-19T00:17:24.331+0000] {dagbag.py:545} INFO - Filling up the DagBag from /opt/airflow/dags/premier_league_matches.py
[2024-05-19T00:17:31.551+0000] {processor.py:840} INFO - DAG(s) 'last_premier_league_matches' retrieved from /opt/airflow/dags/premier_league_matches.py
[2024-05-19T00:17:31.847+0000] {logging_mixin.py:188} INFO - [2024-05-19T00:17:31.845+0000] {dag.py:3096} INFO - Sync 1 DAGs
[2024-05-19T00:17:32.008+0000] {logging_mixin.py:188} INFO - [2024-05-19T00:17:32.006+0000] {dag.py:3954} INFO - Setting next_dagrun for last_premier_league_matches to None, run_after=None
[2024-05-19T00:17:32.264+0000] {processor.py:183} INFO - Processing /opt/airflow/dags/premier_league_matches.py took 8.008 seconds
[2024-05-19T00:18:02.831+0000] {processor.py:161} INFO - Started process (PID=486) to work on /opt/airflow/dags/premier_league_matches.py
[2024-05-19T00:18:02.835+0000] {processor.py:830} INFO - Processing file /opt/airflow/dags/premier_league_matches.py for tasks to queue
[2024-05-19T00:18:02.845+0000] {logging_mixin.py:188} INFO - [2024-05-19T00:18:02.844+0000] {dagbag.py:545} INFO - Filling up the DagBag from /opt/airflow/dags/premier_league_matches.py
[2024-05-19T00:18:17.971+0000] {processor.py:840} INFO - DAG(s) 'last_premier_league_matches' retrieved from /opt/airflow/dags/premier_league_matches.py
[2024-05-19T00:18:18.379+0000] {logging_mixin.py:188} INFO - [2024-05-19T00:18:18.376+0000] {dag.py:3096} INFO - Sync 1 DAGs
[2024-05-19T00:18:18.675+0000] {logging_mixin.py:188} INFO - [2024-05-19T00:18:18.675+0000] {dag.py:3954} INFO - Setting next_dagrun for last_premier_league_matches to None, run_after=None
[2024-05-19T00:18:19.025+0000] {processor.py:183} INFO - Processing /opt/airflow/dags/premier_league_matches.py took 16.255 seconds
[2024-05-19T00:18:49.992+0000] {processor.py:161} INFO - Started process (PID=496) to work on /opt/airflow/dags/premier_league_matches.py
[2024-05-19T00:18:50.017+0000] {processor.py:830} INFO - Processing file /opt/airflow/dags/premier_league_matches.py for tasks to queue
[2024-05-19T00:18:50.038+0000] {logging_mixin.py:188} INFO - [2024-05-19T00:18:50.032+0000] {dagbag.py:545} INFO - Filling up the DagBag from /opt/airflow/dags/premier_league_matches.py
[2024-05-19T00:19:01.667+0000] {processor.py:840} INFO - DAG(s) 'last_premier_league_matches' retrieved from /opt/airflow/dags/premier_league_matches.py
[2024-05-19T00:19:01.807+0000] {logging_mixin.py:188} INFO - [2024-05-19T00:19:01.805+0000] {dag.py:3096} INFO - Sync 1 DAGs
[2024-05-19T00:19:01.881+0000] {logging_mixin.py:188} INFO - [2024-05-19T00:19:01.880+0000] {dag.py:3954} INFO - Setting next_dagrun for last_premier_league_matches to None, run_after=None
[2024-05-19T00:19:01.974+0000] {processor.py:183} INFO - Processing /opt/airflow/dags/premier_league_matches.py took 12.070 seconds
[2024-05-19T00:19:18.523+0000] {processor.py:161} INFO - Started process (PID=505) to work on /opt/airflow/dags/premier_league_matches.py
[2024-05-19T00:19:18.530+0000] {processor.py:830} INFO - Processing file /opt/airflow/dags/premier_league_matches.py for tasks to queue
[2024-05-19T00:19:18.538+0000] {logging_mixin.py:188} INFO - [2024-05-19T00:19:18.537+0000] {dagbag.py:545} INFO - Filling up the DagBag from /opt/airflow/dags/premier_league_matches.py
[2024-05-19T00:19:33.293+0000] {processor.py:840} INFO - DAG(s) 'last_premier_league_matches' retrieved from /opt/airflow/dags/premier_league_matches.py
[2024-05-19T00:19:34.291+0000] {logging_mixin.py:188} INFO - [2024-05-19T00:19:34.289+0000] {dag.py:3096} INFO - Sync 1 DAGs
[2024-05-19T00:19:34.860+0000] {logging_mixin.py:188} INFO - [2024-05-19T00:19:34.859+0000] {dag.py:3954} INFO - Setting next_dagrun for last_premier_league_matches to None, run_after=None
[2024-05-19T00:19:35.229+0000] {processor.py:183} INFO - Processing /opt/airflow/dags/premier_league_matches.py took 16.750 seconds
[2024-05-19T00:19:48.808+0000] {processor.py:161} INFO - Started process (PID=514) to work on /opt/airflow/dags/premier_league_matches.py
[2024-05-19T00:19:48.853+0000] {processor.py:830} INFO - Processing file /opt/airflow/dags/premier_league_matches.py for tasks to queue
[2024-05-19T00:19:48.898+0000] {logging_mixin.py:188} INFO - [2024-05-19T00:19:48.896+0000] {dagbag.py:545} INFO - Filling up the DagBag from /opt/airflow/dags/premier_league_matches.py
[2024-05-19T00:20:02.103+0000] {processor.py:840} INFO - DAG(s) 'last_premier_league_matches' retrieved from /opt/airflow/dags/premier_league_matches.py
[2024-05-19T00:20:02.532+0000] {logging_mixin.py:188} INFO - [2024-05-19T00:20:02.530+0000] {dag.py:3096} INFO - Sync 1 DAGs
[2024-05-19T00:20:02.749+0000] {logging_mixin.py:188} INFO - [2024-05-19T00:20:02.748+0000] {dag.py:3954} INFO - Setting next_dagrun for last_premier_league_matches to None, run_after=None
[2024-05-19T00:20:03.193+0000] {processor.py:183} INFO - Processing /opt/airflow/dags/premier_league_matches.py took 14.419 seconds
[2024-05-19T00:20:36.036+0000] {processor.py:161} INFO - Started process (PID=529) to work on /opt/airflow/dags/premier_league_matches.py
[2024-05-19T00:20:36.053+0000] {processor.py:830} INFO - Processing file /opt/airflow/dags/premier_league_matches.py for tasks to queue
[2024-05-19T00:20:36.086+0000] {logging_mixin.py:188} INFO - [2024-05-19T00:20:36.071+0000] {dagbag.py:545} INFO - Filling up the DagBag from /opt/airflow/dags/premier_league_matches.py
[2024-05-19T00:20:44.267+0000] {processor.py:840} INFO - DAG(s) 'last_premier_league_matches' retrieved from /opt/airflow/dags/premier_league_matches.py
[2024-05-19T00:20:44.432+0000] {logging_mixin.py:188} INFO - [2024-05-19T00:20:44.430+0000] {dag.py:3096} INFO - Sync 1 DAGs
[2024-05-19T00:20:44.562+0000] {logging_mixin.py:188} INFO - [2024-05-19T00:20:44.557+0000] {dag.py:3954} INFO - Setting next_dagrun for last_premier_league_matches to None, run_after=None
[2024-05-19T00:20:44.741+0000] {processor.py:183} INFO - Processing /opt/airflow/dags/premier_league_matches.py took 8.781 seconds
[2024-05-19T00:21:17.195+0000] {processor.py:161} INFO - Started process (PID=538) to work on /opt/airflow/dags/premier_league_matches.py
[2024-05-19T00:21:17.226+0000] {processor.py:830} INFO - Processing file /opt/airflow/dags/premier_league_matches.py for tasks to queue
[2024-05-19T00:21:17.265+0000] {logging_mixin.py:188} INFO - [2024-05-19T00:21:17.264+0000] {dagbag.py:545} INFO - Filling up the DagBag from /opt/airflow/dags/premier_league_matches.py
[2024-05-19T00:21:28.823+0000] {processor.py:840} INFO - DAG(s) 'last_premier_league_matches' retrieved from /opt/airflow/dags/premier_league_matches.py
[2024-05-19T00:21:29.052+0000] {logging_mixin.py:188} INFO - [2024-05-19T00:21:29.051+0000] {dag.py:3096} INFO - Sync 1 DAGs
[2024-05-19T00:21:29.247+0000] {logging_mixin.py:188} INFO - [2024-05-19T00:21:29.246+0000] {dag.py:3954} INFO - Setting next_dagrun for last_premier_league_matches to None, run_after=None
[2024-05-19T00:21:29.527+0000] {processor.py:183} INFO - Processing /opt/airflow/dags/premier_league_matches.py took 12.836 seconds
[2024-05-19T00:22:00.967+0000] {processor.py:161} INFO - Started process (PID=554) to work on /opt/airflow/dags/premier_league_matches.py
[2024-05-19T00:22:00.982+0000] {processor.py:830} INFO - Processing file /opt/airflow/dags/premier_league_matches.py for tasks to queue
[2024-05-19T00:22:00.992+0000] {logging_mixin.py:188} INFO - [2024-05-19T00:22:00.990+0000] {dagbag.py:545} INFO - Filling up the DagBag from /opt/airflow/dags/premier_league_matches.py
[2024-05-19T00:22:18.273+0000] {processor.py:840} INFO - DAG(s) 'last_premier_league_matches' retrieved from /opt/airflow/dags/premier_league_matches.py
[2024-05-19T00:22:18.719+0000] {logging_mixin.py:188} INFO - [2024-05-19T00:22:18.715+0000] {dag.py:3096} INFO - Sync 1 DAGs
[2024-05-19T00:22:18.965+0000] {logging_mixin.py:188} INFO - [2024-05-19T00:22:18.965+0000] {dag.py:3954} INFO - Setting next_dagrun for last_premier_league_matches to None, run_after=None
[2024-05-19T00:22:19.217+0000] {processor.py:183} INFO - Processing /opt/airflow/dags/premier_league_matches.py took 18.284 seconds
[2024-05-19T00:22:52.390+0000] {processor.py:161} INFO - Started process (PID=563) to work on /opt/airflow/dags/premier_league_matches.py
[2024-05-19T00:22:52.555+0000] {processor.py:830} INFO - Processing file /opt/airflow/dags/premier_league_matches.py for tasks to queue
[2024-05-19T00:22:52.621+0000] {logging_mixin.py:188} INFO - [2024-05-19T00:22:52.598+0000] {dagbag.py:545} INFO - Filling up the DagBag from /opt/airflow/dags/premier_league_matches.py
[2024-05-19T00:23:10.714+0000] {processor.py:840} INFO - DAG(s) 'last_premier_league_matches' retrieved from /opt/airflow/dags/premier_league_matches.py
[2024-05-19T00:23:11.203+0000] {logging_mixin.py:188} INFO - [2024-05-19T00:23:11.201+0000] {dag.py:3096} INFO - Sync 1 DAGs
[2024-05-19T00:23:11.538+0000] {logging_mixin.py:188} INFO - [2024-05-19T00:23:11.537+0000] {dag.py:3954} INFO - Setting next_dagrun for last_premier_league_matches to None, run_after=None
[2024-05-19T00:23:11.907+0000] {processor.py:183} INFO - Processing /opt/airflow/dags/premier_league_matches.py took 20.007 seconds
[2024-05-19T00:23:43.198+0000] {processor.py:161} INFO - Started process (PID=578) to work on /opt/airflow/dags/premier_league_matches.py
[2024-05-19T00:23:43.212+0000] {processor.py:830} INFO - Processing file /opt/airflow/dags/premier_league_matches.py for tasks to queue
[2024-05-19T00:23:43.252+0000] {logging_mixin.py:188} INFO - [2024-05-19T00:23:43.251+0000] {dagbag.py:545} INFO - Filling up the DagBag from /opt/airflow/dags/premier_league_matches.py
[2024-05-19T00:23:52.198+0000] {processor.py:840} INFO - DAG(s) 'last_premier_league_matches' retrieved from /opt/airflow/dags/premier_league_matches.py
[2024-05-19T00:23:52.304+0000] {logging_mixin.py:188} INFO - [2024-05-19T00:23:52.303+0000] {dag.py:3096} INFO - Sync 1 DAGs
[2024-05-19T00:23:52.359+0000] {logging_mixin.py:188} INFO - [2024-05-19T00:23:52.358+0000] {dag.py:3954} INFO - Setting next_dagrun for last_premier_league_matches to None, run_after=None
[2024-05-19T00:23:52.443+0000] {processor.py:183} INFO - Processing /opt/airflow/dags/premier_league_matches.py took 9.269 seconds
[2024-05-19T00:24:23.401+0000] {processor.py:161} INFO - Started process (PID=587) to work on /opt/airflow/dags/premier_league_matches.py
[2024-05-19T00:24:23.464+0000] {processor.py:830} INFO - Processing file /opt/airflow/dags/premier_league_matches.py for tasks to queue
[2024-05-19T00:24:23.492+0000] {logging_mixin.py:188} INFO - [2024-05-19T00:24:23.486+0000] {dagbag.py:545} INFO - Filling up the DagBag from /opt/airflow/dags/premier_league_matches.py
[2024-05-19T00:24:35.604+0000] {processor.py:840} INFO - DAG(s) 'last_premier_league_matches' retrieved from /opt/airflow/dags/premier_league_matches.py
[2024-05-19T00:24:35.959+0000] {logging_mixin.py:188} INFO - [2024-05-19T00:24:35.958+0000] {dag.py:3096} INFO - Sync 1 DAGs
[2024-05-19T00:24:36.075+0000] {logging_mixin.py:188} INFO - [2024-05-19T00:24:36.074+0000] {dag.py:3954} INFO - Setting next_dagrun for last_premier_league_matches to None, run_after=None
[2024-05-19T00:24:36.182+0000] {processor.py:183} INFO - Processing /opt/airflow/dags/premier_league_matches.py took 13.188 seconds
[2024-05-19T00:25:06.701+0000] {processor.py:161} INFO - Started process (PID=602) to work on /opt/airflow/dags/premier_league_matches.py
[2024-05-19T00:25:06.704+0000] {processor.py:830} INFO - Processing file /opt/airflow/dags/premier_league_matches.py for tasks to queue
[2024-05-19T00:25:06.707+0000] {logging_mixin.py:188} INFO - [2024-05-19T00:25:06.706+0000] {dagbag.py:545} INFO - Filling up the DagBag from /opt/airflow/dags/premier_league_matches.py
[2024-05-19T00:25:09.589+0000] {processor.py:840} INFO - DAG(s) 'last_premier_league_matches' retrieved from /opt/airflow/dags/premier_league_matches.py
[2024-05-19T00:25:09.714+0000] {logging_mixin.py:188} INFO - [2024-05-19T00:25:09.712+0000] {dag.py:3096} INFO - Sync 1 DAGs
[2024-05-19T00:25:09.784+0000] {logging_mixin.py:188} INFO - [2024-05-19T00:25:09.783+0000] {dag.py:3954} INFO - Setting next_dagrun for last_premier_league_matches to None, run_after=None
[2024-05-19T00:25:09.910+0000] {processor.py:183} INFO - Processing /opt/airflow/dags/premier_league_matches.py took 3.225 seconds
[2024-05-19T00:25:40.327+0000] {processor.py:161} INFO - Started process (PID=611) to work on /opt/airflow/dags/premier_league_matches.py
[2024-05-19T00:25:40.330+0000] {processor.py:830} INFO - Processing file /opt/airflow/dags/premier_league_matches.py for tasks to queue
[2024-05-19T00:25:40.338+0000] {logging_mixin.py:188} INFO - [2024-05-19T00:25:40.337+0000] {dagbag.py:545} INFO - Filling up the DagBag from /opt/airflow/dags/premier_league_matches.py
[2024-05-19T00:25:43.915+0000] {processor.py:840} INFO - DAG(s) 'last_premier_league_matches' retrieved from /opt/airflow/dags/premier_league_matches.py
[2024-05-19T00:25:44.080+0000] {logging_mixin.py:188} INFO - [2024-05-19T00:25:44.069+0000] {dag.py:3096} INFO - Sync 1 DAGs
[2024-05-19T00:25:44.225+0000] {logging_mixin.py:188} INFO - [2024-05-19T00:25:44.214+0000] {dag.py:3954} INFO - Setting next_dagrun for last_premier_league_matches to None, run_after=None
[2024-05-19T00:25:44.369+0000] {processor.py:183} INFO - Processing /opt/airflow/dags/premier_league_matches.py took 4.061 seconds
[2024-05-19T00:26:04.836+0000] {processor.py:161} INFO - Started process (PID=620) to work on /opt/airflow/dags/premier_league_matches.py
[2024-05-19T00:26:04.849+0000] {processor.py:830} INFO - Processing file /opt/airflow/dags/premier_league_matches.py for tasks to queue
[2024-05-19T00:26:04.856+0000] {logging_mixin.py:188} INFO - [2024-05-19T00:26:04.854+0000] {dagbag.py:545} INFO - Filling up the DagBag from /opt/airflow/dags/premier_league_matches.py
[2024-05-19T00:26:15.435+0000] {processor.py:840} INFO - DAG(s) 'last_premier_league_matches' retrieved from /opt/airflow/dags/premier_league_matches.py
[2024-05-19T00:26:15.769+0000] {logging_mixin.py:188} INFO - [2024-05-19T00:26:15.767+0000] {dag.py:3096} INFO - Sync 1 DAGs
[2024-05-19T00:26:15.955+0000] {logging_mixin.py:188} INFO - [2024-05-19T00:26:15.954+0000] {dag.py:3954} INFO - Setting next_dagrun for last_premier_league_matches to None, run_after=None
[2024-05-19T00:26:16.192+0000] {processor.py:183} INFO - Processing /opt/airflow/dags/premier_league_matches.py took 11.406 seconds
[2024-05-19T00:26:46.646+0000] {processor.py:161} INFO - Started process (PID=630) to work on /opt/airflow/dags/premier_league_matches.py
[2024-05-19T00:26:46.664+0000] {processor.py:830} INFO - Processing file /opt/airflow/dags/premier_league_matches.py for tasks to queue
[2024-05-19T00:26:46.680+0000] {logging_mixin.py:188} INFO - [2024-05-19T00:26:46.679+0000] {dagbag.py:545} INFO - Filling up the DagBag from /opt/airflow/dags/premier_league_matches.py
[2024-05-19T00:26:54.660+0000] {processor.py:840} INFO - DAG(s) 'last_premier_league_matches' retrieved from /opt/airflow/dags/premier_league_matches.py
[2024-05-19T00:26:54.861+0000] {logging_mixin.py:188} INFO - [2024-05-19T00:26:54.850+0000] {dag.py:3096} INFO - Sync 1 DAGs
[2024-05-19T00:26:54.946+0000] {logging_mixin.py:188} INFO - [2024-05-19T00:26:54.945+0000] {dag.py:3954} INFO - Setting next_dagrun for last_premier_league_matches to None, run_after=None
[2024-05-19T00:26:55.113+0000] {processor.py:183} INFO - Processing /opt/airflow/dags/premier_league_matches.py took 8.496 seconds
[2024-05-19T00:27:09.023+0000] {processor.py:161} INFO - Started process (PID=638) to work on /opt/airflow/dags/premier_league_matches.py
[2024-05-19T00:27:09.026+0000] {processor.py:830} INFO - Processing file /opt/airflow/dags/premier_league_matches.py for tasks to queue
[2024-05-19T00:27:09.030+0000] {logging_mixin.py:188} INFO - [2024-05-19T00:27:09.029+0000] {dagbag.py:545} INFO - Filling up the DagBag from /opt/airflow/dags/premier_league_matches.py
[2024-05-19T00:27:10.857+0000] {processor.py:840} INFO - DAG(s) 'last_premier_league_matches' retrieved from /opt/airflow/dags/premier_league_matches.py
[2024-05-19T00:27:10.918+0000] {logging_mixin.py:188} INFO - [2024-05-19T00:27:10.917+0000] {dag.py:3096} INFO - Sync 1 DAGs
[2024-05-19T00:27:10.948+0000] {logging_mixin.py:188} INFO - [2024-05-19T00:27:10.947+0000] {dag.py:3954} INFO - Setting next_dagrun for last_premier_league_matches to None, run_after=None
[2024-05-19T00:27:11.014+0000] {processor.py:183} INFO - Processing /opt/airflow/dags/premier_league_matches.py took 2.003 seconds
[2024-05-19T00:27:41.403+0000] {processor.py:161} INFO - Started process (PID=647) to work on /opt/airflow/dags/premier_league_matches.py
[2024-05-19T00:27:41.409+0000] {processor.py:830} INFO - Processing file /opt/airflow/dags/premier_league_matches.py for tasks to queue
[2024-05-19T00:27:41.416+0000] {logging_mixin.py:188} INFO - [2024-05-19T00:27:41.414+0000] {dagbag.py:545} INFO - Filling up the DagBag from /opt/airflow/dags/premier_league_matches.py
[2024-05-19T00:27:46.096+0000] {processor.py:840} INFO - DAG(s) 'last_premier_league_matches' retrieved from /opt/airflow/dags/premier_league_matches.py
[2024-05-19T00:27:46.176+0000] {logging_mixin.py:188} INFO - [2024-05-19T00:27:46.175+0000] {dag.py:3096} INFO - Sync 1 DAGs
[2024-05-19T00:27:46.233+0000] {logging_mixin.py:188} INFO - [2024-05-19T00:27:46.232+0000] {dag.py:3954} INFO - Setting next_dagrun for last_premier_league_matches to None, run_after=None
[2024-05-19T00:27:46.295+0000] {processor.py:183} INFO - Processing /opt/airflow/dags/premier_league_matches.py took 4.934 seconds
[2024-05-19T00:28:16.795+0000] {processor.py:161} INFO - Started process (PID=656) to work on /opt/airflow/dags/premier_league_matches.py
[2024-05-19T00:28:16.797+0000] {processor.py:830} INFO - Processing file /opt/airflow/dags/premier_league_matches.py for tasks to queue
[2024-05-19T00:28:16.798+0000] {logging_mixin.py:188} INFO - [2024-05-19T00:28:16.798+0000] {dagbag.py:545} INFO - Filling up the DagBag from /opt/airflow/dags/premier_league_matches.py
[2024-05-19T00:28:17.826+0000] {processor.py:840} INFO - DAG(s) 'last_premier_league_matches' retrieved from /opt/airflow/dags/premier_league_matches.py
[2024-05-19T00:28:17.863+0000] {logging_mixin.py:188} INFO - [2024-05-19T00:28:17.862+0000] {dag.py:3096} INFO - Sync 1 DAGs
[2024-05-19T00:28:17.882+0000] {logging_mixin.py:188} INFO - [2024-05-19T00:28:17.881+0000] {dag.py:3954} INFO - Setting next_dagrun for last_premier_league_matches to None, run_after=None
[2024-05-19T00:28:17.914+0000] {processor.py:183} INFO - Processing /opt/airflow/dags/premier_league_matches.py took 1.127 seconds
[2024-05-19T00:28:48.275+0000] {processor.py:161} INFO - Started process (PID=665) to work on /opt/airflow/dags/premier_league_matches.py
[2024-05-19T00:28:48.277+0000] {processor.py:830} INFO - Processing file /opt/airflow/dags/premier_league_matches.py for tasks to queue
[2024-05-19T00:28:48.278+0000] {logging_mixin.py:188} INFO - [2024-05-19T00:28:48.278+0000] {dagbag.py:545} INFO - Filling up the DagBag from /opt/airflow/dags/premier_league_matches.py
[2024-05-19T00:28:49.245+0000] {processor.py:840} INFO - DAG(s) 'last_premier_league_matches' retrieved from /opt/airflow/dags/premier_league_matches.py
[2024-05-19T00:28:49.281+0000] {logging_mixin.py:188} INFO - [2024-05-19T00:28:49.280+0000] {dag.py:3096} INFO - Sync 1 DAGs
[2024-05-19T00:28:49.298+0000] {logging_mixin.py:188} INFO - [2024-05-19T00:28:49.297+0000] {dag.py:3954} INFO - Setting next_dagrun for last_premier_league_matches to None, run_after=None
[2024-05-19T00:28:49.330+0000] {processor.py:183} INFO - Processing /opt/airflow/dags/premier_league_matches.py took 1.062 seconds
[2024-05-19T00:29:19.636+0000] {processor.py:161} INFO - Started process (PID=674) to work on /opt/airflow/dags/premier_league_matches.py
[2024-05-19T00:29:19.638+0000] {processor.py:830} INFO - Processing file /opt/airflow/dags/premier_league_matches.py for tasks to queue
[2024-05-19T00:29:19.640+0000] {logging_mixin.py:188} INFO - [2024-05-19T00:29:19.640+0000] {dagbag.py:545} INFO - Filling up the DagBag from /opt/airflow/dags/premier_league_matches.py
[2024-05-19T00:29:21.507+0000] {processor.py:840} INFO - DAG(s) 'last_premier_league_matches' retrieved from /opt/airflow/dags/premier_league_matches.py
[2024-05-19T00:29:21.540+0000] {logging_mixin.py:188} INFO - [2024-05-19T00:29:21.539+0000] {dag.py:3096} INFO - Sync 1 DAGs
[2024-05-19T00:29:21.558+0000] {logging_mixin.py:188} INFO - [2024-05-19T00:29:21.557+0000] {dag.py:3954} INFO - Setting next_dagrun for last_premier_league_matches to None, run_after=None
[2024-05-19T00:29:21.594+0000] {processor.py:183} INFO - Processing /opt/airflow/dags/premier_league_matches.py took 1.970 seconds
[2024-05-19T00:29:30.978+0000] {processor.py:161} INFO - Started process (PID=677) to work on /opt/airflow/dags/premier_league_matches.py
[2024-05-19T00:29:30.980+0000] {processor.py:830} INFO - Processing file /opt/airflow/dags/premier_league_matches.py for tasks to queue
[2024-05-19T00:29:30.982+0000] {logging_mixin.py:188} INFO - [2024-05-19T00:29:30.981+0000] {dagbag.py:545} INFO - Filling up the DagBag from /opt/airflow/dags/premier_league_matches.py
[2024-05-19T00:29:31.926+0000] {processor.py:840} INFO - DAG(s) 'last_premier_league_matches' retrieved from /opt/airflow/dags/premier_league_matches.py
[2024-05-19T00:29:31.960+0000] {logging_mixin.py:188} INFO - [2024-05-19T00:29:31.959+0000] {dag.py:3096} INFO - Sync 1 DAGs
[2024-05-19T00:29:31.976+0000] {logging_mixin.py:188} INFO - [2024-05-19T00:29:31.976+0000] {dag.py:3954} INFO - Setting next_dagrun for last_premier_league_matches to None, run_after=None
[2024-05-19T00:29:32.014+0000] {processor.py:183} INFO - Processing /opt/airflow/dags/premier_league_matches.py took 1.046 seconds
[2024-05-19T00:30:02.433+0000] {processor.py:161} INFO - Started process (PID=686) to work on /opt/airflow/dags/premier_league_matches.py
[2024-05-19T00:30:02.435+0000] {processor.py:830} INFO - Processing file /opt/airflow/dags/premier_league_matches.py for tasks to queue
[2024-05-19T00:30:02.439+0000] {logging_mixin.py:188} INFO - [2024-05-19T00:30:02.438+0000] {dagbag.py:545} INFO - Filling up the DagBag from /opt/airflow/dags/premier_league_matches.py
[2024-05-19T00:30:03.739+0000] {processor.py:840} INFO - DAG(s) 'last_premier_league_matches' retrieved from /opt/airflow/dags/premier_league_matches.py
[2024-05-19T00:30:03.776+0000] {logging_mixin.py:188} INFO - [2024-05-19T00:30:03.775+0000] {dag.py:3096} INFO - Sync 1 DAGs
[2024-05-19T00:30:03.797+0000] {logging_mixin.py:188} INFO - [2024-05-19T00:30:03.796+0000] {dag.py:3954} INFO - Setting next_dagrun for last_premier_league_matches to None, run_after=None
[2024-05-19T00:30:03.833+0000] {processor.py:183} INFO - Processing /opt/airflow/dags/premier_league_matches.py took 1.411 seconds
[2024-05-19T00:30:34.204+0000] {processor.py:161} INFO - Started process (PID=695) to work on /opt/airflow/dags/premier_league_matches.py
[2024-05-19T00:30:34.206+0000] {processor.py:830} INFO - Processing file /opt/airflow/dags/premier_league_matches.py for tasks to queue
[2024-05-19T00:30:34.207+0000] {logging_mixin.py:188} INFO - [2024-05-19T00:30:34.207+0000] {dagbag.py:545} INFO - Filling up the DagBag from /opt/airflow/dags/premier_league_matches.py
[2024-05-19T00:30:35.289+0000] {processor.py:840} INFO - DAG(s) 'last_premier_league_matches' retrieved from /opt/airflow/dags/premier_league_matches.py
[2024-05-19T00:30:35.321+0000] {logging_mixin.py:188} INFO - [2024-05-19T00:30:35.320+0000] {dag.py:3096} INFO - Sync 1 DAGs
[2024-05-19T00:30:35.337+0000] {logging_mixin.py:188} INFO - [2024-05-19T00:30:35.336+0000] {dag.py:3954} INFO - Setting next_dagrun for last_premier_league_matches to None, run_after=None
[2024-05-19T00:30:35.369+0000] {processor.py:183} INFO - Processing /opt/airflow/dags/premier_league_matches.py took 1.173 seconds
[2024-05-19T00:31:06.007+0000] {processor.py:161} INFO - Started process (PID=710) to work on /opt/airflow/dags/premier_league_matches.py
[2024-05-19T00:31:06.045+0000] {processor.py:830} INFO - Processing file /opt/airflow/dags/premier_league_matches.py for tasks to queue
[2024-05-19T00:31:06.108+0000] {logging_mixin.py:188} INFO - [2024-05-19T00:31:06.106+0000] {dagbag.py:545} INFO - Filling up the DagBag from /opt/airflow/dags/premier_league_matches.py
[2024-05-19T00:31:08.524+0000] {processor.py:840} INFO - DAG(s) 'last_premier_league_matches' retrieved from /opt/airflow/dags/premier_league_matches.py
[2024-05-19T00:31:08.606+0000] {logging_mixin.py:188} INFO - [2024-05-19T00:31:08.605+0000] {dag.py:3096} INFO - Sync 1 DAGs
[2024-05-19T00:31:08.646+0000] {logging_mixin.py:188} INFO - [2024-05-19T00:31:08.646+0000] {dag.py:3954} INFO - Setting next_dagrun for last_premier_league_matches to None, run_after=None
[2024-05-19T00:31:08.715+0000] {processor.py:183} INFO - Processing /opt/airflow/dags/premier_league_matches.py took 2.745 seconds
[2024-05-19T00:31:39.360+0000] {processor.py:161} INFO - Started process (PID=719) to work on /opt/airflow/dags/premier_league_matches.py
[2024-05-19T00:31:39.363+0000] {processor.py:830} INFO - Processing file /opt/airflow/dags/premier_league_matches.py for tasks to queue
[2024-05-19T00:31:39.367+0000] {logging_mixin.py:188} INFO - [2024-05-19T00:31:39.366+0000] {dagbag.py:545} INFO - Filling up the DagBag from /opt/airflow/dags/premier_league_matches.py
[2024-05-19T00:31:40.990+0000] {processor.py:840} INFO - DAG(s) 'last_premier_league_matches' retrieved from /opt/airflow/dags/premier_league_matches.py
[2024-05-19T00:31:41.047+0000] {logging_mixin.py:188} INFO - [2024-05-19T00:31:41.046+0000] {dag.py:3096} INFO - Sync 1 DAGs
[2024-05-19T00:31:41.082+0000] {logging_mixin.py:188} INFO - [2024-05-19T00:31:41.081+0000] {dag.py:3954} INFO - Setting next_dagrun for last_premier_league_matches to None, run_after=None
[2024-05-19T00:31:41.135+0000] {processor.py:183} INFO - Processing /opt/airflow/dags/premier_league_matches.py took 1.787 seconds
[2024-05-19T00:32:11.381+0000] {processor.py:161} INFO - Started process (PID=728) to work on /opt/airflow/dags/premier_league_matches.py
[2024-05-19T00:32:11.383+0000] {processor.py:830} INFO - Processing file /opt/airflow/dags/premier_league_matches.py for tasks to queue
[2024-05-19T00:32:11.385+0000] {logging_mixin.py:188} INFO - [2024-05-19T00:32:11.384+0000] {dagbag.py:545} INFO - Filling up the DagBag from /opt/airflow/dags/premier_league_matches.py
[2024-05-19T00:32:12.365+0000] {processor.py:840} INFO - DAG(s) 'last_premier_league_matches' retrieved from /opt/airflow/dags/premier_league_matches.py
[2024-05-19T00:32:12.401+0000] {logging_mixin.py:188} INFO - [2024-05-19T00:32:12.401+0000] {dag.py:3096} INFO - Sync 1 DAGs
[2024-05-19T00:32:12.419+0000] {logging_mixin.py:188} INFO - [2024-05-19T00:32:12.419+0000] {dag.py:3954} INFO - Setting next_dagrun for last_premier_league_matches to None, run_after=None
[2024-05-19T00:32:12.494+0000] {processor.py:183} INFO - Processing /opt/airflow/dags/premier_league_matches.py took 1.120 seconds
[2024-05-19T00:32:42.574+0000] {processor.py:161} INFO - Started process (PID=737) to work on /opt/airflow/dags/premier_league_matches.py
[2024-05-19T00:32:42.576+0000] {processor.py:830} INFO - Processing file /opt/airflow/dags/premier_league_matches.py for tasks to queue
[2024-05-19T00:32:42.577+0000] {logging_mixin.py:188} INFO - [2024-05-19T00:32:42.577+0000] {dagbag.py:545} INFO - Filling up the DagBag from /opt/airflow/dags/premier_league_matches.py
[2024-05-19T00:32:43.670+0000] {processor.py:840} INFO - DAG(s) 'last_premier_league_matches' retrieved from /opt/airflow/dags/premier_league_matches.py
[2024-05-19T00:32:43.707+0000] {logging_mixin.py:188} INFO - [2024-05-19T00:32:43.706+0000] {dag.py:3096} INFO - Sync 1 DAGs
[2024-05-19T00:32:43.728+0000] {logging_mixin.py:188} INFO - [2024-05-19T00:32:43.728+0000] {dag.py:3954} INFO - Setting next_dagrun for last_premier_league_matches to None, run_after=None
[2024-05-19T00:32:43.769+0000] {processor.py:183} INFO - Processing /opt/airflow/dags/premier_league_matches.py took 1.201 seconds
[2024-05-19T00:32:44.882+0000] {processor.py:161} INFO - Started process (PID=739) to work on /opt/airflow/dags/premier_league_matches.py
[2024-05-19T00:32:44.883+0000] {processor.py:830} INFO - Processing file /opt/airflow/dags/premier_league_matches.py for tasks to queue
[2024-05-19T00:32:44.885+0000] {logging_mixin.py:188} INFO - [2024-05-19T00:32:44.885+0000] {dagbag.py:545} INFO - Filling up the DagBag from /opt/airflow/dags/premier_league_matches.py
[2024-05-19T00:32:46.813+0000] {processor.py:840} INFO - DAG(s) 'last_premier_league_matches' retrieved from /opt/airflow/dags/premier_league_matches.py
[2024-05-19T00:32:46.848+0000] {logging_mixin.py:188} INFO - [2024-05-19T00:32:46.846+0000] {dag.py:3096} INFO - Sync 1 DAGs
[2024-05-19T00:32:46.865+0000] {logging_mixin.py:188} INFO - [2024-05-19T00:32:46.865+0000] {dag.py:3954} INFO - Setting next_dagrun for last_premier_league_matches to None, run_after=None
[2024-05-19T00:32:46.912+0000] {processor.py:183} INFO - Processing /opt/airflow/dags/premier_league_matches.py took 2.039 seconds
[2024-05-19T00:33:17.419+0000] {processor.py:161} INFO - Started process (PID=748) to work on /opt/airflow/dags/premier_league_matches.py
[2024-05-19T00:33:17.420+0000] {processor.py:830} INFO - Processing file /opt/airflow/dags/premier_league_matches.py for tasks to queue
[2024-05-19T00:33:17.422+0000] {logging_mixin.py:188} INFO - [2024-05-19T00:33:17.421+0000] {dagbag.py:545} INFO - Filling up the DagBag from /opt/airflow/dags/premier_league_matches.py
[2024-05-19T00:33:18.363+0000] {processor.py:840} INFO - DAG(s) 'last_premier_league_matches' retrieved from /opt/airflow/dags/premier_league_matches.py
[2024-05-19T00:33:18.392+0000] {logging_mixin.py:188} INFO - [2024-05-19T00:33:18.391+0000] {dag.py:3096} INFO - Sync 1 DAGs
[2024-05-19T00:33:18.410+0000] {logging_mixin.py:188} INFO - [2024-05-19T00:33:18.409+0000] {dag.py:3954} INFO - Setting next_dagrun for last_premier_league_matches to None, run_after=None
[2024-05-19T00:33:18.440+0000] {processor.py:183} INFO - Processing /opt/airflow/dags/premier_league_matches.py took 1.029 seconds
[2024-05-19T00:33:21.586+0000] {processor.py:161} INFO - Started process (PID=750) to work on /opt/airflow/dags/premier_league_matches.py
[2024-05-19T00:33:21.587+0000] {processor.py:830} INFO - Processing file /opt/airflow/dags/premier_league_matches.py for tasks to queue
[2024-05-19T00:33:21.589+0000] {logging_mixin.py:188} INFO - [2024-05-19T00:33:21.589+0000] {dagbag.py:545} INFO - Filling up the DagBag from /opt/airflow/dags/premier_league_matches.py
[2024-05-19T00:33:22.860+0000] {processor.py:840} INFO - DAG(s) 'last_premier_league_matches' retrieved from /opt/airflow/dags/premier_league_matches.py
[2024-05-19T00:33:22.921+0000] {logging_mixin.py:188} INFO - [2024-05-19T00:33:22.920+0000] {dag.py:3096} INFO - Sync 1 DAGs
[2024-05-19T00:33:22.949+0000] {logging_mixin.py:188} INFO - [2024-05-19T00:33:22.949+0000] {dag.py:3954} INFO - Setting next_dagrun for last_premier_league_matches to None, run_after=None
[2024-05-19T00:33:23.005+0000] {processor.py:183} INFO - Processing /opt/airflow/dags/premier_league_matches.py took 1.427 seconds
[2024-05-19T00:33:53.195+0000] {processor.py:161} INFO - Started process (PID=759) to work on /opt/airflow/dags/premier_league_matches.py
[2024-05-19T00:33:53.197+0000] {processor.py:830} INFO - Processing file /opt/airflow/dags/premier_league_matches.py for tasks to queue
[2024-05-19T00:33:53.199+0000] {logging_mixin.py:188} INFO - [2024-05-19T00:33:53.199+0000] {dagbag.py:545} INFO - Filling up the DagBag from /opt/airflow/dags/premier_league_matches.py
[2024-05-19T00:33:54.185+0000] {processor.py:840} INFO - DAG(s) 'last_premier_league_matches' retrieved from /opt/airflow/dags/premier_league_matches.py
[2024-05-19T00:33:54.219+0000] {logging_mixin.py:188} INFO - [2024-05-19T00:33:54.219+0000] {dag.py:3096} INFO - Sync 1 DAGs
[2024-05-19T00:33:54.240+0000] {logging_mixin.py:188} INFO - [2024-05-19T00:33:54.239+0000] {dag.py:3954} INFO - Setting next_dagrun for last_premier_league_matches to None, run_after=None
[2024-05-19T00:33:54.274+0000] {processor.py:183} INFO - Processing /opt/airflow/dags/premier_league_matches.py took 1.092 seconds
[2024-05-19T00:34:24.666+0000] {processor.py:161} INFO - Started process (PID=768) to work on /opt/airflow/dags/premier_league_matches.py
[2024-05-19T00:34:24.669+0000] {processor.py:830} INFO - Processing file /opt/airflow/dags/premier_league_matches.py for tasks to queue
[2024-05-19T00:34:24.672+0000] {logging_mixin.py:188} INFO - [2024-05-19T00:34:24.671+0000] {dagbag.py:545} INFO - Filling up the DagBag from /opt/airflow/dags/premier_league_matches.py
[2024-05-19T00:34:25.823+0000] {processor.py:840} INFO - DAG(s) 'last_premier_league_matches' retrieved from /opt/airflow/dags/premier_league_matches.py
[2024-05-19T00:34:25.868+0000] {logging_mixin.py:188} INFO - [2024-05-19T00:34:25.867+0000] {dag.py:3096} INFO - Sync 1 DAGs
[2024-05-19T00:34:25.891+0000] {logging_mixin.py:188} INFO - [2024-05-19T00:34:25.891+0000] {dag.py:3954} INFO - Setting next_dagrun for last_premier_league_matches to None, run_after=None
[2024-05-19T00:34:25.943+0000] {processor.py:183} INFO - Processing /opt/airflow/dags/premier_league_matches.py took 1.287 seconds
[2024-05-19T00:34:56.199+0000] {processor.py:161} INFO - Started process (PID=777) to work on /opt/airflow/dags/premier_league_matches.py
[2024-05-19T00:34:56.201+0000] {processor.py:830} INFO - Processing file /opt/airflow/dags/premier_league_matches.py for tasks to queue
[2024-05-19T00:34:56.204+0000] {logging_mixin.py:188} INFO - [2024-05-19T00:34:56.203+0000] {dagbag.py:545} INFO - Filling up the DagBag from /opt/airflow/dags/premier_league_matches.py
[2024-05-19T00:34:58.378+0000] {processor.py:840} INFO - DAG(s) 'last_premier_league_matches' retrieved from /opt/airflow/dags/premier_league_matches.py
[2024-05-19T00:34:58.467+0000] {logging_mixin.py:188} INFO - [2024-05-19T00:34:58.464+0000] {dag.py:3096} INFO - Sync 1 DAGs
[2024-05-19T00:34:58.542+0000] {logging_mixin.py:188} INFO - [2024-05-19T00:34:58.542+0000] {dag.py:3954} INFO - Setting next_dagrun for last_premier_league_matches to None, run_after=None
[2024-05-19T00:34:58.620+0000] {processor.py:183} INFO - Processing /opt/airflow/dags/premier_league_matches.py took 2.435 seconds
[2024-05-19T00:35:29.246+0000] {processor.py:161} INFO - Started process (PID=786) to work on /opt/airflow/dags/premier_league_matches.py
[2024-05-19T00:35:29.249+0000] {processor.py:830} INFO - Processing file /opt/airflow/dags/premier_league_matches.py for tasks to queue
[2024-05-19T00:35:29.252+0000] {logging_mixin.py:188} INFO - [2024-05-19T00:35:29.251+0000] {dagbag.py:545} INFO - Filling up the DagBag from /opt/airflow/dags/premier_league_matches.py
[2024-05-19T00:35:32.796+0000] {processor.py:840} INFO - DAG(s) 'last_premier_league_matches' retrieved from /opt/airflow/dags/premier_league_matches.py
[2024-05-19T00:35:32.863+0000] {logging_mixin.py:188} INFO - [2024-05-19T00:35:32.862+0000] {dag.py:3096} INFO - Sync 1 DAGs
[2024-05-19T00:35:32.894+0000] {logging_mixin.py:188} INFO - [2024-05-19T00:35:32.893+0000] {dag.py:3954} INFO - Setting next_dagrun for last_premier_league_matches to None, run_after=None
[2024-05-19T00:35:32.991+0000] {processor.py:183} INFO - Processing /opt/airflow/dags/premier_league_matches.py took 3.761 seconds
[2024-05-19T00:36:03.514+0000] {processor.py:161} INFO - Started process (PID=796) to work on /opt/airflow/dags/premier_league_matches.py
[2024-05-19T00:36:03.515+0000] {processor.py:830} INFO - Processing file /opt/airflow/dags/premier_league_matches.py for tasks to queue
[2024-05-19T00:36:03.518+0000] {logging_mixin.py:188} INFO - [2024-05-19T00:36:03.518+0000] {dagbag.py:545} INFO - Filling up the DagBag from /opt/airflow/dags/premier_league_matches.py
[2024-05-19T00:36:04.815+0000] {processor.py:840} INFO - DAG(s) 'last_premier_league_matches' retrieved from /opt/airflow/dags/premier_league_matches.py
[2024-05-19T00:36:04.852+0000] {logging_mixin.py:188} INFO - [2024-05-19T00:36:04.851+0000] {dag.py:3096} INFO - Sync 1 DAGs
[2024-05-19T00:36:04.876+0000] {logging_mixin.py:188} INFO - [2024-05-19T00:36:04.876+0000] {dag.py:3954} INFO - Setting next_dagrun for last_premier_league_matches to None, run_after=None
[2024-05-19T00:36:04.918+0000] {processor.py:183} INFO - Processing /opt/airflow/dags/premier_league_matches.py took 1.415 seconds
[2024-05-19T00:36:35.015+0000] {processor.py:161} INFO - Started process (PID=805) to work on /opt/airflow/dags/premier_league_matches.py
[2024-05-19T00:36:35.016+0000] {processor.py:830} INFO - Processing file /opt/airflow/dags/premier_league_matches.py for tasks to queue
[2024-05-19T00:36:35.018+0000] {logging_mixin.py:188} INFO - [2024-05-19T00:36:35.017+0000] {dagbag.py:545} INFO - Filling up the DagBag from /opt/airflow/dags/premier_league_matches.py
[2024-05-19T00:36:36.179+0000] {processor.py:840} INFO - DAG(s) 'last_premier_league_matches' retrieved from /opt/airflow/dags/premier_league_matches.py
[2024-05-19T00:36:36.225+0000] {logging_mixin.py:188} INFO - [2024-05-19T00:36:36.224+0000] {dag.py:3096} INFO - Sync 1 DAGs
[2024-05-19T00:36:36.244+0000] {logging_mixin.py:188} INFO - [2024-05-19T00:36:36.244+0000] {dag.py:3954} INFO - Setting next_dagrun for last_premier_league_matches to None, run_after=None
[2024-05-19T00:36:36.300+0000] {processor.py:183} INFO - Processing /opt/airflow/dags/premier_league_matches.py took 1.292 seconds
