[2024-05-19T00:00:30.986+0000] {processor.py:161} INFO - Started process (PID=198) to work on /opt/airflow/dags/primer_dag.py
[2024-05-19T00:00:30.999+0000] {processor.py:830} INFO - Processing file /opt/airflow/dags/primer_dag.py for tasks to queue
[2024-05-19T00:00:31.016+0000] {logging_mixin.py:188} INFO - [2024-05-19T00:00:31.015+0000] {dagbag.py:545} INFO - Filling up the DagBag from /opt/airflow/dags/primer_dag.py
[2024-05-19T00:00:31.321+0000] {processor.py:840} INFO - DAG(s) 'primer_dag' retrieved from /opt/airflow/dags/primer_dag.py
[2024-05-19T00:00:31.747+0000] {logging_mixin.py:188} INFO - [2024-05-19T00:00:31.746+0000] {dag.py:3096} INFO - Sync 1 DAGs
[2024-05-19T00:00:32.254+0000] {logging_mixin.py:188} INFO - [2024-05-19T00:00:32.250+0000] {dag.py:3954} INFO - Setting next_dagrun for primer_dag to 2024-05-17 09:00:00+00:00, run_after=2024-05-18 09:00:00+00:00
[2024-05-19T00:00:32.983+0000] {processor.py:183} INFO - Processing /opt/airflow/dags/primer_dag.py took 2.022 seconds
[2024-05-19T00:01:03.791+0000] {processor.py:161} INFO - Started process (PID=207) to work on /opt/airflow/dags/primer_dag.py
[2024-05-19T00:01:03.806+0000] {processor.py:830} INFO - Processing file /opt/airflow/dags/primer_dag.py for tasks to queue
[2024-05-19T00:01:03.817+0000] {logging_mixin.py:188} INFO - [2024-05-19T00:01:03.816+0000] {dagbag.py:545} INFO - Filling up the DagBag from /opt/airflow/dags/primer_dag.py
[2024-05-19T00:01:04.267+0000] {processor.py:840} INFO - DAG(s) 'primer_dag' retrieved from /opt/airflow/dags/primer_dag.py
[2024-05-19T00:01:04.582+0000] {logging_mixin.py:188} INFO - [2024-05-19T00:01:04.581+0000] {dag.py:3096} INFO - Sync 1 DAGs
[2024-05-19T00:01:04.999+0000] {logging_mixin.py:188} INFO - [2024-05-19T00:01:04.998+0000] {dag.py:3954} INFO - Setting next_dagrun for primer_dag to 2024-05-17 09:00:00+00:00, run_after=2024-05-18 09:00:00+00:00
[2024-05-19T00:01:05.257+0000] {processor.py:183} INFO - Processing /opt/airflow/dags/primer_dag.py took 1.569 seconds
[2024-05-19T00:01:36.538+0000] {processor.py:161} INFO - Started process (PID=215) to work on /opt/airflow/dags/primer_dag.py
[2024-05-19T00:01:36.558+0000] {processor.py:830} INFO - Processing file /opt/airflow/dags/primer_dag.py for tasks to queue
[2024-05-19T00:01:36.596+0000] {logging_mixin.py:188} INFO - [2024-05-19T00:01:36.595+0000] {dagbag.py:545} INFO - Filling up the DagBag from /opt/airflow/dags/primer_dag.py
[2024-05-19T00:01:37.229+0000] {processor.py:840} INFO - DAG(s) 'primer_dag' retrieved from /opt/airflow/dags/primer_dag.py
[2024-05-19T00:01:37.457+0000] {logging_mixin.py:188} INFO - [2024-05-19T00:01:37.456+0000] {dag.py:3096} INFO - Sync 1 DAGs
[2024-05-19T00:01:37.745+0000] {logging_mixin.py:188} INFO - [2024-05-19T00:01:37.745+0000] {dag.py:3954} INFO - Setting next_dagrun for primer_dag to 2024-05-17 09:00:00+00:00, run_after=2024-05-18 09:00:00+00:00
[2024-05-19T00:01:37.941+0000] {processor.py:183} INFO - Processing /opt/airflow/dags/primer_dag.py took 1.441 seconds
[2024-05-19T00:02:08.591+0000] {processor.py:161} INFO - Started process (PID=223) to work on /opt/airflow/dags/primer_dag.py
[2024-05-19T00:02:08.599+0000] {processor.py:830} INFO - Processing file /opt/airflow/dags/primer_dag.py for tasks to queue
[2024-05-19T00:02:08.612+0000] {logging_mixin.py:188} INFO - [2024-05-19T00:02:08.606+0000] {dagbag.py:545} INFO - Filling up the DagBag from /opt/airflow/dags/primer_dag.py
[2024-05-19T00:02:08.862+0000] {processor.py:840} INFO - DAG(s) 'primer_dag' retrieved from /opt/airflow/dags/primer_dag.py
[2024-05-19T00:02:09.067+0000] {logging_mixin.py:188} INFO - [2024-05-19T00:02:09.066+0000] {dag.py:3096} INFO - Sync 1 DAGs
[2024-05-19T00:02:09.267+0000] {logging_mixin.py:188} INFO - [2024-05-19T00:02:09.262+0000] {dag.py:3954} INFO - Setting next_dagrun for primer_dag to 2024-05-17 09:00:00+00:00, run_after=2024-05-18 09:00:00+00:00
[2024-05-19T00:02:09.434+0000] {processor.py:183} INFO - Processing /opt/airflow/dags/primer_dag.py took 0.887 seconds
[2024-05-19T00:02:41.491+0000] {processor.py:161} INFO - Started process (PID=232) to work on /opt/airflow/dags/primer_dag.py
[2024-05-19T00:02:41.529+0000] {processor.py:830} INFO - Processing file /opt/airflow/dags/primer_dag.py for tasks to queue
[2024-05-19T00:02:41.562+0000] {logging_mixin.py:188} INFO - [2024-05-19T00:02:41.560+0000] {dagbag.py:545} INFO - Filling up the DagBag from /opt/airflow/dags/primer_dag.py
[2024-05-19T00:02:42.099+0000] {processor.py:840} INFO - DAG(s) 'primer_dag' retrieved from /opt/airflow/dags/primer_dag.py
[2024-05-19T00:02:42.588+0000] {logging_mixin.py:188} INFO - [2024-05-19T00:02:42.587+0000] {dag.py:3096} INFO - Sync 1 DAGs
[2024-05-19T00:02:42.954+0000] {logging_mixin.py:188} INFO - [2024-05-19T00:02:42.953+0000] {dag.py:3954} INFO - Setting next_dagrun for primer_dag to 2024-05-17 09:00:00+00:00, run_after=2024-05-18 09:00:00+00:00
[2024-05-19T00:02:43.530+0000] {processor.py:183} INFO - Processing /opt/airflow/dags/primer_dag.py took 2.073 seconds
[2024-05-19T00:03:16.226+0000] {processor.py:161} INFO - Started process (PID=241) to work on /opt/airflow/dags/primer_dag.py
[2024-05-19T00:03:16.232+0000] {processor.py:830} INFO - Processing file /opt/airflow/dags/primer_dag.py for tasks to queue
[2024-05-19T00:03:16.245+0000] {logging_mixin.py:188} INFO - [2024-05-19T00:03:16.244+0000] {dagbag.py:545} INFO - Filling up the DagBag from /opt/airflow/dags/primer_dag.py
[2024-05-19T00:03:16.827+0000] {processor.py:840} INFO - DAG(s) 'primer_dag' retrieved from /opt/airflow/dags/primer_dag.py
[2024-05-19T00:03:17.193+0000] {logging_mixin.py:188} INFO - [2024-05-19T00:03:17.193+0000] {dag.py:3096} INFO - Sync 1 DAGs
[2024-05-19T00:03:17.553+0000] {logging_mixin.py:188} INFO - [2024-05-19T00:03:17.552+0000] {dag.py:3954} INFO - Setting next_dagrun for primer_dag to 2024-05-17 09:00:00+00:00, run_after=2024-05-18 09:00:00+00:00
[2024-05-19T00:03:17.852+0000] {processor.py:183} INFO - Processing /opt/airflow/dags/primer_dag.py took 1.961 seconds
[2024-05-19T00:03:49.559+0000] {processor.py:161} INFO - Started process (PID=250) to work on /opt/airflow/dags/primer_dag.py
[2024-05-19T00:03:49.591+0000] {processor.py:830} INFO - Processing file /opt/airflow/dags/primer_dag.py for tasks to queue
[2024-05-19T00:03:49.610+0000] {logging_mixin.py:188} INFO - [2024-05-19T00:03:49.609+0000] {dagbag.py:545} INFO - Filling up the DagBag from /opt/airflow/dags/primer_dag.py
[2024-05-19T00:03:50.002+0000] {processor.py:840} INFO - DAG(s) 'primer_dag' retrieved from /opt/airflow/dags/primer_dag.py
[2024-05-19T00:03:50.331+0000] {logging_mixin.py:188} INFO - [2024-05-19T00:03:50.330+0000] {dag.py:3096} INFO - Sync 1 DAGs
[2024-05-19T00:03:50.695+0000] {logging_mixin.py:188} INFO - [2024-05-19T00:03:50.694+0000] {dag.py:3954} INFO - Setting next_dagrun for primer_dag to 2024-05-17 09:00:00+00:00, run_after=2024-05-18 09:00:00+00:00
[2024-05-19T00:03:50.997+0000] {processor.py:183} INFO - Processing /opt/airflow/dags/primer_dag.py took 1.483 seconds
[2024-05-19T00:04:22.100+0000] {processor.py:161} INFO - Started process (PID=259) to work on /opt/airflow/dags/primer_dag.py
[2024-05-19T00:04:22.105+0000] {processor.py:830} INFO - Processing file /opt/airflow/dags/primer_dag.py for tasks to queue
[2024-05-19T00:04:22.131+0000] {logging_mixin.py:188} INFO - [2024-05-19T00:04:22.130+0000] {dagbag.py:545} INFO - Filling up the DagBag from /opt/airflow/dags/primer_dag.py
[2024-05-19T00:04:22.486+0000] {processor.py:840} INFO - DAG(s) 'primer_dag' retrieved from /opt/airflow/dags/primer_dag.py
[2024-05-19T00:04:22.689+0000] {logging_mixin.py:188} INFO - [2024-05-19T00:04:22.688+0000] {dag.py:3096} INFO - Sync 1 DAGs
[2024-05-19T00:04:22.898+0000] {logging_mixin.py:188} INFO - [2024-05-19T00:04:22.898+0000] {dag.py:3954} INFO - Setting next_dagrun for primer_dag to 2024-05-17 09:00:00+00:00, run_after=2024-05-18 09:00:00+00:00
[2024-05-19T00:04:23.153+0000] {processor.py:183} INFO - Processing /opt/airflow/dags/primer_dag.py took 1.102 seconds
[2024-05-19T00:04:54.159+0000] {processor.py:161} INFO - Started process (PID=267) to work on /opt/airflow/dags/primer_dag.py
[2024-05-19T00:04:54.163+0000] {processor.py:830} INFO - Processing file /opt/airflow/dags/primer_dag.py for tasks to queue
[2024-05-19T00:04:54.169+0000] {logging_mixin.py:188} INFO - [2024-05-19T00:04:54.168+0000] {dagbag.py:545} INFO - Filling up the DagBag from /opt/airflow/dags/primer_dag.py
[2024-05-19T00:04:54.413+0000] {processor.py:840} INFO - DAG(s) 'primer_dag' retrieved from /opt/airflow/dags/primer_dag.py
[2024-05-19T00:04:54.690+0000] {logging_mixin.py:188} INFO - [2024-05-19T00:04:54.679+0000] {dag.py:3096} INFO - Sync 1 DAGs
[2024-05-19T00:04:54.990+0000] {logging_mixin.py:188} INFO - [2024-05-19T00:04:54.989+0000] {dag.py:3954} INFO - Setting next_dagrun for primer_dag to 2024-05-17 09:00:00+00:00, run_after=2024-05-18 09:00:00+00:00
[2024-05-19T00:04:55.275+0000] {processor.py:183} INFO - Processing /opt/airflow/dags/primer_dag.py took 1.149 seconds
[2024-05-19T00:05:26.407+0000] {processor.py:161} INFO - Started process (PID=274) to work on /opt/airflow/dags/primer_dag.py
[2024-05-19T00:05:26.414+0000] {processor.py:830} INFO - Processing file /opt/airflow/dags/primer_dag.py for tasks to queue
[2024-05-19T00:05:26.430+0000] {logging_mixin.py:188} INFO - [2024-05-19T00:05:26.429+0000] {dagbag.py:545} INFO - Filling up the DagBag from /opt/airflow/dags/primer_dag.py
[2024-05-19T00:05:26.786+0000] {processor.py:840} INFO - DAG(s) 'primer_dag' retrieved from /opt/airflow/dags/primer_dag.py
[2024-05-19T00:05:27.133+0000] {logging_mixin.py:188} INFO - [2024-05-19T00:05:27.119+0000] {dag.py:3096} INFO - Sync 1 DAGs
[2024-05-19T00:05:27.397+0000] {logging_mixin.py:188} INFO - [2024-05-19T00:05:27.397+0000] {dag.py:3954} INFO - Setting next_dagrun for primer_dag to 2024-05-17 09:00:00+00:00, run_after=2024-05-18 09:00:00+00:00
[2024-05-19T00:05:27.573+0000] {processor.py:183} INFO - Processing /opt/airflow/dags/primer_dag.py took 1.216 seconds
[2024-05-19T00:05:58.249+0000] {processor.py:161} INFO - Started process (PID=282) to work on /opt/airflow/dags/primer_dag.py
[2024-05-19T00:05:58.256+0000] {processor.py:830} INFO - Processing file /opt/airflow/dags/primer_dag.py for tasks to queue
[2024-05-19T00:05:58.299+0000] {logging_mixin.py:188} INFO - [2024-05-19T00:05:58.287+0000] {dagbag.py:545} INFO - Filling up the DagBag from /opt/airflow/dags/primer_dag.py
[2024-05-19T00:05:58.591+0000] {processor.py:840} INFO - DAG(s) 'primer_dag' retrieved from /opt/airflow/dags/primer_dag.py
[2024-05-19T00:05:58.803+0000] {logging_mixin.py:188} INFO - [2024-05-19T00:05:58.802+0000] {dag.py:3096} INFO - Sync 1 DAGs
[2024-05-19T00:05:59.018+0000] {logging_mixin.py:188} INFO - [2024-05-19T00:05:59.017+0000] {dag.py:3954} INFO - Setting next_dagrun for primer_dag to 2024-05-17 09:00:00+00:00, run_after=2024-05-18 09:00:00+00:00
[2024-05-19T00:05:59.214+0000] {processor.py:183} INFO - Processing /opt/airflow/dags/primer_dag.py took 1.006 seconds
[2024-05-19T00:06:29.981+0000] {processor.py:161} INFO - Started process (PID=292) to work on /opt/airflow/dags/primer_dag.py
[2024-05-19T00:06:30.003+0000] {processor.py:830} INFO - Processing file /opt/airflow/dags/primer_dag.py for tasks to queue
[2024-05-19T00:06:30.094+0000] {logging_mixin.py:188} INFO - [2024-05-19T00:06:30.080+0000] {dagbag.py:545} INFO - Filling up the DagBag from /opt/airflow/dags/primer_dag.py
[2024-05-19T00:06:30.571+0000] {processor.py:840} INFO - DAG(s) 'primer_dag' retrieved from /opt/airflow/dags/primer_dag.py
[2024-05-19T00:06:31.115+0000] {logging_mixin.py:188} INFO - [2024-05-19T00:06:31.114+0000] {dag.py:3096} INFO - Sync 1 DAGs
[2024-05-19T00:06:31.558+0000] {logging_mixin.py:188} INFO - [2024-05-19T00:06:31.557+0000] {dag.py:3954} INFO - Setting next_dagrun for primer_dag to 2024-05-17 09:00:00+00:00, run_after=2024-05-18 09:00:00+00:00
[2024-05-19T00:06:31.854+0000] {processor.py:183} INFO - Processing /opt/airflow/dags/primer_dag.py took 1.929 seconds
[2024-05-19T00:07:03.893+0000] {processor.py:161} INFO - Started process (PID=301) to work on /opt/airflow/dags/primer_dag.py
[2024-05-19T00:07:03.902+0000] {processor.py:830} INFO - Processing file /opt/airflow/dags/primer_dag.py for tasks to queue
[2024-05-19T00:07:03.919+0000] {logging_mixin.py:188} INFO - [2024-05-19T00:07:03.918+0000] {dagbag.py:545} INFO - Filling up the DagBag from /opt/airflow/dags/primer_dag.py
[2024-05-19T00:07:04.308+0000] {processor.py:840} INFO - DAG(s) 'primer_dag' retrieved from /opt/airflow/dags/primer_dag.py
[2024-05-19T00:07:04.555+0000] {logging_mixin.py:188} INFO - [2024-05-19T00:07:04.554+0000] {dag.py:3096} INFO - Sync 1 DAGs
[2024-05-19T00:07:04.847+0000] {logging_mixin.py:188} INFO - [2024-05-19T00:07:04.846+0000] {dag.py:3954} INFO - Setting next_dagrun for primer_dag to 2024-05-17 09:00:00+00:00, run_after=2024-05-18 09:00:00+00:00
[2024-05-19T00:07:05.128+0000] {processor.py:183} INFO - Processing /opt/airflow/dags/primer_dag.py took 1.293 seconds
[2024-05-19T00:07:35.953+0000] {processor.py:161} INFO - Started process (PID=316) to work on /opt/airflow/dags/primer_dag.py
[2024-05-19T00:07:35.976+0000] {processor.py:830} INFO - Processing file /opt/airflow/dags/primer_dag.py for tasks to queue
[2024-05-19T00:07:36.000+0000] {logging_mixin.py:188} INFO - [2024-05-19T00:07:35.997+0000] {dagbag.py:545} INFO - Filling up the DagBag from /opt/airflow/dags/primer_dag.py
[2024-05-19T00:07:36.467+0000] {processor.py:840} INFO - DAG(s) 'primer_dag' retrieved from /opt/airflow/dags/primer_dag.py
[2024-05-19T00:07:36.750+0000] {logging_mixin.py:188} INFO - [2024-05-19T00:07:36.739+0000] {dag.py:3096} INFO - Sync 1 DAGs
[2024-05-19T00:07:37.009+0000] {logging_mixin.py:188} INFO - [2024-05-19T00:07:37.008+0000] {dag.py:3954} INFO - Setting next_dagrun for primer_dag to 2024-05-17 09:00:00+00:00, run_after=2024-05-18 09:00:00+00:00
[2024-05-19T00:07:37.244+0000] {processor.py:183} INFO - Processing /opt/airflow/dags/primer_dag.py took 1.345 seconds
[2024-05-19T00:08:09.191+0000] {processor.py:161} INFO - Started process (PID=323) to work on /opt/airflow/dags/primer_dag.py
[2024-05-19T00:08:09.203+0000] {processor.py:830} INFO - Processing file /opt/airflow/dags/primer_dag.py for tasks to queue
[2024-05-19T00:08:09.213+0000] {logging_mixin.py:188} INFO - [2024-05-19T00:08:09.212+0000] {dagbag.py:545} INFO - Filling up the DagBag from /opt/airflow/dags/primer_dag.py
[2024-05-19T00:08:09.816+0000] {processor.py:840} INFO - DAG(s) 'primer_dag' retrieved from /opt/airflow/dags/primer_dag.py
[2024-05-19T00:08:10.233+0000] {logging_mixin.py:188} INFO - [2024-05-19T00:08:10.232+0000] {dag.py:3096} INFO - Sync 1 DAGs
[2024-05-19T00:08:10.506+0000] {logging_mixin.py:188} INFO - [2024-05-19T00:08:10.505+0000] {dag.py:3954} INFO - Setting next_dagrun for primer_dag to 2024-05-17 09:00:00+00:00, run_after=2024-05-18 09:00:00+00:00
[2024-05-19T00:08:10.734+0000] {processor.py:183} INFO - Processing /opt/airflow/dags/primer_dag.py took 1.612 seconds
[2024-05-19T00:08:43.004+0000] {processor.py:161} INFO - Started process (PID=331) to work on /opt/airflow/dags/primer_dag.py
[2024-05-19T00:08:43.060+0000] {processor.py:830} INFO - Processing file /opt/airflow/dags/primer_dag.py for tasks to queue
[2024-05-19T00:08:43.113+0000] {logging_mixin.py:188} INFO - [2024-05-19T00:08:43.110+0000] {dagbag.py:545} INFO - Filling up the DagBag from /opt/airflow/dags/primer_dag.py
[2024-05-19T00:08:44.616+0000] {processor.py:840} INFO - DAG(s) 'primer_dag' retrieved from /opt/airflow/dags/primer_dag.py
[2024-05-19T00:08:45.904+0000] {logging_mixin.py:188} INFO - [2024-05-19T00:08:45.903+0000] {dag.py:3096} INFO - Sync 1 DAGs
[2024-05-19T00:08:46.343+0000] {logging_mixin.py:188} INFO - [2024-05-19T00:08:46.342+0000] {dag.py:3954} INFO - Setting next_dagrun for primer_dag to 2024-05-17 09:00:00+00:00, run_after=2024-05-18 09:00:00+00:00
[2024-05-19T00:08:46.843+0000] {processor.py:183} INFO - Processing /opt/airflow/dags/primer_dag.py took 4.487 seconds
[2024-05-19T00:09:18.257+0000] {processor.py:161} INFO - Started process (PID=342) to work on /opt/airflow/dags/primer_dag.py
[2024-05-19T00:09:18.279+0000] {processor.py:830} INFO - Processing file /opt/airflow/dags/primer_dag.py for tasks to queue
[2024-05-19T00:09:18.305+0000] {logging_mixin.py:188} INFO - [2024-05-19T00:09:18.303+0000] {dagbag.py:545} INFO - Filling up the DagBag from /opt/airflow/dags/primer_dag.py
[2024-05-19T00:09:19.034+0000] {processor.py:840} INFO - DAG(s) 'primer_dag' retrieved from /opt/airflow/dags/primer_dag.py
[2024-05-19T00:09:19.396+0000] {logging_mixin.py:188} INFO - [2024-05-19T00:09:19.395+0000] {dag.py:3096} INFO - Sync 1 DAGs
[2024-05-19T00:09:19.724+0000] {logging_mixin.py:188} INFO - [2024-05-19T00:09:19.723+0000] {dag.py:3954} INFO - Setting next_dagrun for primer_dag to 2024-05-17 09:00:00+00:00, run_after=2024-05-18 09:00:00+00:00
[2024-05-19T00:09:19.942+0000] {processor.py:183} INFO - Processing /opt/airflow/dags/primer_dag.py took 1.750 seconds
[2024-05-19T00:09:51.131+0000] {processor.py:161} INFO - Started process (PID=351) to work on /opt/airflow/dags/primer_dag.py
[2024-05-19T00:09:51.158+0000] {processor.py:830} INFO - Processing file /opt/airflow/dags/primer_dag.py for tasks to queue
[2024-05-19T00:09:51.192+0000] {logging_mixin.py:188} INFO - [2024-05-19T00:09:51.190+0000] {dagbag.py:545} INFO - Filling up the DagBag from /opt/airflow/dags/primer_dag.py
[2024-05-19T00:09:51.773+0000] {processor.py:840} INFO - DAG(s) 'primer_dag' retrieved from /opt/airflow/dags/primer_dag.py
[2024-05-19T00:09:52.125+0000] {logging_mixin.py:188} INFO - [2024-05-19T00:09:52.124+0000] {dag.py:3096} INFO - Sync 1 DAGs
[2024-05-19T00:09:52.327+0000] {logging_mixin.py:188} INFO - [2024-05-19T00:09:52.326+0000] {dag.py:3954} INFO - Setting next_dagrun for primer_dag to 2024-05-17 09:00:00+00:00, run_after=2024-05-18 09:00:00+00:00
[2024-05-19T00:09:52.563+0000] {processor.py:183} INFO - Processing /opt/airflow/dags/primer_dag.py took 1.510 seconds
[2024-05-19T00:10:25.106+0000] {processor.py:161} INFO - Started process (PID=358) to work on /opt/airflow/dags/primer_dag.py
[2024-05-19T00:10:25.187+0000] {processor.py:830} INFO - Processing file /opt/airflow/dags/primer_dag.py for tasks to queue
[2024-05-19T00:10:25.245+0000] {logging_mixin.py:188} INFO - [2024-05-19T00:10:25.220+0000] {dagbag.py:545} INFO - Filling up the DagBag from /opt/airflow/dags/primer_dag.py
[2024-05-19T00:10:25.561+0000] {processor.py:840} INFO - DAG(s) 'primer_dag' retrieved from /opt/airflow/dags/primer_dag.py
[2024-05-19T00:10:25.866+0000] {logging_mixin.py:188} INFO - [2024-05-19T00:10:25.865+0000] {dag.py:3096} INFO - Sync 1 DAGs
[2024-05-19T00:10:26.208+0000] {logging_mixin.py:188} INFO - [2024-05-19T00:10:26.208+0000] {dag.py:3954} INFO - Setting next_dagrun for primer_dag to 2024-05-17 09:00:00+00:00, run_after=2024-05-18 09:00:00+00:00
[2024-05-19T00:10:26.538+0000] {processor.py:183} INFO - Processing /opt/airflow/dags/primer_dag.py took 1.948 seconds
[2024-05-19T00:10:57.521+0000] {processor.py:161} INFO - Started process (PID=368) to work on /opt/airflow/dags/primer_dag.py
[2024-05-19T00:10:57.541+0000] {processor.py:830} INFO - Processing file /opt/airflow/dags/primer_dag.py for tasks to queue
[2024-05-19T00:10:57.559+0000] {logging_mixin.py:188} INFO - [2024-05-19T00:10:57.557+0000] {dagbag.py:545} INFO - Filling up the DagBag from /opt/airflow/dags/primer_dag.py
[2024-05-19T00:10:58.060+0000] {processor.py:840} INFO - DAG(s) 'primer_dag' retrieved from /opt/airflow/dags/primer_dag.py
[2024-05-19T00:10:58.675+0000] {logging_mixin.py:188} INFO - [2024-05-19T00:10:58.665+0000] {dag.py:3096} INFO - Sync 1 DAGs
[2024-05-19T00:10:59.095+0000] {logging_mixin.py:188} INFO - [2024-05-19T00:10:59.094+0000] {dag.py:3954} INFO - Setting next_dagrun for primer_dag to 2024-05-17 09:00:00+00:00, run_after=2024-05-18 09:00:00+00:00
[2024-05-19T00:10:59.339+0000] {processor.py:183} INFO - Processing /opt/airflow/dags/primer_dag.py took 1.872 seconds
[2024-05-19T00:11:30.628+0000] {processor.py:161} INFO - Started process (PID=377) to work on /opt/airflow/dags/primer_dag.py
[2024-05-19T00:11:30.648+0000] {processor.py:830} INFO - Processing file /opt/airflow/dags/primer_dag.py for tasks to queue
[2024-05-19T00:11:30.660+0000] {logging_mixin.py:188} INFO - [2024-05-19T00:11:30.658+0000] {dagbag.py:545} INFO - Filling up the DagBag from /opt/airflow/dags/primer_dag.py
[2024-05-19T00:11:31.141+0000] {processor.py:840} INFO - DAG(s) 'primer_dag' retrieved from /opt/airflow/dags/primer_dag.py
[2024-05-19T00:11:31.612+0000] {logging_mixin.py:188} INFO - [2024-05-19T00:11:31.610+0000] {dag.py:3096} INFO - Sync 1 DAGs
[2024-05-19T00:11:32.183+0000] {logging_mixin.py:188} INFO - [2024-05-19T00:11:32.176+0000] {dag.py:3954} INFO - Setting next_dagrun for primer_dag to 2024-05-17 09:00:00+00:00, run_after=2024-05-18 09:00:00+00:00
[2024-05-19T00:11:32.443+0000] {processor.py:183} INFO - Processing /opt/airflow/dags/primer_dag.py took 1.879 seconds
[2024-05-19T00:12:03.842+0000] {processor.py:161} INFO - Started process (PID=386) to work on /opt/airflow/dags/primer_dag.py
[2024-05-19T00:12:03.859+0000] {processor.py:830} INFO - Processing file /opt/airflow/dags/primer_dag.py for tasks to queue
[2024-05-19T00:12:03.876+0000] {logging_mixin.py:188} INFO - [2024-05-19T00:12:03.873+0000] {dagbag.py:545} INFO - Filling up the DagBag from /opt/airflow/dags/primer_dag.py
[2024-05-19T00:12:04.336+0000] {processor.py:840} INFO - DAG(s) 'primer_dag' retrieved from /opt/airflow/dags/primer_dag.py
[2024-05-19T00:12:04.882+0000] {logging_mixin.py:188} INFO - [2024-05-19T00:12:04.881+0000] {dag.py:3096} INFO - Sync 1 DAGs
[2024-05-19T00:12:05.261+0000] {logging_mixin.py:188} INFO - [2024-05-19T00:12:05.260+0000] {dag.py:3954} INFO - Setting next_dagrun for primer_dag to 2024-05-17 09:00:00+00:00, run_after=2024-05-18 09:00:00+00:00
[2024-05-19T00:12:05.572+0000] {processor.py:183} INFO - Processing /opt/airflow/dags/primer_dag.py took 1.827 seconds
[2024-05-19T00:12:36.290+0000] {processor.py:161} INFO - Started process (PID=395) to work on /opt/airflow/dags/primer_dag.py
[2024-05-19T00:12:36.294+0000] {processor.py:830} INFO - Processing file /opt/airflow/dags/primer_dag.py for tasks to queue
[2024-05-19T00:12:36.307+0000] {logging_mixin.py:188} INFO - [2024-05-19T00:12:36.297+0000] {dagbag.py:545} INFO - Filling up the DagBag from /opt/airflow/dags/primer_dag.py
[2024-05-19T00:12:36.584+0000] {processor.py:840} INFO - DAG(s) 'primer_dag' retrieved from /opt/airflow/dags/primer_dag.py
[2024-05-19T00:12:37.177+0000] {logging_mixin.py:188} INFO - [2024-05-19T00:12:37.176+0000] {dag.py:3096} INFO - Sync 1 DAGs
[2024-05-19T00:12:37.743+0000] {logging_mixin.py:188} INFO - [2024-05-19T00:12:37.734+0000] {dag.py:3954} INFO - Setting next_dagrun for primer_dag to 2024-05-17 09:00:00+00:00, run_after=2024-05-18 09:00:00+00:00
[2024-05-19T00:12:38.008+0000] {processor.py:183} INFO - Processing /opt/airflow/dags/primer_dag.py took 1.768 seconds
[2024-05-19T00:13:10.935+0000] {processor.py:161} INFO - Started process (PID=402) to work on /opt/airflow/dags/primer_dag.py
[2024-05-19T00:13:10.965+0000] {processor.py:830} INFO - Processing file /opt/airflow/dags/primer_dag.py for tasks to queue
[2024-05-19T00:13:10.997+0000] {logging_mixin.py:188} INFO - [2024-05-19T00:13:10.981+0000] {dagbag.py:545} INFO - Filling up the DagBag from /opt/airflow/dags/primer_dag.py
[2024-05-19T00:13:11.496+0000] {processor.py:840} INFO - DAG(s) 'primer_dag' retrieved from /opt/airflow/dags/primer_dag.py
[2024-05-19T00:13:12.377+0000] {logging_mixin.py:188} INFO - [2024-05-19T00:13:12.375+0000] {dag.py:3096} INFO - Sync 1 DAGs
[2024-05-19T00:13:12.866+0000] {logging_mixin.py:188} INFO - [2024-05-19T00:13:12.864+0000] {dag.py:3954} INFO - Setting next_dagrun for primer_dag to 2024-05-17 09:00:00+00:00, run_after=2024-05-18 09:00:00+00:00
[2024-05-19T00:13:13.356+0000] {processor.py:183} INFO - Processing /opt/airflow/dags/primer_dag.py took 2.606 seconds
[2024-05-19T00:13:44.448+0000] {processor.py:161} INFO - Started process (PID=411) to work on /opt/airflow/dags/primer_dag.py
[2024-05-19T00:13:44.460+0000] {processor.py:830} INFO - Processing file /opt/airflow/dags/primer_dag.py for tasks to queue
[2024-05-19T00:13:44.463+0000] {logging_mixin.py:188} INFO - [2024-05-19T00:13:44.462+0000] {dagbag.py:545} INFO - Filling up the DagBag from /opt/airflow/dags/primer_dag.py
[2024-05-19T00:13:44.547+0000] {processor.py:840} INFO - DAG(s) 'primer_dag' retrieved from /opt/airflow/dags/primer_dag.py
[2024-05-19T00:13:44.810+0000] {logging_mixin.py:188} INFO - [2024-05-19T00:13:44.809+0000] {dag.py:3096} INFO - Sync 1 DAGs
[2024-05-19T00:13:44.983+0000] {logging_mixin.py:188} INFO - [2024-05-19T00:13:44.981+0000] {dag.py:3954} INFO - Setting next_dagrun for primer_dag to 2024-05-17 09:00:00+00:00, run_after=2024-05-18 09:00:00+00:00
[2024-05-19T00:13:45.102+0000] {processor.py:183} INFO - Processing /opt/airflow/dags/primer_dag.py took 0.693 seconds
[2024-05-19T00:14:15.808+0000] {processor.py:161} INFO - Started process (PID=420) to work on /opt/airflow/dags/primer_dag.py
[2024-05-19T00:14:15.823+0000] {processor.py:830} INFO - Processing file /opt/airflow/dags/primer_dag.py for tasks to queue
[2024-05-19T00:14:15.835+0000] {logging_mixin.py:188} INFO - [2024-05-19T00:14:15.834+0000] {dagbag.py:545} INFO - Filling up the DagBag from /opt/airflow/dags/primer_dag.py
[2024-05-19T00:14:16.247+0000] {processor.py:840} INFO - DAG(s) 'primer_dag' retrieved from /opt/airflow/dags/primer_dag.py
[2024-05-19T00:14:16.558+0000] {logging_mixin.py:188} INFO - [2024-05-19T00:14:16.548+0000] {dag.py:3096} INFO - Sync 1 DAGs
[2024-05-19T00:14:16.876+0000] {logging_mixin.py:188} INFO - [2024-05-19T00:14:16.874+0000] {dag.py:3954} INFO - Setting next_dagrun for primer_dag to 2024-05-17 09:00:00+00:00, run_after=2024-05-18 09:00:00+00:00
[2024-05-19T00:14:17.177+0000] {processor.py:183} INFO - Processing /opt/airflow/dags/primer_dag.py took 1.458 seconds
[2024-05-19T00:14:48.068+0000] {processor.py:161} INFO - Started process (PID=435) to work on /opt/airflow/dags/primer_dag.py
[2024-05-19T00:14:48.121+0000] {processor.py:830} INFO - Processing file /opt/airflow/dags/primer_dag.py for tasks to queue
[2024-05-19T00:14:48.143+0000] {logging_mixin.py:188} INFO - [2024-05-19T00:14:48.137+0000] {dagbag.py:545} INFO - Filling up the DagBag from /opt/airflow/dags/primer_dag.py
[2024-05-19T00:14:48.912+0000] {processor.py:840} INFO - DAG(s) 'primer_dag' retrieved from /opt/airflow/dags/primer_dag.py
[2024-05-19T00:14:49.749+0000] {logging_mixin.py:188} INFO - [2024-05-19T00:14:49.748+0000] {dag.py:3096} INFO - Sync 1 DAGs
[2024-05-19T00:14:50.230+0000] {logging_mixin.py:188} INFO - [2024-05-19T00:14:50.222+0000] {dag.py:3954} INFO - Setting next_dagrun for primer_dag to 2024-05-17 09:00:00+00:00, run_after=2024-05-18 09:00:00+00:00
[2024-05-19T00:14:50.481+0000] {processor.py:183} INFO - Processing /opt/airflow/dags/primer_dag.py took 2.514 seconds
[2024-05-19T00:15:20.893+0000] {processor.py:161} INFO - Started process (PID=443) to work on /opt/airflow/dags/primer_dag.py
[2024-05-19T00:15:20.896+0000] {processor.py:830} INFO - Processing file /opt/airflow/dags/primer_dag.py for tasks to queue
[2024-05-19T00:15:20.904+0000] {logging_mixin.py:188} INFO - [2024-05-19T00:15:20.903+0000] {dagbag.py:545} INFO - Filling up the DagBag from /opt/airflow/dags/primer_dag.py
[2024-05-19T00:15:21.095+0000] {processor.py:840} INFO - DAG(s) 'primer_dag' retrieved from /opt/airflow/dags/primer_dag.py
[2024-05-19T00:15:21.278+0000] {logging_mixin.py:188} INFO - [2024-05-19T00:15:21.277+0000] {dag.py:3096} INFO - Sync 1 DAGs
[2024-05-19T00:15:21.361+0000] {logging_mixin.py:188} INFO - [2024-05-19T00:15:21.360+0000] {dag.py:3954} INFO - Setting next_dagrun for primer_dag to 2024-05-17 09:00:00+00:00, run_after=2024-05-18 09:00:00+00:00
[2024-05-19T00:15:21.533+0000] {processor.py:183} INFO - Processing /opt/airflow/dags/primer_dag.py took 0.673 seconds
[2024-05-19T00:15:53.552+0000] {processor.py:161} INFO - Started process (PID=452) to work on /opt/airflow/dags/primer_dag.py
[2024-05-19T00:15:53.568+0000] {processor.py:830} INFO - Processing file /opt/airflow/dags/primer_dag.py for tasks to queue
[2024-05-19T00:15:53.586+0000] {logging_mixin.py:188} INFO - [2024-05-19T00:15:53.584+0000] {dagbag.py:545} INFO - Filling up the DagBag from /opt/airflow/dags/primer_dag.py
[2024-05-19T00:15:54.105+0000] {processor.py:840} INFO - DAG(s) 'primer_dag' retrieved from /opt/airflow/dags/primer_dag.py
[2024-05-19T00:15:54.455+0000] {logging_mixin.py:188} INFO - [2024-05-19T00:15:54.454+0000] {dag.py:3096} INFO - Sync 1 DAGs
[2024-05-19T00:15:54.679+0000] {logging_mixin.py:188} INFO - [2024-05-19T00:15:54.678+0000] {dag.py:3954} INFO - Setting next_dagrun for primer_dag to 2024-05-17 09:00:00+00:00, run_after=2024-05-18 09:00:00+00:00
[2024-05-19T00:15:54.924+0000] {processor.py:183} INFO - Processing /opt/airflow/dags/primer_dag.py took 1.432 seconds
[2024-05-19T00:16:25.926+0000] {processor.py:161} INFO - Started process (PID=461) to work on /opt/airflow/dags/primer_dag.py
[2024-05-19T00:16:25.930+0000] {processor.py:830} INFO - Processing file /opt/airflow/dags/primer_dag.py for tasks to queue
[2024-05-19T00:16:25.934+0000] {logging_mixin.py:188} INFO - [2024-05-19T00:16:25.933+0000] {dagbag.py:545} INFO - Filling up the DagBag from /opt/airflow/dags/primer_dag.py
[2024-05-19T00:16:26.154+0000] {processor.py:840} INFO - DAG(s) 'primer_dag' retrieved from /opt/airflow/dags/primer_dag.py
[2024-05-19T00:16:26.367+0000] {logging_mixin.py:188} INFO - [2024-05-19T00:16:26.367+0000] {dag.py:3096} INFO - Sync 1 DAGs
[2024-05-19T00:16:26.563+0000] {logging_mixin.py:188} INFO - [2024-05-19T00:16:26.562+0000] {dag.py:3954} INFO - Setting next_dagrun for primer_dag to 2024-05-17 09:00:00+00:00, run_after=2024-05-18 09:00:00+00:00
[2024-05-19T00:16:26.723+0000] {processor.py:183} INFO - Processing /opt/airflow/dags/primer_dag.py took 0.834 seconds
[2024-05-19T00:16:57.433+0000] {processor.py:161} INFO - Started process (PID=470) to work on /opt/airflow/dags/primer_dag.py
[2024-05-19T00:16:57.448+0000] {processor.py:830} INFO - Processing file /opt/airflow/dags/primer_dag.py for tasks to queue
[2024-05-19T00:16:57.457+0000] {logging_mixin.py:188} INFO - [2024-05-19T00:16:57.456+0000] {dagbag.py:545} INFO - Filling up the DagBag from /opt/airflow/dags/primer_dag.py
[2024-05-19T00:16:57.842+0000] {processor.py:840} INFO - DAG(s) 'primer_dag' retrieved from /opt/airflow/dags/primer_dag.py
[2024-05-19T00:16:58.135+0000] {logging_mixin.py:188} INFO - [2024-05-19T00:16:58.127+0000] {dag.py:3096} INFO - Sync 1 DAGs
[2024-05-19T00:16:58.477+0000] {logging_mixin.py:188} INFO - [2024-05-19T00:16:58.476+0000] {dag.py:3954} INFO - Setting next_dagrun for primer_dag to 2024-05-17 09:00:00+00:00, run_after=2024-05-18 09:00:00+00:00
[2024-05-19T00:16:59.335+0000] {processor.py:183} INFO - Processing /opt/airflow/dags/primer_dag.py took 1.952 seconds
[2024-05-19T00:17:30.809+0000] {processor.py:161} INFO - Started process (PID=479) to work on /opt/airflow/dags/primer_dag.py
[2024-05-19T00:17:30.833+0000] {processor.py:830} INFO - Processing file /opt/airflow/dags/primer_dag.py for tasks to queue
[2024-05-19T00:17:30.845+0000] {logging_mixin.py:188} INFO - [2024-05-19T00:17:30.838+0000] {dagbag.py:545} INFO - Filling up the DagBag from /opt/airflow/dags/primer_dag.py
[2024-05-19T00:17:31.453+0000] {processor.py:840} INFO - DAG(s) 'primer_dag' retrieved from /opt/airflow/dags/primer_dag.py
[2024-05-19T00:17:31.922+0000] {logging_mixin.py:188} INFO - [2024-05-19T00:17:31.915+0000] {dag.py:3096} INFO - Sync 1 DAGs
[2024-05-19T00:17:32.277+0000] {logging_mixin.py:188} INFO - [2024-05-19T00:17:32.273+0000] {dag.py:3954} INFO - Setting next_dagrun for primer_dag to 2024-05-17 09:00:00+00:00, run_after=2024-05-18 09:00:00+00:00
[2024-05-19T00:17:32.472+0000] {processor.py:183} INFO - Processing /opt/airflow/dags/primer_dag.py took 1.726 seconds
[2024-05-19T00:18:03.878+0000] {processor.py:161} INFO - Started process (PID=488) to work on /opt/airflow/dags/primer_dag.py
[2024-05-19T00:18:03.883+0000] {processor.py:830} INFO - Processing file /opt/airflow/dags/primer_dag.py for tasks to queue
[2024-05-19T00:18:03.890+0000] {logging_mixin.py:188} INFO - [2024-05-19T00:18:03.889+0000] {dagbag.py:545} INFO - Filling up the DagBag from /opt/airflow/dags/primer_dag.py
[2024-05-19T00:18:04.562+0000] {processor.py:840} INFO - DAG(s) 'primer_dag' retrieved from /opt/airflow/dags/primer_dag.py
[2024-05-19T00:18:05.018+0000] {logging_mixin.py:188} INFO - [2024-05-19T00:18:05.016+0000] {dag.py:3096} INFO - Sync 1 DAGs
[2024-05-19T00:18:05.464+0000] {logging_mixin.py:188} INFO - [2024-05-19T00:18:05.461+0000] {dag.py:3954} INFO - Setting next_dagrun for primer_dag to 2024-05-17 09:00:00+00:00, run_after=2024-05-18 09:00:00+00:00
[2024-05-19T00:18:05.793+0000] {processor.py:183} INFO - Processing /opt/airflow/dags/primer_dag.py took 1.992 seconds
[2024-05-19T00:18:38.361+0000] {processor.py:161} INFO - Started process (PID=495) to work on /opt/airflow/dags/primer_dag.py
[2024-05-19T00:18:38.370+0000] {processor.py:830} INFO - Processing file /opt/airflow/dags/primer_dag.py for tasks to queue
[2024-05-19T00:18:38.384+0000] {logging_mixin.py:188} INFO - [2024-05-19T00:18:38.383+0000] {dagbag.py:545} INFO - Filling up the DagBag from /opt/airflow/dags/primer_dag.py
[2024-05-19T00:18:38.652+0000] {processor.py:840} INFO - DAG(s) 'primer_dag' retrieved from /opt/airflow/dags/primer_dag.py
[2024-05-19T00:18:38.872+0000] {logging_mixin.py:188} INFO - [2024-05-19T00:18:38.871+0000] {dag.py:3096} INFO - Sync 1 DAGs
[2024-05-19T00:18:39.158+0000] {logging_mixin.py:188} INFO - [2024-05-19T00:18:39.157+0000] {dag.py:3954} INFO - Setting next_dagrun for primer_dag to 2024-05-17 09:00:00+00:00, run_after=2024-05-18 09:00:00+00:00
[2024-05-19T00:18:39.376+0000] {processor.py:183} INFO - Processing /opt/airflow/dags/primer_dag.py took 1.041 seconds
[2024-05-19T00:19:11.184+0000] {processor.py:161} INFO - Started process (PID=504) to work on /opt/airflow/dags/primer_dag.py
[2024-05-19T00:19:11.205+0000] {processor.py:830} INFO - Processing file /opt/airflow/dags/primer_dag.py for tasks to queue
[2024-05-19T00:19:11.223+0000] {logging_mixin.py:188} INFO - [2024-05-19T00:19:11.222+0000] {dagbag.py:545} INFO - Filling up the DagBag from /opt/airflow/dags/primer_dag.py
[2024-05-19T00:19:11.431+0000] {processor.py:840} INFO - DAG(s) 'primer_dag' retrieved from /opt/airflow/dags/primer_dag.py
[2024-05-19T00:19:11.654+0000] {logging_mixin.py:188} INFO - [2024-05-19T00:19:11.653+0000] {dag.py:3096} INFO - Sync 1 DAGs
[2024-05-19T00:19:11.891+0000] {logging_mixin.py:188} INFO - [2024-05-19T00:19:11.890+0000] {dag.py:3954} INFO - Setting next_dagrun for primer_dag to 2024-05-17 09:00:00+00:00, run_after=2024-05-18 09:00:00+00:00
[2024-05-19T00:19:12.057+0000] {processor.py:183} INFO - Processing /opt/airflow/dags/primer_dag.py took 1.082 seconds
[2024-05-19T00:19:43.264+0000] {processor.py:161} INFO - Started process (PID=513) to work on /opt/airflow/dags/primer_dag.py
[2024-05-19T00:19:43.279+0000] {processor.py:830} INFO - Processing file /opt/airflow/dags/primer_dag.py for tasks to queue
[2024-05-19T00:19:43.299+0000] {logging_mixin.py:188} INFO - [2024-05-19T00:19:43.298+0000] {dagbag.py:545} INFO - Filling up the DagBag from /opt/airflow/dags/primer_dag.py
[2024-05-19T00:19:43.928+0000] {processor.py:840} INFO - DAG(s) 'primer_dag' retrieved from /opt/airflow/dags/primer_dag.py
[2024-05-19T00:19:44.492+0000] {logging_mixin.py:188} INFO - [2024-05-19T00:19:44.491+0000] {dag.py:3096} INFO - Sync 1 DAGs
[2024-05-19T00:19:44.804+0000] {logging_mixin.py:188} INFO - [2024-05-19T00:19:44.803+0000] {dag.py:3954} INFO - Setting next_dagrun for primer_dag to 2024-05-17 09:00:00+00:00, run_after=2024-05-18 09:00:00+00:00
[2024-05-19T00:19:45.072+0000] {processor.py:183} INFO - Processing /opt/airflow/dags/primer_dag.py took 1.826 seconds
[2024-05-19T00:20:16.679+0000] {processor.py:161} INFO - Started process (PID=522) to work on /opt/airflow/dags/primer_dag.py
[2024-05-19T00:20:16.700+0000] {processor.py:830} INFO - Processing file /opt/airflow/dags/primer_dag.py for tasks to queue
[2024-05-19T00:20:16.730+0000] {logging_mixin.py:188} INFO - [2024-05-19T00:20:16.720+0000] {dagbag.py:545} INFO - Filling up the DagBag from /opt/airflow/dags/primer_dag.py
[2024-05-19T00:20:17.451+0000] {processor.py:840} INFO - DAG(s) 'primer_dag' retrieved from /opt/airflow/dags/primer_dag.py
[2024-05-19T00:20:18.007+0000] {logging_mixin.py:188} INFO - [2024-05-19T00:20:18.006+0000] {dag.py:3096} INFO - Sync 1 DAGs
[2024-05-19T00:20:18.350+0000] {logging_mixin.py:188} INFO - [2024-05-19T00:20:18.348+0000] {dag.py:3954} INFO - Setting next_dagrun for primer_dag to 2024-05-17 09:00:00+00:00, run_after=2024-05-18 09:00:00+00:00
[2024-05-19T00:20:18.661+0000] {processor.py:183} INFO - Processing /opt/airflow/dags/primer_dag.py took 2.113 seconds
[2024-05-19T00:20:49.921+0000] {processor.py:161} INFO - Started process (PID=531) to work on /opt/airflow/dags/primer_dag.py
[2024-05-19T00:20:49.928+0000] {processor.py:830} INFO - Processing file /opt/airflow/dags/primer_dag.py for tasks to queue
[2024-05-19T00:20:49.939+0000] {logging_mixin.py:188} INFO - [2024-05-19T00:20:49.932+0000] {dagbag.py:545} INFO - Filling up the DagBag from /opt/airflow/dags/primer_dag.py
[2024-05-19T00:20:50.249+0000] {processor.py:840} INFO - DAG(s) 'primer_dag' retrieved from /opt/airflow/dags/primer_dag.py
[2024-05-19T00:20:50.516+0000] {logging_mixin.py:188} INFO - [2024-05-19T00:20:50.515+0000] {dag.py:3096} INFO - Sync 1 DAGs
[2024-05-19T00:20:50.842+0000] {logging_mixin.py:188} INFO - [2024-05-19T00:20:50.835+0000] {dag.py:3954} INFO - Setting next_dagrun for primer_dag to 2024-05-17 09:00:00+00:00, run_after=2024-05-18 09:00:00+00:00
[2024-05-19T00:20:51.138+0000] {processor.py:183} INFO - Processing /opt/airflow/dags/primer_dag.py took 1.261 seconds
[2024-05-19T00:21:22.075+0000] {processor.py:161} INFO - Started process (PID=540) to work on /opt/airflow/dags/primer_dag.py
[2024-05-19T00:21:22.094+0000] {processor.py:830} INFO - Processing file /opt/airflow/dags/primer_dag.py for tasks to queue
[2024-05-19T00:21:22.098+0000] {logging_mixin.py:188} INFO - [2024-05-19T00:21:22.097+0000] {dagbag.py:545} INFO - Filling up the DagBag from /opt/airflow/dags/primer_dag.py
[2024-05-19T00:21:22.993+0000] {processor.py:840} INFO - DAG(s) 'primer_dag' retrieved from /opt/airflow/dags/primer_dag.py
[2024-05-19T00:21:23.894+0000] {logging_mixin.py:188} INFO - [2024-05-19T00:21:23.893+0000] {dag.py:3096} INFO - Sync 1 DAGs
[2024-05-19T00:21:24.900+0000] {logging_mixin.py:188} INFO - [2024-05-19T00:21:24.899+0000] {dag.py:3954} INFO - Setting next_dagrun for primer_dag to 2024-05-17 09:00:00+00:00, run_after=2024-05-18 09:00:00+00:00
[2024-05-19T00:21:25.290+0000] {processor.py:183} INFO - Processing /opt/airflow/dags/primer_dag.py took 3.346 seconds
[2024-05-19T00:21:56.121+0000] {processor.py:161} INFO - Started process (PID=553) to work on /opt/airflow/dags/primer_dag.py
[2024-05-19T00:21:56.141+0000] {processor.py:830} INFO - Processing file /opt/airflow/dags/primer_dag.py for tasks to queue
[2024-05-19T00:21:56.159+0000] {logging_mixin.py:188} INFO - [2024-05-19T00:21:56.158+0000] {dagbag.py:545} INFO - Filling up the DagBag from /opt/airflow/dags/primer_dag.py
[2024-05-19T00:21:56.368+0000] {processor.py:840} INFO - DAG(s) 'primer_dag' retrieved from /opt/airflow/dags/primer_dag.py
[2024-05-19T00:21:56.498+0000] {logging_mixin.py:188} INFO - [2024-05-19T00:21:56.497+0000] {dag.py:3096} INFO - Sync 1 DAGs
[2024-05-19T00:21:56.623+0000] {logging_mixin.py:188} INFO - [2024-05-19T00:21:56.622+0000] {dag.py:3954} INFO - Setting next_dagrun for primer_dag to 2024-05-17 09:00:00+00:00, run_after=2024-05-18 09:00:00+00:00
[2024-05-19T00:21:56.741+0000] {processor.py:183} INFO - Processing /opt/airflow/dags/primer_dag.py took 0.647 seconds
[2024-05-19T00:22:27.747+0000] {processor.py:161} INFO - Started process (PID=562) to work on /opt/airflow/dags/primer_dag.py
[2024-05-19T00:22:27.753+0000] {processor.py:830} INFO - Processing file /opt/airflow/dags/primer_dag.py for tasks to queue
[2024-05-19T00:22:27.756+0000] {logging_mixin.py:188} INFO - [2024-05-19T00:22:27.755+0000] {dagbag.py:545} INFO - Filling up the DagBag from /opt/airflow/dags/primer_dag.py
[2024-05-19T00:22:27.878+0000] {processor.py:840} INFO - DAG(s) 'primer_dag' retrieved from /opt/airflow/dags/primer_dag.py
[2024-05-19T00:22:28.022+0000] {logging_mixin.py:188} INFO - [2024-05-19T00:22:28.021+0000] {dag.py:3096} INFO - Sync 1 DAGs
[2024-05-19T00:22:28.231+0000] {logging_mixin.py:188} INFO - [2024-05-19T00:22:28.230+0000] {dag.py:3954} INFO - Setting next_dagrun for primer_dag to 2024-05-17 09:00:00+00:00, run_after=2024-05-18 09:00:00+00:00
[2024-05-19T00:22:28.409+0000] {processor.py:183} INFO - Processing /opt/airflow/dags/primer_dag.py took 0.691 seconds
[2024-05-19T00:22:59.147+0000] {processor.py:161} INFO - Started process (PID=570) to work on /opt/airflow/dags/primer_dag.py
[2024-05-19T00:22:59.155+0000] {processor.py:830} INFO - Processing file /opt/airflow/dags/primer_dag.py for tasks to queue
[2024-05-19T00:22:59.164+0000] {logging_mixin.py:188} INFO - [2024-05-19T00:22:59.163+0000] {dagbag.py:545} INFO - Filling up the DagBag from /opt/airflow/dags/primer_dag.py
[2024-05-19T00:23:00.548+0000] {processor.py:840} INFO - DAG(s) 'primer_dag' retrieved from /opt/airflow/dags/primer_dag.py
[2024-05-19T00:23:00.839+0000] {logging_mixin.py:188} INFO - [2024-05-19T00:23:00.837+0000] {dag.py:3096} INFO - Sync 1 DAGs
[2024-05-19T00:23:03.241+0000] {logging_mixin.py:188} INFO - [2024-05-19T00:23:03.237+0000] {dag.py:3954} INFO - Setting next_dagrun for primer_dag to 2024-05-17 09:00:00+00:00, run_after=2024-05-18 09:00:00+00:00
[2024-05-19T00:23:04.555+0000] {processor.py:183} INFO - Processing /opt/airflow/dags/primer_dag.py took 5.435 seconds
[2024-05-19T00:23:35.755+0000] {processor.py:161} INFO - Started process (PID=577) to work on /opt/airflow/dags/primer_dag.py
[2024-05-19T00:23:35.799+0000] {processor.py:830} INFO - Processing file /opt/airflow/dags/primer_dag.py for tasks to queue
[2024-05-19T00:23:35.824+0000] {logging_mixin.py:188} INFO - [2024-05-19T00:23:35.814+0000] {dagbag.py:545} INFO - Filling up the DagBag from /opt/airflow/dags/primer_dag.py
[2024-05-19T00:23:36.472+0000] {processor.py:840} INFO - DAG(s) 'primer_dag' retrieved from /opt/airflow/dags/primer_dag.py
[2024-05-19T00:23:36.856+0000] {logging_mixin.py:188} INFO - [2024-05-19T00:23:36.855+0000] {dag.py:3096} INFO - Sync 1 DAGs
[2024-05-19T00:23:37.030+0000] {logging_mixin.py:188} INFO - [2024-05-19T00:23:37.029+0000] {dag.py:3954} INFO - Setting next_dagrun for primer_dag to 2024-05-17 09:00:00+00:00, run_after=2024-05-18 09:00:00+00:00
[2024-05-19T00:23:37.162+0000] {processor.py:183} INFO - Processing /opt/airflow/dags/primer_dag.py took 1.608 seconds
[2024-05-19T00:24:07.783+0000] {processor.py:161} INFO - Started process (PID=586) to work on /opt/airflow/dags/primer_dag.py
[2024-05-19T00:24:07.803+0000] {processor.py:830} INFO - Processing file /opt/airflow/dags/primer_dag.py for tasks to queue
[2024-05-19T00:24:07.813+0000] {logging_mixin.py:188} INFO - [2024-05-19T00:24:07.812+0000] {dagbag.py:545} INFO - Filling up the DagBag from /opt/airflow/dags/primer_dag.py
[2024-05-19T00:24:08.293+0000] {processor.py:840} INFO - DAG(s) 'primer_dag' retrieved from /opt/airflow/dags/primer_dag.py
[2024-05-19T00:24:08.503+0000] {logging_mixin.py:188} INFO - [2024-05-19T00:24:08.502+0000] {dag.py:3096} INFO - Sync 1 DAGs
[2024-05-19T00:24:08.749+0000] {logging_mixin.py:188} INFO - [2024-05-19T00:24:08.748+0000] {dag.py:3954} INFO - Setting next_dagrun for primer_dag to 2024-05-17 09:00:00+00:00, run_after=2024-05-18 09:00:00+00:00
[2024-05-19T00:24:09.348+0000] {processor.py:183} INFO - Processing /opt/airflow/dags/primer_dag.py took 1.604 seconds
[2024-05-19T00:24:40.176+0000] {processor.py:161} INFO - Started process (PID=595) to work on /opt/airflow/dags/primer_dag.py
[2024-05-19T00:24:40.187+0000] {processor.py:830} INFO - Processing file /opt/airflow/dags/primer_dag.py for tasks to queue
[2024-05-19T00:24:40.192+0000] {logging_mixin.py:188} INFO - [2024-05-19T00:24:40.191+0000] {dagbag.py:545} INFO - Filling up the DagBag from /opt/airflow/dags/primer_dag.py
[2024-05-19T00:24:40.434+0000] {processor.py:840} INFO - DAG(s) 'primer_dag' retrieved from /opt/airflow/dags/primer_dag.py
[2024-05-19T00:24:40.658+0000] {logging_mixin.py:188} INFO - [2024-05-19T00:24:40.657+0000] {dag.py:3096} INFO - Sync 1 DAGs
[2024-05-19T00:24:40.883+0000] {logging_mixin.py:188} INFO - [2024-05-19T00:24:40.882+0000] {dag.py:3954} INFO - Setting next_dagrun for primer_dag to 2024-05-17 09:00:00+00:00, run_after=2024-05-18 09:00:00+00:00
[2024-05-19T00:24:41.075+0000] {processor.py:183} INFO - Processing /opt/airflow/dags/primer_dag.py took 0.939 seconds
[2024-05-19T00:25:11.919+0000] {processor.py:161} INFO - Started process (PID=604) to work on /opt/airflow/dags/primer_dag.py
[2024-05-19T00:25:11.921+0000] {processor.py:830} INFO - Processing file /opt/airflow/dags/primer_dag.py for tasks to queue
[2024-05-19T00:25:11.924+0000] {logging_mixin.py:188} INFO - [2024-05-19T00:25:11.923+0000] {dagbag.py:545} INFO - Filling up the DagBag from /opt/airflow/dags/primer_dag.py
[2024-05-19T00:25:12.032+0000] {processor.py:840} INFO - DAG(s) 'primer_dag' retrieved from /opt/airflow/dags/primer_dag.py
[2024-05-19T00:25:12.111+0000] {logging_mixin.py:188} INFO - [2024-05-19T00:25:12.111+0000] {dag.py:3096} INFO - Sync 1 DAGs
[2024-05-19T00:25:12.201+0000] {logging_mixin.py:188} INFO - [2024-05-19T00:25:12.200+0000] {dag.py:3954} INFO - Setting next_dagrun for primer_dag to 2024-05-17 09:00:00+00:00, run_after=2024-05-18 09:00:00+00:00
[2024-05-19T00:25:12.308+0000] {processor.py:183} INFO - Processing /opt/airflow/dags/primer_dag.py took 0.408 seconds
[2024-05-19T00:25:42.961+0000] {processor.py:161} INFO - Started process (PID=613) to work on /opt/airflow/dags/primer_dag.py
[2024-05-19T00:25:42.966+0000] {processor.py:830} INFO - Processing file /opt/airflow/dags/primer_dag.py for tasks to queue
[2024-05-19T00:25:42.969+0000] {logging_mixin.py:188} INFO - [2024-05-19T00:25:42.969+0000] {dagbag.py:545} INFO - Filling up the DagBag from /opt/airflow/dags/primer_dag.py
[2024-05-19T00:25:43.059+0000] {processor.py:840} INFO - DAG(s) 'primer_dag' retrieved from /opt/airflow/dags/primer_dag.py
[2024-05-19T00:25:43.172+0000] {logging_mixin.py:188} INFO - [2024-05-19T00:25:43.171+0000] {dag.py:3096} INFO - Sync 1 DAGs
[2024-05-19T00:25:43.267+0000] {logging_mixin.py:188} INFO - [2024-05-19T00:25:43.266+0000] {dag.py:3954} INFO - Setting next_dagrun for primer_dag to 2024-05-17 09:00:00+00:00, run_after=2024-05-18 09:00:00+00:00
[2024-05-19T00:25:43.454+0000] {processor.py:183} INFO - Processing /opt/airflow/dags/primer_dag.py took 0.503 seconds
[2024-05-19T00:26:14.414+0000] {processor.py:161} INFO - Started process (PID=622) to work on /opt/airflow/dags/primer_dag.py
[2024-05-19T00:26:14.427+0000] {processor.py:830} INFO - Processing file /opt/airflow/dags/primer_dag.py for tasks to queue
[2024-05-19T00:26:14.442+0000] {logging_mixin.py:188} INFO - [2024-05-19T00:26:14.441+0000] {dagbag.py:545} INFO - Filling up the DagBag from /opt/airflow/dags/primer_dag.py
[2024-05-19T00:26:14.906+0000] {processor.py:840} INFO - DAG(s) 'primer_dag' retrieved from /opt/airflow/dags/primer_dag.py
[2024-05-19T00:26:15.292+0000] {logging_mixin.py:188} INFO - [2024-05-19T00:26:15.291+0000] {dag.py:3096} INFO - Sync 1 DAGs
[2024-05-19T00:26:15.745+0000] {logging_mixin.py:188} INFO - [2024-05-19T00:26:15.744+0000] {dag.py:3954} INFO - Setting next_dagrun for primer_dag to 2024-05-17 09:00:00+00:00, run_after=2024-05-18 09:00:00+00:00
[2024-05-19T00:26:16.096+0000] {processor.py:183} INFO - Processing /opt/airflow/dags/primer_dag.py took 1.716 seconds
[2024-05-19T00:26:46.574+0000] {processor.py:161} INFO - Started process (PID=629) to work on /opt/airflow/dags/primer_dag.py
[2024-05-19T00:26:46.581+0000] {processor.py:830} INFO - Processing file /opt/airflow/dags/primer_dag.py for tasks to queue
[2024-05-19T00:26:46.587+0000] {logging_mixin.py:188} INFO - [2024-05-19T00:26:46.586+0000] {dagbag.py:545} INFO - Filling up the DagBag from /opt/airflow/dags/primer_dag.py
[2024-05-19T00:26:46.786+0000] {processor.py:840} INFO - DAG(s) 'primer_dag' retrieved from /opt/airflow/dags/primer_dag.py
[2024-05-19T00:26:47.027+0000] {logging_mixin.py:188} INFO - [2024-05-19T00:26:47.026+0000] {dag.py:3096} INFO - Sync 1 DAGs
[2024-05-19T00:26:47.308+0000] {logging_mixin.py:188} INFO - [2024-05-19T00:26:47.307+0000] {dag.py:3954} INFO - Setting next_dagrun for primer_dag to 2024-05-17 09:00:00+00:00, run_after=2024-05-18 09:00:00+00:00
[2024-05-19T00:26:47.525+0000] {processor.py:183} INFO - Processing /opt/airflow/dags/primer_dag.py took 0.987 seconds
[2024-05-19T00:27:17.916+0000] {processor.py:161} INFO - Started process (PID=640) to work on /opt/airflow/dags/primer_dag.py
[2024-05-19T00:27:17.920+0000] {processor.py:830} INFO - Processing file /opt/airflow/dags/primer_dag.py for tasks to queue
[2024-05-19T00:27:17.924+0000] {logging_mixin.py:188} INFO - [2024-05-19T00:27:17.922+0000] {dagbag.py:545} INFO - Filling up the DagBag from /opt/airflow/dags/primer_dag.py
[2024-05-19T00:27:18.031+0000] {processor.py:840} INFO - DAG(s) 'primer_dag' retrieved from /opt/airflow/dags/primer_dag.py
[2024-05-19T00:27:18.126+0000] {logging_mixin.py:188} INFO - [2024-05-19T00:27:18.125+0000] {dag.py:3096} INFO - Sync 1 DAGs
[2024-05-19T00:27:19.025+0000] {logging_mixin.py:188} INFO - [2024-05-19T00:27:19.021+0000] {dag.py:3954} INFO - Setting next_dagrun for primer_dag to 2024-05-17 09:00:00+00:00, run_after=2024-05-18 09:00:00+00:00
[2024-05-19T00:27:19.825+0000] {processor.py:183} INFO - Processing /opt/airflow/dags/primer_dag.py took 1.940 seconds
[2024-05-19T00:27:50.488+0000] {processor.py:161} INFO - Started process (PID=649) to work on /opt/airflow/dags/primer_dag.py
[2024-05-19T00:27:50.491+0000] {processor.py:830} INFO - Processing file /opt/airflow/dags/primer_dag.py for tasks to queue
[2024-05-19T00:27:50.494+0000] {logging_mixin.py:188} INFO - [2024-05-19T00:27:50.493+0000] {dagbag.py:545} INFO - Filling up the DagBag from /opt/airflow/dags/primer_dag.py
[2024-05-19T00:27:50.553+0000] {processor.py:840} INFO - DAG(s) 'primer_dag' retrieved from /opt/airflow/dags/primer_dag.py
[2024-05-19T00:27:50.624+0000] {logging_mixin.py:188} INFO - [2024-05-19T00:27:50.623+0000] {dag.py:3096} INFO - Sync 1 DAGs
[2024-05-19T00:27:50.687+0000] {logging_mixin.py:188} INFO - [2024-05-19T00:27:50.686+0000] {dag.py:3954} INFO - Setting next_dagrun for primer_dag to 2024-05-17 09:00:00+00:00, run_after=2024-05-18 09:00:00+00:00
[2024-05-19T00:27:50.741+0000] {processor.py:183} INFO - Processing /opt/airflow/dags/primer_dag.py took 0.273 seconds
[2024-05-19T00:28:20.847+0000] {processor.py:161} INFO - Started process (PID=658) to work on /opt/airflow/dags/primer_dag.py
[2024-05-19T00:28:20.849+0000] {processor.py:830} INFO - Processing file /opt/airflow/dags/primer_dag.py for tasks to queue
[2024-05-19T00:28:20.851+0000] {logging_mixin.py:188} INFO - [2024-05-19T00:28:20.850+0000] {dagbag.py:545} INFO - Filling up the DagBag from /opt/airflow/dags/primer_dag.py
[2024-05-19T00:28:20.894+0000] {processor.py:840} INFO - DAG(s) 'primer_dag' retrieved from /opt/airflow/dags/primer_dag.py
[2024-05-19T00:28:20.933+0000] {logging_mixin.py:188} INFO - [2024-05-19T00:28:20.933+0000] {dag.py:3096} INFO - Sync 1 DAGs
[2024-05-19T00:28:20.972+0000] {logging_mixin.py:188} INFO - [2024-05-19T00:28:20.972+0000] {dag.py:3954} INFO - Setting next_dagrun for primer_dag to 2024-05-17 09:00:00+00:00, run_after=2024-05-18 09:00:00+00:00
[2024-05-19T00:28:21.010+0000] {processor.py:183} INFO - Processing /opt/airflow/dags/primer_dag.py took 0.170 seconds
[2024-05-19T00:28:51.329+0000] {processor.py:161} INFO - Started process (PID=667) to work on /opt/airflow/dags/primer_dag.py
[2024-05-19T00:28:51.331+0000] {processor.py:830} INFO - Processing file /opt/airflow/dags/primer_dag.py for tasks to queue
[2024-05-19T00:28:51.334+0000] {logging_mixin.py:188} INFO - [2024-05-19T00:28:51.333+0000] {dagbag.py:545} INFO - Filling up the DagBag from /opt/airflow/dags/primer_dag.py
[2024-05-19T00:28:51.374+0000] {processor.py:840} INFO - DAG(s) 'primer_dag' retrieved from /opt/airflow/dags/primer_dag.py
[2024-05-19T00:28:51.417+0000] {logging_mixin.py:188} INFO - [2024-05-19T00:28:51.417+0000] {dag.py:3096} INFO - Sync 1 DAGs
[2024-05-19T00:28:51.455+0000] {logging_mixin.py:188} INFO - [2024-05-19T00:28:51.454+0000] {dag.py:3954} INFO - Setting next_dagrun for primer_dag to 2024-05-17 09:00:00+00:00, run_after=2024-05-18 09:00:00+00:00
[2024-05-19T00:28:51.492+0000] {processor.py:183} INFO - Processing /opt/airflow/dags/primer_dag.py took 0.169 seconds
[2024-05-19T00:29:21.666+0000] {processor.py:161} INFO - Started process (PID=676) to work on /opt/airflow/dags/primer_dag.py
[2024-05-19T00:29:21.667+0000] {processor.py:830} INFO - Processing file /opt/airflow/dags/primer_dag.py for tasks to queue
[2024-05-19T00:29:21.669+0000] {logging_mixin.py:188} INFO - [2024-05-19T00:29:21.669+0000] {dagbag.py:545} INFO - Filling up the DagBag from /opt/airflow/dags/primer_dag.py
[2024-05-19T00:29:21.716+0000] {processor.py:840} INFO - DAG(s) 'primer_dag' retrieved from /opt/airflow/dags/primer_dag.py
[2024-05-19T00:29:21.758+0000] {logging_mixin.py:188} INFO - [2024-05-19T00:29:21.758+0000] {dag.py:3096} INFO - Sync 1 DAGs
[2024-05-19T00:29:21.804+0000] {logging_mixin.py:188} INFO - [2024-05-19T00:29:21.804+0000] {dag.py:3954} INFO - Setting next_dagrun for primer_dag to 2024-05-17 09:00:00+00:00, run_after=2024-05-18 09:00:00+00:00
[2024-05-19T00:29:21.840+0000] {processor.py:183} INFO - Processing /opt/airflow/dags/primer_dag.py took 0.181 seconds
[2024-05-19T00:29:52.236+0000] {processor.py:161} INFO - Started process (PID=685) to work on /opt/airflow/dags/primer_dag.py
[2024-05-19T00:29:52.238+0000] {processor.py:830} INFO - Processing file /opt/airflow/dags/primer_dag.py for tasks to queue
[2024-05-19T00:29:52.241+0000] {logging_mixin.py:188} INFO - [2024-05-19T00:29:52.240+0000] {dagbag.py:545} INFO - Filling up the DagBag from /opt/airflow/dags/primer_dag.py
[2024-05-19T00:29:52.298+0000] {processor.py:840} INFO - DAG(s) 'primer_dag' retrieved from /opt/airflow/dags/primer_dag.py
[2024-05-19T00:29:52.345+0000] {logging_mixin.py:188} INFO - [2024-05-19T00:29:52.344+0000] {dag.py:3096} INFO - Sync 1 DAGs
[2024-05-19T00:29:52.392+0000] {logging_mixin.py:188} INFO - [2024-05-19T00:29:52.392+0000] {dag.py:3954} INFO - Setting next_dagrun for primer_dag to 2024-05-17 09:00:00+00:00, run_after=2024-05-18 09:00:00+00:00
[2024-05-19T00:29:52.440+0000] {processor.py:183} INFO - Processing /opt/airflow/dags/primer_dag.py took 0.214 seconds
[2024-05-19T00:30:22.836+0000] {processor.py:161} INFO - Started process (PID=694) to work on /opt/airflow/dags/primer_dag.py
[2024-05-19T00:30:22.838+0000] {processor.py:830} INFO - Processing file /opt/airflow/dags/primer_dag.py for tasks to queue
[2024-05-19T00:30:22.841+0000] {logging_mixin.py:188} INFO - [2024-05-19T00:30:22.840+0000] {dagbag.py:545} INFO - Filling up the DagBag from /opt/airflow/dags/primer_dag.py
[2024-05-19T00:30:22.890+0000] {processor.py:840} INFO - DAG(s) 'primer_dag' retrieved from /opt/airflow/dags/primer_dag.py
[2024-05-19T00:30:22.940+0000] {logging_mixin.py:188} INFO - [2024-05-19T00:30:22.940+0000] {dag.py:3096} INFO - Sync 1 DAGs
[2024-05-19T00:30:22.991+0000] {logging_mixin.py:188} INFO - [2024-05-19T00:30:22.991+0000] {dag.py:3954} INFO - Setting next_dagrun for primer_dag to 2024-05-17 09:00:00+00:00, run_after=2024-05-18 09:00:00+00:00
[2024-05-19T00:30:23.048+0000] {processor.py:183} INFO - Processing /opt/airflow/dags/primer_dag.py took 0.222 seconds
[2024-05-19T00:30:53.520+0000] {processor.py:161} INFO - Started process (PID=703) to work on /opt/airflow/dags/primer_dag.py
[2024-05-19T00:30:53.523+0000] {processor.py:830} INFO - Processing file /opt/airflow/dags/primer_dag.py for tasks to queue
[2024-05-19T00:30:53.526+0000] {logging_mixin.py:188} INFO - [2024-05-19T00:30:53.525+0000] {dagbag.py:545} INFO - Filling up the DagBag from /opt/airflow/dags/primer_dag.py
[2024-05-19T00:30:53.596+0000] {processor.py:840} INFO - DAG(s) 'primer_dag' retrieved from /opt/airflow/dags/primer_dag.py
[2024-05-19T00:30:53.681+0000] {logging_mixin.py:188} INFO - [2024-05-19T00:30:53.680+0000] {dag.py:3096} INFO - Sync 1 DAGs
[2024-05-19T00:30:53.768+0000] {logging_mixin.py:188} INFO - [2024-05-19T00:30:53.767+0000] {dag.py:3954} INFO - Setting next_dagrun for primer_dag to 2024-05-17 09:00:00+00:00, run_after=2024-05-18 09:00:00+00:00
[2024-05-19T00:30:53.846+0000] {processor.py:183} INFO - Processing /opt/airflow/dags/primer_dag.py took 0.339 seconds
[2024-05-19T00:31:24.121+0000] {processor.py:161} INFO - Started process (PID=712) to work on /opt/airflow/dags/primer_dag.py
[2024-05-19T00:31:24.124+0000] {processor.py:830} INFO - Processing file /opt/airflow/dags/primer_dag.py for tasks to queue
[2024-05-19T00:31:24.128+0000] {logging_mixin.py:188} INFO - [2024-05-19T00:31:24.127+0000] {dagbag.py:545} INFO - Filling up the DagBag from /opt/airflow/dags/primer_dag.py
[2024-05-19T00:31:24.203+0000] {processor.py:840} INFO - DAG(s) 'primer_dag' retrieved from /opt/airflow/dags/primer_dag.py
[2024-05-19T00:31:24.269+0000] {logging_mixin.py:188} INFO - [2024-05-19T00:31:24.267+0000] {dag.py:3096} INFO - Sync 1 DAGs
[2024-05-19T00:31:24.332+0000] {logging_mixin.py:188} INFO - [2024-05-19T00:31:24.331+0000] {dag.py:3954} INFO - Setting next_dagrun for primer_dag to 2024-05-17 09:00:00+00:00, run_after=2024-05-18 09:00:00+00:00
[2024-05-19T00:31:24.391+0000] {processor.py:183} INFO - Processing /opt/airflow/dags/primer_dag.py took 0.283 seconds
[2024-05-19T00:31:54.893+0000] {processor.py:161} INFO - Started process (PID=721) to work on /opt/airflow/dags/primer_dag.py
[2024-05-19T00:31:54.895+0000] {processor.py:830} INFO - Processing file /opt/airflow/dags/primer_dag.py for tasks to queue
[2024-05-19T00:31:54.899+0000] {logging_mixin.py:188} INFO - [2024-05-19T00:31:54.897+0000] {dagbag.py:545} INFO - Filling up the DagBag from /opt/airflow/dags/primer_dag.py
[2024-05-19T00:31:54.951+0000] {processor.py:840} INFO - DAG(s) 'primer_dag' retrieved from /opt/airflow/dags/primer_dag.py
[2024-05-19T00:31:55.005+0000] {logging_mixin.py:188} INFO - [2024-05-19T00:31:55.005+0000] {dag.py:3096} INFO - Sync 1 DAGs
[2024-05-19T00:31:55.061+0000] {logging_mixin.py:188} INFO - [2024-05-19T00:31:55.060+0000] {dag.py:3954} INFO - Setting next_dagrun for primer_dag to 2024-05-17 09:00:00+00:00, run_after=2024-05-18 09:00:00+00:00
[2024-05-19T00:31:55.157+0000] {processor.py:183} INFO - Processing /opt/airflow/dags/primer_dag.py took 0.275 seconds
[2024-05-19T00:32:25.308+0000] {processor.py:161} INFO - Started process (PID=730) to work on /opt/airflow/dags/primer_dag.py
[2024-05-19T00:32:25.311+0000] {processor.py:830} INFO - Processing file /opt/airflow/dags/primer_dag.py for tasks to queue
[2024-05-19T00:32:25.315+0000] {logging_mixin.py:188} INFO - [2024-05-19T00:32:25.314+0000] {dagbag.py:545} INFO - Filling up the DagBag from /opt/airflow/dags/primer_dag.py
[2024-05-19T00:32:25.399+0000] {processor.py:840} INFO - DAG(s) 'primer_dag' retrieved from /opt/airflow/dags/primer_dag.py
[2024-05-19T00:32:25.483+0000] {logging_mixin.py:188} INFO - [2024-05-19T00:32:25.482+0000] {dag.py:3096} INFO - Sync 1 DAGs
[2024-05-19T00:32:25.572+0000] {logging_mixin.py:188} INFO - [2024-05-19T00:32:25.572+0000] {dag.py:3954} INFO - Setting next_dagrun for primer_dag to 2024-05-17 09:00:00+00:00, run_after=2024-05-18 09:00:00+00:00
[2024-05-19T00:32:25.645+0000] {processor.py:183} INFO - Processing /opt/airflow/dags/primer_dag.py took 0.354 seconds
[2024-05-19T00:32:56.159+0000] {processor.py:161} INFO - Started process (PID=741) to work on /opt/airflow/dags/primer_dag.py
[2024-05-19T00:32:56.160+0000] {processor.py:830} INFO - Processing file /opt/airflow/dags/primer_dag.py for tasks to queue
[2024-05-19T00:32:56.162+0000] {logging_mixin.py:188} INFO - [2024-05-19T00:32:56.162+0000] {dagbag.py:545} INFO - Filling up the DagBag from /opt/airflow/dags/primer_dag.py
[2024-05-19T00:32:56.195+0000] {processor.py:840} INFO - DAG(s) 'primer_dag' retrieved from /opt/airflow/dags/primer_dag.py
[2024-05-19T00:32:56.234+0000] {logging_mixin.py:188} INFO - [2024-05-19T00:32:56.234+0000] {dag.py:3096} INFO - Sync 1 DAGs
[2024-05-19T00:32:56.272+0000] {logging_mixin.py:188} INFO - [2024-05-19T00:32:56.272+0000] {dag.py:3954} INFO - Setting next_dagrun for primer_dag to 2024-05-17 09:00:00+00:00, run_after=2024-05-18 09:00:00+00:00
[2024-05-19T00:32:56.311+0000] {processor.py:183} INFO - Processing /opt/airflow/dags/primer_dag.py took 0.158 seconds
[2024-05-19T00:33:26.669+0000] {processor.py:161} INFO - Started process (PID=752) to work on /opt/airflow/dags/primer_dag.py
[2024-05-19T00:33:26.671+0000] {processor.py:830} INFO - Processing file /opt/airflow/dags/primer_dag.py for tasks to queue
[2024-05-19T00:33:26.674+0000] {logging_mixin.py:188} INFO - [2024-05-19T00:33:26.674+0000] {dagbag.py:545} INFO - Filling up the DagBag from /opt/airflow/dags/primer_dag.py
[2024-05-19T00:33:26.745+0000] {processor.py:840} INFO - DAG(s) 'primer_dag' retrieved from /opt/airflow/dags/primer_dag.py
[2024-05-19T00:33:26.802+0000] {logging_mixin.py:188} INFO - [2024-05-19T00:33:26.802+0000] {dag.py:3096} INFO - Sync 1 DAGs
[2024-05-19T00:33:26.849+0000] {logging_mixin.py:188} INFO - [2024-05-19T00:33:26.848+0000] {dag.py:3954} INFO - Setting next_dagrun for primer_dag to 2024-05-17 09:00:00+00:00, run_after=2024-05-18 09:00:00+00:00
[2024-05-19T00:33:26.893+0000] {processor.py:183} INFO - Processing /opt/airflow/dags/primer_dag.py took 0.237 seconds
[2024-05-19T00:33:57.228+0000] {processor.py:161} INFO - Started process (PID=761) to work on /opt/airflow/dags/primer_dag.py
[2024-05-19T00:33:57.229+0000] {processor.py:830} INFO - Processing file /opt/airflow/dags/primer_dag.py for tasks to queue
[2024-05-19T00:33:57.231+0000] {logging_mixin.py:188} INFO - [2024-05-19T00:33:57.231+0000] {dagbag.py:545} INFO - Filling up the DagBag from /opt/airflow/dags/primer_dag.py
[2024-05-19T00:33:57.266+0000] {processor.py:840} INFO - DAG(s) 'primer_dag' retrieved from /opt/airflow/dags/primer_dag.py
[2024-05-19T00:33:57.309+0000] {logging_mixin.py:188} INFO - [2024-05-19T00:33:57.309+0000] {dag.py:3096} INFO - Sync 1 DAGs
[2024-05-19T00:33:57.349+0000] {logging_mixin.py:188} INFO - [2024-05-19T00:33:57.349+0000] {dag.py:3954} INFO - Setting next_dagrun for primer_dag to 2024-05-17 09:00:00+00:00, run_after=2024-05-18 09:00:00+00:00
[2024-05-19T00:33:57.388+0000] {processor.py:183} INFO - Processing /opt/airflow/dags/primer_dag.py took 0.167 seconds
[2024-05-19T00:34:27.994+0000] {processor.py:161} INFO - Started process (PID=770) to work on /opt/airflow/dags/primer_dag.py
[2024-05-19T00:34:28.001+0000] {processor.py:830} INFO - Processing file /opt/airflow/dags/primer_dag.py for tasks to queue
[2024-05-19T00:34:28.005+0000] {logging_mixin.py:188} INFO - [2024-05-19T00:34:28.004+0000] {dagbag.py:545} INFO - Filling up the DagBag from /opt/airflow/dags/primer_dag.py
[2024-05-19T00:34:28.113+0000] {processor.py:840} INFO - DAG(s) 'primer_dag' retrieved from /opt/airflow/dags/primer_dag.py
[2024-05-19T00:34:28.182+0000] {logging_mixin.py:188} INFO - [2024-05-19T00:34:28.182+0000] {dag.py:3096} INFO - Sync 1 DAGs
[2024-05-19T00:34:28.248+0000] {logging_mixin.py:188} INFO - [2024-05-19T00:34:28.248+0000] {dag.py:3954} INFO - Setting next_dagrun for primer_dag to 2024-05-17 09:00:00+00:00, run_after=2024-05-18 09:00:00+00:00
[2024-05-19T00:34:28.317+0000] {processor.py:183} INFO - Processing /opt/airflow/dags/primer_dag.py took 0.347 seconds
[2024-05-19T00:34:58.573+0000] {processor.py:161} INFO - Started process (PID=779) to work on /opt/airflow/dags/primer_dag.py
[2024-05-19T00:34:58.575+0000] {processor.py:830} INFO - Processing file /opt/airflow/dags/primer_dag.py for tasks to queue
[2024-05-19T00:34:58.581+0000] {logging_mixin.py:188} INFO - [2024-05-19T00:34:58.579+0000] {dagbag.py:545} INFO - Filling up the DagBag from /opt/airflow/dags/primer_dag.py
[2024-05-19T00:34:58.699+0000] {processor.py:840} INFO - DAG(s) 'primer_dag' retrieved from /opt/airflow/dags/primer_dag.py
[2024-05-19T00:34:58.842+0000] {logging_mixin.py:188} INFO - [2024-05-19T00:34:58.842+0000] {dag.py:3096} INFO - Sync 1 DAGs
[2024-05-19T00:34:59.010+0000] {logging_mixin.py:188} INFO - [2024-05-19T00:34:59.009+0000] {dag.py:3954} INFO - Setting next_dagrun for primer_dag to 2024-05-17 09:00:00+00:00, run_after=2024-05-18 09:00:00+00:00
[2024-05-19T00:34:59.088+0000] {processor.py:183} INFO - Processing /opt/airflow/dags/primer_dag.py took 0.529 seconds
[2024-05-19T00:35:29.266+0000] {processor.py:161} INFO - Started process (PID=787) to work on /opt/airflow/dags/primer_dag.py
[2024-05-19T00:35:29.269+0000] {processor.py:830} INFO - Processing file /opt/airflow/dags/primer_dag.py for tasks to queue
[2024-05-19T00:35:29.272+0000] {logging_mixin.py:188} INFO - [2024-05-19T00:35:29.272+0000] {dagbag.py:545} INFO - Filling up the DagBag from /opt/airflow/dags/primer_dag.py
[2024-05-19T00:35:29.343+0000] {processor.py:840} INFO - DAG(s) 'primer_dag' retrieved from /opt/airflow/dags/primer_dag.py
[2024-05-19T00:35:29.432+0000] {logging_mixin.py:188} INFO - [2024-05-19T00:35:29.431+0000] {dag.py:3096} INFO - Sync 1 DAGs
[2024-05-19T00:35:29.520+0000] {logging_mixin.py:188} INFO - [2024-05-19T00:35:29.520+0000] {dag.py:3954} INFO - Setting next_dagrun for primer_dag to 2024-05-17 09:00:00+00:00, run_after=2024-05-18 09:00:00+00:00
[2024-05-19T00:35:29.619+0000] {processor.py:183} INFO - Processing /opt/airflow/dags/primer_dag.py took 0.368 seconds
[2024-05-19T00:36:00.349+0000] {processor.py:161} INFO - Started process (PID=795) to work on /opt/airflow/dags/primer_dag.py
[2024-05-19T00:36:00.350+0000] {processor.py:830} INFO - Processing file /opt/airflow/dags/primer_dag.py for tasks to queue
[2024-05-19T00:36:00.352+0000] {logging_mixin.py:188} INFO - [2024-05-19T00:36:00.351+0000] {dagbag.py:545} INFO - Filling up the DagBag from /opt/airflow/dags/primer_dag.py
[2024-05-19T00:36:00.402+0000] {processor.py:840} INFO - DAG(s) 'primer_dag' retrieved from /opt/airflow/dags/primer_dag.py
[2024-05-19T00:36:00.452+0000] {logging_mixin.py:188} INFO - [2024-05-19T00:36:00.451+0000] {dag.py:3096} INFO - Sync 1 DAGs
[2024-05-19T00:36:00.505+0000] {logging_mixin.py:188} INFO - [2024-05-19T00:36:00.504+0000] {dag.py:3954} INFO - Setting next_dagrun for primer_dag to 2024-05-17 09:00:00+00:00, run_after=2024-05-18 09:00:00+00:00
[2024-05-19T00:36:00.547+0000] {processor.py:183} INFO - Processing /opt/airflow/dags/primer_dag.py took 0.208 seconds
[2024-05-19T00:36:30.953+0000] {processor.py:161} INFO - Started process (PID=804) to work on /opt/airflow/dags/primer_dag.py
[2024-05-19T00:36:30.955+0000] {processor.py:830} INFO - Processing file /opt/airflow/dags/primer_dag.py for tasks to queue
[2024-05-19T00:36:30.957+0000] {logging_mixin.py:188} INFO - [2024-05-19T00:36:30.957+0000] {dagbag.py:545} INFO - Filling up the DagBag from /opt/airflow/dags/primer_dag.py
[2024-05-19T00:36:30.996+0000] {processor.py:840} INFO - DAG(s) 'primer_dag' retrieved from /opt/airflow/dags/primer_dag.py
[2024-05-19T00:36:31.038+0000] {logging_mixin.py:188} INFO - [2024-05-19T00:36:31.037+0000] {dag.py:3096} INFO - Sync 1 DAGs
[2024-05-19T00:36:31.080+0000] {logging_mixin.py:188} INFO - [2024-05-19T00:36:31.080+0000] {dag.py:3954} INFO - Setting next_dagrun for primer_dag to 2024-05-17 09:00:00+00:00, run_after=2024-05-18 09:00:00+00:00
[2024-05-19T00:36:31.118+0000] {processor.py:183} INFO - Processing /opt/airflow/dags/primer_dag.py took 0.172 seconds
[2024-05-19T00:37:01.493+0000] {processor.py:161} INFO - Started process (PID=813) to work on /opt/airflow/dags/primer_dag.py
[2024-05-19T00:37:01.495+0000] {processor.py:830} INFO - Processing file /opt/airflow/dags/primer_dag.py for tasks to queue
[2024-05-19T00:37:01.497+0000] {logging_mixin.py:188} INFO - [2024-05-19T00:37:01.497+0000] {dagbag.py:545} INFO - Filling up the DagBag from /opt/airflow/dags/primer_dag.py
[2024-05-19T00:37:01.549+0000] {processor.py:840} INFO - DAG(s) 'primer_dag' retrieved from /opt/airflow/dags/primer_dag.py
[2024-05-19T00:37:01.608+0000] {logging_mixin.py:188} INFO - [2024-05-19T00:37:01.608+0000] {dag.py:3096} INFO - Sync 1 DAGs
[2024-05-19T00:37:01.661+0000] {logging_mixin.py:188} INFO - [2024-05-19T00:37:01.660+0000] {dag.py:3954} INFO - Setting next_dagrun for primer_dag to 2024-05-17 09:00:00+00:00, run_after=2024-05-18 09:00:00+00:00
[2024-05-19T00:37:01.698+0000] {processor.py:183} INFO - Processing /opt/airflow/dags/primer_dag.py took 0.216 seconds
[2024-05-19T00:37:31.995+0000] {processor.py:161} INFO - Started process (PID=820) to work on /opt/airflow/dags/primer_dag.py
[2024-05-19T00:37:31.996+0000] {processor.py:830} INFO - Processing file /opt/airflow/dags/primer_dag.py for tasks to queue
[2024-05-19T00:37:31.999+0000] {logging_mixin.py:188} INFO - [2024-05-19T00:37:31.998+0000] {dagbag.py:545} INFO - Filling up the DagBag from /opt/airflow/dags/primer_dag.py
[2024-05-19T00:37:32.040+0000] {processor.py:840} INFO - DAG(s) 'primer_dag' retrieved from /opt/airflow/dags/primer_dag.py
[2024-05-19T00:37:32.076+0000] {logging_mixin.py:188} INFO - [2024-05-19T00:37:32.075+0000] {dag.py:3096} INFO - Sync 1 DAGs
[2024-05-19T00:37:32.111+0000] {logging_mixin.py:188} INFO - [2024-05-19T00:37:32.110+0000] {dag.py:3954} INFO - Setting next_dagrun for primer_dag to 2024-05-17 09:00:00+00:00, run_after=2024-05-18 09:00:00+00:00
[2024-05-19T00:37:32.154+0000] {processor.py:183} INFO - Processing /opt/airflow/dags/primer_dag.py took 0.168 seconds
[2024-05-19T00:38:02.775+0000] {processor.py:161} INFO - Started process (PID=829) to work on /opt/airflow/dags/primer_dag.py
[2024-05-19T00:38:02.778+0000] {processor.py:830} INFO - Processing file /opt/airflow/dags/primer_dag.py for tasks to queue
[2024-05-19T00:38:02.781+0000] {logging_mixin.py:188} INFO - [2024-05-19T00:38:02.780+0000] {dagbag.py:545} INFO - Filling up the DagBag from /opt/airflow/dags/primer_dag.py
[2024-05-19T00:38:02.848+0000] {processor.py:840} INFO - DAG(s) 'primer_dag' retrieved from /opt/airflow/dags/primer_dag.py
[2024-05-19T00:38:02.924+0000] {logging_mixin.py:188} INFO - [2024-05-19T00:38:02.923+0000] {dag.py:3096} INFO - Sync 1 DAGs
[2024-05-19T00:38:02.992+0000] {logging_mixin.py:188} INFO - [2024-05-19T00:38:02.991+0000] {dag.py:3954} INFO - Setting next_dagrun for primer_dag to 2024-05-17 09:00:00+00:00, run_after=2024-05-18 09:00:00+00:00
[2024-05-19T00:38:03.071+0000] {processor.py:183} INFO - Processing /opt/airflow/dags/primer_dag.py took 0.319 seconds
[2024-05-19T00:38:33.465+0000] {processor.py:161} INFO - Started process (PID=838) to work on /opt/airflow/dags/primer_dag.py
[2024-05-19T00:38:33.467+0000] {processor.py:830} INFO - Processing file /opt/airflow/dags/primer_dag.py for tasks to queue
[2024-05-19T00:38:33.470+0000] {logging_mixin.py:188} INFO - [2024-05-19T00:38:33.469+0000] {dagbag.py:545} INFO - Filling up the DagBag from /opt/airflow/dags/primer_dag.py
[2024-05-19T00:38:33.508+0000] {processor.py:840} INFO - DAG(s) 'primer_dag' retrieved from /opt/airflow/dags/primer_dag.py
[2024-05-19T00:38:33.550+0000] {logging_mixin.py:188} INFO - [2024-05-19T00:38:33.550+0000] {dag.py:3096} INFO - Sync 1 DAGs
[2024-05-19T00:38:33.596+0000] {logging_mixin.py:188} INFO - [2024-05-19T00:38:33.595+0000] {dag.py:3954} INFO - Setting next_dagrun for primer_dag to 2024-05-17 09:00:00+00:00, run_after=2024-05-18 09:00:00+00:00
[2024-05-19T00:38:33.631+0000] {processor.py:183} INFO - Processing /opt/airflow/dags/primer_dag.py took 0.174 seconds
[2024-05-19T00:39:04.002+0000] {processor.py:161} INFO - Started process (PID=847) to work on /opt/airflow/dags/primer_dag.py
[2024-05-19T00:39:04.004+0000] {processor.py:830} INFO - Processing file /opt/airflow/dags/primer_dag.py for tasks to queue
[2024-05-19T00:39:04.005+0000] {logging_mixin.py:188} INFO - [2024-05-19T00:39:04.005+0000] {dagbag.py:545} INFO - Filling up the DagBag from /opt/airflow/dags/primer_dag.py
[2024-05-19T00:39:04.039+0000] {processor.py:840} INFO - DAG(s) 'primer_dag' retrieved from /opt/airflow/dags/primer_dag.py
[2024-05-19T00:39:04.077+0000] {logging_mixin.py:188} INFO - [2024-05-19T00:39:04.076+0000] {dag.py:3096} INFO - Sync 1 DAGs
[2024-05-19T00:39:04.115+0000] {logging_mixin.py:188} INFO - [2024-05-19T00:39:04.114+0000] {dag.py:3954} INFO - Setting next_dagrun for primer_dag to 2024-05-17 09:00:00+00:00, run_after=2024-05-18 09:00:00+00:00
[2024-05-19T00:39:04.152+0000] {processor.py:183} INFO - Processing /opt/airflow/dags/primer_dag.py took 0.158 seconds
[2024-05-19T00:39:34.382+0000] {processor.py:161} INFO - Started process (PID=856) to work on /opt/airflow/dags/primer_dag.py
[2024-05-19T00:39:34.385+0000] {processor.py:830} INFO - Processing file /opt/airflow/dags/primer_dag.py for tasks to queue
[2024-05-19T00:39:34.387+0000] {logging_mixin.py:188} INFO - [2024-05-19T00:39:34.386+0000] {dagbag.py:545} INFO - Filling up the DagBag from /opt/airflow/dags/primer_dag.py
[2024-05-19T00:39:34.433+0000] {processor.py:840} INFO - DAG(s) 'primer_dag' retrieved from /opt/airflow/dags/primer_dag.py
[2024-05-19T00:39:34.471+0000] {logging_mixin.py:188} INFO - [2024-05-19T00:39:34.471+0000] {dag.py:3096} INFO - Sync 1 DAGs
[2024-05-19T00:39:34.516+0000] {logging_mixin.py:188} INFO - [2024-05-19T00:39:34.516+0000] {dag.py:3954} INFO - Setting next_dagrun for primer_dag to 2024-05-17 09:00:00+00:00, run_after=2024-05-18 09:00:00+00:00
[2024-05-19T00:39:34.549+0000] {processor.py:183} INFO - Processing /opt/airflow/dags/primer_dag.py took 0.185 seconds
[2024-05-19T00:40:04.797+0000] {processor.py:161} INFO - Started process (PID=865) to work on /opt/airflow/dags/primer_dag.py
[2024-05-19T00:40:04.798+0000] {processor.py:830} INFO - Processing file /opt/airflow/dags/primer_dag.py for tasks to queue
[2024-05-19T00:40:04.800+0000] {logging_mixin.py:188} INFO - [2024-05-19T00:40:04.799+0000] {dagbag.py:545} INFO - Filling up the DagBag from /opt/airflow/dags/primer_dag.py
[2024-05-19T00:40:04.833+0000] {processor.py:840} INFO - DAG(s) 'primer_dag' retrieved from /opt/airflow/dags/primer_dag.py
[2024-05-19T00:40:04.880+0000] {logging_mixin.py:188} INFO - [2024-05-19T00:40:04.879+0000] {dag.py:3096} INFO - Sync 1 DAGs
[2024-05-19T00:40:04.918+0000] {logging_mixin.py:188} INFO - [2024-05-19T00:40:04.917+0000] {dag.py:3954} INFO - Setting next_dagrun for primer_dag to 2024-05-17 09:00:00+00:00, run_after=2024-05-18 09:00:00+00:00
[2024-05-19T00:40:04.947+0000] {processor.py:183} INFO - Processing /opt/airflow/dags/primer_dag.py took 0.157 seconds
[2024-05-19T00:40:35.283+0000] {processor.py:161} INFO - Started process (PID=874) to work on /opt/airflow/dags/primer_dag.py
[2024-05-19T00:40:35.285+0000] {processor.py:830} INFO - Processing file /opt/airflow/dags/primer_dag.py for tasks to queue
[2024-05-19T00:40:35.287+0000] {logging_mixin.py:188} INFO - [2024-05-19T00:40:35.286+0000] {dagbag.py:545} INFO - Filling up the DagBag from /opt/airflow/dags/primer_dag.py
[2024-05-19T00:40:35.322+0000] {processor.py:840} INFO - DAG(s) 'primer_dag' retrieved from /opt/airflow/dags/primer_dag.py
[2024-05-19T00:40:35.359+0000] {logging_mixin.py:188} INFO - [2024-05-19T00:40:35.359+0000] {dag.py:3096} INFO - Sync 1 DAGs
[2024-05-19T00:40:35.395+0000] {logging_mixin.py:188} INFO - [2024-05-19T00:40:35.395+0000] {dag.py:3954} INFO - Setting next_dagrun for primer_dag to 2024-05-17 09:00:00+00:00, run_after=2024-05-18 09:00:00+00:00
[2024-05-19T00:40:35.438+0000] {processor.py:183} INFO - Processing /opt/airflow/dags/primer_dag.py took 0.162 seconds
[2024-05-19T00:41:05.610+0000] {processor.py:161} INFO - Started process (PID=883) to work on /opt/airflow/dags/primer_dag.py
[2024-05-19T00:41:05.612+0000] {processor.py:830} INFO - Processing file /opt/airflow/dags/primer_dag.py for tasks to queue
[2024-05-19T00:41:05.614+0000] {logging_mixin.py:188} INFO - [2024-05-19T00:41:05.613+0000] {dagbag.py:545} INFO - Filling up the DagBag from /opt/airflow/dags/primer_dag.py
[2024-05-19T00:41:05.650+0000] {processor.py:840} INFO - DAG(s) 'primer_dag' retrieved from /opt/airflow/dags/primer_dag.py
[2024-05-19T00:41:05.685+0000] {logging_mixin.py:188} INFO - [2024-05-19T00:41:05.685+0000] {dag.py:3096} INFO - Sync 1 DAGs
[2024-05-19T00:41:05.718+0000] {logging_mixin.py:188} INFO - [2024-05-19T00:41:05.718+0000] {dag.py:3954} INFO - Setting next_dagrun for primer_dag to 2024-05-17 09:00:00+00:00, run_after=2024-05-18 09:00:00+00:00
[2024-05-19T00:41:05.749+0000] {processor.py:183} INFO - Processing /opt/airflow/dags/primer_dag.py took 0.145 seconds
[2024-05-19T00:41:36.072+0000] {processor.py:161} INFO - Started process (PID=892) to work on /opt/airflow/dags/primer_dag.py
[2024-05-19T00:41:36.074+0000] {processor.py:830} INFO - Processing file /opt/airflow/dags/primer_dag.py for tasks to queue
[2024-05-19T00:41:36.076+0000] {logging_mixin.py:188} INFO - [2024-05-19T00:41:36.075+0000] {dagbag.py:545} INFO - Filling up the DagBag from /opt/airflow/dags/primer_dag.py
[2024-05-19T00:41:36.123+0000] {processor.py:840} INFO - DAG(s) 'primer_dag' retrieved from /opt/airflow/dags/primer_dag.py
[2024-05-19T00:41:36.164+0000] {logging_mixin.py:188} INFO - [2024-05-19T00:41:36.163+0000] {dag.py:3096} INFO - Sync 1 DAGs
[2024-05-19T00:41:36.208+0000] {logging_mixin.py:188} INFO - [2024-05-19T00:41:36.207+0000] {dag.py:3954} INFO - Setting next_dagrun for primer_dag to 2024-05-17 09:00:00+00:00, run_after=2024-05-18 09:00:00+00:00
[2024-05-19T00:41:36.270+0000] {processor.py:183} INFO - Processing /opt/airflow/dags/primer_dag.py took 0.206 seconds
[2024-05-19T00:42:06.398+0000] {processor.py:161} INFO - Started process (PID=901) to work on /opt/airflow/dags/primer_dag.py
[2024-05-19T00:42:06.400+0000] {processor.py:830} INFO - Processing file /opt/airflow/dags/primer_dag.py for tasks to queue
[2024-05-19T00:42:06.402+0000] {logging_mixin.py:188} INFO - [2024-05-19T00:42:06.402+0000] {dagbag.py:545} INFO - Filling up the DagBag from /opt/airflow/dags/primer_dag.py
[2024-05-19T00:42:06.439+0000] {processor.py:840} INFO - DAG(s) 'primer_dag' retrieved from /opt/airflow/dags/primer_dag.py
[2024-05-19T00:42:06.481+0000] {logging_mixin.py:188} INFO - [2024-05-19T00:42:06.480+0000] {dag.py:3096} INFO - Sync 1 DAGs
[2024-05-19T00:42:06.524+0000] {logging_mixin.py:188} INFO - [2024-05-19T00:42:06.523+0000] {dag.py:3954} INFO - Setting next_dagrun for primer_dag to 2024-05-17 09:00:00+00:00, run_after=2024-05-18 09:00:00+00:00
[2024-05-19T00:42:06.563+0000] {processor.py:183} INFO - Processing /opt/airflow/dags/primer_dag.py took 0.174 seconds
[2024-05-19T00:42:36.933+0000] {processor.py:161} INFO - Started process (PID=911) to work on /opt/airflow/dags/primer_dag.py
[2024-05-19T00:42:36.938+0000] {processor.py:830} INFO - Processing file /opt/airflow/dags/primer_dag.py for tasks to queue
[2024-05-19T00:42:36.941+0000] {logging_mixin.py:188} INFO - [2024-05-19T00:42:36.940+0000] {dagbag.py:545} INFO - Filling up the DagBag from /opt/airflow/dags/primer_dag.py
[2024-05-19T00:42:36.980+0000] {processor.py:840} INFO - DAG(s) 'primer_dag' retrieved from /opt/airflow/dags/primer_dag.py
[2024-05-19T00:42:37.016+0000] {logging_mixin.py:188} INFO - [2024-05-19T00:42:37.016+0000] {dag.py:3096} INFO - Sync 1 DAGs
[2024-05-19T00:42:37.051+0000] {logging_mixin.py:188} INFO - [2024-05-19T00:42:37.051+0000] {dag.py:3954} INFO - Setting next_dagrun for primer_dag to 2024-05-17 09:00:00+00:00, run_after=2024-05-18 09:00:00+00:00
[2024-05-19T00:42:37.082+0000] {processor.py:183} INFO - Processing /opt/airflow/dags/primer_dag.py took 0.163 seconds
[2024-05-19T00:43:07.375+0000] {processor.py:161} INFO - Started process (PID=926) to work on /opt/airflow/dags/primer_dag.py
[2024-05-19T00:43:07.376+0000] {processor.py:830} INFO - Processing file /opt/airflow/dags/primer_dag.py for tasks to queue
[2024-05-19T00:43:07.379+0000] {logging_mixin.py:188} INFO - [2024-05-19T00:43:07.378+0000] {dagbag.py:545} INFO - Filling up the DagBag from /opt/airflow/dags/primer_dag.py
[2024-05-19T00:43:07.433+0000] {processor.py:840} INFO - DAG(s) 'primer_dag' retrieved from /opt/airflow/dags/primer_dag.py
[2024-05-19T00:43:07.479+0000] {logging_mixin.py:188} INFO - [2024-05-19T00:43:07.478+0000] {dag.py:3096} INFO - Sync 1 DAGs
[2024-05-19T00:43:07.520+0000] {logging_mixin.py:188} INFO - [2024-05-19T00:43:07.520+0000] {dag.py:3954} INFO - Setting next_dagrun for primer_dag to 2024-05-17 09:00:00+00:00, run_after=2024-05-18 09:00:00+00:00
[2024-05-19T00:43:07.554+0000] {processor.py:183} INFO - Processing /opt/airflow/dags/primer_dag.py took 0.193 seconds
[2024-05-19T00:43:37.688+0000] {processor.py:161} INFO - Started process (PID=935) to work on /opt/airflow/dags/primer_dag.py
[2024-05-19T00:43:37.690+0000] {processor.py:830} INFO - Processing file /opt/airflow/dags/primer_dag.py for tasks to queue
[2024-05-19T00:43:37.691+0000] {logging_mixin.py:188} INFO - [2024-05-19T00:43:37.690+0000] {dagbag.py:545} INFO - Filling up the DagBag from /opt/airflow/dags/primer_dag.py
[2024-05-19T00:43:37.726+0000] {processor.py:840} INFO - DAG(s) 'primer_dag' retrieved from /opt/airflow/dags/primer_dag.py
[2024-05-19T00:43:37.760+0000] {logging_mixin.py:188} INFO - [2024-05-19T00:43:37.760+0000] {dag.py:3096} INFO - Sync 1 DAGs
[2024-05-19T00:43:37.791+0000] {logging_mixin.py:188} INFO - [2024-05-19T00:43:37.791+0000] {dag.py:3954} INFO - Setting next_dagrun for primer_dag to 2024-05-17 09:00:00+00:00, run_after=2024-05-18 09:00:00+00:00
[2024-05-19T00:43:37.821+0000] {processor.py:183} INFO - Processing /opt/airflow/dags/primer_dag.py took 0.139 seconds
[2024-05-19T00:44:08.019+0000] {processor.py:161} INFO - Started process (PID=944) to work on /opt/airflow/dags/primer_dag.py
[2024-05-19T00:44:08.021+0000] {processor.py:830} INFO - Processing file /opt/airflow/dags/primer_dag.py for tasks to queue
[2024-05-19T00:44:08.023+0000] {logging_mixin.py:188} INFO - [2024-05-19T00:44:08.022+0000] {dagbag.py:545} INFO - Filling up the DagBag from /opt/airflow/dags/primer_dag.py
[2024-05-19T00:44:08.080+0000] {processor.py:840} INFO - DAG(s) 'primer_dag' retrieved from /opt/airflow/dags/primer_dag.py
[2024-05-19T00:44:08.126+0000] {logging_mixin.py:188} INFO - [2024-05-19T00:44:08.126+0000] {dag.py:3096} INFO - Sync 1 DAGs
[2024-05-19T00:44:08.168+0000] {logging_mixin.py:188} INFO - [2024-05-19T00:44:08.168+0000] {dag.py:3954} INFO - Setting next_dagrun for primer_dag to 2024-05-17 09:00:00+00:00, run_after=2024-05-18 09:00:00+00:00
[2024-05-19T00:44:08.208+0000] {processor.py:183} INFO - Processing /opt/airflow/dags/primer_dag.py took 0.195 seconds
[2024-05-19T00:44:38.405+0000] {processor.py:161} INFO - Started process (PID=952) to work on /opt/airflow/dags/primer_dag.py
[2024-05-19T00:44:38.406+0000] {processor.py:830} INFO - Processing file /opt/airflow/dags/primer_dag.py for tasks to queue
[2024-05-19T00:44:38.408+0000] {logging_mixin.py:188} INFO - [2024-05-19T00:44:38.407+0000] {dagbag.py:545} INFO - Filling up the DagBag from /opt/airflow/dags/primer_dag.py
[2024-05-19T00:44:38.444+0000] {processor.py:840} INFO - DAG(s) 'primer_dag' retrieved from /opt/airflow/dags/primer_dag.py
[2024-05-19T00:44:38.484+0000] {logging_mixin.py:188} INFO - [2024-05-19T00:44:38.483+0000] {dag.py:3096} INFO - Sync 1 DAGs
[2024-05-19T00:44:38.521+0000] {logging_mixin.py:188} INFO - [2024-05-19T00:44:38.521+0000] {dag.py:3954} INFO - Setting next_dagrun for primer_dag to 2024-05-17 09:00:00+00:00, run_after=2024-05-18 09:00:00+00:00
[2024-05-19T00:44:38.556+0000] {processor.py:183} INFO - Processing /opt/airflow/dags/primer_dag.py took 0.160 seconds
[2024-05-19T00:45:08.744+0000] {processor.py:161} INFO - Started process (PID=960) to work on /opt/airflow/dags/primer_dag.py
[2024-05-19T00:45:08.745+0000] {processor.py:830} INFO - Processing file /opt/airflow/dags/primer_dag.py for tasks to queue
[2024-05-19T00:45:08.748+0000] {logging_mixin.py:188} INFO - [2024-05-19T00:45:08.747+0000] {dagbag.py:545} INFO - Filling up the DagBag from /opt/airflow/dags/primer_dag.py
[2024-05-19T00:45:08.786+0000] {processor.py:840} INFO - DAG(s) 'primer_dag' retrieved from /opt/airflow/dags/primer_dag.py
[2024-05-19T00:45:08.822+0000] {logging_mixin.py:188} INFO - [2024-05-19T00:45:08.822+0000] {dag.py:3096} INFO - Sync 1 DAGs
[2024-05-19T00:45:08.859+0000] {logging_mixin.py:188} INFO - [2024-05-19T00:45:08.858+0000] {dag.py:3954} INFO - Setting next_dagrun for primer_dag to 2024-05-17 09:00:00+00:00, run_after=2024-05-18 09:00:00+00:00
[2024-05-19T00:45:08.890+0000] {processor.py:183} INFO - Processing /opt/airflow/dags/primer_dag.py took 0.154 seconds
[2024-05-19T00:45:39.154+0000] {processor.py:161} INFO - Started process (PID=969) to work on /opt/airflow/dags/primer_dag.py
[2024-05-19T00:45:39.155+0000] {processor.py:830} INFO - Processing file /opt/airflow/dags/primer_dag.py for tasks to queue
[2024-05-19T00:45:39.157+0000] {logging_mixin.py:188} INFO - [2024-05-19T00:45:39.157+0000] {dagbag.py:545} INFO - Filling up the DagBag from /opt/airflow/dags/primer_dag.py
[2024-05-19T00:45:39.193+0000] {processor.py:840} INFO - DAG(s) 'primer_dag' retrieved from /opt/airflow/dags/primer_dag.py
[2024-05-19T00:45:39.233+0000] {logging_mixin.py:188} INFO - [2024-05-19T00:45:39.233+0000] {dag.py:3096} INFO - Sync 1 DAGs
[2024-05-19T00:45:39.280+0000] {logging_mixin.py:188} INFO - [2024-05-19T00:45:39.279+0000] {dag.py:3954} INFO - Setting next_dagrun for primer_dag to 2024-05-17 09:00:00+00:00, run_after=2024-05-18 09:00:00+00:00
[2024-05-19T00:45:39.320+0000] {processor.py:183} INFO - Processing /opt/airflow/dags/primer_dag.py took 0.174 seconds
[2024-05-19T00:46:09.535+0000] {processor.py:161} INFO - Started process (PID=978) to work on /opt/airflow/dags/primer_dag.py
[2024-05-19T00:46:09.537+0000] {processor.py:830} INFO - Processing file /opt/airflow/dags/primer_dag.py for tasks to queue
[2024-05-19T00:46:09.539+0000] {logging_mixin.py:188} INFO - [2024-05-19T00:46:09.538+0000] {dagbag.py:545} INFO - Filling up the DagBag from /opt/airflow/dags/primer_dag.py
[2024-05-19T00:46:09.584+0000] {processor.py:840} INFO - DAG(s) 'primer_dag' retrieved from /opt/airflow/dags/primer_dag.py
[2024-05-19T00:46:09.652+0000] {logging_mixin.py:188} INFO - [2024-05-19T00:46:09.651+0000] {dag.py:3096} INFO - Sync 1 DAGs
[2024-05-19T00:46:09.717+0000] {logging_mixin.py:188} INFO - [2024-05-19T00:46:09.716+0000] {dag.py:3954} INFO - Setting next_dagrun for primer_dag to 2024-05-17 09:00:00+00:00, run_after=2024-05-18 09:00:00+00:00
[2024-05-19T00:46:09.767+0000] {processor.py:183} INFO - Processing /opt/airflow/dags/primer_dag.py took 0.258 seconds
[2024-05-19T00:46:40.279+0000] {processor.py:161} INFO - Started process (PID=987) to work on /opt/airflow/dags/primer_dag.py
[2024-05-19T00:46:40.285+0000] {processor.py:830} INFO - Processing file /opt/airflow/dags/primer_dag.py for tasks to queue
[2024-05-19T00:46:40.289+0000] {logging_mixin.py:188} INFO - [2024-05-19T00:46:40.287+0000] {dagbag.py:545} INFO - Filling up the DagBag from /opt/airflow/dags/primer_dag.py
[2024-05-19T00:46:40.390+0000] {processor.py:840} INFO - DAG(s) 'primer_dag' retrieved from /opt/airflow/dags/primer_dag.py
[2024-05-19T00:46:40.451+0000] {logging_mixin.py:188} INFO - [2024-05-19T00:46:40.451+0000] {dag.py:3096} INFO - Sync 1 DAGs
[2024-05-19T00:46:40.488+0000] {logging_mixin.py:188} INFO - [2024-05-19T00:46:40.488+0000] {dag.py:3954} INFO - Setting next_dagrun for primer_dag to 2024-05-17 09:00:00+00:00, run_after=2024-05-18 09:00:00+00:00
[2024-05-19T00:46:40.538+0000] {processor.py:183} INFO - Processing /opt/airflow/dags/primer_dag.py took 0.297 seconds
[2024-05-19T00:47:10.819+0000] {processor.py:161} INFO - Started process (PID=996) to work on /opt/airflow/dags/primer_dag.py
[2024-05-19T00:47:10.821+0000] {processor.py:830} INFO - Processing file /opt/airflow/dags/primer_dag.py for tasks to queue
[2024-05-19T00:47:10.823+0000] {logging_mixin.py:188} INFO - [2024-05-19T00:47:10.822+0000] {dagbag.py:545} INFO - Filling up the DagBag from /opt/airflow/dags/primer_dag.py
[2024-05-19T00:47:10.862+0000] {processor.py:840} INFO - DAG(s) 'primer_dag' retrieved from /opt/airflow/dags/primer_dag.py
[2024-05-19T00:47:10.902+0000] {logging_mixin.py:188} INFO - [2024-05-19T00:47:10.902+0000] {dag.py:3096} INFO - Sync 1 DAGs
[2024-05-19T00:47:10.947+0000] {logging_mixin.py:188} INFO - [2024-05-19T00:47:10.946+0000] {dag.py:3954} INFO - Setting next_dagrun for primer_dag to 2024-05-17 09:00:00+00:00, run_after=2024-05-18 09:00:00+00:00
[2024-05-19T00:47:10.991+0000] {processor.py:183} INFO - Processing /opt/airflow/dags/primer_dag.py took 0.179 seconds
[2024-05-19T00:47:41.337+0000] {processor.py:161} INFO - Started process (PID=1005) to work on /opt/airflow/dags/primer_dag.py
[2024-05-19T00:47:41.338+0000] {processor.py:830} INFO - Processing file /opt/airflow/dags/primer_dag.py for tasks to queue
[2024-05-19T00:47:41.340+0000] {logging_mixin.py:188} INFO - [2024-05-19T00:47:41.339+0000] {dagbag.py:545} INFO - Filling up the DagBag from /opt/airflow/dags/primer_dag.py
[2024-05-19T00:47:41.383+0000] {processor.py:840} INFO - DAG(s) 'primer_dag' retrieved from /opt/airflow/dags/primer_dag.py
[2024-05-19T00:47:41.446+0000] {logging_mixin.py:188} INFO - [2024-05-19T00:47:41.446+0000] {dag.py:3096} INFO - Sync 1 DAGs
[2024-05-19T00:47:41.501+0000] {logging_mixin.py:188} INFO - [2024-05-19T00:47:41.501+0000] {dag.py:3954} INFO - Setting next_dagrun for primer_dag to 2024-05-17 09:00:00+00:00, run_after=2024-05-18 09:00:00+00:00
[2024-05-19T00:47:41.537+0000] {processor.py:183} INFO - Processing /opt/airflow/dags/primer_dag.py took 0.207 seconds
