[2024-05-19T00:37:50.564+0000] {processor.py:161} INFO - Started process (PID=827) to work on /opt/airflow/dags/world_cup_2022.py
[2024-05-19T00:37:50.566+0000] {processor.py:830} INFO - Processing file /opt/airflow/dags/world_cup_2022.py for tasks to queue
[2024-05-19T00:37:50.570+0000] {logging_mixin.py:188} INFO - [2024-05-19T00:37:50.569+0000] {dagbag.py:545} INFO - Filling up the DagBag from /opt/airflow/dags/world_cup_2022.py
[2024-05-19T00:37:51.897+0000] {processor.py:840} INFO - DAG(s) 'world_cup_2022' retrieved from /opt/airflow/dags/world_cup_2022.py
[2024-05-19T00:37:52.107+0000] {logging_mixin.py:188} INFO - [2024-05-19T00:37:52.106+0000] {override.py:1829} INFO - Created Permission View: can read on DAG:world_cup_2022
[2024-05-19T00:37:52.123+0000] {logging_mixin.py:188} INFO - [2024-05-19T00:37:52.123+0000] {override.py:1829} INFO - Created Permission View: can delete on DAG:world_cup_2022
[2024-05-19T00:37:52.136+0000] {logging_mixin.py:188} INFO - [2024-05-19T00:37:52.135+0000] {override.py:1829} INFO - Created Permission View: can edit on DAG:world_cup_2022
[2024-05-19T00:37:52.138+0000] {logging_mixin.py:188} INFO - [2024-05-19T00:37:52.137+0000] {dag.py:3096} INFO - Sync 1 DAGs
[2024-05-19T00:37:52.157+0000] {logging_mixin.py:188} INFO - [2024-05-19T00:37:52.155+0000] {dag.py:3118} INFO - Creating ORM DAG for world_cup_2022
[2024-05-19T00:37:52.159+0000] {logging_mixin.py:188} INFO - [2024-05-19T00:37:52.158+0000] {dag.py:3954} INFO - Setting next_dagrun for world_cup_2022 to None, run_after=None
[2024-05-19T00:37:52.207+0000] {processor.py:183} INFO - Processing /opt/airflow/dags/world_cup_2022.py took 1.652 seconds
[2024-05-19T00:38:21.314+0000] {processor.py:161} INFO - Started process (PID=836) to work on /opt/airflow/dags/world_cup_2022.py
[2024-05-19T00:38:21.316+0000] {processor.py:830} INFO - Processing file /opt/airflow/dags/world_cup_2022.py for tasks to queue
[2024-05-19T00:38:21.318+0000] {logging_mixin.py:188} INFO - [2024-05-19T00:38:21.318+0000] {dagbag.py:545} INFO - Filling up the DagBag from /opt/airflow/dags/world_cup_2022.py
[2024-05-19T00:38:22.379+0000] {processor.py:840} INFO - DAG(s) 'world_cup_2022' retrieved from /opt/airflow/dags/world_cup_2022.py
[2024-05-19T00:38:22.423+0000] {logging_mixin.py:188} INFO - [2024-05-19T00:38:22.422+0000] {dag.py:3096} INFO - Sync 1 DAGs
[2024-05-19T00:38:22.441+0000] {logging_mixin.py:188} INFO - [2024-05-19T00:38:22.440+0000] {dag.py:3954} INFO - Setting next_dagrun for world_cup_2022 to None, run_after=None
[2024-05-19T00:38:22.489+0000] {processor.py:183} INFO - Processing /opt/airflow/dags/world_cup_2022.py took 1.181 seconds
[2024-05-19T00:38:52.861+0000] {processor.py:161} INFO - Started process (PID=845) to work on /opt/airflow/dags/world_cup_2022.py
[2024-05-19T00:38:52.863+0000] {processor.py:830} INFO - Processing file /opt/airflow/dags/world_cup_2022.py for tasks to queue
[2024-05-19T00:38:52.865+0000] {logging_mixin.py:188} INFO - [2024-05-19T00:38:52.864+0000] {dagbag.py:545} INFO - Filling up the DagBag from /opt/airflow/dags/world_cup_2022.py
[2024-05-19T00:38:53.854+0000] {processor.py:840} INFO - DAG(s) 'world_cup_2022' retrieved from /opt/airflow/dags/world_cup_2022.py
[2024-05-19T00:38:53.884+0000] {logging_mixin.py:188} INFO - [2024-05-19T00:38:53.884+0000] {dag.py:3096} INFO - Sync 1 DAGs
[2024-05-19T00:38:53.901+0000] {logging_mixin.py:188} INFO - [2024-05-19T00:38:53.901+0000] {dag.py:3954} INFO - Setting next_dagrun for world_cup_2022 to None, run_after=None
[2024-05-19T00:38:53.928+0000] {processor.py:183} INFO - Processing /opt/airflow/dags/world_cup_2022.py took 1.074 seconds
[2024-05-19T00:39:24.279+0000] {processor.py:161} INFO - Started process (PID=854) to work on /opt/airflow/dags/world_cup_2022.py
[2024-05-19T00:39:24.280+0000] {processor.py:830} INFO - Processing file /opt/airflow/dags/world_cup_2022.py for tasks to queue
[2024-05-19T00:39:24.282+0000] {logging_mixin.py:188} INFO - [2024-05-19T00:39:24.281+0000] {dagbag.py:545} INFO - Filling up the DagBag from /opt/airflow/dags/world_cup_2022.py
[2024-05-19T00:39:25.129+0000] {processor.py:840} INFO - DAG(s) 'world_cup_2022' retrieved from /opt/airflow/dags/world_cup_2022.py
[2024-05-19T00:39:25.161+0000] {logging_mixin.py:188} INFO - [2024-05-19T00:39:25.160+0000] {dag.py:3096} INFO - Sync 1 DAGs
[2024-05-19T00:39:25.179+0000] {logging_mixin.py:188} INFO - [2024-05-19T00:39:25.179+0000] {dag.py:3954} INFO - Setting next_dagrun for world_cup_2022 to None, run_after=None
[2024-05-19T00:39:25.209+0000] {processor.py:183} INFO - Processing /opt/airflow/dags/world_cup_2022.py took 0.937 seconds
[2024-05-19T00:39:55.668+0000] {processor.py:161} INFO - Started process (PID=863) to work on /opt/airflow/dags/world_cup_2022.py
[2024-05-19T00:39:55.669+0000] {processor.py:830} INFO - Processing file /opt/airflow/dags/world_cup_2022.py for tasks to queue
[2024-05-19T00:39:55.671+0000] {logging_mixin.py:188} INFO - [2024-05-19T00:39:55.670+0000] {dagbag.py:545} INFO - Filling up the DagBag from /opt/airflow/dags/world_cup_2022.py
[2024-05-19T00:39:56.556+0000] {processor.py:840} INFO - DAG(s) 'world_cup_2022' retrieved from /opt/airflow/dags/world_cup_2022.py
[2024-05-19T00:39:56.589+0000] {logging_mixin.py:188} INFO - [2024-05-19T00:39:56.588+0000] {dag.py:3096} INFO - Sync 1 DAGs
[2024-05-19T00:39:56.608+0000] {logging_mixin.py:188} INFO - [2024-05-19T00:39:56.608+0000] {dag.py:3954} INFO - Setting next_dagrun for world_cup_2022 to None, run_after=None
[2024-05-19T00:39:56.639+0000] {processor.py:183} INFO - Processing /opt/airflow/dags/world_cup_2022.py took 0.978 seconds
[2024-05-19T00:40:27.050+0000] {processor.py:161} INFO - Started process (PID=872) to work on /opt/airflow/dags/world_cup_2022.py
[2024-05-19T00:40:27.052+0000] {processor.py:830} INFO - Processing file /opt/airflow/dags/world_cup_2022.py for tasks to queue
[2024-05-19T00:40:27.054+0000] {logging_mixin.py:188} INFO - [2024-05-19T00:40:27.053+0000] {dagbag.py:545} INFO - Filling up the DagBag from /opt/airflow/dags/world_cup_2022.py
[2024-05-19T00:40:28.064+0000] {processor.py:840} INFO - DAG(s) 'world_cup_2022' retrieved from /opt/airflow/dags/world_cup_2022.py
[2024-05-19T00:40:28.104+0000] {logging_mixin.py:188} INFO - [2024-05-19T00:40:28.103+0000] {dag.py:3096} INFO - Sync 1 DAGs
[2024-05-19T00:40:28.130+0000] {logging_mixin.py:188} INFO - [2024-05-19T00:40:28.129+0000] {dag.py:3954} INFO - Setting next_dagrun for world_cup_2022 to None, run_after=None
[2024-05-19T00:40:28.177+0000] {processor.py:183} INFO - Processing /opt/airflow/dags/world_cup_2022.py took 1.135 seconds
[2024-05-19T00:40:58.518+0000] {processor.py:161} INFO - Started process (PID=881) to work on /opt/airflow/dags/world_cup_2022.py
[2024-05-19T00:40:58.520+0000] {processor.py:830} INFO - Processing file /opt/airflow/dags/world_cup_2022.py for tasks to queue
[2024-05-19T00:40:58.522+0000] {logging_mixin.py:188} INFO - [2024-05-19T00:40:58.521+0000] {dagbag.py:545} INFO - Filling up the DagBag from /opt/airflow/dags/world_cup_2022.py
[2024-05-19T00:40:59.504+0000] {processor.py:840} INFO - DAG(s) 'world_cup_2022' retrieved from /opt/airflow/dags/world_cup_2022.py
[2024-05-19T00:40:59.537+0000] {logging_mixin.py:188} INFO - [2024-05-19T00:40:59.536+0000] {dag.py:3096} INFO - Sync 1 DAGs
[2024-05-19T00:40:59.556+0000] {logging_mixin.py:188} INFO - [2024-05-19T00:40:59.556+0000] {dag.py:3954} INFO - Setting next_dagrun for world_cup_2022 to None, run_after=None
[2024-05-19T00:40:59.592+0000] {processor.py:183} INFO - Processing /opt/airflow/dags/world_cup_2022.py took 1.080 seconds
[2024-05-19T00:41:29.971+0000] {processor.py:161} INFO - Started process (PID=890) to work on /opt/airflow/dags/world_cup_2022.py
[2024-05-19T00:41:29.972+0000] {processor.py:830} INFO - Processing file /opt/airflow/dags/world_cup_2022.py for tasks to queue
[2024-05-19T00:41:29.974+0000] {logging_mixin.py:188} INFO - [2024-05-19T00:41:29.974+0000] {dagbag.py:545} INFO - Filling up the DagBag from /opt/airflow/dags/world_cup_2022.py
[2024-05-19T00:41:30.933+0000] {processor.py:840} INFO - DAG(s) 'world_cup_2022' retrieved from /opt/airflow/dags/world_cup_2022.py
[2024-05-19T00:41:30.967+0000] {logging_mixin.py:188} INFO - [2024-05-19T00:41:30.966+0000] {dag.py:3096} INFO - Sync 1 DAGs
[2024-05-19T00:41:30.985+0000] {logging_mixin.py:188} INFO - [2024-05-19T00:41:30.984+0000] {dag.py:3954} INFO - Setting next_dagrun for world_cup_2022 to None, run_after=None
[2024-05-19T00:41:31.019+0000] {processor.py:183} INFO - Processing /opt/airflow/dags/world_cup_2022.py took 1.056 seconds
[2024-05-19T00:42:01.359+0000] {processor.py:161} INFO - Started process (PID=899) to work on /opt/airflow/dags/world_cup_2022.py
[2024-05-19T00:42:01.360+0000] {processor.py:830} INFO - Processing file /opt/airflow/dags/world_cup_2022.py for tasks to queue
[2024-05-19T00:42:01.361+0000] {logging_mixin.py:188} INFO - [2024-05-19T00:42:01.361+0000] {dagbag.py:545} INFO - Filling up the DagBag from /opt/airflow/dags/world_cup_2022.py
[2024-05-19T00:42:02.197+0000] {processor.py:840} INFO - DAG(s) 'world_cup_2022' retrieved from /opt/airflow/dags/world_cup_2022.py
[2024-05-19T00:42:02.227+0000] {logging_mixin.py:188} INFO - [2024-05-19T00:42:02.226+0000] {dag.py:3096} INFO - Sync 1 DAGs
[2024-05-19T00:42:02.243+0000] {logging_mixin.py:188} INFO - [2024-05-19T00:42:02.243+0000] {dag.py:3954} INFO - Setting next_dagrun for world_cup_2022 to None, run_after=None
[2024-05-19T00:42:02.272+0000] {processor.py:183} INFO - Processing /opt/airflow/dags/world_cup_2022.py took 0.921 seconds
[2024-05-19T00:42:32.854+0000] {processor.py:161} INFO - Started process (PID=909) to work on /opt/airflow/dags/world_cup_2022.py
[2024-05-19T00:42:32.855+0000] {processor.py:830} INFO - Processing file /opt/airflow/dags/world_cup_2022.py for tasks to queue
[2024-05-19T00:42:32.857+0000] {logging_mixin.py:188} INFO - [2024-05-19T00:42:32.856+0000] {dagbag.py:545} INFO - Filling up the DagBag from /opt/airflow/dags/world_cup_2022.py
[2024-05-19T00:42:33.739+0000] {processor.py:840} INFO - DAG(s) 'world_cup_2022' retrieved from /opt/airflow/dags/world_cup_2022.py
[2024-05-19T00:42:33.773+0000] {logging_mixin.py:188} INFO - [2024-05-19T00:42:33.772+0000] {dag.py:3096} INFO - Sync 1 DAGs
[2024-05-19T00:42:33.789+0000] {logging_mixin.py:188} INFO - [2024-05-19T00:42:33.789+0000] {dag.py:3954} INFO - Setting next_dagrun for world_cup_2022 to None, run_after=None
[2024-05-19T00:42:33.817+0000] {processor.py:183} INFO - Processing /opt/airflow/dags/world_cup_2022.py took 0.970 seconds
[2024-05-19T00:43:04.339+0000] {processor.py:161} INFO - Started process (PID=918) to work on /opt/airflow/dags/world_cup_2022.py
[2024-05-19T00:43:04.340+0000] {processor.py:830} INFO - Processing file /opt/airflow/dags/world_cup_2022.py for tasks to queue
[2024-05-19T00:43:04.342+0000] {logging_mixin.py:188} INFO - [2024-05-19T00:43:04.342+0000] {dagbag.py:545} INFO - Filling up the DagBag from /opt/airflow/dags/world_cup_2022.py
[2024-05-19T00:43:05.182+0000] {processor.py:840} INFO - DAG(s) 'world_cup_2022' retrieved from /opt/airflow/dags/world_cup_2022.py
[2024-05-19T00:43:05.212+0000] {logging_mixin.py:188} INFO - [2024-05-19T00:43:05.211+0000] {dag.py:3096} INFO - Sync 1 DAGs
[2024-05-19T00:43:05.226+0000] {logging_mixin.py:188} INFO - [2024-05-19T00:43:05.226+0000] {dag.py:3954} INFO - Setting next_dagrun for world_cup_2022 to None, run_after=None
[2024-05-19T00:43:05.255+0000] {processor.py:183} INFO - Processing /opt/airflow/dags/world_cup_2022.py took 0.924 seconds
[2024-05-19T00:43:35.661+0000] {processor.py:161} INFO - Started process (PID=927) to work on /opt/airflow/dags/world_cup_2022.py
[2024-05-19T00:43:35.662+0000] {processor.py:830} INFO - Processing file /opt/airflow/dags/world_cup_2022.py for tasks to queue
[2024-05-19T00:43:35.664+0000] {logging_mixin.py:188} INFO - [2024-05-19T00:43:35.663+0000] {dagbag.py:545} INFO - Filling up the DagBag from /opt/airflow/dags/world_cup_2022.py
[2024-05-19T00:43:36.534+0000] {processor.py:840} INFO - DAG(s) 'world_cup_2022' retrieved from /opt/airflow/dags/world_cup_2022.py
[2024-05-19T00:43:36.562+0000] {logging_mixin.py:188} INFO - [2024-05-19T00:43:36.561+0000] {dag.py:3096} INFO - Sync 1 DAGs
[2024-05-19T00:43:36.579+0000] {logging_mixin.py:188} INFO - [2024-05-19T00:43:36.579+0000] {dag.py:3954} INFO - Setting next_dagrun for world_cup_2022 to None, run_after=None
[2024-05-19T00:43:36.611+0000] {processor.py:183} INFO - Processing /opt/airflow/dags/world_cup_2022.py took 0.956 seconds
[2024-05-19T00:44:06.994+0000] {processor.py:161} INFO - Started process (PID=936) to work on /opt/airflow/dags/world_cup_2022.py
[2024-05-19T00:44:06.996+0000] {processor.py:830} INFO - Processing file /opt/airflow/dags/world_cup_2022.py for tasks to queue
[2024-05-19T00:44:06.997+0000] {logging_mixin.py:188} INFO - [2024-05-19T00:44:06.997+0000] {dagbag.py:545} INFO - Filling up the DagBag from /opt/airflow/dags/world_cup_2022.py
[2024-05-19T00:44:07.935+0000] {processor.py:840} INFO - DAG(s) 'world_cup_2022' retrieved from /opt/airflow/dags/world_cup_2022.py
[2024-05-19T00:44:07.969+0000] {logging_mixin.py:188} INFO - [2024-05-19T00:44:07.968+0000] {dag.py:3096} INFO - Sync 1 DAGs
[2024-05-19T00:44:07.988+0000] {logging_mixin.py:188} INFO - [2024-05-19T00:44:07.988+0000] {dag.py:3954} INFO - Setting next_dagrun for world_cup_2022 to None, run_after=None
[2024-05-19T00:44:08.024+0000] {processor.py:183} INFO - Processing /opt/airflow/dags/world_cup_2022.py took 1.036 seconds
[2024-05-19T00:44:38.395+0000] {processor.py:161} INFO - Started process (PID=951) to work on /opt/airflow/dags/world_cup_2022.py
[2024-05-19T00:44:38.397+0000] {processor.py:830} INFO - Processing file /opt/airflow/dags/world_cup_2022.py for tasks to queue
[2024-05-19T00:44:38.399+0000] {logging_mixin.py:188} INFO - [2024-05-19T00:44:38.398+0000] {dagbag.py:545} INFO - Filling up the DagBag from /opt/airflow/dags/world_cup_2022.py
[2024-05-19T00:44:39.281+0000] {processor.py:840} INFO - DAG(s) 'world_cup_2022' retrieved from /opt/airflow/dags/world_cup_2022.py
[2024-05-19T00:44:39.324+0000] {logging_mixin.py:188} INFO - [2024-05-19T00:44:39.323+0000] {dag.py:3096} INFO - Sync 1 DAGs
[2024-05-19T00:44:39.340+0000] {logging_mixin.py:188} INFO - [2024-05-19T00:44:39.339+0000] {dag.py:3954} INFO - Setting next_dagrun for world_cup_2022 to None, run_after=None
[2024-05-19T00:44:39.369+0000] {processor.py:183} INFO - Processing /opt/airflow/dags/world_cup_2022.py took 0.981 seconds
[2024-05-19T00:45:09.888+0000] {processor.py:161} INFO - Started process (PID=961) to work on /opt/airflow/dags/world_cup_2022.py
[2024-05-19T00:45:09.889+0000] {processor.py:830} INFO - Processing file /opt/airflow/dags/world_cup_2022.py for tasks to queue
[2024-05-19T00:45:09.891+0000] {logging_mixin.py:188} INFO - [2024-05-19T00:45:09.891+0000] {dagbag.py:545} INFO - Filling up the DagBag from /opt/airflow/dags/world_cup_2022.py
[2024-05-19T00:45:10.742+0000] {processor.py:840} INFO - DAG(s) 'world_cup_2022' retrieved from /opt/airflow/dags/world_cup_2022.py
[2024-05-19T00:45:10.773+0000] {logging_mixin.py:188} INFO - [2024-05-19T00:45:10.773+0000] {dag.py:3096} INFO - Sync 1 DAGs
[2024-05-19T00:45:10.790+0000] {logging_mixin.py:188} INFO - [2024-05-19T00:45:10.790+0000] {dag.py:3954} INFO - Setting next_dagrun for world_cup_2022 to None, run_after=None
[2024-05-19T00:45:10.817+0000] {processor.py:183} INFO - Processing /opt/airflow/dags/world_cup_2022.py took 0.936 seconds
[2024-05-19T00:45:41.226+0000] {processor.py:161} INFO - Started process (PID=970) to work on /opt/airflow/dags/world_cup_2022.py
[2024-05-19T00:45:41.228+0000] {processor.py:830} INFO - Processing file /opt/airflow/dags/world_cup_2022.py for tasks to queue
[2024-05-19T00:45:41.230+0000] {logging_mixin.py:188} INFO - [2024-05-19T00:45:41.229+0000] {dagbag.py:545} INFO - Filling up the DagBag from /opt/airflow/dags/world_cup_2022.py
[2024-05-19T00:45:42.015+0000] {processor.py:840} INFO - DAG(s) 'world_cup_2022' retrieved from /opt/airflow/dags/world_cup_2022.py
[2024-05-19T00:45:42.045+0000] {logging_mixin.py:188} INFO - [2024-05-19T00:45:42.045+0000] {dag.py:3096} INFO - Sync 1 DAGs
[2024-05-19T00:45:42.063+0000] {logging_mixin.py:188} INFO - [2024-05-19T00:45:42.063+0000] {dag.py:3954} INFO - Setting next_dagrun for world_cup_2022 to None, run_after=None
[2024-05-19T00:45:42.095+0000] {processor.py:183} INFO - Processing /opt/airflow/dags/world_cup_2022.py took 0.877 seconds
[2024-05-19T00:46:12.714+0000] {processor.py:161} INFO - Started process (PID=979) to work on /opt/airflow/dags/world_cup_2022.py
[2024-05-19T00:46:12.716+0000] {processor.py:830} INFO - Processing file /opt/airflow/dags/world_cup_2022.py for tasks to queue
[2024-05-19T00:46:12.718+0000] {logging_mixin.py:188} INFO - [2024-05-19T00:46:12.717+0000] {dagbag.py:545} INFO - Filling up the DagBag from /opt/airflow/dags/world_cup_2022.py
[2024-05-19T00:46:14.024+0000] {processor.py:840} INFO - DAG(s) 'world_cup_2022' retrieved from /opt/airflow/dags/world_cup_2022.py
[2024-05-19T00:46:14.084+0000] {logging_mixin.py:188} INFO - [2024-05-19T00:46:14.083+0000] {dag.py:3096} INFO - Sync 1 DAGs
[2024-05-19T00:46:14.110+0000] {logging_mixin.py:188} INFO - [2024-05-19T00:46:14.110+0000] {dag.py:3954} INFO - Setting next_dagrun for world_cup_2022 to None, run_after=None
[2024-05-19T00:46:14.150+0000] {processor.py:183} INFO - Processing /opt/airflow/dags/world_cup_2022.py took 1.447 seconds
[2024-05-19T00:46:44.608+0000] {processor.py:161} INFO - Started process (PID=988) to work on /opt/airflow/dags/world_cup_2022.py
[2024-05-19T00:46:44.610+0000] {processor.py:830} INFO - Processing file /opt/airflow/dags/world_cup_2022.py for tasks to queue
[2024-05-19T00:46:44.612+0000] {logging_mixin.py:188} INFO - [2024-05-19T00:46:44.611+0000] {dagbag.py:545} INFO - Filling up the DagBag from /opt/airflow/dags/world_cup_2022.py
[2024-05-19T00:46:46.311+0000] {processor.py:840} INFO - DAG(s) 'world_cup_2022' retrieved from /opt/airflow/dags/world_cup_2022.py
[2024-05-19T00:46:46.382+0000] {logging_mixin.py:188} INFO - [2024-05-19T00:46:46.381+0000] {dag.py:3096} INFO - Sync 1 DAGs
[2024-05-19T00:46:46.432+0000] {logging_mixin.py:188} INFO - [2024-05-19T00:46:46.431+0000] {dag.py:3954} INFO - Setting next_dagrun for world_cup_2022 to None, run_after=None
[2024-05-19T00:46:46.498+0000] {processor.py:183} INFO - Processing /opt/airflow/dags/world_cup_2022.py took 1.897 seconds
[2024-05-19T00:47:16.938+0000] {processor.py:161} INFO - Started process (PID=997) to work on /opt/airflow/dags/world_cup_2022.py
[2024-05-19T00:47:16.940+0000] {processor.py:830} INFO - Processing file /opt/airflow/dags/world_cup_2022.py for tasks to queue
[2024-05-19T00:47:16.943+0000] {logging_mixin.py:188} INFO - [2024-05-19T00:47:16.942+0000] {dagbag.py:545} INFO - Filling up the DagBag from /opt/airflow/dags/world_cup_2022.py
[2024-05-19T00:47:18.074+0000] {processor.py:840} INFO - DAG(s) 'world_cup_2022' retrieved from /opt/airflow/dags/world_cup_2022.py
[2024-05-19T00:47:18.115+0000] {logging_mixin.py:188} INFO - [2024-05-19T00:47:18.114+0000] {dag.py:3096} INFO - Sync 1 DAGs
[2024-05-19T00:47:18.137+0000] {logging_mixin.py:188} INFO - [2024-05-19T00:47:18.136+0000] {dag.py:3954} INFO - Setting next_dagrun for world_cup_2022 to None, run_after=None
[2024-05-19T00:47:18.180+0000] {processor.py:183} INFO - Processing /opt/airflow/dags/world_cup_2022.py took 1.253 seconds
[2024-05-19T00:47:48.532+0000] {processor.py:161} INFO - Started process (PID=1006) to work on /opt/airflow/dags/world_cup_2022.py
[2024-05-19T00:47:48.534+0000] {processor.py:830} INFO - Processing file /opt/airflow/dags/world_cup_2022.py for tasks to queue
[2024-05-19T00:47:48.536+0000] {logging_mixin.py:188} INFO - [2024-05-19T00:47:48.535+0000] {dagbag.py:545} INFO - Filling up the DagBag from /opt/airflow/dags/world_cup_2022.py
[2024-05-19T00:47:49.374+0000] {processor.py:840} INFO - DAG(s) 'world_cup_2022' retrieved from /opt/airflow/dags/world_cup_2022.py
[2024-05-19T00:47:49.410+0000] {logging_mixin.py:188} INFO - [2024-05-19T00:47:49.409+0000] {dag.py:3096} INFO - Sync 1 DAGs
[2024-05-19T00:47:49.427+0000] {logging_mixin.py:188} INFO - [2024-05-19T00:47:49.427+0000] {dag.py:3954} INFO - Setting next_dagrun for world_cup_2022 to None, run_after=None
[2024-05-19T00:47:49.457+0000] {processor.py:183} INFO - Processing /opt/airflow/dags/world_cup_2022.py took 0.932 seconds
[2024-05-19T00:47:54.758+0000] {processor.py:161} INFO - Started process (PID=1008) to work on /opt/airflow/dags/world_cup_2022.py
[2024-05-19T00:47:54.760+0000] {processor.py:830} INFO - Processing file /opt/airflow/dags/world_cup_2022.py for tasks to queue
[2024-05-19T00:47:54.763+0000] {logging_mixin.py:188} INFO - [2024-05-19T00:47:54.762+0000] {dagbag.py:545} INFO - Filling up the DagBag from /opt/airflow/dags/world_cup_2022.py
[2024-05-19T00:47:56.199+0000] {processor.py:840} INFO - DAG(s) 'world_cup_2022' retrieved from /opt/airflow/dags/world_cup_2022.py
[2024-05-19T00:47:56.246+0000] {logging_mixin.py:188} INFO - [2024-05-19T00:47:56.244+0000] {dag.py:3096} INFO - Sync 1 DAGs
[2024-05-19T00:47:56.271+0000] {logging_mixin.py:188} INFO - [2024-05-19T00:47:56.271+0000] {dag.py:3954} INFO - Setting next_dagrun for world_cup_2022 to None, run_after=None
[2024-05-19T00:47:56.324+0000] {processor.py:183} INFO - Processing /opt/airflow/dags/world_cup_2022.py took 1.575 seconds
