[2024-05-22T22:14:51.074+0000] {local_task_job_runner.py:120} INFO - ::group::Pre task execution logs
[2024-05-22T22:14:51.116+0000] {taskinstance.py:2076} INFO - Dependencies all met for dep_context=non-requeueable deps ti=<TaskInstance: kaggle_dataset.transformacion manual__2024-05-22T22:09:25.534916+00:00 [queued]>
[2024-05-22T22:14:51.131+0000] {taskinstance.py:2076} INFO - Dependencies all met for dep_context=requeueable deps ti=<TaskInstance: kaggle_dataset.transformacion manual__2024-05-22T22:09:25.534916+00:00 [queued]>
[2024-05-22T22:14:51.133+0000] {taskinstance.py:2306} INFO - Starting attempt 4 of 8
[2024-05-22T22:14:51.152+0000] {taskinstance.py:2330} INFO - Executing <Task(PythonOperator): transformacion> on 2024-05-22 22:09:25.534916+00:00
[2024-05-22T22:14:51.163+0000] {warnings.py:110} WARNING - /home/***/.local/lib/python3.12/site-packages/***/task/task_runner/standard_task_runner.py:61: DeprecationWarning: This process (pid=632) is multi-threaded, use of fork() may lead to deadlocks in the child.
  pid = os.fork()

[2024-05-22T22:14:51.166+0000] {standard_task_runner.py:63} INFO - Started process 656 to run task
[2024-05-22T22:14:51.167+0000] {standard_task_runner.py:90} INFO - Running: ['***', 'tasks', 'run', 'kaggle_dataset', 'transformacion', 'manual__2024-05-22T22:09:25.534916+00:00', '--job-id', '10', '--raw', '--subdir', 'DAGS_FOLDER/kaggle_dataset.py', '--cfg-path', '/tmp/tmpkyr3e8n5']
[2024-05-22T22:14:51.170+0000] {standard_task_runner.py:91} INFO - Job 10: Subtask transformacion
[2024-05-22T22:14:51.233+0000] {task_command.py:426} INFO - Running <TaskInstance: kaggle_dataset.transformacion manual__2024-05-22T22:09:25.534916+00:00 [running]> on host 3943db1ddae8
[2024-05-22T22:14:51.369+0000] {taskinstance.py:2648} INFO - Exporting env vars: AIRFLOW_CTX_DAG_OWNER='***' AIRFLOW_CTX_DAG_ID='kaggle_dataset' AIRFLOW_CTX_TASK_ID='transformacion' AIRFLOW_CTX_EXECUTION_DATE='2024-05-22T22:09:25.534916+00:00' AIRFLOW_CTX_TRY_NUMBER='4' AIRFLOW_CTX_DAG_RUN_ID='manual__2024-05-22T22:09:25.534916+00:00'
[2024-05-22T22:14:51.373+0000] {taskinstance.py:430} INFO - ::endgroup::
[2024-05-22T22:14:51.566+0000] {logging_mixin.py:188} INFO -        countryid  ... gross_domestic_product_(gdp)
0              4  ...                 1.731436e+09
1              4  ...                 1.812838e+09
2              4  ...                 1.647900e+09
3              4  ...                 1.702716e+09
4              4  ...                 2.061729e+09
...          ...  ...                          ...
10507        894  ...                 2.586816e+10
10508        894  ...                 2.631198e+10
10509        894  ...                 2.331036e+10
10510        894  ...                 1.811064e+10
10511        894  ...                 2.131337e+10

[10512 rows x 26 columns]
[2024-05-22T22:14:51.568+0000] {logging_mixin.py:188} INFO - Index(['countryid', 'country', 'year', 'ama_exchange_rate',
       'imf_based_exchange_rate', 'population', 'currency', 'per_capita_gni',
       'agriculture,_hunting,_forestry,_fishing_(isic_a_b)',
       'changes_in_inventories', 'construction_(isic_f)',
       'exports_of_goods_and_services', 'final_consumption_expenditure',
       'general_government_final_consumption_expenditure',
       'gross_capital_formation',
       'gross_fixed_capital_formation_(including_acquisitions_less_disposals_of_valuables)',
       'household_consumption_expenditure_(including_non_profit_institutions_serving_households)',
       'imports_of_goods_and_services', 'manufacturing_(isic_d)',
       'mining,_manufacturing,_utilities_(isic_c_e)',
       'other_activities_(isic_j_p)', 'total_value_added',
       'transport,_storage_and_communication_(isic_i)',
       'wholesale,_retail_trade,_restaurants_and_hotels_(isic_g_h)',
       'gross_national_income(gni)_in_usd', 'gross_domestic_product_(gdp)'],
      dtype='object')
[2024-05-22T22:14:51.570+0000] {logging_mixin.py:188} INFO - countryid                                                                                     int64
country                                                                                      object
year                                                                                          int64
ama_exchange_rate                                                                           float64
imf_based_exchange_rate                                                                     float64
population                                                                                    int64
currency                                                                                     object
per_capita_gni                                                                                int64
agriculture,_hunting,_forestry,_fishing_(isic_a_b)                                          float64
changes_in_inventories                                                                      float64
construction_(isic_f)                                                                       float64
exports_of_goods_and_services                                                               float64
final_consumption_expenditure                                                               float64
general_government_final_consumption_expenditure                                            float64
gross_capital_formation                                                                     float64
gross_fixed_capital_formation_(including_acquisitions_less_disposals_of_valuables)          float64
household_consumption_expenditure_(including_non_profit_institutions_serving_households)    float64
imports_of_goods_and_services                                                               float64
manufacturing_(isic_d)                                                                      float64
mining,_manufacturing,_utilities_(isic_c_e)                                                 float64
other_activities_(isic_j_p)                                                                 float64
total_value_added                                                                           float64
transport,_storage_and_communication_(isic_i)                                               float64
wholesale,_retail_trade,_restaurants_and_hotels_(isic_g_h)                                  float64
gross_national_income(gni)_in_usd                                                           float64
gross_domestic_product_(gdp)                                                                float64
dtype: object
[2024-05-22T22:14:51.572+0000] {python.py:237} INFO - Done. Returned value was: None
[2024-05-22T22:14:51.573+0000] {taskinstance.py:441} INFO - ::group::Post task execution logs
[2024-05-22T22:14:51.587+0000] {taskinstance.py:1206} INFO - Marking task as SUCCESS. dag_id=kaggle_dataset, task_id=transformacion, run_id=manual__2024-05-22T22:09:25.534916+00:00, execution_date=20240522T220925, start_date=20240522T221451, end_date=20240522T221451
[2024-05-22T22:14:51.622+0000] {local_task_job_runner.py:240} INFO - Task exited with return code 0
[2024-05-22T22:14:51.657+0000] {taskinstance.py:3498} INFO - 1 downstream tasks scheduled from follow-on schedule check
[2024-05-22T22:14:51.661+0000] {local_task_job_runner.py:222} INFO - ::endgroup::
