[2024-05-21T22:20:38.200+0000] {local_task_job_runner.py:120} INFO - ::group::Pre task execution logs
[2024-05-21T22:20:38.293+0000] {taskinstance.py:2076} INFO - Dependencies all met for dep_context=non-requeueable deps ti=<TaskInstance: kaggle_dataset.transformacion manual__2024-05-21T22:05:48.748499+00:00 [queued]>
[2024-05-21T22:20:38.326+0000] {taskinstance.py:2076} INFO - Dependencies all met for dep_context=requeueable deps ti=<TaskInstance: kaggle_dataset.transformacion manual__2024-05-21T22:05:48.748499+00:00 [queued]>
[2024-05-21T22:20:38.329+0000] {taskinstance.py:2306} INFO - Starting attempt 3 of 7
[2024-05-21T22:20:38.664+0000] {taskinstance.py:2330} INFO - Executing <Task(PythonOperator): transformacion> on 2024-05-21 22:05:48.748499+00:00
[2024-05-21T22:20:38.685+0000] {warnings.py:110} WARNING - /home/***/.local/lib/python3.12/site-packages/***/task/task_runner/standard_task_runner.py:61: DeprecationWarning: This process (pid=550) is multi-threaded, use of fork() may lead to deadlocks in the child.
  pid = os.fork()

[2024-05-21T22:20:38.689+0000] {standard_task_runner.py:63} INFO - Started process 574 to run task
[2024-05-21T22:20:38.686+0000] {standard_task_runner.py:90} INFO - Running: ['***', 'tasks', 'run', 'kaggle_dataset', 'transformacion', 'manual__2024-05-21T22:05:48.748499+00:00', '--job-id', '21', '--raw', '--subdir', 'DAGS_FOLDER/kaggle_dataset.py', '--cfg-path', '/tmp/tmpo_gbrj82']
[2024-05-21T22:20:38.691+0000] {standard_task_runner.py:91} INFO - Job 21: Subtask transformacion
[2024-05-21T22:20:38.873+0000] {task_command.py:426} INFO - Running <TaskInstance: kaggle_dataset.transformacion manual__2024-05-21T22:05:48.748499+00:00 [running]> on host 36dd2f748723
[2024-05-21T22:20:39.146+0000] {taskinstance.py:2648} INFO - Exporting env vars: AIRFLOW_CTX_DAG_OWNER='***' AIRFLOW_CTX_DAG_ID='kaggle_dataset' AIRFLOW_CTX_TASK_ID='transformacion' AIRFLOW_CTX_EXECUTION_DATE='2024-05-21T22:05:48.748499+00:00' AIRFLOW_CTX_TRY_NUMBER='3' AIRFLOW_CTX_DAG_RUN_ID='manual__2024-05-21T22:05:48.748499+00:00'
[2024-05-21T22:20:39.150+0000] {taskinstance.py:430} INFO - ::endgroup::
[2024-05-21T22:20:39.193+0000] {logging_mixin.py:188} INFO - Hola Mundo
[2024-05-21T22:20:39.194+0000] {python.py:237} INFO - Done. Returned value was: None
[2024-05-21T22:20:39.197+0000] {taskinstance.py:441} INFO - ::group::Post task execution logs
[2024-05-21T22:20:39.222+0000] {taskinstance.py:1206} INFO - Marking task as SUCCESS. dag_id=kaggle_dataset, task_id=transformacion, run_id=manual__2024-05-21T22:05:48.748499+00:00, execution_date=20240521T220548, start_date=20240521T222038, end_date=20240521T222039
[2024-05-21T22:20:39.310+0000] {local_task_job_runner.py:240} INFO - Task exited with return code 0
[2024-05-21T22:20:39.393+0000] {taskinstance.py:3498} INFO - 1 downstream tasks scheduled from follow-on schedule check
[2024-05-21T22:20:39.399+0000] {local_task_job_runner.py:222} INFO - ::endgroup::
