[2024-05-21T22:08:39.517+0000] {local_task_job_runner.py:120} INFO - ::group::Pre task execution logs
[2024-05-21T22:08:39.615+0000] {taskinstance.py:2076} INFO - Dependencies all met for dep_context=non-requeueable deps ti=<TaskInstance: kaggle_dataset.transformacion manual__2024-05-21T22:05:48.748499+00:00 [queued]>
[2024-05-21T22:08:39.649+0000] {taskinstance.py:2076} INFO - Dependencies all met for dep_context=requeueable deps ti=<TaskInstance: kaggle_dataset.transformacion manual__2024-05-21T22:05:48.748499+00:00 [queued]>
[2024-05-21T22:08:39.651+0000] {taskinstance.py:2306} INFO - Starting attempt 1 of 5
[2024-05-21T22:08:39.955+0000] {taskinstance.py:2330} INFO - Executing <Task(PythonOperator): transformacion> on 2024-05-21 22:05:48.748499+00:00
[2024-05-21T22:08:39.972+0000] {warnings.py:110} WARNING - /home/***/.local/lib/python3.12/site-packages/***/task/task_runner/standard_task_runner.py:61: DeprecationWarning: This process (pid=221) is multi-threaded, use of fork() may lead to deadlocks in the child.
  pid = os.fork()

[2024-05-21T22:08:39.978+0000] {standard_task_runner.py:63} INFO - Started process 245 to run task
[2024-05-21T22:08:39.977+0000] {standard_task_runner.py:90} INFO - Running: ['***', 'tasks', 'run', 'kaggle_dataset', 'transformacion', 'manual__2024-05-21T22:05:48.748499+00:00', '--job-id', '15', '--raw', '--subdir', 'DAGS_FOLDER/kaggle_dataset.py', '--cfg-path', '/tmp/tmp8uc2rn89']
[2024-05-21T22:08:39.984+0000] {standard_task_runner.py:91} INFO - Job 15: Subtask transformacion
[2024-05-21T22:08:40.127+0000] {task_command.py:426} INFO - Running <TaskInstance: kaggle_dataset.transformacion manual__2024-05-21T22:05:48.748499+00:00 [running]> on host 36dd2f748723
[2024-05-21T22:08:40.378+0000] {taskinstance.py:2648} INFO - Exporting env vars: AIRFLOW_CTX_DAG_OWNER='***' AIRFLOW_CTX_DAG_ID='kaggle_dataset' AIRFLOW_CTX_TASK_ID='transformacion' AIRFLOW_CTX_EXECUTION_DATE='2024-05-21T22:05:48.748499+00:00' AIRFLOW_CTX_TRY_NUMBER='1' AIRFLOW_CTX_DAG_RUN_ID='manual__2024-05-21T22:05:48.748499+00:00'
[2024-05-21T22:08:40.382+0000] {taskinstance.py:430} INFO - ::endgroup::
[2024-05-21T22:08:40.423+0000] {logging_mixin.py:188} INFO - Hola Mundo
[2024-05-21T22:08:40.424+0000] {python.py:237} INFO - Done. Returned value was: None
[2024-05-21T22:08:40.426+0000] {taskinstance.py:441} INFO - ::group::Post task execution logs
[2024-05-21T22:08:40.449+0000] {taskinstance.py:1206} INFO - Marking task as SUCCESS. dag_id=kaggle_dataset, task_id=transformacion, run_id=manual__2024-05-21T22:05:48.748499+00:00, execution_date=20240521T220548, start_date=20240521T220839, end_date=20240521T220840
[2024-05-21T22:08:40.519+0000] {local_task_job_runner.py:240} INFO - Task exited with return code 0
[2024-05-21T22:08:40.580+0000] {taskinstance.py:3498} INFO - 1 downstream tasks scheduled from follow-on schedule check
[2024-05-21T22:08:40.587+0000] {local_task_job_runner.py:222} INFO - ::endgroup::
